[2023-01-29T21:53:49.273+0000] {processor.py:153} INFO - Started process (PID=46) to work on /opt/airflow/dags/test/test_forexdag_definition.py
[2023-01-29T21:53:49.277+0000] {processor.py:743} INFO - Processing file /opt/airflow/dags/test/test_forexdag_definition.py for tasks to queue
[2023-01-29T21:53:49.279+0000] {logging_mixin.py:137} INFO - [2023-01-29T21:53:49.278+0000] {dagbag.py:538} INFO - Filling up the DagBag from /opt/airflow/dags/test/test_forexdag_definition.py
[2023-01-29T21:53:49.371+0000] {logging_mixin.py:137} INFO - [2023-01-29T21:53:49.350+0000] {dagbag.py:343} ERROR - Failed to import: /opt/airflow/dags/test/test_forexdag_definition.py
Traceback (most recent call last):
  File "/home/airflow/.local/lib/python3.7/site-packages/airflow/models/dagbag.py", line 339, in parse
    loader.exec_module(new_module)
  File "<frozen importlib._bootstrap_external>", line 728, in exec_module
  File "<frozen importlib._bootstrap>", line 219, in _call_with_frames_removed
  File "/opt/airflow/dags/test/test_forexdag_definition.py", line 1, in <module>
    import pytest
ModuleNotFoundError: No module named 'pytest'
[2023-01-29T21:53:49.385+0000] {processor.py:755} WARNING - No viable dags retrieved from /opt/airflow/dags/test/test_forexdag_definition.py
[2023-01-29T21:53:49.426+0000] {processor.py:175} INFO - Processing /opt/airflow/dags/test/test_forexdag_definition.py took 0.155 seconds
[2023-01-29T21:54:20.165+0000] {processor.py:153} INFO - Started process (PID=110) to work on /opt/airflow/dags/test/test_forexdag_definition.py
[2023-01-29T21:54:20.171+0000] {processor.py:743} INFO - Processing file /opt/airflow/dags/test/test_forexdag_definition.py for tasks to queue
[2023-01-29T21:54:20.173+0000] {logging_mixin.py:137} INFO - [2023-01-29T21:54:20.173+0000] {dagbag.py:538} INFO - Filling up the DagBag from /opt/airflow/dags/test/test_forexdag_definition.py
[2023-01-29T21:54:20.270+0000] {logging_mixin.py:137} INFO - [2023-01-29T21:54:20.254+0000] {dagbag.py:343} ERROR - Failed to import: /opt/airflow/dags/test/test_forexdag_definition.py
Traceback (most recent call last):
  File "/home/airflow/.local/lib/python3.7/site-packages/airflow/models/dagbag.py", line 339, in parse
    loader.exec_module(new_module)
  File "<frozen importlib._bootstrap_external>", line 728, in exec_module
  File "<frozen importlib._bootstrap>", line 219, in _call_with_frames_removed
  File "/opt/airflow/dags/test/test_forexdag_definition.py", line 1, in <module>
    import pytest
ModuleNotFoundError: No module named 'pytest'
[2023-01-29T21:54:20.274+0000] {processor.py:755} WARNING - No viable dags retrieved from /opt/airflow/dags/test/test_forexdag_definition.py
[2023-01-29T21:54:20.299+0000] {processor.py:175} INFO - Processing /opt/airflow/dags/test/test_forexdag_definition.py took 0.137 seconds
