[2023-04-20T23:05:15.133+0000] {processor.py:153} INFO - Started process (PID=59) to work on /opt/airflow/dags/test/test_forexdag_definition.py
[2023-04-20T23:05:15.138+0000] {processor.py:743} INFO - Processing file /opt/airflow/dags/test/test_forexdag_definition.py for tasks to queue
[2023-04-20T23:05:15.142+0000] {logging_mixin.py:137} INFO - [2023-04-20T23:05:15.141+0000] {dagbag.py:538} INFO - Filling up the DagBag from /opt/airflow/dags/test/test_forexdag_definition.py
[2023-04-20T23:05:15.310+0000] {logging_mixin.py:137} INFO - [2023-04-20T23:05:15.279+0000] {dagbag.py:343} ERROR - Failed to import: /opt/airflow/dags/test/test_forexdag_definition.py
Traceback (most recent call last):
  File "/home/airflow/.local/lib/python3.7/site-packages/airflow/models/dagbag.py", line 339, in parse
    loader.exec_module(new_module)
  File "<frozen importlib._bootstrap_external>", line 728, in exec_module
  File "<frozen importlib._bootstrap>", line 219, in _call_with_frames_removed
  File "/opt/airflow/dags/test/test_forexdag_definition.py", line 1, in <module>
    import pytest
ModuleNotFoundError: No module named 'pytest'
[2023-04-20T23:05:15.320+0000] {processor.py:755} WARNING - No viable dags retrieved from /opt/airflow/dags/test/test_forexdag_definition.py
[2023-04-20T23:05:15.366+0000] {processor.py:175} INFO - Processing /opt/airflow/dags/test/test_forexdag_definition.py took 0.236 seconds
[2023-04-20T23:05:45.730+0000] {processor.py:153} INFO - Started process (PID=130) to work on /opt/airflow/dags/test/test_forexdag_definition.py
[2023-04-20T23:05:45.732+0000] {processor.py:743} INFO - Processing file /opt/airflow/dags/test/test_forexdag_definition.py for tasks to queue
[2023-04-20T23:05:45.733+0000] {logging_mixin.py:137} INFO - [2023-04-20T23:05:45.732+0000] {dagbag.py:538} INFO - Filling up the DagBag from /opt/airflow/dags/test/test_forexdag_definition.py
[2023-04-20T23:05:45.796+0000] {logging_mixin.py:137} INFO - [2023-04-20T23:05:45.787+0000] {dagbag.py:343} ERROR - Failed to import: /opt/airflow/dags/test/test_forexdag_definition.py
Traceback (most recent call last):
  File "/home/airflow/.local/lib/python3.7/site-packages/airflow/models/dagbag.py", line 339, in parse
    loader.exec_module(new_module)
  File "<frozen importlib._bootstrap_external>", line 728, in exec_module
  File "<frozen importlib._bootstrap>", line 219, in _call_with_frames_removed
  File "/opt/airflow/dags/test/test_forexdag_definition.py", line 1, in <module>
    import pytest
ModuleNotFoundError: No module named 'pytest'
[2023-04-20T23:05:45.801+0000] {processor.py:755} WARNING - No viable dags retrieved from /opt/airflow/dags/test/test_forexdag_definition.py
[2023-04-20T23:05:45.818+0000] {processor.py:175} INFO - Processing /opt/airflow/dags/test/test_forexdag_definition.py took 0.091 seconds
[2023-04-20T23:06:16.412+0000] {processor.py:153} INFO - Started process (PID=174) to work on /opt/airflow/dags/test/test_forexdag_definition.py
[2023-04-20T23:06:16.416+0000] {processor.py:743} INFO - Processing file /opt/airflow/dags/test/test_forexdag_definition.py for tasks to queue
[2023-04-20T23:06:16.419+0000] {logging_mixin.py:137} INFO - [2023-04-20T23:06:16.419+0000] {dagbag.py:538} INFO - Filling up the DagBag from /opt/airflow/dags/test/test_forexdag_definition.py
[2023-04-20T23:06:16.496+0000] {logging_mixin.py:137} INFO - [2023-04-20T23:06:16.484+0000] {dagbag.py:343} ERROR - Failed to import: /opt/airflow/dags/test/test_forexdag_definition.py
Traceback (most recent call last):
  File "/home/airflow/.local/lib/python3.7/site-packages/airflow/models/dagbag.py", line 339, in parse
    loader.exec_module(new_module)
  File "<frozen importlib._bootstrap_external>", line 728, in exec_module
  File "<frozen importlib._bootstrap>", line 219, in _call_with_frames_removed
  File "/opt/airflow/dags/test/test_forexdag_definition.py", line 1, in <module>
    import pytest
ModuleNotFoundError: No module named 'pytest'
[2023-04-20T23:06:16.501+0000] {processor.py:755} WARNING - No viable dags retrieved from /opt/airflow/dags/test/test_forexdag_definition.py
[2023-04-20T23:06:16.521+0000] {processor.py:175} INFO - Processing /opt/airflow/dags/test/test_forexdag_definition.py took 0.112 seconds
[2023-04-20T23:06:46.790+0000] {processor.py:153} INFO - Started process (PID=238) to work on /opt/airflow/dags/test/test_forexdag_definition.py
[2023-04-20T23:06:46.792+0000] {processor.py:743} INFO - Processing file /opt/airflow/dags/test/test_forexdag_definition.py for tasks to queue
[2023-04-20T23:06:46.793+0000] {logging_mixin.py:137} INFO - [2023-04-20T23:06:46.793+0000] {dagbag.py:538} INFO - Filling up the DagBag from /opt/airflow/dags/test/test_forexdag_definition.py
[2023-04-20T23:06:46.831+0000] {logging_mixin.py:137} INFO - [2023-04-20T23:06:46.824+0000] {dagbag.py:343} ERROR - Failed to import: /opt/airflow/dags/test/test_forexdag_definition.py
Traceback (most recent call last):
  File "/home/airflow/.local/lib/python3.7/site-packages/airflow/models/dagbag.py", line 339, in parse
    loader.exec_module(new_module)
  File "<frozen importlib._bootstrap_external>", line 728, in exec_module
  File "<frozen importlib._bootstrap>", line 219, in _call_with_frames_removed
  File "/opt/airflow/dags/test/test_forexdag_definition.py", line 1, in <module>
    import pytest
ModuleNotFoundError: No module named 'pytest'
[2023-04-20T23:06:46.835+0000] {processor.py:755} WARNING - No viable dags retrieved from /opt/airflow/dags/test/test_forexdag_definition.py
[2023-04-20T23:06:46.852+0000] {processor.py:175} INFO - Processing /opt/airflow/dags/test/test_forexdag_definition.py took 0.065 seconds
[2023-04-20T23:07:16.913+0000] {processor.py:153} INFO - Started process (PID=282) to work on /opt/airflow/dags/test/test_forexdag_definition.py
[2023-04-20T23:07:16.918+0000] {processor.py:743} INFO - Processing file /opt/airflow/dags/test/test_forexdag_definition.py for tasks to queue
[2023-04-20T23:07:16.919+0000] {logging_mixin.py:137} INFO - [2023-04-20T23:07:16.919+0000] {dagbag.py:538} INFO - Filling up the DagBag from /opt/airflow/dags/test/test_forexdag_definition.py
[2023-04-20T23:07:17.036+0000] {logging_mixin.py:137} INFO - [2023-04-20T23:07:17.020+0000] {dagbag.py:343} ERROR - Failed to import: /opt/airflow/dags/test/test_forexdag_definition.py
Traceback (most recent call last):
  File "/home/airflow/.local/lib/python3.7/site-packages/airflow/models/dagbag.py", line 339, in parse
    loader.exec_module(new_module)
  File "<frozen importlib._bootstrap_external>", line 728, in exec_module
  File "<frozen importlib._bootstrap>", line 219, in _call_with_frames_removed
  File "/opt/airflow/dags/test/test_forexdag_definition.py", line 1, in <module>
    import pytest
ModuleNotFoundError: No module named 'pytest'
[2023-04-20T23:07:17.043+0000] {processor.py:755} WARNING - No viable dags retrieved from /opt/airflow/dags/test/test_forexdag_definition.py
[2023-04-20T23:07:17.064+0000] {processor.py:175} INFO - Processing /opt/airflow/dags/test/test_forexdag_definition.py took 0.153 seconds
[2023-04-20T23:07:47.757+0000] {processor.py:153} INFO - Started process (PID=346) to work on /opt/airflow/dags/test/test_forexdag_definition.py
[2023-04-20T23:07:47.759+0000] {processor.py:743} INFO - Processing file /opt/airflow/dags/test/test_forexdag_definition.py for tasks to queue
[2023-04-20T23:07:47.760+0000] {logging_mixin.py:137} INFO - [2023-04-20T23:07:47.760+0000] {dagbag.py:538} INFO - Filling up the DagBag from /opt/airflow/dags/test/test_forexdag_definition.py
[2023-04-20T23:07:47.799+0000] {logging_mixin.py:137} INFO - [2023-04-20T23:07:47.792+0000] {dagbag.py:343} ERROR - Failed to import: /opt/airflow/dags/test/test_forexdag_definition.py
Traceback (most recent call last):
  File "/home/airflow/.local/lib/python3.7/site-packages/airflow/models/dagbag.py", line 339, in parse
    loader.exec_module(new_module)
  File "<frozen importlib._bootstrap_external>", line 728, in exec_module
  File "<frozen importlib._bootstrap>", line 219, in _call_with_frames_removed
  File "/opt/airflow/dags/test/test_forexdag_definition.py", line 1, in <module>
    import pytest
ModuleNotFoundError: No module named 'pytest'
[2023-04-20T23:07:47.802+0000] {processor.py:755} WARNING - No viable dags retrieved from /opt/airflow/dags/test/test_forexdag_definition.py
[2023-04-20T23:07:47.825+0000] {processor.py:175} INFO - Processing /opt/airflow/dags/test/test_forexdag_definition.py took 0.071 seconds
[2023-04-20T23:08:18.400+0000] {processor.py:153} INFO - Started process (PID=390) to work on /opt/airflow/dags/test/test_forexdag_definition.py
[2023-04-20T23:08:18.403+0000] {processor.py:743} INFO - Processing file /opt/airflow/dags/test/test_forexdag_definition.py for tasks to queue
[2023-04-20T23:08:18.404+0000] {logging_mixin.py:137} INFO - [2023-04-20T23:08:18.404+0000] {dagbag.py:538} INFO - Filling up the DagBag from /opt/airflow/dags/test/test_forexdag_definition.py
[2023-04-20T23:08:18.453+0000] {logging_mixin.py:137} INFO - [2023-04-20T23:08:18.446+0000] {dagbag.py:343} ERROR - Failed to import: /opt/airflow/dags/test/test_forexdag_definition.py
Traceback (most recent call last):
  File "/home/airflow/.local/lib/python3.7/site-packages/airflow/models/dagbag.py", line 339, in parse
    loader.exec_module(new_module)
  File "<frozen importlib._bootstrap_external>", line 728, in exec_module
  File "<frozen importlib._bootstrap>", line 219, in _call_with_frames_removed
  File "/opt/airflow/dags/test/test_forexdag_definition.py", line 1, in <module>
    import pytest
ModuleNotFoundError: No module named 'pytest'
[2023-04-20T23:08:18.456+0000] {processor.py:755} WARNING - No viable dags retrieved from /opt/airflow/dags/test/test_forexdag_definition.py
[2023-04-20T23:08:18.473+0000] {processor.py:175} INFO - Processing /opt/airflow/dags/test/test_forexdag_definition.py took 0.076 seconds
[2023-04-20T23:08:49.214+0000] {processor.py:153} INFO - Started process (PID=454) to work on /opt/airflow/dags/test/test_forexdag_definition.py
[2023-04-20T23:08:49.218+0000] {processor.py:743} INFO - Processing file /opt/airflow/dags/test/test_forexdag_definition.py for tasks to queue
[2023-04-20T23:08:49.219+0000] {logging_mixin.py:137} INFO - [2023-04-20T23:08:49.219+0000] {dagbag.py:538} INFO - Filling up the DagBag from /opt/airflow/dags/test/test_forexdag_definition.py
[2023-04-20T23:08:49.255+0000] {logging_mixin.py:137} INFO - [2023-04-20T23:08:49.248+0000] {dagbag.py:343} ERROR - Failed to import: /opt/airflow/dags/test/test_forexdag_definition.py
Traceback (most recent call last):
  File "/home/airflow/.local/lib/python3.7/site-packages/airflow/models/dagbag.py", line 339, in parse
    loader.exec_module(new_module)
  File "<frozen importlib._bootstrap_external>", line 728, in exec_module
  File "<frozen importlib._bootstrap>", line 219, in _call_with_frames_removed
  File "/opt/airflow/dags/test/test_forexdag_definition.py", line 1, in <module>
    import pytest
ModuleNotFoundError: No module named 'pytest'
[2023-04-20T23:08:49.258+0000] {processor.py:755} WARNING - No viable dags retrieved from /opt/airflow/dags/test/test_forexdag_definition.py
[2023-04-20T23:08:49.273+0000] {processor.py:175} INFO - Processing /opt/airflow/dags/test/test_forexdag_definition.py took 0.062 seconds
[2023-04-20T23:09:19.967+0000] {processor.py:153} INFO - Started process (PID=498) to work on /opt/airflow/dags/test/test_forexdag_definition.py
[2023-04-20T23:09:19.972+0000] {processor.py:743} INFO - Processing file /opt/airflow/dags/test/test_forexdag_definition.py for tasks to queue
[2023-04-20T23:09:19.974+0000] {logging_mixin.py:137} INFO - [2023-04-20T23:09:19.974+0000] {dagbag.py:538} INFO - Filling up the DagBag from /opt/airflow/dags/test/test_forexdag_definition.py
[2023-04-20T23:09:20.060+0000] {logging_mixin.py:137} INFO - [2023-04-20T23:09:20.047+0000] {dagbag.py:343} ERROR - Failed to import: /opt/airflow/dags/test/test_forexdag_definition.py
Traceback (most recent call last):
  File "/home/airflow/.local/lib/python3.7/site-packages/airflow/models/dagbag.py", line 339, in parse
    loader.exec_module(new_module)
  File "<frozen importlib._bootstrap_external>", line 728, in exec_module
  File "<frozen importlib._bootstrap>", line 219, in _call_with_frames_removed
  File "/opt/airflow/dags/test/test_forexdag_definition.py", line 1, in <module>
    import pytest
ModuleNotFoundError: No module named 'pytest'
[2023-04-20T23:09:20.066+0000] {processor.py:755} WARNING - No viable dags retrieved from /opt/airflow/dags/test/test_forexdag_definition.py
[2023-04-20T23:09:20.088+0000] {processor.py:175} INFO - Processing /opt/airflow/dags/test/test_forexdag_definition.py took 0.125 seconds
[2023-04-20T23:09:50.771+0000] {processor.py:153} INFO - Started process (PID=562) to work on /opt/airflow/dags/test/test_forexdag_definition.py
[2023-04-20T23:09:50.774+0000] {processor.py:743} INFO - Processing file /opt/airflow/dags/test/test_forexdag_definition.py for tasks to queue
[2023-04-20T23:09:50.776+0000] {logging_mixin.py:137} INFO - [2023-04-20T23:09:50.776+0000] {dagbag.py:538} INFO - Filling up the DagBag from /opt/airflow/dags/test/test_forexdag_definition.py
[2023-04-20T23:09:50.839+0000] {logging_mixin.py:137} INFO - [2023-04-20T23:09:50.828+0000] {dagbag.py:343} ERROR - Failed to import: /opt/airflow/dags/test/test_forexdag_definition.py
Traceback (most recent call last):
  File "/home/airflow/.local/lib/python3.7/site-packages/airflow/models/dagbag.py", line 339, in parse
    loader.exec_module(new_module)
  File "<frozen importlib._bootstrap_external>", line 728, in exec_module
  File "<frozen importlib._bootstrap>", line 219, in _call_with_frames_removed
  File "/opt/airflow/dags/test/test_forexdag_definition.py", line 1, in <module>
    import pytest
ModuleNotFoundError: No module named 'pytest'
[2023-04-20T23:09:50.844+0000] {processor.py:755} WARNING - No viable dags retrieved from /opt/airflow/dags/test/test_forexdag_definition.py
[2023-04-20T23:09:50.867+0000] {processor.py:175} INFO - Processing /opt/airflow/dags/test/test_forexdag_definition.py took 0.099 seconds
[2023-04-20T23:10:21.319+0000] {processor.py:153} INFO - Started process (PID=606) to work on /opt/airflow/dags/test/test_forexdag_definition.py
[2023-04-20T23:10:21.323+0000] {processor.py:743} INFO - Processing file /opt/airflow/dags/test/test_forexdag_definition.py for tasks to queue
[2023-04-20T23:10:21.324+0000] {logging_mixin.py:137} INFO - [2023-04-20T23:10:21.324+0000] {dagbag.py:538} INFO - Filling up the DagBag from /opt/airflow/dags/test/test_forexdag_definition.py
[2023-04-20T23:10:21.409+0000] {logging_mixin.py:137} INFO - [2023-04-20T23:10:21.397+0000] {dagbag.py:343} ERROR - Failed to import: /opt/airflow/dags/test/test_forexdag_definition.py
Traceback (most recent call last):
  File "/home/airflow/.local/lib/python3.7/site-packages/airflow/models/dagbag.py", line 339, in parse
    loader.exec_module(new_module)
  File "<frozen importlib._bootstrap_external>", line 728, in exec_module
  File "<frozen importlib._bootstrap>", line 219, in _call_with_frames_removed
  File "/opt/airflow/dags/test/test_forexdag_definition.py", line 1, in <module>
    import pytest
ModuleNotFoundError: No module named 'pytest'
[2023-04-20T23:10:21.414+0000] {processor.py:755} WARNING - No viable dags retrieved from /opt/airflow/dags/test/test_forexdag_definition.py
[2023-04-20T23:10:21.434+0000] {processor.py:175} INFO - Processing /opt/airflow/dags/test/test_forexdag_definition.py took 0.118 seconds
