[2023-01-16T17:50:21.934+0000] {processor.py:153} INFO - Started process (PID=59) to work on /opt/airflow/dags/test/test_forexdag_definition.py
[2023-01-16T17:50:21.949+0000] {processor.py:743} INFO - Processing file /opt/airflow/dags/test/test_forexdag_definition.py for tasks to queue
[2023-01-16T17:50:21.966+0000] {logging_mixin.py:137} INFO - [2023-01-16T17:50:21.965+0000] {dagbag.py:538} INFO - Filling up the DagBag from /opt/airflow/dags/test/test_forexdag_definition.py
[2023-01-16T17:50:23.599+0000] {logging_mixin.py:137} INFO - [2023-01-16T17:50:23.345+0000] {dagbag.py:343} ERROR - Failed to import: /opt/airflow/dags/test/test_forexdag_definition.py
Traceback (most recent call last):
  File "/home/airflow/.local/lib/python3.7/site-packages/airflow/models/dagbag.py", line 339, in parse
    loader.exec_module(new_module)
  File "<frozen importlib._bootstrap_external>", line 728, in exec_module
  File "<frozen importlib._bootstrap>", line 219, in _call_with_frames_removed
  File "/opt/airflow/dags/test/test_forexdag_definition.py", line 1, in <module>
    import pytest
ModuleNotFoundError: No module named 'pytest'
[2023-01-16T17:50:23.651+0000] {processor.py:755} WARNING - No viable dags retrieved from /opt/airflow/dags/test/test_forexdag_definition.py
[2023-01-16T17:50:23.707+0000] {processor.py:175} INFO - Processing /opt/airflow/dags/test/test_forexdag_definition.py took 1.776 seconds
[2023-01-16T17:50:54.581+0000] {processor.py:153} INFO - Started process (PID=125) to work on /opt/airflow/dags/test/test_forexdag_definition.py
[2023-01-16T17:50:54.584+0000] {processor.py:743} INFO - Processing file /opt/airflow/dags/test/test_forexdag_definition.py for tasks to queue
[2023-01-16T17:50:54.585+0000] {logging_mixin.py:137} INFO - [2023-01-16T17:50:54.585+0000] {dagbag.py:538} INFO - Filling up the DagBag from /opt/airflow/dags/test/test_forexdag_definition.py
[2023-01-16T17:50:54.674+0000] {logging_mixin.py:137} INFO - [2023-01-16T17:50:54.656+0000] {dagbag.py:343} ERROR - Failed to import: /opt/airflow/dags/test/test_forexdag_definition.py
Traceback (most recent call last):
  File "/home/airflow/.local/lib/python3.7/site-packages/airflow/models/dagbag.py", line 339, in parse
    loader.exec_module(new_module)
  File "<frozen importlib._bootstrap_external>", line 728, in exec_module
  File "<frozen importlib._bootstrap>", line 219, in _call_with_frames_removed
  File "/opt/airflow/dags/test/test_forexdag_definition.py", line 1, in <module>
    import pytest
ModuleNotFoundError: No module named 'pytest'
[2023-01-16T17:50:54.684+0000] {processor.py:755} WARNING - No viable dags retrieved from /opt/airflow/dags/test/test_forexdag_definition.py
[2023-01-16T17:50:54.800+0000] {processor.py:175} INFO - Processing /opt/airflow/dags/test/test_forexdag_definition.py took 0.221 seconds
[2023-01-16T17:51:25.047+0000] {processor.py:153} INFO - Started process (PID=169) to work on /opt/airflow/dags/test/test_forexdag_definition.py
[2023-01-16T17:51:25.050+0000] {processor.py:743} INFO - Processing file /opt/airflow/dags/test/test_forexdag_definition.py for tasks to queue
[2023-01-16T17:51:25.051+0000] {logging_mixin.py:137} INFO - [2023-01-16T17:51:25.051+0000] {dagbag.py:538} INFO - Filling up the DagBag from /opt/airflow/dags/test/test_forexdag_definition.py
[2023-01-16T17:51:25.136+0000] {logging_mixin.py:137} INFO - [2023-01-16T17:51:25.122+0000] {dagbag.py:343} ERROR - Failed to import: /opt/airflow/dags/test/test_forexdag_definition.py
Traceback (most recent call last):
  File "/home/airflow/.local/lib/python3.7/site-packages/airflow/models/dagbag.py", line 339, in parse
    loader.exec_module(new_module)
  File "<frozen importlib._bootstrap_external>", line 728, in exec_module
  File "<frozen importlib._bootstrap>", line 219, in _call_with_frames_removed
  File "/opt/airflow/dags/test/test_forexdag_definition.py", line 1, in <module>
    import pytest
ModuleNotFoundError: No module named 'pytest'
[2023-01-16T17:51:25.142+0000] {processor.py:755} WARNING - No viable dags retrieved from /opt/airflow/dags/test/test_forexdag_definition.py
[2023-01-16T17:51:25.160+0000] {processor.py:175} INFO - Processing /opt/airflow/dags/test/test_forexdag_definition.py took 0.115 seconds
[2023-01-16T17:51:55.569+0000] {processor.py:153} INFO - Started process (PID=213) to work on /opt/airflow/dags/test/test_forexdag_definition.py
[2023-01-16T17:51:55.582+0000] {processor.py:743} INFO - Processing file /opt/airflow/dags/test/test_forexdag_definition.py for tasks to queue
[2023-01-16T17:51:55.585+0000] {logging_mixin.py:137} INFO - [2023-01-16T17:51:55.585+0000] {dagbag.py:538} INFO - Filling up the DagBag from /opt/airflow/dags/test/test_forexdag_definition.py
[2023-01-16T17:51:55.802+0000] {logging_mixin.py:137} INFO - [2023-01-16T17:51:55.787+0000] {dagbag.py:343} ERROR - Failed to import: /opt/airflow/dags/test/test_forexdag_definition.py
Traceback (most recent call last):
  File "/home/airflow/.local/lib/python3.7/site-packages/airflow/models/dagbag.py", line 339, in parse
    loader.exec_module(new_module)
  File "<frozen importlib._bootstrap_external>", line 728, in exec_module
  File "<frozen importlib._bootstrap>", line 219, in _call_with_frames_removed
  File "/opt/airflow/dags/test/test_forexdag_definition.py", line 1, in <module>
    import pytest
ModuleNotFoundError: No module named 'pytest'
[2023-01-16T17:51:55.815+0000] {processor.py:755} WARNING - No viable dags retrieved from /opt/airflow/dags/test/test_forexdag_definition.py
[2023-01-16T17:51:55.836+0000] {processor.py:175} INFO - Processing /opt/airflow/dags/test/test_forexdag_definition.py took 0.269 seconds
[2023-01-16T17:52:26.499+0000] {processor.py:153} INFO - Started process (PID=276) to work on /opt/airflow/dags/test/test_forexdag_definition.py
[2023-01-16T17:52:26.503+0000] {processor.py:743} INFO - Processing file /opt/airflow/dags/test/test_forexdag_definition.py for tasks to queue
[2023-01-16T17:52:26.504+0000] {logging_mixin.py:137} INFO - [2023-01-16T17:52:26.504+0000] {dagbag.py:538} INFO - Filling up the DagBag from /opt/airflow/dags/test/test_forexdag_definition.py
[2023-01-16T17:52:26.566+0000] {logging_mixin.py:137} INFO - [2023-01-16T17:52:26.553+0000] {dagbag.py:343} ERROR - Failed to import: /opt/airflow/dags/test/test_forexdag_definition.py
Traceback (most recent call last):
  File "/home/airflow/.local/lib/python3.7/site-packages/airflow/models/dagbag.py", line 339, in parse
    loader.exec_module(new_module)
  File "<frozen importlib._bootstrap_external>", line 728, in exec_module
  File "<frozen importlib._bootstrap>", line 219, in _call_with_frames_removed
  File "/opt/airflow/dags/test/test_forexdag_definition.py", line 1, in <module>
    import pytest
ModuleNotFoundError: No module named 'pytest'
[2023-01-16T17:52:26.571+0000] {processor.py:755} WARNING - No viable dags retrieved from /opt/airflow/dags/test/test_forexdag_definition.py
[2023-01-16T17:52:26.587+0000] {processor.py:175} INFO - Processing /opt/airflow/dags/test/test_forexdag_definition.py took 0.090 seconds
[2023-01-16T17:52:56.726+0000] {processor.py:153} INFO - Started process (PID=320) to work on /opt/airflow/dags/test/test_forexdag_definition.py
[2023-01-16T17:52:56.730+0000] {processor.py:743} INFO - Processing file /opt/airflow/dags/test/test_forexdag_definition.py for tasks to queue
[2023-01-16T17:52:56.731+0000] {logging_mixin.py:137} INFO - [2023-01-16T17:52:56.730+0000] {dagbag.py:538} INFO - Filling up the DagBag from /opt/airflow/dags/test/test_forexdag_definition.py
[2023-01-16T17:52:56.787+0000] {logging_mixin.py:137} INFO - [2023-01-16T17:52:56.777+0000] {dagbag.py:343} ERROR - Failed to import: /opt/airflow/dags/test/test_forexdag_definition.py
Traceback (most recent call last):
  File "/home/airflow/.local/lib/python3.7/site-packages/airflow/models/dagbag.py", line 339, in parse
    loader.exec_module(new_module)
  File "<frozen importlib._bootstrap_external>", line 728, in exec_module
  File "<frozen importlib._bootstrap>", line 219, in _call_with_frames_removed
  File "/opt/airflow/dags/test/test_forexdag_definition.py", line 1, in <module>
    import pytest
ModuleNotFoundError: No module named 'pytest'
[2023-01-16T17:52:56.792+0000] {processor.py:755} WARNING - No viable dags retrieved from /opt/airflow/dags/test/test_forexdag_definition.py
[2023-01-16T17:52:56.808+0000] {processor.py:175} INFO - Processing /opt/airflow/dags/test/test_forexdag_definition.py took 0.084 seconds
[2023-01-16T17:53:26.883+0000] {processor.py:153} INFO - Started process (PID=383) to work on /opt/airflow/dags/test/test_forexdag_definition.py
[2023-01-16T17:53:26.886+0000] {processor.py:743} INFO - Processing file /opt/airflow/dags/test/test_forexdag_definition.py for tasks to queue
[2023-01-16T17:53:26.887+0000] {logging_mixin.py:137} INFO - [2023-01-16T17:53:26.887+0000] {dagbag.py:538} INFO - Filling up the DagBag from /opt/airflow/dags/test/test_forexdag_definition.py
[2023-01-16T17:53:26.949+0000] {logging_mixin.py:137} INFO - [2023-01-16T17:53:26.936+0000] {dagbag.py:343} ERROR - Failed to import: /opt/airflow/dags/test/test_forexdag_definition.py
Traceback (most recent call last):
  File "/home/airflow/.local/lib/python3.7/site-packages/airflow/models/dagbag.py", line 339, in parse
    loader.exec_module(new_module)
  File "<frozen importlib._bootstrap_external>", line 728, in exec_module
  File "<frozen importlib._bootstrap>", line 219, in _call_with_frames_removed
  File "/opt/airflow/dags/test/test_forexdag_definition.py", line 1, in <module>
    import pytest
ModuleNotFoundError: No module named 'pytest'
[2023-01-16T17:53:26.953+0000] {processor.py:755} WARNING - No viable dags retrieved from /opt/airflow/dags/test/test_forexdag_definition.py
[2023-01-16T17:53:26.969+0000] {processor.py:175} INFO - Processing /opt/airflow/dags/test/test_forexdag_definition.py took 0.089 seconds
[2023-01-16T17:53:57.449+0000] {processor.py:153} INFO - Started process (PID=427) to work on /opt/airflow/dags/test/test_forexdag_definition.py
[2023-01-16T17:53:57.452+0000] {processor.py:743} INFO - Processing file /opt/airflow/dags/test/test_forexdag_definition.py for tasks to queue
[2023-01-16T17:53:57.454+0000] {logging_mixin.py:137} INFO - [2023-01-16T17:53:57.453+0000] {dagbag.py:538} INFO - Filling up the DagBag from /opt/airflow/dags/test/test_forexdag_definition.py
[2023-01-16T17:53:57.517+0000] {logging_mixin.py:137} INFO - [2023-01-16T17:53:57.508+0000] {dagbag.py:343} ERROR - Failed to import: /opt/airflow/dags/test/test_forexdag_definition.py
Traceback (most recent call last):
  File "/home/airflow/.local/lib/python3.7/site-packages/airflow/models/dagbag.py", line 339, in parse
    loader.exec_module(new_module)
  File "<frozen importlib._bootstrap_external>", line 728, in exec_module
  File "<frozen importlib._bootstrap>", line 219, in _call_with_frames_removed
  File "/opt/airflow/dags/test/test_forexdag_definition.py", line 1, in <module>
    import pytest
ModuleNotFoundError: No module named 'pytest'
[2023-01-16T17:53:57.521+0000] {processor.py:755} WARNING - No viable dags retrieved from /opt/airflow/dags/test/test_forexdag_definition.py
[2023-01-16T17:53:57.541+0000] {processor.py:175} INFO - Processing /opt/airflow/dags/test/test_forexdag_definition.py took 0.094 seconds
