[2023-02-10T23:17:56.717+0000] {processor.py:153} INFO - Started process (PID=71) to work on /opt/airflow/dags/test/test_forexdag_validation.py
[2023-02-10T23:17:56.724+0000] {processor.py:743} INFO - Processing file /opt/airflow/dags/test/test_forexdag_validation.py for tasks to queue
[2023-02-10T23:17:56.726+0000] {logging_mixin.py:137} INFO - [2023-02-10T23:17:56.726+0000] {dagbag.py:538} INFO - Filling up the DagBag from /opt/airflow/dags/test/test_forexdag_validation.py
[2023-02-10T23:17:56.955+0000] {logging_mixin.py:137} INFO - [2023-02-10T23:17:56.910+0000] {dagbag.py:343} ERROR - Failed to import: /opt/airflow/dags/test/test_forexdag_validation.py
Traceback (most recent call last):
  File "/home/airflow/.local/lib/python3.7/site-packages/airflow/models/dagbag.py", line 339, in parse
    loader.exec_module(new_module)
  File "<frozen importlib._bootstrap_external>", line 728, in exec_module
  File "<frozen importlib._bootstrap>", line 219, in _call_with_frames_removed
  File "/opt/airflow/dags/test/test_forexdag_validation.py", line 1, in <module>
    import pytest
ModuleNotFoundError: No module named 'pytest'
[2023-02-10T23:17:56.972+0000] {processor.py:755} WARNING - No viable dags retrieved from /opt/airflow/dags/test/test_forexdag_validation.py
[2023-02-10T23:17:57.022+0000] {processor.py:175} INFO - Processing /opt/airflow/dags/test/test_forexdag_validation.py took 0.311 seconds
[2023-02-10T23:18:27.288+0000] {processor.py:153} INFO - Started process (PID=110) to work on /opt/airflow/dags/test/test_forexdag_validation.py
[2023-02-10T23:18:27.291+0000] {processor.py:743} INFO - Processing file /opt/airflow/dags/test/test_forexdag_validation.py for tasks to queue
[2023-02-10T23:18:27.293+0000] {logging_mixin.py:137} INFO - [2023-02-10T23:18:27.293+0000] {dagbag.py:538} INFO - Filling up the DagBag from /opt/airflow/dags/test/test_forexdag_validation.py
[2023-02-10T23:18:27.412+0000] {logging_mixin.py:137} INFO - [2023-02-10T23:18:27.387+0000] {dagbag.py:343} ERROR - Failed to import: /opt/airflow/dags/test/test_forexdag_validation.py
Traceback (most recent call last):
  File "/home/airflow/.local/lib/python3.7/site-packages/airflow/models/dagbag.py", line 339, in parse
    loader.exec_module(new_module)
  File "<frozen importlib._bootstrap_external>", line 728, in exec_module
  File "<frozen importlib._bootstrap>", line 219, in _call_with_frames_removed
  File "/opt/airflow/dags/test/test_forexdag_validation.py", line 1, in <module>
    import pytest
ModuleNotFoundError: No module named 'pytest'
[2023-02-10T23:18:27.418+0000] {processor.py:755} WARNING - No viable dags retrieved from /opt/airflow/dags/test/test_forexdag_validation.py
[2023-02-10T23:18:27.448+0000] {processor.py:175} INFO - Processing /opt/airflow/dags/test/test_forexdag_validation.py took 0.164 seconds
[2023-02-10T23:18:58.004+0000] {processor.py:153} INFO - Started process (PID=153) to work on /opt/airflow/dags/test/test_forexdag_validation.py
[2023-02-10T23:18:58.161+0000] {processor.py:743} INFO - Processing file /opt/airflow/dags/test/test_forexdag_validation.py for tasks to queue
[2023-02-10T23:18:58.254+0000] {logging_mixin.py:137} INFO - [2023-02-10T23:18:58.254+0000] {dagbag.py:538} INFO - Filling up the DagBag from /opt/airflow/dags/test/test_forexdag_validation.py
[2023-02-10T23:18:58.535+0000] {logging_mixin.py:137} INFO - [2023-02-10T23:18:58.519+0000] {dagbag.py:343} ERROR - Failed to import: /opt/airflow/dags/test/test_forexdag_validation.py
Traceback (most recent call last):
  File "/home/airflow/.local/lib/python3.7/site-packages/airflow/models/dagbag.py", line 339, in parse
    loader.exec_module(new_module)
  File "<frozen importlib._bootstrap_external>", line 728, in exec_module
  File "<frozen importlib._bootstrap>", line 219, in _call_with_frames_removed
  File "/opt/airflow/dags/test/test_forexdag_validation.py", line 1, in <module>
    import pytest
ModuleNotFoundError: No module named 'pytest'
[2023-02-10T23:18:58.541+0000] {processor.py:755} WARNING - No viable dags retrieved from /opt/airflow/dags/test/test_forexdag_validation.py
[2023-02-10T23:18:58.561+0000] {processor.py:175} INFO - Processing /opt/airflow/dags/test/test_forexdag_validation.py took 0.565 seconds
[2023-02-10T23:19:28.984+0000] {processor.py:153} INFO - Started process (PID=197) to work on /opt/airflow/dags/test/test_forexdag_validation.py
[2023-02-10T23:19:28.987+0000] {processor.py:743} INFO - Processing file /opt/airflow/dags/test/test_forexdag_validation.py for tasks to queue
[2023-02-10T23:19:28.989+0000] {logging_mixin.py:137} INFO - [2023-02-10T23:19:28.988+0000] {dagbag.py:538} INFO - Filling up the DagBag from /opt/airflow/dags/test/test_forexdag_validation.py
[2023-02-10T23:19:29.041+0000] {logging_mixin.py:137} INFO - [2023-02-10T23:19:29.031+0000] {dagbag.py:343} ERROR - Failed to import: /opt/airflow/dags/test/test_forexdag_validation.py
Traceback (most recent call last):
  File "/home/airflow/.local/lib/python3.7/site-packages/airflow/models/dagbag.py", line 339, in parse
    loader.exec_module(new_module)
  File "<frozen importlib._bootstrap_external>", line 728, in exec_module
  File "<frozen importlib._bootstrap>", line 219, in _call_with_frames_removed
  File "/opt/airflow/dags/test/test_forexdag_validation.py", line 1, in <module>
    import pytest
ModuleNotFoundError: No module named 'pytest'
[2023-02-10T23:19:29.045+0000] {processor.py:755} WARNING - No viable dags retrieved from /opt/airflow/dags/test/test_forexdag_validation.py
[2023-02-10T23:19:29.062+0000] {processor.py:175} INFO - Processing /opt/airflow/dags/test/test_forexdag_validation.py took 0.080 seconds
[2023-02-10T23:19:59.526+0000] {processor.py:153} INFO - Started process (PID=261) to work on /opt/airflow/dags/test/test_forexdag_validation.py
[2023-02-10T23:19:59.528+0000] {processor.py:743} INFO - Processing file /opt/airflow/dags/test/test_forexdag_validation.py for tasks to queue
[2023-02-10T23:19:59.529+0000] {logging_mixin.py:137} INFO - [2023-02-10T23:19:59.529+0000] {dagbag.py:538} INFO - Filling up the DagBag from /opt/airflow/dags/test/test_forexdag_validation.py
[2023-02-10T23:19:59.587+0000] {logging_mixin.py:137} INFO - [2023-02-10T23:19:59.575+0000] {dagbag.py:343} ERROR - Failed to import: /opt/airflow/dags/test/test_forexdag_validation.py
Traceback (most recent call last):
  File "/home/airflow/.local/lib/python3.7/site-packages/airflow/models/dagbag.py", line 339, in parse
    loader.exec_module(new_module)
  File "<frozen importlib._bootstrap_external>", line 728, in exec_module
  File "<frozen importlib._bootstrap>", line 219, in _call_with_frames_removed
  File "/opt/airflow/dags/test/test_forexdag_validation.py", line 1, in <module>
    import pytest
ModuleNotFoundError: No module named 'pytest'
[2023-02-10T23:19:59.593+0000] {processor.py:755} WARNING - No viable dags retrieved from /opt/airflow/dags/test/test_forexdag_validation.py
[2023-02-10T23:19:59.609+0000] {processor.py:175} INFO - Processing /opt/airflow/dags/test/test_forexdag_validation.py took 0.087 seconds
[2023-02-10T23:20:30.283+0000] {processor.py:153} INFO - Started process (PID=306) to work on /opt/airflow/dags/test/test_forexdag_validation.py
[2023-02-10T23:20:30.285+0000] {processor.py:743} INFO - Processing file /opt/airflow/dags/test/test_forexdag_validation.py for tasks to queue
[2023-02-10T23:20:30.286+0000] {logging_mixin.py:137} INFO - [2023-02-10T23:20:30.286+0000] {dagbag.py:538} INFO - Filling up the DagBag from /opt/airflow/dags/test/test_forexdag_validation.py
[2023-02-10T23:20:30.342+0000] {logging_mixin.py:137} INFO - [2023-02-10T23:20:30.332+0000] {dagbag.py:343} ERROR - Failed to import: /opt/airflow/dags/test/test_forexdag_validation.py
Traceback (most recent call last):
  File "/home/airflow/.local/lib/python3.7/site-packages/airflow/models/dagbag.py", line 339, in parse
    loader.exec_module(new_module)
  File "<frozen importlib._bootstrap_external>", line 728, in exec_module
  File "<frozen importlib._bootstrap>", line 219, in _call_with_frames_removed
  File "/opt/airflow/dags/test/test_forexdag_validation.py", line 1, in <module>
    import pytest
ModuleNotFoundError: No module named 'pytest'
[2023-02-10T23:20:30.346+0000] {processor.py:755} WARNING - No viable dags retrieved from /opt/airflow/dags/test/test_forexdag_validation.py
[2023-02-10T23:20:30.368+0000] {processor.py:175} INFO - Processing /opt/airflow/dags/test/test_forexdag_validation.py took 0.088 seconds
[2023-02-10T23:21:00.547+0000] {processor.py:153} INFO - Started process (PID=370) to work on /opt/airflow/dags/test/test_forexdag_validation.py
[2023-02-10T23:21:00.551+0000] {processor.py:743} INFO - Processing file /opt/airflow/dags/test/test_forexdag_validation.py for tasks to queue
[2023-02-10T23:21:00.553+0000] {logging_mixin.py:137} INFO - [2023-02-10T23:21:00.552+0000] {dagbag.py:538} INFO - Filling up the DagBag from /opt/airflow/dags/test/test_forexdag_validation.py
[2023-02-10T23:21:00.642+0000] {logging_mixin.py:137} INFO - [2023-02-10T23:21:00.626+0000] {dagbag.py:343} ERROR - Failed to import: /opt/airflow/dags/test/test_forexdag_validation.py
Traceback (most recent call last):
  File "/home/airflow/.local/lib/python3.7/site-packages/airflow/models/dagbag.py", line 339, in parse
    loader.exec_module(new_module)
  File "<frozen importlib._bootstrap_external>", line 728, in exec_module
  File "<frozen importlib._bootstrap>", line 219, in _call_with_frames_removed
  File "/opt/airflow/dags/test/test_forexdag_validation.py", line 1, in <module>
    import pytest
ModuleNotFoundError: No module named 'pytest'
[2023-02-10T23:21:00.649+0000] {processor.py:755} WARNING - No viable dags retrieved from /opt/airflow/dags/test/test_forexdag_validation.py
[2023-02-10T23:21:00.675+0000] {processor.py:175} INFO - Processing /opt/airflow/dags/test/test_forexdag_validation.py took 0.131 seconds
[2023-02-10T23:21:30.785+0000] {processor.py:153} INFO - Started process (PID=414) to work on /opt/airflow/dags/test/test_forexdag_validation.py
[2023-02-10T23:21:30.788+0000] {processor.py:743} INFO - Processing file /opt/airflow/dags/test/test_forexdag_validation.py for tasks to queue
[2023-02-10T23:21:30.789+0000] {logging_mixin.py:137} INFO - [2023-02-10T23:21:30.789+0000] {dagbag.py:538} INFO - Filling up the DagBag from /opt/airflow/dags/test/test_forexdag_validation.py
[2023-02-10T23:21:30.838+0000] {logging_mixin.py:137} INFO - [2023-02-10T23:21:30.828+0000] {dagbag.py:343} ERROR - Failed to import: /opt/airflow/dags/test/test_forexdag_validation.py
Traceback (most recent call last):
  File "/home/airflow/.local/lib/python3.7/site-packages/airflow/models/dagbag.py", line 339, in parse
    loader.exec_module(new_module)
  File "<frozen importlib._bootstrap_external>", line 728, in exec_module
  File "<frozen importlib._bootstrap>", line 219, in _call_with_frames_removed
  File "/opt/airflow/dags/test/test_forexdag_validation.py", line 1, in <module>
    import pytest
ModuleNotFoundError: No module named 'pytest'
[2023-02-10T23:21:30.842+0000] {processor.py:755} WARNING - No viable dags retrieved from /opt/airflow/dags/test/test_forexdag_validation.py
[2023-02-10T23:21:30.857+0000] {processor.py:175} INFO - Processing /opt/airflow/dags/test/test_forexdag_validation.py took 0.074 seconds
[2023-02-10T23:22:00.947+0000] {processor.py:153} INFO - Started process (PID=458) to work on /opt/airflow/dags/test/test_forexdag_validation.py
[2023-02-10T23:22:00.950+0000] {processor.py:743} INFO - Processing file /opt/airflow/dags/test/test_forexdag_validation.py for tasks to queue
[2023-02-10T23:22:00.951+0000] {logging_mixin.py:137} INFO - [2023-02-10T23:22:00.951+0000] {dagbag.py:538} INFO - Filling up the DagBag from /opt/airflow/dags/test/test_forexdag_validation.py
[2023-02-10T23:22:01.016+0000] {logging_mixin.py:137} INFO - [2023-02-10T23:22:00.998+0000] {dagbag.py:343} ERROR - Failed to import: /opt/airflow/dags/test/test_forexdag_validation.py
Traceback (most recent call last):
  File "/home/airflow/.local/lib/python3.7/site-packages/airflow/models/dagbag.py", line 339, in parse
    loader.exec_module(new_module)
  File "<frozen importlib._bootstrap_external>", line 728, in exec_module
  File "<frozen importlib._bootstrap>", line 219, in _call_with_frames_removed
  File "/opt/airflow/dags/test/test_forexdag_validation.py", line 1, in <module>
    import pytest
ModuleNotFoundError: No module named 'pytest'
[2023-02-10T23:22:01.021+0000] {processor.py:755} WARNING - No viable dags retrieved from /opt/airflow/dags/test/test_forexdag_validation.py
[2023-02-10T23:22:01.038+0000] {processor.py:175} INFO - Processing /opt/airflow/dags/test/test_forexdag_validation.py took 0.093 seconds
[2023-02-10T23:22:31.666+0000] {processor.py:153} INFO - Started process (PID=523) to work on /opt/airflow/dags/test/test_forexdag_validation.py
[2023-02-10T23:22:31.668+0000] {processor.py:743} INFO - Processing file /opt/airflow/dags/test/test_forexdag_validation.py for tasks to queue
[2023-02-10T23:22:31.670+0000] {logging_mixin.py:137} INFO - [2023-02-10T23:22:31.670+0000] {dagbag.py:538} INFO - Filling up the DagBag from /opt/airflow/dags/test/test_forexdag_validation.py
[2023-02-10T23:22:31.728+0000] {logging_mixin.py:137} INFO - [2023-02-10T23:22:31.717+0000] {dagbag.py:343} ERROR - Failed to import: /opt/airflow/dags/test/test_forexdag_validation.py
Traceback (most recent call last):
  File "/home/airflow/.local/lib/python3.7/site-packages/airflow/models/dagbag.py", line 339, in parse
    loader.exec_module(new_module)
  File "<frozen importlib._bootstrap_external>", line 728, in exec_module
  File "<frozen importlib._bootstrap>", line 219, in _call_with_frames_removed
  File "/opt/airflow/dags/test/test_forexdag_validation.py", line 1, in <module>
    import pytest
ModuleNotFoundError: No module named 'pytest'
[2023-02-10T23:22:31.734+0000] {processor.py:755} WARNING - No viable dags retrieved from /opt/airflow/dags/test/test_forexdag_validation.py
[2023-02-10T23:22:31.757+0000] {processor.py:175} INFO - Processing /opt/airflow/dags/test/test_forexdag_validation.py took 0.094 seconds
[2023-02-10T23:23:02.106+0000] {processor.py:153} INFO - Started process (PID=567) to work on /opt/airflow/dags/test/test_forexdag_validation.py
[2023-02-10T23:23:02.112+0000] {processor.py:743} INFO - Processing file /opt/airflow/dags/test/test_forexdag_validation.py for tasks to queue
[2023-02-10T23:23:02.113+0000] {logging_mixin.py:137} INFO - [2023-02-10T23:23:02.113+0000] {dagbag.py:538} INFO - Filling up the DagBag from /opt/airflow/dags/test/test_forexdag_validation.py
[2023-02-10T23:23:02.178+0000] {logging_mixin.py:137} INFO - [2023-02-10T23:23:02.168+0000] {dagbag.py:343} ERROR - Failed to import: /opt/airflow/dags/test/test_forexdag_validation.py
Traceback (most recent call last):
  File "/home/airflow/.local/lib/python3.7/site-packages/airflow/models/dagbag.py", line 339, in parse
    loader.exec_module(new_module)
  File "<frozen importlib._bootstrap_external>", line 728, in exec_module
  File "<frozen importlib._bootstrap>", line 219, in _call_with_frames_removed
  File "/opt/airflow/dags/test/test_forexdag_validation.py", line 1, in <module>
    import pytest
ModuleNotFoundError: No module named 'pytest'
[2023-02-10T23:23:02.183+0000] {processor.py:755} WARNING - No viable dags retrieved from /opt/airflow/dags/test/test_forexdag_validation.py
[2023-02-10T23:23:02.200+0000] {processor.py:175} INFO - Processing /opt/airflow/dags/test/test_forexdag_validation.py took 0.097 seconds
