[2023-02-26T18:29:52.891+0000] {processor.py:153} INFO - Started process (PID=60) to work on /opt/airflow/dags/test/test_forexdag_validation.py
[2023-02-26T18:29:52.897+0000] {processor.py:743} INFO - Processing file /opt/airflow/dags/test/test_forexdag_validation.py for tasks to queue
[2023-02-26T18:29:52.900+0000] {logging_mixin.py:137} INFO - [2023-02-26T18:29:52.900+0000] {dagbag.py:538} INFO - Filling up the DagBag from /opt/airflow/dags/test/test_forexdag_validation.py
[2023-02-26T18:29:53.059+0000] {logging_mixin.py:137} INFO - [2023-02-26T18:29:53.020+0000] {dagbag.py:343} ERROR - Failed to import: /opt/airflow/dags/test/test_forexdag_validation.py
Traceback (most recent call last):
  File "/home/airflow/.local/lib/python3.7/site-packages/airflow/models/dagbag.py", line 339, in parse
    loader.exec_module(new_module)
  File "<frozen importlib._bootstrap_external>", line 728, in exec_module
  File "<frozen importlib._bootstrap>", line 219, in _call_with_frames_removed
  File "/opt/airflow/dags/test/test_forexdag_validation.py", line 1, in <module>
    import pytest
ModuleNotFoundError: No module named 'pytest'
[2023-02-26T18:29:53.079+0000] {processor.py:755} WARNING - No viable dags retrieved from /opt/airflow/dags/test/test_forexdag_validation.py
[2023-02-26T18:29:53.120+0000] {processor.py:175} INFO - Processing /opt/airflow/dags/test/test_forexdag_validation.py took 0.237 seconds
[2023-02-26T18:30:24.045+0000] {processor.py:153} INFO - Started process (PID=126) to work on /opt/airflow/dags/test/test_forexdag_validation.py
[2023-02-26T18:30:24.049+0000] {processor.py:743} INFO - Processing file /opt/airflow/dags/test/test_forexdag_validation.py for tasks to queue
[2023-02-26T18:30:24.050+0000] {logging_mixin.py:137} INFO - [2023-02-26T18:30:24.050+0000] {dagbag.py:538} INFO - Filling up the DagBag from /opt/airflow/dags/test/test_forexdag_validation.py
[2023-02-26T18:30:24.143+0000] {logging_mixin.py:137} INFO - [2023-02-26T18:30:24.125+0000] {dagbag.py:343} ERROR - Failed to import: /opt/airflow/dags/test/test_forexdag_validation.py
Traceback (most recent call last):
  File "/home/airflow/.local/lib/python3.7/site-packages/airflow/models/dagbag.py", line 339, in parse
    loader.exec_module(new_module)
  File "<frozen importlib._bootstrap_external>", line 728, in exec_module
  File "<frozen importlib._bootstrap>", line 219, in _call_with_frames_removed
  File "/opt/airflow/dags/test/test_forexdag_validation.py", line 1, in <module>
    import pytest
ModuleNotFoundError: No module named 'pytest'
[2023-02-26T18:30:24.149+0000] {processor.py:755} WARNING - No viable dags retrieved from /opt/airflow/dags/test/test_forexdag_validation.py
[2023-02-26T18:30:24.178+0000] {processor.py:175} INFO - Processing /opt/airflow/dags/test/test_forexdag_validation.py took 0.144 seconds
[2023-02-26T18:30:54.308+0000] {processor.py:153} INFO - Started process (PID=170) to work on /opt/airflow/dags/test/test_forexdag_validation.py
[2023-02-26T18:30:54.312+0000] {processor.py:743} INFO - Processing file /opt/airflow/dags/test/test_forexdag_validation.py for tasks to queue
[2023-02-26T18:30:54.314+0000] {logging_mixin.py:137} INFO - [2023-02-26T18:30:54.314+0000] {dagbag.py:538} INFO - Filling up the DagBag from /opt/airflow/dags/test/test_forexdag_validation.py
[2023-02-26T18:30:54.387+0000] {logging_mixin.py:137} INFO - [2023-02-26T18:30:54.377+0000] {dagbag.py:343} ERROR - Failed to import: /opt/airflow/dags/test/test_forexdag_validation.py
Traceback (most recent call last):
  File "/home/airflow/.local/lib/python3.7/site-packages/airflow/models/dagbag.py", line 339, in parse
    loader.exec_module(new_module)
  File "<frozen importlib._bootstrap_external>", line 728, in exec_module
  File "<frozen importlib._bootstrap>", line 219, in _call_with_frames_removed
  File "/opt/airflow/dags/test/test_forexdag_validation.py", line 1, in <module>
    import pytest
ModuleNotFoundError: No module named 'pytest'
[2023-02-26T18:30:54.392+0000] {processor.py:755} WARNING - No viable dags retrieved from /opt/airflow/dags/test/test_forexdag_validation.py
[2023-02-26T18:30:54.415+0000] {processor.py:175} INFO - Processing /opt/airflow/dags/test/test_forexdag_validation.py took 0.109 seconds
