[2023-03-02T00:29:15.564+0000] {processor.py:153} INFO - Started process (PID=58) to work on /opt/airflow/dags/test/test_forexdag_validation.py
[2023-03-02T00:29:15.568+0000] {processor.py:743} INFO - Processing file /opt/airflow/dags/test/test_forexdag_validation.py for tasks to queue
[2023-03-02T00:29:15.570+0000] {logging_mixin.py:137} INFO - [2023-03-02T00:29:15.570+0000] {dagbag.py:538} INFO - Filling up the DagBag from /opt/airflow/dags/test/test_forexdag_validation.py
[2023-03-02T00:29:15.661+0000] {logging_mixin.py:137} INFO - [2023-03-02T00:29:15.641+0000] {dagbag.py:343} ERROR - Failed to import: /opt/airflow/dags/test/test_forexdag_validation.py
Traceback (most recent call last):
  File "/home/airflow/.local/lib/python3.7/site-packages/airflow/models/dagbag.py", line 339, in parse
    loader.exec_module(new_module)
  File "<frozen importlib._bootstrap_external>", line 728, in exec_module
  File "<frozen importlib._bootstrap>", line 219, in _call_with_frames_removed
  File "/opt/airflow/dags/test/test_forexdag_validation.py", line 1, in <module>
    import pytest
ModuleNotFoundError: No module named 'pytest'
[2023-03-02T00:29:15.669+0000] {processor.py:755} WARNING - No viable dags retrieved from /opt/airflow/dags/test/test_forexdag_validation.py
[2023-03-02T00:29:15.699+0000] {processor.py:175} INFO - Processing /opt/airflow/dags/test/test_forexdag_validation.py took 0.140 seconds
[2023-03-02T23:00:30.312+0000] {processor.py:153} INFO - Started process (PID=43) to work on /opt/airflow/dags/test/test_forexdag_validation.py
[2023-03-02T23:00:30.316+0000] {processor.py:743} INFO - Processing file /opt/airflow/dags/test/test_forexdag_validation.py for tasks to queue
[2023-03-02T23:00:30.318+0000] {logging_mixin.py:137} INFO - [2023-03-02T23:00:30.318+0000] {dagbag.py:538} INFO - Filling up the DagBag from /opt/airflow/dags/test/test_forexdag_validation.py
[2023-03-02T23:00:30.400+0000] {logging_mixin.py:137} INFO - [2023-03-02T23:00:30.384+0000] {dagbag.py:343} ERROR - Failed to import: /opt/airflow/dags/test/test_forexdag_validation.py
Traceback (most recent call last):
  File "/home/airflow/.local/lib/python3.7/site-packages/airflow/models/dagbag.py", line 339, in parse
    loader.exec_module(new_module)
  File "<frozen importlib._bootstrap_external>", line 728, in exec_module
  File "<frozen importlib._bootstrap>", line 219, in _call_with_frames_removed
  File "/opt/airflow/dags/test/test_forexdag_validation.py", line 1, in <module>
    import pytest
ModuleNotFoundError: No module named 'pytest'
[2023-03-02T23:00:30.408+0000] {processor.py:755} WARNING - No viable dags retrieved from /opt/airflow/dags/test/test_forexdag_validation.py
[2023-03-02T23:00:30.433+0000] {processor.py:175} INFO - Processing /opt/airflow/dags/test/test_forexdag_validation.py took 0.127 seconds
