[2022-12-13T18:12:19.266+0000] {processor.py:153} INFO - Started process (PID=562) to work on /opt/airflow/dags/test/test_forexdag_validation.py
[2022-12-13T18:12:19.268+0000] {processor.py:743} INFO - Processing file /opt/airflow/dags/test/test_forexdag_validation.py for tasks to queue
[2022-12-13T18:12:19.269+0000] {logging_mixin.py:137} INFO - [2022-12-13T18:12:19.269+0000] {dagbag.py:538} INFO - Filling up the DagBag from /opt/airflow/dags/test/test_forexdag_validation.py
[2022-12-13T18:12:19.362+0000] {logging_mixin.py:137} INFO - [2022-12-13T18:12:19.353+0000] {dagbag.py:343} ERROR - Failed to import: /opt/airflow/dags/test/test_forexdag_validation.py
Traceback (most recent call last):
  File "/home/airflow/.local/lib/python3.7/site-packages/airflow/models/dagbag.py", line 339, in parse
    loader.exec_module(new_module)
  File "<frozen importlib._bootstrap_external>", line 728, in exec_module
  File "<frozen importlib._bootstrap>", line 219, in _call_with_frames_removed
  File "/opt/airflow/dags/test/test_forexdag_validation.py", line 1, in <module>
    import pytest
ModuleNotFoundError: No module named 'pytest'
[2022-12-13T18:12:19.366+0000] {processor.py:755} WARNING - No viable dags retrieved from /opt/airflow/dags/test/test_forexdag_validation.py
[2022-12-13T18:12:19.387+0000] {processor.py:175} INFO - Processing /opt/airflow/dags/test/test_forexdag_validation.py took 0.124 seconds
[2022-12-13T18:12:49.705+0000] {processor.py:153} INFO - Started process (PID=625) to work on /opt/airflow/dags/test/test_forexdag_validation.py
[2022-12-13T18:12:49.707+0000] {processor.py:743} INFO - Processing file /opt/airflow/dags/test/test_forexdag_validation.py for tasks to queue
[2022-12-13T18:12:49.708+0000] {logging_mixin.py:137} INFO - [2022-12-13T18:12:49.708+0000] {dagbag.py:538} INFO - Filling up the DagBag from /opt/airflow/dags/test/test_forexdag_validation.py
[2022-12-13T18:12:49.743+0000] {logging_mixin.py:137} INFO - [2022-12-13T18:12:49.737+0000] {dagbag.py:343} ERROR - Failed to import: /opt/airflow/dags/test/test_forexdag_validation.py
Traceback (most recent call last):
  File "/home/airflow/.local/lib/python3.7/site-packages/airflow/models/dagbag.py", line 339, in parse
    loader.exec_module(new_module)
  File "<frozen importlib._bootstrap_external>", line 728, in exec_module
  File "<frozen importlib._bootstrap>", line 219, in _call_with_frames_removed
  File "/opt/airflow/dags/test/test_forexdag_validation.py", line 1, in <module>
    import pytest
ModuleNotFoundError: No module named 'pytest'
[2022-12-13T18:12:49.745+0000] {processor.py:755} WARNING - No viable dags retrieved from /opt/airflow/dags/test/test_forexdag_validation.py
[2022-12-13T18:12:49.764+0000] {processor.py:175} INFO - Processing /opt/airflow/dags/test/test_forexdag_validation.py took 0.061 seconds
[2022-12-13T18:13:20.032+0000] {processor.py:153} INFO - Started process (PID=668) to work on /opt/airflow/dags/test/test_forexdag_validation.py
[2022-12-13T18:13:20.034+0000] {processor.py:743} INFO - Processing file /opt/airflow/dags/test/test_forexdag_validation.py for tasks to queue
[2022-12-13T18:13:20.036+0000] {logging_mixin.py:137} INFO - [2022-12-13T18:13:20.036+0000] {dagbag.py:538} INFO - Filling up the DagBag from /opt/airflow/dags/test/test_forexdag_validation.py
[2022-12-13T18:13:20.071+0000] {logging_mixin.py:137} INFO - [2022-12-13T18:13:20.064+0000] {dagbag.py:343} ERROR - Failed to import: /opt/airflow/dags/test/test_forexdag_validation.py
Traceback (most recent call last):
  File "/home/airflow/.local/lib/python3.7/site-packages/airflow/models/dagbag.py", line 339, in parse
    loader.exec_module(new_module)
  File "<frozen importlib._bootstrap_external>", line 728, in exec_module
  File "<frozen importlib._bootstrap>", line 219, in _call_with_frames_removed
  File "/opt/airflow/dags/test/test_forexdag_validation.py", line 1, in <module>
    import pytest
ModuleNotFoundError: No module named 'pytest'
[2022-12-13T18:13:20.073+0000] {processor.py:755} WARNING - No viable dags retrieved from /opt/airflow/dags/test/test_forexdag_validation.py
[2022-12-13T18:13:20.089+0000] {processor.py:175} INFO - Processing /opt/airflow/dags/test/test_forexdag_validation.py took 0.059 seconds
[2022-12-13T18:13:50.391+0000] {processor.py:153} INFO - Started process (PID=732) to work on /opt/airflow/dags/test/test_forexdag_validation.py
[2022-12-13T18:13:50.393+0000] {processor.py:743} INFO - Processing file /opt/airflow/dags/test/test_forexdag_validation.py for tasks to queue
[2022-12-13T18:13:50.394+0000] {logging_mixin.py:137} INFO - [2022-12-13T18:13:50.393+0000] {dagbag.py:538} INFO - Filling up the DagBag from /opt/airflow/dags/test/test_forexdag_validation.py
[2022-12-13T18:13:50.441+0000] {logging_mixin.py:137} INFO - [2022-12-13T18:13:50.432+0000] {dagbag.py:343} ERROR - Failed to import: /opt/airflow/dags/test/test_forexdag_validation.py
Traceback (most recent call last):
  File "/home/airflow/.local/lib/python3.7/site-packages/airflow/models/dagbag.py", line 339, in parse
    loader.exec_module(new_module)
  File "<frozen importlib._bootstrap_external>", line 728, in exec_module
  File "<frozen importlib._bootstrap>", line 219, in _call_with_frames_removed
  File "/opt/airflow/dags/test/test_forexdag_validation.py", line 1, in <module>
    import pytest
ModuleNotFoundError: No module named 'pytest'
[2022-12-13T18:13:50.445+0000] {processor.py:755} WARNING - No viable dags retrieved from /opt/airflow/dags/test/test_forexdag_validation.py
[2022-12-13T18:13:50.464+0000] {processor.py:175} INFO - Processing /opt/airflow/dags/test/test_forexdag_validation.py took 0.075 seconds
[2022-12-13T18:14:20.767+0000] {processor.py:153} INFO - Started process (PID=781) to work on /opt/airflow/dags/test/test_forexdag_validation.py
[2022-12-13T18:14:20.769+0000] {processor.py:743} INFO - Processing file /opt/airflow/dags/test/test_forexdag_validation.py for tasks to queue
[2022-12-13T18:14:20.770+0000] {logging_mixin.py:137} INFO - [2022-12-13T18:14:20.770+0000] {dagbag.py:538} INFO - Filling up the DagBag from /opt/airflow/dags/test/test_forexdag_validation.py
[2022-12-13T18:14:20.811+0000] {logging_mixin.py:137} INFO - [2022-12-13T18:14:20.803+0000] {dagbag.py:343} ERROR - Failed to import: /opt/airflow/dags/test/test_forexdag_validation.py
Traceback (most recent call last):
  File "/home/airflow/.local/lib/python3.7/site-packages/airflow/models/dagbag.py", line 339, in parse
    loader.exec_module(new_module)
  File "<frozen importlib._bootstrap_external>", line 728, in exec_module
  File "<frozen importlib._bootstrap>", line 219, in _call_with_frames_removed
  File "/opt/airflow/dags/test/test_forexdag_validation.py", line 1, in <module>
    import pytest
ModuleNotFoundError: No module named 'pytest'
[2022-12-13T18:14:20.814+0000] {processor.py:755} WARNING - No viable dags retrieved from /opt/airflow/dags/test/test_forexdag_validation.py
[2022-12-13T18:14:20.836+0000] {processor.py:175} INFO - Processing /opt/airflow/dags/test/test_forexdag_validation.py took 0.072 seconds
[2022-12-13T18:14:51.101+0000] {processor.py:153} INFO - Started process (PID=837) to work on /opt/airflow/dags/test/test_forexdag_validation.py
[2022-12-13T18:14:51.102+0000] {processor.py:743} INFO - Processing file /opt/airflow/dags/test/test_forexdag_validation.py for tasks to queue
[2022-12-13T18:14:51.103+0000] {logging_mixin.py:137} INFO - [2022-12-13T18:14:51.103+0000] {dagbag.py:538} INFO - Filling up the DagBag from /opt/airflow/dags/test/test_forexdag_validation.py
[2022-12-13T18:14:51.139+0000] {logging_mixin.py:137} INFO - [2022-12-13T18:14:51.130+0000] {dagbag.py:343} ERROR - Failed to import: /opt/airflow/dags/test/test_forexdag_validation.py
Traceback (most recent call last):
  File "/home/airflow/.local/lib/python3.7/site-packages/airflow/models/dagbag.py", line 339, in parse
    loader.exec_module(new_module)
  File "<frozen importlib._bootstrap_external>", line 728, in exec_module
  File "<frozen importlib._bootstrap>", line 219, in _call_with_frames_removed
  File "/opt/airflow/dags/test/test_forexdag_validation.py", line 1, in <module>
    import pytest
ModuleNotFoundError: No module named 'pytest'
[2022-12-13T18:14:51.142+0000] {processor.py:755} WARNING - No viable dags retrieved from /opt/airflow/dags/test/test_forexdag_validation.py
[2022-12-13T18:14:51.167+0000] {processor.py:175} INFO - Processing /opt/airflow/dags/test/test_forexdag_validation.py took 0.069 seconds
[2022-12-13T18:15:21.450+0000] {processor.py:153} INFO - Started process (PID=880) to work on /opt/airflow/dags/test/test_forexdag_validation.py
[2022-12-13T18:15:21.452+0000] {processor.py:743} INFO - Processing file /opt/airflow/dags/test/test_forexdag_validation.py for tasks to queue
[2022-12-13T18:15:21.453+0000] {logging_mixin.py:137} INFO - [2022-12-13T18:15:21.453+0000] {dagbag.py:538} INFO - Filling up the DagBag from /opt/airflow/dags/test/test_forexdag_validation.py
[2022-12-13T18:15:21.494+0000] {logging_mixin.py:137} INFO - [2022-12-13T18:15:21.486+0000] {dagbag.py:343} ERROR - Failed to import: /opt/airflow/dags/test/test_forexdag_validation.py
Traceback (most recent call last):
  File "/home/airflow/.local/lib/python3.7/site-packages/airflow/models/dagbag.py", line 339, in parse
    loader.exec_module(new_module)
  File "<frozen importlib._bootstrap_external>", line 728, in exec_module
  File "<frozen importlib._bootstrap>", line 219, in _call_with_frames_removed
  File "/opt/airflow/dags/test/test_forexdag_validation.py", line 1, in <module>
    import pytest
ModuleNotFoundError: No module named 'pytest'
[2022-12-13T18:15:21.496+0000] {processor.py:755} WARNING - No viable dags retrieved from /opt/airflow/dags/test/test_forexdag_validation.py
[2022-12-13T18:15:21.514+0000] {processor.py:175} INFO - Processing /opt/airflow/dags/test/test_forexdag_validation.py took 0.066 seconds
[2022-12-13T18:15:51.819+0000] {processor.py:153} INFO - Started process (PID=943) to work on /opt/airflow/dags/test/test_forexdag_validation.py
[2022-12-13T18:15:51.820+0000] {processor.py:743} INFO - Processing file /opt/airflow/dags/test/test_forexdag_validation.py for tasks to queue
[2022-12-13T18:15:51.821+0000] {logging_mixin.py:137} INFO - [2022-12-13T18:15:51.821+0000] {dagbag.py:538} INFO - Filling up the DagBag from /opt/airflow/dags/test/test_forexdag_validation.py
[2022-12-13T18:15:51.849+0000] {logging_mixin.py:137} INFO - [2022-12-13T18:15:51.843+0000] {dagbag.py:343} ERROR - Failed to import: /opt/airflow/dags/test/test_forexdag_validation.py
Traceback (most recent call last):
  File "/home/airflow/.local/lib/python3.7/site-packages/airflow/models/dagbag.py", line 339, in parse
    loader.exec_module(new_module)
  File "<frozen importlib._bootstrap_external>", line 728, in exec_module
  File "<frozen importlib._bootstrap>", line 219, in _call_with_frames_removed
  File "/opt/airflow/dags/test/test_forexdag_validation.py", line 1, in <module>
    import pytest
ModuleNotFoundError: No module named 'pytest'
[2022-12-13T18:15:51.852+0000] {processor.py:755} WARNING - No viable dags retrieved from /opt/airflow/dags/test/test_forexdag_validation.py
[2022-12-13T18:15:51.868+0000] {processor.py:175} INFO - Processing /opt/airflow/dags/test/test_forexdag_validation.py took 0.052 seconds
[2022-12-13T18:16:22.186+0000] {processor.py:153} INFO - Started process (PID=993) to work on /opt/airflow/dags/test/test_forexdag_validation.py
[2022-12-13T18:16:22.188+0000] {processor.py:743} INFO - Processing file /opt/airflow/dags/test/test_forexdag_validation.py for tasks to queue
[2022-12-13T18:16:22.189+0000] {logging_mixin.py:137} INFO - [2022-12-13T18:16:22.189+0000] {dagbag.py:538} INFO - Filling up the DagBag from /opt/airflow/dags/test/test_forexdag_validation.py
[2022-12-13T18:16:22.228+0000] {logging_mixin.py:137} INFO - [2022-12-13T18:16:22.221+0000] {dagbag.py:343} ERROR - Failed to import: /opt/airflow/dags/test/test_forexdag_validation.py
Traceback (most recent call last):
  File "/home/airflow/.local/lib/python3.7/site-packages/airflow/models/dagbag.py", line 339, in parse
    loader.exec_module(new_module)
  File "<frozen importlib._bootstrap_external>", line 728, in exec_module
  File "<frozen importlib._bootstrap>", line 219, in _call_with_frames_removed
  File "/opt/airflow/dags/test/test_forexdag_validation.py", line 1, in <module>
    import pytest
ModuleNotFoundError: No module named 'pytest'
[2022-12-13T18:16:22.230+0000] {processor.py:755} WARNING - No viable dags retrieved from /opt/airflow/dags/test/test_forexdag_validation.py
[2022-12-13T18:16:22.248+0000] {processor.py:175} INFO - Processing /opt/airflow/dags/test/test_forexdag_validation.py took 0.065 seconds
[2022-12-13T18:16:52.595+0000] {processor.py:153} INFO - Started process (PID=1049) to work on /opt/airflow/dags/test/test_forexdag_validation.py
[2022-12-13T18:16:52.597+0000] {processor.py:743} INFO - Processing file /opt/airflow/dags/test/test_forexdag_validation.py for tasks to queue
[2022-12-13T18:16:52.598+0000] {logging_mixin.py:137} INFO - [2022-12-13T18:16:52.598+0000] {dagbag.py:538} INFO - Filling up the DagBag from /opt/airflow/dags/test/test_forexdag_validation.py
[2022-12-13T18:16:52.641+0000] {logging_mixin.py:137} INFO - [2022-12-13T18:16:52.634+0000] {dagbag.py:343} ERROR - Failed to import: /opt/airflow/dags/test/test_forexdag_validation.py
Traceback (most recent call last):
  File "/home/airflow/.local/lib/python3.7/site-packages/airflow/models/dagbag.py", line 339, in parse
    loader.exec_module(new_module)
  File "<frozen importlib._bootstrap_external>", line 728, in exec_module
  File "<frozen importlib._bootstrap>", line 219, in _call_with_frames_removed
  File "/opt/airflow/dags/test/test_forexdag_validation.py", line 1, in <module>
    import pytest
ModuleNotFoundError: No module named 'pytest'
[2022-12-13T18:16:52.644+0000] {processor.py:755} WARNING - No viable dags retrieved from /opt/airflow/dags/test/test_forexdag_validation.py
[2022-12-13T18:16:52.664+0000] {processor.py:175} INFO - Processing /opt/airflow/dags/test/test_forexdag_validation.py took 0.072 seconds
[2022-12-13T18:17:22.972+0000] {processor.py:153} INFO - Started process (PID=1101) to work on /opt/airflow/dags/test/test_forexdag_validation.py
[2022-12-13T18:17:22.974+0000] {processor.py:743} INFO - Processing file /opt/airflow/dags/test/test_forexdag_validation.py for tasks to queue
[2022-12-13T18:17:22.975+0000] {logging_mixin.py:137} INFO - [2022-12-13T18:17:22.975+0000] {dagbag.py:538} INFO - Filling up the DagBag from /opt/airflow/dags/test/test_forexdag_validation.py
[2022-12-13T18:17:23.024+0000] {logging_mixin.py:137} INFO - [2022-12-13T18:17:23.016+0000] {dagbag.py:343} ERROR - Failed to import: /opt/airflow/dags/test/test_forexdag_validation.py
Traceback (most recent call last):
  File "/home/airflow/.local/lib/python3.7/site-packages/airflow/models/dagbag.py", line 339, in parse
    loader.exec_module(new_module)
  File "<frozen importlib._bootstrap_external>", line 728, in exec_module
  File "<frozen importlib._bootstrap>", line 219, in _call_with_frames_removed
  File "/opt/airflow/dags/test/test_forexdag_validation.py", line 1, in <module>
    import pytest
ModuleNotFoundError: No module named 'pytest'
[2022-12-13T18:17:23.028+0000] {processor.py:755} WARNING - No viable dags retrieved from /opt/airflow/dags/test/test_forexdag_validation.py
[2022-12-13T18:17:23.047+0000] {processor.py:175} INFO - Processing /opt/airflow/dags/test/test_forexdag_validation.py took 0.077 seconds
[2022-12-13T18:17:53.370+0000] {processor.py:153} INFO - Started process (PID=1155) to work on /opt/airflow/dags/test/test_forexdag_validation.py
[2022-12-13T18:17:53.372+0000] {processor.py:743} INFO - Processing file /opt/airflow/dags/test/test_forexdag_validation.py for tasks to queue
[2022-12-13T18:17:53.373+0000] {logging_mixin.py:137} INFO - [2022-12-13T18:17:53.373+0000] {dagbag.py:538} INFO - Filling up the DagBag from /opt/airflow/dags/test/test_forexdag_validation.py
[2022-12-13T18:17:53.434+0000] {logging_mixin.py:137} INFO - [2022-12-13T18:17:53.425+0000] {dagbag.py:343} ERROR - Failed to import: /opt/airflow/dags/test/test_forexdag_validation.py
Traceback (most recent call last):
  File "/home/airflow/.local/lib/python3.7/site-packages/airflow/models/dagbag.py", line 339, in parse
    loader.exec_module(new_module)
  File "<frozen importlib._bootstrap_external>", line 728, in exec_module
  File "<frozen importlib._bootstrap>", line 219, in _call_with_frames_removed
  File "/opt/airflow/dags/test/test_forexdag_validation.py", line 1, in <module>
    import pytest
ModuleNotFoundError: No module named 'pytest'
[2022-12-13T18:17:53.437+0000] {processor.py:755} WARNING - No viable dags retrieved from /opt/airflow/dags/test/test_forexdag_validation.py
[2022-12-13T18:17:53.455+0000] {processor.py:175} INFO - Processing /opt/airflow/dags/test/test_forexdag_validation.py took 0.090 seconds
[2022-12-13T18:18:23.758+0000] {processor.py:153} INFO - Started process (PID=1217) to work on /opt/airflow/dags/test/test_forexdag_validation.py
[2022-12-13T18:18:23.761+0000] {processor.py:743} INFO - Processing file /opt/airflow/dags/test/test_forexdag_validation.py for tasks to queue
[2022-12-13T18:18:23.762+0000] {logging_mixin.py:137} INFO - [2022-12-13T18:18:23.762+0000] {dagbag.py:538} INFO - Filling up the DagBag from /opt/airflow/dags/test/test_forexdag_validation.py
[2022-12-13T18:18:23.803+0000] {logging_mixin.py:137} INFO - [2022-12-13T18:18:23.796+0000] {dagbag.py:343} ERROR - Failed to import: /opt/airflow/dags/test/test_forexdag_validation.py
Traceback (most recent call last):
  File "/home/airflow/.local/lib/python3.7/site-packages/airflow/models/dagbag.py", line 339, in parse
    loader.exec_module(new_module)
  File "<frozen importlib._bootstrap_external>", line 728, in exec_module
  File "<frozen importlib._bootstrap>", line 219, in _call_with_frames_removed
  File "/opt/airflow/dags/test/test_forexdag_validation.py", line 1, in <module>
    import pytest
ModuleNotFoundError: No module named 'pytest'
[2022-12-13T18:18:23.806+0000] {processor.py:755} WARNING - No viable dags retrieved from /opt/airflow/dags/test/test_forexdag_validation.py
[2022-12-13T18:18:23.826+0000] {processor.py:175} INFO - Processing /opt/airflow/dags/test/test_forexdag_validation.py took 0.070 seconds
[2022-12-13T18:18:54.097+0000] {processor.py:153} INFO - Started process (PID=1260) to work on /opt/airflow/dags/test/test_forexdag_validation.py
[2022-12-13T18:18:54.098+0000] {processor.py:743} INFO - Processing file /opt/airflow/dags/test/test_forexdag_validation.py for tasks to queue
[2022-12-13T18:18:54.099+0000] {logging_mixin.py:137} INFO - [2022-12-13T18:18:54.099+0000] {dagbag.py:538} INFO - Filling up the DagBag from /opt/airflow/dags/test/test_forexdag_validation.py
[2022-12-13T18:18:54.135+0000] {logging_mixin.py:137} INFO - [2022-12-13T18:18:54.128+0000] {dagbag.py:343} ERROR - Failed to import: /opt/airflow/dags/test/test_forexdag_validation.py
Traceback (most recent call last):
  File "/home/airflow/.local/lib/python3.7/site-packages/airflow/models/dagbag.py", line 339, in parse
    loader.exec_module(new_module)
  File "<frozen importlib._bootstrap_external>", line 728, in exec_module
  File "<frozen importlib._bootstrap>", line 219, in _call_with_frames_removed
  File "/opt/airflow/dags/test/test_forexdag_validation.py", line 1, in <module>
    import pytest
ModuleNotFoundError: No module named 'pytest'
[2022-12-13T18:18:54.138+0000] {processor.py:755} WARNING - No viable dags retrieved from /opt/airflow/dags/test/test_forexdag_validation.py
[2022-12-13T18:18:54.156+0000] {processor.py:175} INFO - Processing /opt/airflow/dags/test/test_forexdag_validation.py took 0.062 seconds
[2022-12-13T18:19:24.460+0000] {processor.py:153} INFO - Started process (PID=1323) to work on /opt/airflow/dags/test/test_forexdag_validation.py
[2022-12-13T18:19:24.462+0000] {processor.py:743} INFO - Processing file /opt/airflow/dags/test/test_forexdag_validation.py for tasks to queue
[2022-12-13T18:19:24.463+0000] {logging_mixin.py:137} INFO - [2022-12-13T18:19:24.463+0000] {dagbag.py:538} INFO - Filling up the DagBag from /opt/airflow/dags/test/test_forexdag_validation.py
[2022-12-13T18:19:24.505+0000] {logging_mixin.py:137} INFO - [2022-12-13T18:19:24.490+0000] {dagbag.py:343} ERROR - Failed to import: /opt/airflow/dags/test/test_forexdag_validation.py
Traceback (most recent call last):
  File "/home/airflow/.local/lib/python3.7/site-packages/airflow/models/dagbag.py", line 339, in parse
    loader.exec_module(new_module)
  File "<frozen importlib._bootstrap_external>", line 728, in exec_module
  File "<frozen importlib._bootstrap>", line 219, in _call_with_frames_removed
  File "/opt/airflow/dags/test/test_forexdag_validation.py", line 1, in <module>
    import pytest
ModuleNotFoundError: No module named 'pytest'
[2022-12-13T18:19:24.509+0000] {processor.py:755} WARNING - No viable dags retrieved from /opt/airflow/dags/test/test_forexdag_validation.py
[2022-12-13T18:19:24.526+0000] {processor.py:175} INFO - Processing /opt/airflow/dags/test/test_forexdag_validation.py took 0.069 seconds
[2022-12-13T18:19:54.815+0000] {processor.py:153} INFO - Started process (PID=1366) to work on /opt/airflow/dags/test/test_forexdag_validation.py
[2022-12-13T18:19:54.820+0000] {processor.py:743} INFO - Processing file /opt/airflow/dags/test/test_forexdag_validation.py for tasks to queue
[2022-12-13T18:19:54.821+0000] {logging_mixin.py:137} INFO - [2022-12-13T18:19:54.821+0000] {dagbag.py:538} INFO - Filling up the DagBag from /opt/airflow/dags/test/test_forexdag_validation.py
[2022-12-13T18:19:54.856+0000] {logging_mixin.py:137} INFO - [2022-12-13T18:19:54.849+0000] {dagbag.py:343} ERROR - Failed to import: /opt/airflow/dags/test/test_forexdag_validation.py
Traceback (most recent call last):
  File "/home/airflow/.local/lib/python3.7/site-packages/airflow/models/dagbag.py", line 339, in parse
    loader.exec_module(new_module)
  File "<frozen importlib._bootstrap_external>", line 728, in exec_module
  File "<frozen importlib._bootstrap>", line 219, in _call_with_frames_removed
  File "/opt/airflow/dags/test/test_forexdag_validation.py", line 1, in <module>
    import pytest
ModuleNotFoundError: No module named 'pytest'
[2022-12-13T18:19:54.858+0000] {processor.py:755} WARNING - No viable dags retrieved from /opt/airflow/dags/test/test_forexdag_validation.py
[2022-12-13T18:19:54.874+0000] {processor.py:175} INFO - Processing /opt/airflow/dags/test/test_forexdag_validation.py took 0.061 seconds
[2022-12-13T18:20:25.174+0000] {processor.py:153} INFO - Started process (PID=1429) to work on /opt/airflow/dags/test/test_forexdag_validation.py
[2022-12-13T18:20:25.176+0000] {processor.py:743} INFO - Processing file /opt/airflow/dags/test/test_forexdag_validation.py for tasks to queue
[2022-12-13T18:20:25.177+0000] {logging_mixin.py:137} INFO - [2022-12-13T18:20:25.176+0000] {dagbag.py:538} INFO - Filling up the DagBag from /opt/airflow/dags/test/test_forexdag_validation.py
[2022-12-13T18:20:25.205+0000] {logging_mixin.py:137} INFO - [2022-12-13T18:20:25.200+0000] {dagbag.py:343} ERROR - Failed to import: /opt/airflow/dags/test/test_forexdag_validation.py
Traceback (most recent call last):
  File "/home/airflow/.local/lib/python3.7/site-packages/airflow/models/dagbag.py", line 339, in parse
    loader.exec_module(new_module)
  File "<frozen importlib._bootstrap_external>", line 728, in exec_module
  File "<frozen importlib._bootstrap>", line 219, in _call_with_frames_removed
  File "/opt/airflow/dags/test/test_forexdag_validation.py", line 1, in <module>
    import pytest
ModuleNotFoundError: No module named 'pytest'
[2022-12-13T18:20:25.208+0000] {processor.py:755} WARNING - No viable dags retrieved from /opt/airflow/dags/test/test_forexdag_validation.py
[2022-12-13T18:20:25.224+0000] {processor.py:175} INFO - Processing /opt/airflow/dags/test/test_forexdag_validation.py took 0.053 seconds
[2022-12-13T18:20:55.550+0000] {processor.py:153} INFO - Started process (PID=1472) to work on /opt/airflow/dags/test/test_forexdag_validation.py
[2022-12-13T18:20:55.553+0000] {processor.py:743} INFO - Processing file /opt/airflow/dags/test/test_forexdag_validation.py for tasks to queue
[2022-12-13T18:20:55.554+0000] {logging_mixin.py:137} INFO - [2022-12-13T18:20:55.554+0000] {dagbag.py:538} INFO - Filling up the DagBag from /opt/airflow/dags/test/test_forexdag_validation.py
[2022-12-13T18:20:55.584+0000] {logging_mixin.py:137} INFO - [2022-12-13T18:20:55.579+0000] {dagbag.py:343} ERROR - Failed to import: /opt/airflow/dags/test/test_forexdag_validation.py
Traceback (most recent call last):
  File "/home/airflow/.local/lib/python3.7/site-packages/airflow/models/dagbag.py", line 339, in parse
    loader.exec_module(new_module)
  File "<frozen importlib._bootstrap_external>", line 728, in exec_module
  File "<frozen importlib._bootstrap>", line 219, in _call_with_frames_removed
  File "/opt/airflow/dags/test/test_forexdag_validation.py", line 1, in <module>
    import pytest
ModuleNotFoundError: No module named 'pytest'
[2022-12-13T18:20:55.587+0000] {processor.py:755} WARNING - No viable dags retrieved from /opt/airflow/dags/test/test_forexdag_validation.py
[2022-12-13T18:20:55.606+0000] {processor.py:175} INFO - Processing /opt/airflow/dags/test/test_forexdag_validation.py took 0.059 seconds
[2022-12-13T18:21:25.939+0000] {processor.py:153} INFO - Started process (PID=1535) to work on /opt/airflow/dags/test/test_forexdag_validation.py
[2022-12-13T18:21:25.941+0000] {processor.py:743} INFO - Processing file /opt/airflow/dags/test/test_forexdag_validation.py for tasks to queue
[2022-12-13T18:21:25.942+0000] {logging_mixin.py:137} INFO - [2022-12-13T18:21:25.942+0000] {dagbag.py:538} INFO - Filling up the DagBag from /opt/airflow/dags/test/test_forexdag_validation.py
[2022-12-13T18:21:25.988+0000] {logging_mixin.py:137} INFO - [2022-12-13T18:21:25.979+0000] {dagbag.py:343} ERROR - Failed to import: /opt/airflow/dags/test/test_forexdag_validation.py
Traceback (most recent call last):
  File "/home/airflow/.local/lib/python3.7/site-packages/airflow/models/dagbag.py", line 339, in parse
    loader.exec_module(new_module)
  File "<frozen importlib._bootstrap_external>", line 728, in exec_module
  File "<frozen importlib._bootstrap>", line 219, in _call_with_frames_removed
  File "/opt/airflow/dags/test/test_forexdag_validation.py", line 1, in <module>
    import pytest
ModuleNotFoundError: No module named 'pytest'
[2022-12-13T18:21:25.991+0000] {processor.py:755} WARNING - No viable dags retrieved from /opt/airflow/dags/test/test_forexdag_validation.py
[2022-12-13T18:21:26.013+0000] {processor.py:175} INFO - Processing /opt/airflow/dags/test/test_forexdag_validation.py took 0.076 seconds
[2022-12-13T18:21:56.267+0000] {processor.py:153} INFO - Started process (PID=1578) to work on /opt/airflow/dags/test/test_forexdag_validation.py
[2022-12-13T18:21:56.268+0000] {processor.py:743} INFO - Processing file /opt/airflow/dags/test/test_forexdag_validation.py for tasks to queue
[2022-12-13T18:21:56.269+0000] {logging_mixin.py:137} INFO - [2022-12-13T18:21:56.269+0000] {dagbag.py:538} INFO - Filling up the DagBag from /opt/airflow/dags/test/test_forexdag_validation.py
[2022-12-13T18:21:56.297+0000] {logging_mixin.py:137} INFO - [2022-12-13T18:21:56.292+0000] {dagbag.py:343} ERROR - Failed to import: /opt/airflow/dags/test/test_forexdag_validation.py
Traceback (most recent call last):
  File "/home/airflow/.local/lib/python3.7/site-packages/airflow/models/dagbag.py", line 339, in parse
    loader.exec_module(new_module)
  File "<frozen importlib._bootstrap_external>", line 728, in exec_module
  File "<frozen importlib._bootstrap>", line 219, in _call_with_frames_removed
  File "/opt/airflow/dags/test/test_forexdag_validation.py", line 1, in <module>
    import pytest
ModuleNotFoundError: No module named 'pytest'
[2022-12-13T18:21:56.299+0000] {processor.py:755} WARNING - No viable dags retrieved from /opt/airflow/dags/test/test_forexdag_validation.py
[2022-12-13T18:21:56.317+0000] {processor.py:175} INFO - Processing /opt/airflow/dags/test/test_forexdag_validation.py took 0.054 seconds
[2022-12-13T18:22:26.713+0000] {processor.py:153} INFO - Started process (PID=1640) to work on /opt/airflow/dags/test/test_forexdag_validation.py
[2022-12-13T18:22:26.715+0000] {processor.py:743} INFO - Processing file /opt/airflow/dags/test/test_forexdag_validation.py for tasks to queue
[2022-12-13T18:22:26.716+0000] {logging_mixin.py:137} INFO - [2022-12-13T18:22:26.716+0000] {dagbag.py:538} INFO - Filling up the DagBag from /opt/airflow/dags/test/test_forexdag_validation.py
[2022-12-13T18:22:26.760+0000] {logging_mixin.py:137} INFO - [2022-12-13T18:22:26.751+0000] {dagbag.py:343} ERROR - Failed to import: /opt/airflow/dags/test/test_forexdag_validation.py
Traceback (most recent call last):
  File "/home/airflow/.local/lib/python3.7/site-packages/airflow/models/dagbag.py", line 339, in parse
    loader.exec_module(new_module)
  File "<frozen importlib._bootstrap_external>", line 728, in exec_module
  File "<frozen importlib._bootstrap>", line 219, in _call_with_frames_removed
  File "/opt/airflow/dags/test/test_forexdag_validation.py", line 1, in <module>
    import pytest
ModuleNotFoundError: No module named 'pytest'
[2022-12-13T18:22:26.763+0000] {processor.py:755} WARNING - No viable dags retrieved from /opt/airflow/dags/test/test_forexdag_validation.py
[2022-12-13T18:22:26.784+0000] {processor.py:175} INFO - Processing /opt/airflow/dags/test/test_forexdag_validation.py took 0.074 seconds
[2022-12-13T18:22:57.040+0000] {processor.py:153} INFO - Started process (PID=1683) to work on /opt/airflow/dags/test/test_forexdag_validation.py
[2022-12-13T18:22:57.042+0000] {processor.py:743} INFO - Processing file /opt/airflow/dags/test/test_forexdag_validation.py for tasks to queue
[2022-12-13T18:22:57.042+0000] {logging_mixin.py:137} INFO - [2022-12-13T18:22:57.042+0000] {dagbag.py:538} INFO - Filling up the DagBag from /opt/airflow/dags/test/test_forexdag_validation.py
[2022-12-13T18:22:57.080+0000] {logging_mixin.py:137} INFO - [2022-12-13T18:22:57.073+0000] {dagbag.py:343} ERROR - Failed to import: /opt/airflow/dags/test/test_forexdag_validation.py
Traceback (most recent call last):
  File "/home/airflow/.local/lib/python3.7/site-packages/airflow/models/dagbag.py", line 339, in parse
    loader.exec_module(new_module)
  File "<frozen importlib._bootstrap_external>", line 728, in exec_module
  File "<frozen importlib._bootstrap>", line 219, in _call_with_frames_removed
  File "/opt/airflow/dags/test/test_forexdag_validation.py", line 1, in <module>
    import pytest
ModuleNotFoundError: No module named 'pytest'
[2022-12-13T18:22:57.082+0000] {processor.py:755} WARNING - No viable dags retrieved from /opt/airflow/dags/test/test_forexdag_validation.py
[2022-12-13T18:22:57.101+0000] {processor.py:175} INFO - Processing /opt/airflow/dags/test/test_forexdag_validation.py took 0.064 seconds
[2022-12-13T18:23:27.360+0000] {processor.py:153} INFO - Started process (PID=1746) to work on /opt/airflow/dags/test/test_forexdag_validation.py
[2022-12-13T18:23:27.362+0000] {processor.py:743} INFO - Processing file /opt/airflow/dags/test/test_forexdag_validation.py for tasks to queue
[2022-12-13T18:23:27.363+0000] {logging_mixin.py:137} INFO - [2022-12-13T18:23:27.363+0000] {dagbag.py:538} INFO - Filling up the DagBag from /opt/airflow/dags/test/test_forexdag_validation.py
[2022-12-13T18:23:27.399+0000] {logging_mixin.py:137} INFO - [2022-12-13T18:23:27.390+0000] {dagbag.py:343} ERROR - Failed to import: /opt/airflow/dags/test/test_forexdag_validation.py
Traceback (most recent call last):
  File "/home/airflow/.local/lib/python3.7/site-packages/airflow/models/dagbag.py", line 339, in parse
    loader.exec_module(new_module)
  File "<frozen importlib._bootstrap_external>", line 728, in exec_module
  File "<frozen importlib._bootstrap>", line 219, in _call_with_frames_removed
  File "/opt/airflow/dags/test/test_forexdag_validation.py", line 1, in <module>
    import pytest
ModuleNotFoundError: No module named 'pytest'
[2022-12-13T18:23:27.402+0000] {processor.py:755} WARNING - No viable dags retrieved from /opt/airflow/dags/test/test_forexdag_validation.py
[2022-12-13T18:23:27.465+0000] {processor.py:175} INFO - Processing /opt/airflow/dags/test/test_forexdag_validation.py took 0.107 seconds
[2022-12-13T18:23:57.745+0000] {processor.py:153} INFO - Started process (PID=1789) to work on /opt/airflow/dags/test/test_forexdag_validation.py
[2022-12-13T18:23:57.746+0000] {processor.py:743} INFO - Processing file /opt/airflow/dags/test/test_forexdag_validation.py for tasks to queue
[2022-12-13T18:23:57.747+0000] {logging_mixin.py:137} INFO - [2022-12-13T18:23:57.747+0000] {dagbag.py:538} INFO - Filling up the DagBag from /opt/airflow/dags/test/test_forexdag_validation.py
[2022-12-13T18:23:57.777+0000] {logging_mixin.py:137} INFO - [2022-12-13T18:23:57.772+0000] {dagbag.py:343} ERROR - Failed to import: /opt/airflow/dags/test/test_forexdag_validation.py
Traceback (most recent call last):
  File "/home/airflow/.local/lib/python3.7/site-packages/airflow/models/dagbag.py", line 339, in parse
    loader.exec_module(new_module)
  File "<frozen importlib._bootstrap_external>", line 728, in exec_module
  File "<frozen importlib._bootstrap>", line 219, in _call_with_frames_removed
  File "/opt/airflow/dags/test/test_forexdag_validation.py", line 1, in <module>
    import pytest
ModuleNotFoundError: No module named 'pytest'
[2022-12-13T18:23:57.779+0000] {processor.py:755} WARNING - No viable dags retrieved from /opt/airflow/dags/test/test_forexdag_validation.py
[2022-12-13T18:23:57.794+0000] {processor.py:175} INFO - Processing /opt/airflow/dags/test/test_forexdag_validation.py took 0.052 seconds
[2022-12-13T18:24:28.063+0000] {processor.py:153} INFO - Started process (PID=1852) to work on /opt/airflow/dags/test/test_forexdag_validation.py
[2022-12-13T18:24:28.064+0000] {processor.py:743} INFO - Processing file /opt/airflow/dags/test/test_forexdag_validation.py for tasks to queue
[2022-12-13T18:24:28.065+0000] {logging_mixin.py:137} INFO - [2022-12-13T18:24:28.065+0000] {dagbag.py:538} INFO - Filling up the DagBag from /opt/airflow/dags/test/test_forexdag_validation.py
[2022-12-13T18:24:28.096+0000] {logging_mixin.py:137} INFO - [2022-12-13T18:24:28.090+0000] {dagbag.py:343} ERROR - Failed to import: /opt/airflow/dags/test/test_forexdag_validation.py
Traceback (most recent call last):
  File "/home/airflow/.local/lib/python3.7/site-packages/airflow/models/dagbag.py", line 339, in parse
    loader.exec_module(new_module)
  File "<frozen importlib._bootstrap_external>", line 728, in exec_module
  File "<frozen importlib._bootstrap>", line 219, in _call_with_frames_removed
  File "/opt/airflow/dags/test/test_forexdag_validation.py", line 1, in <module>
    import pytest
ModuleNotFoundError: No module named 'pytest'
[2022-12-13T18:24:28.098+0000] {processor.py:755} WARNING - No viable dags retrieved from /opt/airflow/dags/test/test_forexdag_validation.py
[2022-12-13T18:24:28.115+0000] {processor.py:175} INFO - Processing /opt/airflow/dags/test/test_forexdag_validation.py took 0.055 seconds
[2022-12-13T18:24:58.396+0000] {processor.py:153} INFO - Started process (PID=1895) to work on /opt/airflow/dags/test/test_forexdag_validation.py
[2022-12-13T18:24:58.398+0000] {processor.py:743} INFO - Processing file /opt/airflow/dags/test/test_forexdag_validation.py for tasks to queue
[2022-12-13T18:24:58.399+0000] {logging_mixin.py:137} INFO - [2022-12-13T18:24:58.399+0000] {dagbag.py:538} INFO - Filling up the DagBag from /opt/airflow/dags/test/test_forexdag_validation.py
[2022-12-13T18:24:58.427+0000] {logging_mixin.py:137} INFO - [2022-12-13T18:24:58.422+0000] {dagbag.py:343} ERROR - Failed to import: /opt/airflow/dags/test/test_forexdag_validation.py
Traceback (most recent call last):
  File "/home/airflow/.local/lib/python3.7/site-packages/airflow/models/dagbag.py", line 339, in parse
    loader.exec_module(new_module)
  File "<frozen importlib._bootstrap_external>", line 728, in exec_module
  File "<frozen importlib._bootstrap>", line 219, in _call_with_frames_removed
  File "/opt/airflow/dags/test/test_forexdag_validation.py", line 1, in <module>
    import pytest
ModuleNotFoundError: No module named 'pytest'
[2022-12-13T18:24:58.429+0000] {processor.py:755} WARNING - No viable dags retrieved from /opt/airflow/dags/test/test_forexdag_validation.py
[2022-12-13T18:24:58.446+0000] {processor.py:175} INFO - Processing /opt/airflow/dags/test/test_forexdag_validation.py took 0.053 seconds
[2022-12-13T18:25:28.768+0000] {processor.py:153} INFO - Started process (PID=1958) to work on /opt/airflow/dags/test/test_forexdag_validation.py
[2022-12-13T18:25:28.770+0000] {processor.py:743} INFO - Processing file /opt/airflow/dags/test/test_forexdag_validation.py for tasks to queue
[2022-12-13T18:25:28.770+0000] {logging_mixin.py:137} INFO - [2022-12-13T18:25:28.770+0000] {dagbag.py:538} INFO - Filling up the DagBag from /opt/airflow/dags/test/test_forexdag_validation.py
[2022-12-13T18:25:28.809+0000] {logging_mixin.py:137} INFO - [2022-12-13T18:25:28.804+0000] {dagbag.py:343} ERROR - Failed to import: /opt/airflow/dags/test/test_forexdag_validation.py
Traceback (most recent call last):
  File "/home/airflow/.local/lib/python3.7/site-packages/airflow/models/dagbag.py", line 339, in parse
    loader.exec_module(new_module)
  File "<frozen importlib._bootstrap_external>", line 728, in exec_module
  File "<frozen importlib._bootstrap>", line 219, in _call_with_frames_removed
  File "/opt/airflow/dags/test/test_forexdag_validation.py", line 1, in <module>
    import pytest
ModuleNotFoundError: No module named 'pytest'
[2022-12-13T18:25:28.810+0000] {processor.py:755} WARNING - No viable dags retrieved from /opt/airflow/dags/test/test_forexdag_validation.py
[2022-12-13T18:25:28.831+0000] {processor.py:175} INFO - Processing /opt/airflow/dags/test/test_forexdag_validation.py took 0.066 seconds
[2022-12-13T18:25:50.038+0000] {processor.py:153} INFO - Started process (PID=2000) to work on /opt/airflow/dags/test/test_forexdag_validation.py
[2022-12-13T18:25:50.040+0000] {processor.py:743} INFO - Processing file /opt/airflow/dags/test/test_forexdag_validation.py for tasks to queue
[2022-12-13T18:25:50.041+0000] {logging_mixin.py:137} INFO - [2022-12-13T18:25:50.040+0000] {dagbag.py:538} INFO - Filling up the DagBag from /opt/airflow/dags/test/test_forexdag_validation.py
[2022-12-13T18:25:50.131+0000] {logging_mixin.py:137} INFO - [2022-12-13T18:25:50.124+0000] {dagbag.py:343} ERROR - Failed to import: /opt/airflow/dags/test/test_forexdag_validation.py
Traceback (most recent call last):
  File "/home/airflow/.local/lib/python3.7/site-packages/airflow/models/dagbag.py", line 339, in parse
    loader.exec_module(new_module)
  File "<frozen importlib._bootstrap_external>", line 728, in exec_module
  File "<frozen importlib._bootstrap>", line 219, in _call_with_frames_removed
  File "/opt/airflow/dags/test/test_forexdag_validation.py", line 1, in <module>
    import pytest
ModuleNotFoundError: No module named 'pytest'
[2022-12-13T18:25:50.133+0000] {processor.py:755} WARNING - No viable dags retrieved from /opt/airflow/dags/test/test_forexdag_validation.py
[2022-12-13T18:25:50.148+0000] {processor.py:175} INFO - Processing /opt/airflow/dags/test/test_forexdag_validation.py took 0.113 seconds
[2022-12-13T18:26:20.475+0000] {processor.py:153} INFO - Started process (PID=2044) to work on /opt/airflow/dags/test/test_forexdag_validation.py
[2022-12-13T18:26:20.478+0000] {processor.py:743} INFO - Processing file /opt/airflow/dags/test/test_forexdag_validation.py for tasks to queue
[2022-12-13T18:26:20.479+0000] {logging_mixin.py:137} INFO - [2022-12-13T18:26:20.479+0000] {dagbag.py:538} INFO - Filling up the DagBag from /opt/airflow/dags/test/test_forexdag_validation.py
[2022-12-13T18:26:20.521+0000] {logging_mixin.py:137} INFO - [2022-12-13T18:26:20.512+0000] {dagbag.py:343} ERROR - Failed to import: /opt/airflow/dags/test/test_forexdag_validation.py
Traceback (most recent call last):
  File "/home/airflow/.local/lib/python3.7/site-packages/airflow/models/dagbag.py", line 339, in parse
    loader.exec_module(new_module)
  File "<frozen importlib._bootstrap_external>", line 728, in exec_module
  File "<frozen importlib._bootstrap>", line 219, in _call_with_frames_removed
  File "/opt/airflow/dags/test/test_forexdag_validation.py", line 1, in <module>
    import pytest
ModuleNotFoundError: No module named 'pytest'
[2022-12-13T18:26:20.526+0000] {processor.py:755} WARNING - No viable dags retrieved from /opt/airflow/dags/test/test_forexdag_validation.py
[2022-12-13T18:26:20.545+0000] {processor.py:175} INFO - Processing /opt/airflow/dags/test/test_forexdag_validation.py took 0.074 seconds
[2022-12-13T18:26:50.928+0000] {processor.py:153} INFO - Started process (PID=2107) to work on /opt/airflow/dags/test/test_forexdag_validation.py
[2022-12-13T18:26:50.930+0000] {processor.py:743} INFO - Processing file /opt/airflow/dags/test/test_forexdag_validation.py for tasks to queue
[2022-12-13T18:26:50.931+0000] {logging_mixin.py:137} INFO - [2022-12-13T18:26:50.930+0000] {dagbag.py:538} INFO - Filling up the DagBag from /opt/airflow/dags/test/test_forexdag_validation.py
[2022-12-13T18:26:50.966+0000] {logging_mixin.py:137} INFO - [2022-12-13T18:26:50.957+0000] {dagbag.py:343} ERROR - Failed to import: /opt/airflow/dags/test/test_forexdag_validation.py
Traceback (most recent call last):
  File "/home/airflow/.local/lib/python3.7/site-packages/airflow/models/dagbag.py", line 339, in parse
    loader.exec_module(new_module)
  File "<frozen importlib._bootstrap_external>", line 728, in exec_module
  File "<frozen importlib._bootstrap>", line 219, in _call_with_frames_removed
  File "/opt/airflow/dags/test/test_forexdag_validation.py", line 1, in <module>
    import pytest
ModuleNotFoundError: No module named 'pytest'
[2022-12-13T18:26:50.970+0000] {processor.py:755} WARNING - No viable dags retrieved from /opt/airflow/dags/test/test_forexdag_validation.py
[2022-12-13T18:26:50.988+0000] {processor.py:175} INFO - Processing /opt/airflow/dags/test/test_forexdag_validation.py took 0.062 seconds
[2022-12-13T18:27:21.260+0000] {processor.py:153} INFO - Started process (PID=2150) to work on /opt/airflow/dags/test/test_forexdag_validation.py
[2022-12-13T18:27:21.262+0000] {processor.py:743} INFO - Processing file /opt/airflow/dags/test/test_forexdag_validation.py for tasks to queue
[2022-12-13T18:27:21.263+0000] {logging_mixin.py:137} INFO - [2022-12-13T18:27:21.263+0000] {dagbag.py:538} INFO - Filling up the DagBag from /opt/airflow/dags/test/test_forexdag_validation.py
[2022-12-13T18:27:21.285+0000] {logging_mixin.py:137} INFO - [2022-12-13T18:27:21.279+0000] {dagbag.py:343} ERROR - Failed to import: /opt/airflow/dags/test/test_forexdag_validation.py
Traceback (most recent call last):
  File "/home/airflow/.local/lib/python3.7/site-packages/airflow/models/dagbag.py", line 339, in parse
    loader.exec_module(new_module)
  File "<frozen importlib._bootstrap_external>", line 728, in exec_module
  File "<frozen importlib._bootstrap>", line 219, in _call_with_frames_removed
  File "/opt/airflow/dags/test/test_forexdag_validation.py", line 1, in <module>
    import pytest
ModuleNotFoundError: No module named 'pytest'
[2022-12-13T18:27:21.287+0000] {processor.py:755} WARNING - No viable dags retrieved from /opt/airflow/dags/test/test_forexdag_validation.py
[2022-12-13T18:27:21.306+0000] {processor.py:175} INFO - Processing /opt/airflow/dags/test/test_forexdag_validation.py took 0.049 seconds
[2022-12-13T18:27:51.619+0000] {processor.py:153} INFO - Started process (PID=2213) to work on /opt/airflow/dags/test/test_forexdag_validation.py
[2022-12-13T18:27:51.623+0000] {processor.py:743} INFO - Processing file /opt/airflow/dags/test/test_forexdag_validation.py for tasks to queue
[2022-12-13T18:27:51.625+0000] {logging_mixin.py:137} INFO - [2022-12-13T18:27:51.625+0000] {dagbag.py:538} INFO - Filling up the DagBag from /opt/airflow/dags/test/test_forexdag_validation.py
[2022-12-13T18:27:51.665+0000] {logging_mixin.py:137} INFO - [2022-12-13T18:27:51.660+0000] {dagbag.py:343} ERROR - Failed to import: /opt/airflow/dags/test/test_forexdag_validation.py
Traceback (most recent call last):
  File "/home/airflow/.local/lib/python3.7/site-packages/airflow/models/dagbag.py", line 339, in parse
    loader.exec_module(new_module)
  File "<frozen importlib._bootstrap_external>", line 728, in exec_module
  File "<frozen importlib._bootstrap>", line 219, in _call_with_frames_removed
  File "/opt/airflow/dags/test/test_forexdag_validation.py", line 1, in <module>
    import pytest
ModuleNotFoundError: No module named 'pytest'
[2022-12-13T18:27:51.668+0000] {processor.py:755} WARNING - No viable dags retrieved from /opt/airflow/dags/test/test_forexdag_validation.py
[2022-12-13T18:27:51.687+0000] {processor.py:175} INFO - Processing /opt/airflow/dags/test/test_forexdag_validation.py took 0.071 seconds
[2022-12-13T18:28:21.978+0000] {processor.py:153} INFO - Started process (PID=2256) to work on /opt/airflow/dags/test/test_forexdag_validation.py
[2022-12-13T18:28:21.980+0000] {processor.py:743} INFO - Processing file /opt/airflow/dags/test/test_forexdag_validation.py for tasks to queue
[2022-12-13T18:28:21.981+0000] {logging_mixin.py:137} INFO - [2022-12-13T18:28:21.981+0000] {dagbag.py:538} INFO - Filling up the DagBag from /opt/airflow/dags/test/test_forexdag_validation.py
[2022-12-13T18:28:22.024+0000] {logging_mixin.py:137} INFO - [2022-12-13T18:28:22.016+0000] {dagbag.py:343} ERROR - Failed to import: /opt/airflow/dags/test/test_forexdag_validation.py
Traceback (most recent call last):
  File "/home/airflow/.local/lib/python3.7/site-packages/airflow/models/dagbag.py", line 339, in parse
    loader.exec_module(new_module)
  File "<frozen importlib._bootstrap_external>", line 728, in exec_module
  File "<frozen importlib._bootstrap>", line 219, in _call_with_frames_removed
  File "/opt/airflow/dags/test/test_forexdag_validation.py", line 1, in <module>
    import pytest
ModuleNotFoundError: No module named 'pytest'
[2022-12-13T18:28:22.027+0000] {processor.py:755} WARNING - No viable dags retrieved from /opt/airflow/dags/test/test_forexdag_validation.py
[2022-12-13T18:28:22.047+0000] {processor.py:175} INFO - Processing /opt/airflow/dags/test/test_forexdag_validation.py took 0.071 seconds
[2022-12-13T18:28:52.340+0000] {processor.py:153} INFO - Started process (PID=2319) to work on /opt/airflow/dags/test/test_forexdag_validation.py
[2022-12-13T18:28:52.344+0000] {processor.py:743} INFO - Processing file /opt/airflow/dags/test/test_forexdag_validation.py for tasks to queue
[2022-12-13T18:28:52.344+0000] {logging_mixin.py:137} INFO - [2022-12-13T18:28:52.344+0000] {dagbag.py:538} INFO - Filling up the DagBag from /opt/airflow/dags/test/test_forexdag_validation.py
[2022-12-13T18:28:52.373+0000] {logging_mixin.py:137} INFO - [2022-12-13T18:28:52.367+0000] {dagbag.py:343} ERROR - Failed to import: /opt/airflow/dags/test/test_forexdag_validation.py
Traceback (most recent call last):
  File "/home/airflow/.local/lib/python3.7/site-packages/airflow/models/dagbag.py", line 339, in parse
    loader.exec_module(new_module)
  File "<frozen importlib._bootstrap_external>", line 728, in exec_module
  File "<frozen importlib._bootstrap>", line 219, in _call_with_frames_removed
  File "/opt/airflow/dags/test/test_forexdag_validation.py", line 1, in <module>
    import pytest
ModuleNotFoundError: No module named 'pytest'
[2022-12-13T18:28:52.375+0000] {processor.py:755} WARNING - No viable dags retrieved from /opt/airflow/dags/test/test_forexdag_validation.py
[2022-12-13T18:28:52.390+0000] {processor.py:175} INFO - Processing /opt/airflow/dags/test/test_forexdag_validation.py took 0.053 seconds
[2022-12-13T18:29:22.716+0000] {processor.py:153} INFO - Started process (PID=2363) to work on /opt/airflow/dags/test/test_forexdag_validation.py
[2022-12-13T18:29:22.718+0000] {processor.py:743} INFO - Processing file /opt/airflow/dags/test/test_forexdag_validation.py for tasks to queue
[2022-12-13T18:29:22.719+0000] {logging_mixin.py:137} INFO - [2022-12-13T18:29:22.719+0000] {dagbag.py:538} INFO - Filling up the DagBag from /opt/airflow/dags/test/test_forexdag_validation.py
[2022-12-13T18:29:22.753+0000] {logging_mixin.py:137} INFO - [2022-12-13T18:29:22.747+0000] {dagbag.py:343} ERROR - Failed to import: /opt/airflow/dags/test/test_forexdag_validation.py
Traceback (most recent call last):
  File "/home/airflow/.local/lib/python3.7/site-packages/airflow/models/dagbag.py", line 339, in parse
    loader.exec_module(new_module)
  File "<frozen importlib._bootstrap_external>", line 728, in exec_module
  File "<frozen importlib._bootstrap>", line 219, in _call_with_frames_removed
  File "/opt/airflow/dags/test/test_forexdag_validation.py", line 1, in <module>
    import pytest
ModuleNotFoundError: No module named 'pytest'
[2022-12-13T18:29:22.755+0000] {processor.py:755} WARNING - No viable dags retrieved from /opt/airflow/dags/test/test_forexdag_validation.py
[2022-12-13T18:29:22.771+0000] {processor.py:175} INFO - Processing /opt/airflow/dags/test/test_forexdag_validation.py took 0.057 seconds
[2022-12-13T18:29:53.033+0000] {processor.py:153} INFO - Started process (PID=2426) to work on /opt/airflow/dags/test/test_forexdag_validation.py
[2022-12-13T18:29:53.037+0000] {processor.py:743} INFO - Processing file /opt/airflow/dags/test/test_forexdag_validation.py for tasks to queue
[2022-12-13T18:29:53.037+0000] {logging_mixin.py:137} INFO - [2022-12-13T18:29:53.037+0000] {dagbag.py:538} INFO - Filling up the DagBag from /opt/airflow/dags/test/test_forexdag_validation.py
[2022-12-13T18:29:53.081+0000] {logging_mixin.py:137} INFO - [2022-12-13T18:29:53.071+0000] {dagbag.py:343} ERROR - Failed to import: /opt/airflow/dags/test/test_forexdag_validation.py
Traceback (most recent call last):
  File "/home/airflow/.local/lib/python3.7/site-packages/airflow/models/dagbag.py", line 339, in parse
    loader.exec_module(new_module)
  File "<frozen importlib._bootstrap_external>", line 728, in exec_module
  File "<frozen importlib._bootstrap>", line 219, in _call_with_frames_removed
  File "/opt/airflow/dags/test/test_forexdag_validation.py", line 1, in <module>
    import pytest
ModuleNotFoundError: No module named 'pytest'
[2022-12-13T18:29:53.084+0000] {processor.py:755} WARNING - No viable dags retrieved from /opt/airflow/dags/test/test_forexdag_validation.py
[2022-12-13T18:29:53.149+0000] {processor.py:175} INFO - Processing /opt/airflow/dags/test/test_forexdag_validation.py took 0.119 seconds
[2022-12-13T18:30:23.464+0000] {processor.py:153} INFO - Started process (PID=2470) to work on /opt/airflow/dags/test/test_forexdag_validation.py
[2022-12-13T18:30:23.466+0000] {processor.py:743} INFO - Processing file /opt/airflow/dags/test/test_forexdag_validation.py for tasks to queue
[2022-12-13T18:30:23.467+0000] {logging_mixin.py:137} INFO - [2022-12-13T18:30:23.467+0000] {dagbag.py:538} INFO - Filling up the DagBag from /opt/airflow/dags/test/test_forexdag_validation.py
[2022-12-13T18:30:23.496+0000] {logging_mixin.py:137} INFO - [2022-12-13T18:30:23.491+0000] {dagbag.py:343} ERROR - Failed to import: /opt/airflow/dags/test/test_forexdag_validation.py
Traceback (most recent call last):
  File "/home/airflow/.local/lib/python3.7/site-packages/airflow/models/dagbag.py", line 339, in parse
    loader.exec_module(new_module)
  File "<frozen importlib._bootstrap_external>", line 728, in exec_module
  File "<frozen importlib._bootstrap>", line 219, in _call_with_frames_removed
  File "/opt/airflow/dags/test/test_forexdag_validation.py", line 1, in <module>
    import pytest
ModuleNotFoundError: No module named 'pytest'
[2022-12-13T18:30:23.498+0000] {processor.py:755} WARNING - No viable dags retrieved from /opt/airflow/dags/test/test_forexdag_validation.py
[2022-12-13T18:30:23.514+0000] {processor.py:175} INFO - Processing /opt/airflow/dags/test/test_forexdag_validation.py took 0.052 seconds
[2022-12-13T18:30:53.791+0000] {processor.py:153} INFO - Started process (PID=2533) to work on /opt/airflow/dags/test/test_forexdag_validation.py
[2022-12-13T18:30:53.792+0000] {processor.py:743} INFO - Processing file /opt/airflow/dags/test/test_forexdag_validation.py for tasks to queue
[2022-12-13T18:30:53.793+0000] {logging_mixin.py:137} INFO - [2022-12-13T18:30:53.793+0000] {dagbag.py:538} INFO - Filling up the DagBag from /opt/airflow/dags/test/test_forexdag_validation.py
[2022-12-13T18:30:53.828+0000] {logging_mixin.py:137} INFO - [2022-12-13T18:30:53.822+0000] {dagbag.py:343} ERROR - Failed to import: /opt/airflow/dags/test/test_forexdag_validation.py
Traceback (most recent call last):
  File "/home/airflow/.local/lib/python3.7/site-packages/airflow/models/dagbag.py", line 339, in parse
    loader.exec_module(new_module)
  File "<frozen importlib._bootstrap_external>", line 728, in exec_module
  File "<frozen importlib._bootstrap>", line 219, in _call_with_frames_removed
  File "/opt/airflow/dags/test/test_forexdag_validation.py", line 1, in <module>
    import pytest
ModuleNotFoundError: No module named 'pytest'
[2022-12-13T18:30:53.831+0000] {processor.py:755} WARNING - No viable dags retrieved from /opt/airflow/dags/test/test_forexdag_validation.py
[2022-12-13T18:30:53.855+0000] {processor.py:175} INFO - Processing /opt/airflow/dags/test/test_forexdag_validation.py took 0.067 seconds
[2022-12-13T18:31:24.217+0000] {processor.py:153} INFO - Started process (PID=2585) to work on /opt/airflow/dags/test/test_forexdag_validation.py
[2022-12-13T18:31:24.219+0000] {processor.py:743} INFO - Processing file /opt/airflow/dags/test/test_forexdag_validation.py for tasks to queue
[2022-12-13T18:31:24.220+0000] {logging_mixin.py:137} INFO - [2022-12-13T18:31:24.220+0000] {dagbag.py:538} INFO - Filling up the DagBag from /opt/airflow/dags/test/test_forexdag_validation.py
[2022-12-13T18:31:24.256+0000] {logging_mixin.py:137} INFO - [2022-12-13T18:31:24.250+0000] {dagbag.py:343} ERROR - Failed to import: /opt/airflow/dags/test/test_forexdag_validation.py
Traceback (most recent call last):
  File "/home/airflow/.local/lib/python3.7/site-packages/airflow/models/dagbag.py", line 339, in parse
    loader.exec_module(new_module)
  File "<frozen importlib._bootstrap_external>", line 728, in exec_module
  File "<frozen importlib._bootstrap>", line 219, in _call_with_frames_removed
  File "/opt/airflow/dags/test/test_forexdag_validation.py", line 1, in <module>
    import pytest
ModuleNotFoundError: No module named 'pytest'
[2022-12-13T18:31:24.259+0000] {processor.py:755} WARNING - No viable dags retrieved from /opt/airflow/dags/test/test_forexdag_validation.py
[2022-12-13T18:31:24.277+0000] {processor.py:175} INFO - Processing /opt/airflow/dags/test/test_forexdag_validation.py took 0.063 seconds
[2022-12-13T18:31:54.554+0000] {processor.py:153} INFO - Started process (PID=2639) to work on /opt/airflow/dags/test/test_forexdag_validation.py
[2022-12-13T18:31:54.556+0000] {processor.py:743} INFO - Processing file /opt/airflow/dags/test/test_forexdag_validation.py for tasks to queue
[2022-12-13T18:31:54.556+0000] {logging_mixin.py:137} INFO - [2022-12-13T18:31:54.556+0000] {dagbag.py:538} INFO - Filling up the DagBag from /opt/airflow/dags/test/test_forexdag_validation.py
[2022-12-13T18:31:54.584+0000] {logging_mixin.py:137} INFO - [2022-12-13T18:31:54.579+0000] {dagbag.py:343} ERROR - Failed to import: /opt/airflow/dags/test/test_forexdag_validation.py
Traceback (most recent call last):
  File "/home/airflow/.local/lib/python3.7/site-packages/airflow/models/dagbag.py", line 339, in parse
    loader.exec_module(new_module)
  File "<frozen importlib._bootstrap_external>", line 728, in exec_module
  File "<frozen importlib._bootstrap>", line 219, in _call_with_frames_removed
  File "/opt/airflow/dags/test/test_forexdag_validation.py", line 1, in <module>
    import pytest
ModuleNotFoundError: No module named 'pytest'
[2022-12-13T18:31:54.586+0000] {processor.py:755} WARNING - No viable dags retrieved from /opt/airflow/dags/test/test_forexdag_validation.py
[2022-12-13T18:31:54.603+0000] {processor.py:175} INFO - Processing /opt/airflow/dags/test/test_forexdag_validation.py took 0.052 seconds
[2022-12-13T18:32:24.992+0000] {processor.py:153} INFO - Started process (PID=2702) to work on /opt/airflow/dags/test/test_forexdag_validation.py
[2022-12-13T18:32:24.994+0000] {processor.py:743} INFO - Processing file /opt/airflow/dags/test/test_forexdag_validation.py for tasks to queue
[2022-12-13T18:32:24.995+0000] {logging_mixin.py:137} INFO - [2022-12-13T18:32:24.995+0000] {dagbag.py:538} INFO - Filling up the DagBag from /opt/airflow/dags/test/test_forexdag_validation.py
[2022-12-13T18:32:25.037+0000] {logging_mixin.py:137} INFO - [2022-12-13T18:32:25.026+0000] {dagbag.py:343} ERROR - Failed to import: /opt/airflow/dags/test/test_forexdag_validation.py
Traceback (most recent call last):
  File "/home/airflow/.local/lib/python3.7/site-packages/airflow/models/dagbag.py", line 339, in parse
    loader.exec_module(new_module)
  File "<frozen importlib._bootstrap_external>", line 728, in exec_module
  File "<frozen importlib._bootstrap>", line 219, in _call_with_frames_removed
  File "/opt/airflow/dags/test/test_forexdag_validation.py", line 1, in <module>
    import pytest
ModuleNotFoundError: No module named 'pytest'
[2022-12-13T18:32:25.042+0000] {processor.py:755} WARNING - No viable dags retrieved from /opt/airflow/dags/test/test_forexdag_validation.py
[2022-12-13T18:32:25.061+0000] {processor.py:175} INFO - Processing /opt/airflow/dags/test/test_forexdag_validation.py took 0.071 seconds
[2022-12-13T18:32:55.329+0000] {processor.py:153} INFO - Started process (PID=2745) to work on /opt/airflow/dags/test/test_forexdag_validation.py
[2022-12-13T18:32:55.331+0000] {processor.py:743} INFO - Processing file /opt/airflow/dags/test/test_forexdag_validation.py for tasks to queue
[2022-12-13T18:32:55.332+0000] {logging_mixin.py:137} INFO - [2022-12-13T18:32:55.331+0000] {dagbag.py:538} INFO - Filling up the DagBag from /opt/airflow/dags/test/test_forexdag_validation.py
[2022-12-13T18:32:55.361+0000] {logging_mixin.py:137} INFO - [2022-12-13T18:32:55.355+0000] {dagbag.py:343} ERROR - Failed to import: /opt/airflow/dags/test/test_forexdag_validation.py
Traceback (most recent call last):
  File "/home/airflow/.local/lib/python3.7/site-packages/airflow/models/dagbag.py", line 339, in parse
    loader.exec_module(new_module)
  File "<frozen importlib._bootstrap_external>", line 728, in exec_module
  File "<frozen importlib._bootstrap>", line 219, in _call_with_frames_removed
  File "/opt/airflow/dags/test/test_forexdag_validation.py", line 1, in <module>
    import pytest
ModuleNotFoundError: No module named 'pytest'
[2022-12-13T18:32:55.363+0000] {processor.py:755} WARNING - No viable dags retrieved from /opt/airflow/dags/test/test_forexdag_validation.py
[2022-12-13T18:32:55.380+0000] {processor.py:175} INFO - Processing /opt/airflow/dags/test/test_forexdag_validation.py took 0.054 seconds
[2022-12-13T18:33:25.675+0000] {processor.py:153} INFO - Started process (PID=2809) to work on /opt/airflow/dags/test/test_forexdag_validation.py
[2022-12-13T18:33:25.676+0000] {processor.py:743} INFO - Processing file /opt/airflow/dags/test/test_forexdag_validation.py for tasks to queue
[2022-12-13T18:33:25.677+0000] {logging_mixin.py:137} INFO - [2022-12-13T18:33:25.677+0000] {dagbag.py:538} INFO - Filling up the DagBag from /opt/airflow/dags/test/test_forexdag_validation.py
[2022-12-13T18:33:25.724+0000] {logging_mixin.py:137} INFO - [2022-12-13T18:33:25.716+0000] {dagbag.py:343} ERROR - Failed to import: /opt/airflow/dags/test/test_forexdag_validation.py
Traceback (most recent call last):
  File "/home/airflow/.local/lib/python3.7/site-packages/airflow/models/dagbag.py", line 339, in parse
    loader.exec_module(new_module)
  File "<frozen importlib._bootstrap_external>", line 728, in exec_module
  File "<frozen importlib._bootstrap>", line 219, in _call_with_frames_removed
  File "/opt/airflow/dags/test/test_forexdag_validation.py", line 1, in <module>
    import pytest
ModuleNotFoundError: No module named 'pytest'
[2022-12-13T18:33:25.727+0000] {processor.py:755} WARNING - No viable dags retrieved from /opt/airflow/dags/test/test_forexdag_validation.py
[2022-12-13T18:33:25.748+0000] {processor.py:175} INFO - Processing /opt/airflow/dags/test/test_forexdag_validation.py took 0.076 seconds
[2022-12-13T18:33:56.034+0000] {processor.py:153} INFO - Started process (PID=2852) to work on /opt/airflow/dags/test/test_forexdag_validation.py
[2022-12-13T18:33:56.036+0000] {processor.py:743} INFO - Processing file /opt/airflow/dags/test/test_forexdag_validation.py for tasks to queue
[2022-12-13T18:33:56.037+0000] {logging_mixin.py:137} INFO - [2022-12-13T18:33:56.036+0000] {dagbag.py:538} INFO - Filling up the DagBag from /opt/airflow/dags/test/test_forexdag_validation.py
[2022-12-13T18:33:56.063+0000] {logging_mixin.py:137} INFO - [2022-12-13T18:33:56.058+0000] {dagbag.py:343} ERROR - Failed to import: /opt/airflow/dags/test/test_forexdag_validation.py
Traceback (most recent call last):
  File "/home/airflow/.local/lib/python3.7/site-packages/airflow/models/dagbag.py", line 339, in parse
    loader.exec_module(new_module)
  File "<frozen importlib._bootstrap_external>", line 728, in exec_module
  File "<frozen importlib._bootstrap>", line 219, in _call_with_frames_removed
  File "/opt/airflow/dags/test/test_forexdag_validation.py", line 1, in <module>
    import pytest
ModuleNotFoundError: No module named 'pytest'
[2022-12-13T18:33:56.066+0000] {processor.py:755} WARNING - No viable dags retrieved from /opt/airflow/dags/test/test_forexdag_validation.py
[2022-12-13T18:33:56.082+0000] {processor.py:175} INFO - Processing /opt/airflow/dags/test/test_forexdag_validation.py took 0.050 seconds
[2022-12-13T18:34:26.351+0000] {processor.py:153} INFO - Started process (PID=2915) to work on /opt/airflow/dags/test/test_forexdag_validation.py
[2022-12-13T18:34:26.353+0000] {processor.py:743} INFO - Processing file /opt/airflow/dags/test/test_forexdag_validation.py for tasks to queue
[2022-12-13T18:34:26.354+0000] {logging_mixin.py:137} INFO - [2022-12-13T18:34:26.353+0000] {dagbag.py:538} INFO - Filling up the DagBag from /opt/airflow/dags/test/test_forexdag_validation.py
[2022-12-13T18:34:26.380+0000] {logging_mixin.py:137} INFO - [2022-12-13T18:34:26.375+0000] {dagbag.py:343} ERROR - Failed to import: /opt/airflow/dags/test/test_forexdag_validation.py
Traceback (most recent call last):
  File "/home/airflow/.local/lib/python3.7/site-packages/airflow/models/dagbag.py", line 339, in parse
    loader.exec_module(new_module)
  File "<frozen importlib._bootstrap_external>", line 728, in exec_module
  File "<frozen importlib._bootstrap>", line 219, in _call_with_frames_removed
  File "/opt/airflow/dags/test/test_forexdag_validation.py", line 1, in <module>
    import pytest
ModuleNotFoundError: No module named 'pytest'
[2022-12-13T18:34:26.382+0000] {processor.py:755} WARNING - No viable dags retrieved from /opt/airflow/dags/test/test_forexdag_validation.py
[2022-12-13T18:34:26.398+0000] {processor.py:175} INFO - Processing /opt/airflow/dags/test/test_forexdag_validation.py took 0.050 seconds
[2022-12-13T18:34:56.656+0000] {processor.py:153} INFO - Started process (PID=2958) to work on /opt/airflow/dags/test/test_forexdag_validation.py
[2022-12-13T18:34:56.658+0000] {processor.py:743} INFO - Processing file /opt/airflow/dags/test/test_forexdag_validation.py for tasks to queue
[2022-12-13T18:34:56.659+0000] {logging_mixin.py:137} INFO - [2022-12-13T18:34:56.659+0000] {dagbag.py:538} INFO - Filling up the DagBag from /opt/airflow/dags/test/test_forexdag_validation.py
[2022-12-13T18:34:56.687+0000] {logging_mixin.py:137} INFO - [2022-12-13T18:34:56.682+0000] {dagbag.py:343} ERROR - Failed to import: /opt/airflow/dags/test/test_forexdag_validation.py
Traceback (most recent call last):
  File "/home/airflow/.local/lib/python3.7/site-packages/airflow/models/dagbag.py", line 339, in parse
    loader.exec_module(new_module)
  File "<frozen importlib._bootstrap_external>", line 728, in exec_module
  File "<frozen importlib._bootstrap>", line 219, in _call_with_frames_removed
  File "/opt/airflow/dags/test/test_forexdag_validation.py", line 1, in <module>
    import pytest
ModuleNotFoundError: No module named 'pytest'
[2022-12-13T18:34:56.690+0000] {processor.py:755} WARNING - No viable dags retrieved from /opt/airflow/dags/test/test_forexdag_validation.py
[2022-12-13T18:34:56.708+0000] {processor.py:175} INFO - Processing /opt/airflow/dags/test/test_forexdag_validation.py took 0.054 seconds
[2022-12-13T18:35:26.969+0000] {processor.py:153} INFO - Started process (PID=3021) to work on /opt/airflow/dags/test/test_forexdag_validation.py
[2022-12-13T18:35:26.971+0000] {processor.py:743} INFO - Processing file /opt/airflow/dags/test/test_forexdag_validation.py for tasks to queue
[2022-12-13T18:35:26.972+0000] {logging_mixin.py:137} INFO - [2022-12-13T18:35:26.972+0000] {dagbag.py:538} INFO - Filling up the DagBag from /opt/airflow/dags/test/test_forexdag_validation.py
[2022-12-13T18:35:27.005+0000] {logging_mixin.py:137} INFO - [2022-12-13T18:35:26.996+0000] {dagbag.py:343} ERROR - Failed to import: /opt/airflow/dags/test/test_forexdag_validation.py
Traceback (most recent call last):
  File "/home/airflow/.local/lib/python3.7/site-packages/airflow/models/dagbag.py", line 339, in parse
    loader.exec_module(new_module)
  File "<frozen importlib._bootstrap_external>", line 728, in exec_module
  File "<frozen importlib._bootstrap>", line 219, in _call_with_frames_removed
  File "/opt/airflow/dags/test/test_forexdag_validation.py", line 1, in <module>
    import pytest
ModuleNotFoundError: No module named 'pytest'
[2022-12-13T18:35:27.007+0000] {processor.py:755} WARNING - No viable dags retrieved from /opt/airflow/dags/test/test_forexdag_validation.py
[2022-12-13T18:35:27.024+0000] {processor.py:175} INFO - Processing /opt/airflow/dags/test/test_forexdag_validation.py took 0.057 seconds
[2022-12-13T18:35:57.319+0000] {processor.py:153} INFO - Started process (PID=3064) to work on /opt/airflow/dags/test/test_forexdag_validation.py
[2022-12-13T18:35:57.320+0000] {processor.py:743} INFO - Processing file /opt/airflow/dags/test/test_forexdag_validation.py for tasks to queue
[2022-12-13T18:35:57.321+0000] {logging_mixin.py:137} INFO - [2022-12-13T18:35:57.321+0000] {dagbag.py:538} INFO - Filling up the DagBag from /opt/airflow/dags/test/test_forexdag_validation.py
[2022-12-13T18:35:57.347+0000] {logging_mixin.py:137} INFO - [2022-12-13T18:35:57.342+0000] {dagbag.py:343} ERROR - Failed to import: /opt/airflow/dags/test/test_forexdag_validation.py
Traceback (most recent call last):
  File "/home/airflow/.local/lib/python3.7/site-packages/airflow/models/dagbag.py", line 339, in parse
    loader.exec_module(new_module)
  File "<frozen importlib._bootstrap_external>", line 728, in exec_module
  File "<frozen importlib._bootstrap>", line 219, in _call_with_frames_removed
  File "/opt/airflow/dags/test/test_forexdag_validation.py", line 1, in <module>
    import pytest
ModuleNotFoundError: No module named 'pytest'
[2022-12-13T18:35:57.349+0000] {processor.py:755} WARNING - No viable dags retrieved from /opt/airflow/dags/test/test_forexdag_validation.py
[2022-12-13T18:35:57.366+0000] {processor.py:175} INFO - Processing /opt/airflow/dags/test/test_forexdag_validation.py took 0.050 seconds
[2022-12-13T18:36:27.650+0000] {processor.py:153} INFO - Started process (PID=3127) to work on /opt/airflow/dags/test/test_forexdag_validation.py
[2022-12-13T18:36:27.652+0000] {processor.py:743} INFO - Processing file /opt/airflow/dags/test/test_forexdag_validation.py for tasks to queue
[2022-12-13T18:36:27.653+0000] {logging_mixin.py:137} INFO - [2022-12-13T18:36:27.653+0000] {dagbag.py:538} INFO - Filling up the DagBag from /opt/airflow/dags/test/test_forexdag_validation.py
[2022-12-13T18:36:27.699+0000] {logging_mixin.py:137} INFO - [2022-12-13T18:36:27.690+0000] {dagbag.py:343} ERROR - Failed to import: /opt/airflow/dags/test/test_forexdag_validation.py
Traceback (most recent call last):
  File "/home/airflow/.local/lib/python3.7/site-packages/airflow/models/dagbag.py", line 339, in parse
    loader.exec_module(new_module)
  File "<frozen importlib._bootstrap_external>", line 728, in exec_module
  File "<frozen importlib._bootstrap>", line 219, in _call_with_frames_removed
  File "/opt/airflow/dags/test/test_forexdag_validation.py", line 1, in <module>
    import pytest
ModuleNotFoundError: No module named 'pytest'
[2022-12-13T18:36:27.702+0000] {processor.py:755} WARNING - No viable dags retrieved from /opt/airflow/dags/test/test_forexdag_validation.py
[2022-12-13T18:36:27.723+0000] {processor.py:175} INFO - Processing /opt/airflow/dags/test/test_forexdag_validation.py took 0.076 seconds
[2022-12-13T18:47:20.961+0000] {processor.py:153} INFO - Started process (PID=4248) to work on /opt/airflow/dags/test/test_forexdag_validation.py
[2022-12-13T18:47:20.962+0000] {processor.py:743} INFO - Processing file /opt/airflow/dags/test/test_forexdag_validation.py for tasks to queue
[2022-12-13T18:47:20.963+0000] {logging_mixin.py:137} INFO - [2022-12-13T18:47:20.963+0000] {dagbag.py:538} INFO - Filling up the DagBag from /opt/airflow/dags/test/test_forexdag_validation.py
[2022-12-13T18:47:21.069+0000] {logging_mixin.py:137} INFO - [2022-12-13T18:47:21.059+0000] {dagbag.py:343} ERROR - Failed to import: /opt/airflow/dags/test/test_forexdag_validation.py
Traceback (most recent call last):
  File "/home/airflow/.local/lib/python3.7/site-packages/airflow/models/dagbag.py", line 339, in parse
    loader.exec_module(new_module)
  File "<frozen importlib._bootstrap_external>", line 728, in exec_module
  File "<frozen importlib._bootstrap>", line 219, in _call_with_frames_removed
  File "/opt/airflow/dags/test/test_forexdag_validation.py", line 1, in <module>
    import pytest
ModuleNotFoundError: No module named 'pytest'
[2022-12-13T18:47:21.072+0000] {processor.py:755} WARNING - No viable dags retrieved from /opt/airflow/dags/test/test_forexdag_validation.py
[2022-12-13T18:47:21.089+0000] {processor.py:175} INFO - Processing /opt/airflow/dags/test/test_forexdag_validation.py took 0.131 seconds
[2022-12-13T18:47:51.429+0000] {processor.py:153} INFO - Started process (PID=4311) to work on /opt/airflow/dags/test/test_forexdag_validation.py
[2022-12-13T18:47:51.432+0000] {processor.py:743} INFO - Processing file /opt/airflow/dags/test/test_forexdag_validation.py for tasks to queue
[2022-12-13T18:47:51.433+0000] {logging_mixin.py:137} INFO - [2022-12-13T18:47:51.433+0000] {dagbag.py:538} INFO - Filling up the DagBag from /opt/airflow/dags/test/test_forexdag_validation.py
[2022-12-13T18:47:51.477+0000] {logging_mixin.py:137} INFO - [2022-12-13T18:47:51.470+0000] {dagbag.py:343} ERROR - Failed to import: /opt/airflow/dags/test/test_forexdag_validation.py
Traceback (most recent call last):
  File "/home/airflow/.local/lib/python3.7/site-packages/airflow/models/dagbag.py", line 339, in parse
    loader.exec_module(new_module)
  File "<frozen importlib._bootstrap_external>", line 728, in exec_module
  File "<frozen importlib._bootstrap>", line 219, in _call_with_frames_removed
  File "/opt/airflow/dags/test/test_forexdag_validation.py", line 1, in <module>
    import pytest
ModuleNotFoundError: No module named 'pytest'
[2022-12-13T18:47:51.480+0000] {processor.py:755} WARNING - No viable dags retrieved from /opt/airflow/dags/test/test_forexdag_validation.py
[2022-12-13T18:47:51.501+0000] {processor.py:175} INFO - Processing /opt/airflow/dags/test/test_forexdag_validation.py took 0.073 seconds
[2022-12-13T18:48:21.817+0000] {processor.py:153} INFO - Started process (PID=4353) to work on /opt/airflow/dags/test/test_forexdag_validation.py
[2022-12-13T18:48:21.819+0000] {processor.py:743} INFO - Processing file /opt/airflow/dags/test/test_forexdag_validation.py for tasks to queue
[2022-12-13T18:48:21.820+0000] {logging_mixin.py:137} INFO - [2022-12-13T18:48:21.820+0000] {dagbag.py:538} INFO - Filling up the DagBag from /opt/airflow/dags/test/test_forexdag_validation.py
[2022-12-13T18:48:21.858+0000] {logging_mixin.py:137} INFO - [2022-12-13T18:48:21.853+0000] {dagbag.py:343} ERROR - Failed to import: /opt/airflow/dags/test/test_forexdag_validation.py
Traceback (most recent call last):
  File "/home/airflow/.local/lib/python3.7/site-packages/airflow/models/dagbag.py", line 339, in parse
    loader.exec_module(new_module)
  File "<frozen importlib._bootstrap_external>", line 728, in exec_module
  File "<frozen importlib._bootstrap>", line 219, in _call_with_frames_removed
  File "/opt/airflow/dags/test/test_forexdag_validation.py", line 1, in <module>
    import pytest
ModuleNotFoundError: No module named 'pytest'
[2022-12-13T18:48:21.861+0000] {processor.py:755} WARNING - No viable dags retrieved from /opt/airflow/dags/test/test_forexdag_validation.py
[2022-12-13T18:48:21.882+0000] {processor.py:175} INFO - Processing /opt/airflow/dags/test/test_forexdag_validation.py took 0.068 seconds
[2022-12-13T18:48:52.198+0000] {processor.py:153} INFO - Started process (PID=4415) to work on /opt/airflow/dags/test/test_forexdag_validation.py
[2022-12-13T18:48:52.199+0000] {processor.py:743} INFO - Processing file /opt/airflow/dags/test/test_forexdag_validation.py for tasks to queue
[2022-12-13T18:48:52.200+0000] {logging_mixin.py:137} INFO - [2022-12-13T18:48:52.200+0000] {dagbag.py:538} INFO - Filling up the DagBag from /opt/airflow/dags/test/test_forexdag_validation.py
[2022-12-13T18:48:52.229+0000] {logging_mixin.py:137} INFO - [2022-12-13T18:48:52.224+0000] {dagbag.py:343} ERROR - Failed to import: /opt/airflow/dags/test/test_forexdag_validation.py
Traceback (most recent call last):
  File "/home/airflow/.local/lib/python3.7/site-packages/airflow/models/dagbag.py", line 339, in parse
    loader.exec_module(new_module)
  File "<frozen importlib._bootstrap_external>", line 728, in exec_module
  File "<frozen importlib._bootstrap>", line 219, in _call_with_frames_removed
  File "/opt/airflow/dags/test/test_forexdag_validation.py", line 1, in <module>
    import pytest
ModuleNotFoundError: No module named 'pytest'
[2022-12-13T18:48:52.231+0000] {processor.py:755} WARNING - No viable dags retrieved from /opt/airflow/dags/test/test_forexdag_validation.py
[2022-12-13T18:48:52.247+0000] {processor.py:175} INFO - Processing /opt/airflow/dags/test/test_forexdag_validation.py took 0.052 seconds
[2022-12-13T18:49:22.557+0000] {processor.py:153} INFO - Started process (PID=4458) to work on /opt/airflow/dags/test/test_forexdag_validation.py
[2022-12-13T18:49:22.559+0000] {processor.py:743} INFO - Processing file /opt/airflow/dags/test/test_forexdag_validation.py for tasks to queue
[2022-12-13T18:49:22.561+0000] {logging_mixin.py:137} INFO - [2022-12-13T18:49:22.560+0000] {dagbag.py:538} INFO - Filling up the DagBag from /opt/airflow/dags/test/test_forexdag_validation.py
[2022-12-13T18:49:22.603+0000] {logging_mixin.py:137} INFO - [2022-12-13T18:49:22.598+0000] {dagbag.py:343} ERROR - Failed to import: /opt/airflow/dags/test/test_forexdag_validation.py
Traceback (most recent call last):
  File "/home/airflow/.local/lib/python3.7/site-packages/airflow/models/dagbag.py", line 339, in parse
    loader.exec_module(new_module)
  File "<frozen importlib._bootstrap_external>", line 728, in exec_module
  File "<frozen importlib._bootstrap>", line 219, in _call_with_frames_removed
  File "/opt/airflow/dags/test/test_forexdag_validation.py", line 1, in <module>
    import pytest
ModuleNotFoundError: No module named 'pytest'
[2022-12-13T18:49:22.605+0000] {processor.py:755} WARNING - No viable dags retrieved from /opt/airflow/dags/test/test_forexdag_validation.py
[2022-12-13T18:49:22.624+0000] {processor.py:175} INFO - Processing /opt/airflow/dags/test/test_forexdag_validation.py took 0.070 seconds
[2022-12-13T18:49:52.904+0000] {processor.py:153} INFO - Started process (PID=4521) to work on /opt/airflow/dags/test/test_forexdag_validation.py
[2022-12-13T18:49:52.906+0000] {processor.py:743} INFO - Processing file /opt/airflow/dags/test/test_forexdag_validation.py for tasks to queue
[2022-12-13T18:49:52.906+0000] {logging_mixin.py:137} INFO - [2022-12-13T18:49:52.906+0000] {dagbag.py:538} INFO - Filling up the DagBag from /opt/airflow/dags/test/test_forexdag_validation.py
[2022-12-13T18:49:52.936+0000] {logging_mixin.py:137} INFO - [2022-12-13T18:49:52.931+0000] {dagbag.py:343} ERROR - Failed to import: /opt/airflow/dags/test/test_forexdag_validation.py
Traceback (most recent call last):
  File "/home/airflow/.local/lib/python3.7/site-packages/airflow/models/dagbag.py", line 339, in parse
    loader.exec_module(new_module)
  File "<frozen importlib._bootstrap_external>", line 728, in exec_module
  File "<frozen importlib._bootstrap>", line 219, in _call_with_frames_removed
  File "/opt/airflow/dags/test/test_forexdag_validation.py", line 1, in <module>
    import pytest
ModuleNotFoundError: No module named 'pytest'
[2022-12-13T18:49:52.938+0000] {processor.py:755} WARNING - No viable dags retrieved from /opt/airflow/dags/test/test_forexdag_validation.py
[2022-12-13T18:49:52.953+0000] {processor.py:175} INFO - Processing /opt/airflow/dags/test/test_forexdag_validation.py took 0.052 seconds
[2022-12-13T18:50:23.258+0000] {processor.py:153} INFO - Started process (PID=4564) to work on /opt/airflow/dags/test/test_forexdag_validation.py
[2022-12-13T18:50:23.260+0000] {processor.py:743} INFO - Processing file /opt/airflow/dags/test/test_forexdag_validation.py for tasks to queue
[2022-12-13T18:50:23.260+0000] {logging_mixin.py:137} INFO - [2022-12-13T18:50:23.260+0000] {dagbag.py:538} INFO - Filling up the DagBag from /opt/airflow/dags/test/test_forexdag_validation.py
[2022-12-13T18:50:23.286+0000] {logging_mixin.py:137} INFO - [2022-12-13T18:50:23.282+0000] {dagbag.py:343} ERROR - Failed to import: /opt/airflow/dags/test/test_forexdag_validation.py
Traceback (most recent call last):
  File "/home/airflow/.local/lib/python3.7/site-packages/airflow/models/dagbag.py", line 339, in parse
    loader.exec_module(new_module)
  File "<frozen importlib._bootstrap_external>", line 728, in exec_module
  File "<frozen importlib._bootstrap>", line 219, in _call_with_frames_removed
  File "/opt/airflow/dags/test/test_forexdag_validation.py", line 1, in <module>
    import pytest
ModuleNotFoundError: No module named 'pytest'
[2022-12-13T18:50:23.288+0000] {processor.py:755} WARNING - No viable dags retrieved from /opt/airflow/dags/test/test_forexdag_validation.py
[2022-12-13T18:50:23.304+0000] {processor.py:175} INFO - Processing /opt/airflow/dags/test/test_forexdag_validation.py took 0.048 seconds
[2022-12-13T18:50:53.576+0000] {processor.py:153} INFO - Started process (PID=4627) to work on /opt/airflow/dags/test/test_forexdag_validation.py
[2022-12-13T18:50:53.580+0000] {processor.py:743} INFO - Processing file /opt/airflow/dags/test/test_forexdag_validation.py for tasks to queue
[2022-12-13T18:50:53.581+0000] {logging_mixin.py:137} INFO - [2022-12-13T18:50:53.581+0000] {dagbag.py:538} INFO - Filling up the DagBag from /opt/airflow/dags/test/test_forexdag_validation.py
[2022-12-13T18:50:53.609+0000] {logging_mixin.py:137} INFO - [2022-12-13T18:50:53.604+0000] {dagbag.py:343} ERROR - Failed to import: /opt/airflow/dags/test/test_forexdag_validation.py
Traceback (most recent call last):
  File "/home/airflow/.local/lib/python3.7/site-packages/airflow/models/dagbag.py", line 339, in parse
    loader.exec_module(new_module)
  File "<frozen importlib._bootstrap_external>", line 728, in exec_module
  File "<frozen importlib._bootstrap>", line 219, in _call_with_frames_removed
  File "/opt/airflow/dags/test/test_forexdag_validation.py", line 1, in <module>
    import pytest
ModuleNotFoundError: No module named 'pytest'
[2022-12-13T18:50:53.611+0000] {processor.py:755} WARNING - No viable dags retrieved from /opt/airflow/dags/test/test_forexdag_validation.py
[2022-12-13T18:50:53.629+0000] {processor.py:175} INFO - Processing /opt/airflow/dags/test/test_forexdag_validation.py took 0.055 seconds
[2022-12-13T18:51:23.895+0000] {processor.py:153} INFO - Started process (PID=4670) to work on /opt/airflow/dags/test/test_forexdag_validation.py
[2022-12-13T18:51:23.897+0000] {processor.py:743} INFO - Processing file /opt/airflow/dags/test/test_forexdag_validation.py for tasks to queue
[2022-12-13T18:51:23.898+0000] {logging_mixin.py:137} INFO - [2022-12-13T18:51:23.898+0000] {dagbag.py:538} INFO - Filling up the DagBag from /opt/airflow/dags/test/test_forexdag_validation.py
[2022-12-13T18:51:23.936+0000] {logging_mixin.py:137} INFO - [2022-12-13T18:51:23.930+0000] {dagbag.py:343} ERROR - Failed to import: /opt/airflow/dags/test/test_forexdag_validation.py
Traceback (most recent call last):
  File "/home/airflow/.local/lib/python3.7/site-packages/airflow/models/dagbag.py", line 339, in parse
    loader.exec_module(new_module)
  File "<frozen importlib._bootstrap_external>", line 728, in exec_module
  File "<frozen importlib._bootstrap>", line 219, in _call_with_frames_removed
  File "/opt/airflow/dags/test/test_forexdag_validation.py", line 1, in <module>
    import pytest
ModuleNotFoundError: No module named 'pytest'
[2022-12-13T18:51:23.938+0000] {processor.py:755} WARNING - No viable dags retrieved from /opt/airflow/dags/test/test_forexdag_validation.py
[2022-12-13T18:51:23.957+0000] {processor.py:175} INFO - Processing /opt/airflow/dags/test/test_forexdag_validation.py took 0.065 seconds
[2022-12-13T18:51:37.038+0000] {processor.py:153} INFO - Started process (PID=4691) to work on /opt/airflow/dags/test/test_forexdag_validation.py
[2022-12-13T18:51:37.041+0000] {processor.py:743} INFO - Processing file /opt/airflow/dags/test/test_forexdag_validation.py for tasks to queue
[2022-12-13T18:51:37.041+0000] {logging_mixin.py:137} INFO - [2022-12-13T18:51:37.041+0000] {dagbag.py:538} INFO - Filling up the DagBag from /opt/airflow/dags/test/test_forexdag_validation.py
[2022-12-13T18:51:37.147+0000] {logging_mixin.py:137} INFO - [2022-12-13T18:51:37.140+0000] {dagbag.py:343} ERROR - Failed to import: /opt/airflow/dags/test/test_forexdag_validation.py
Traceback (most recent call last):
  File "/home/airflow/.local/lib/python3.7/site-packages/airflow/models/dagbag.py", line 339, in parse
    loader.exec_module(new_module)
  File "<frozen importlib._bootstrap_external>", line 728, in exec_module
  File "<frozen importlib._bootstrap>", line 219, in _call_with_frames_removed
  File "/opt/airflow/dags/test/test_forexdag_validation.py", line 1, in <module>
    import pytest
ModuleNotFoundError: No module named 'pytest'
[2022-12-13T18:51:37.149+0000] {processor.py:755} WARNING - No viable dags retrieved from /opt/airflow/dags/test/test_forexdag_validation.py
[2022-12-13T18:51:37.165+0000] {processor.py:175} INFO - Processing /opt/airflow/dags/test/test_forexdag_validation.py took 0.130 seconds
[2022-12-13T18:52:07.465+0000] {processor.py:153} INFO - Started process (PID=4753) to work on /opt/airflow/dags/test/test_forexdag_validation.py
[2022-12-13T18:52:07.469+0000] {processor.py:743} INFO - Processing file /opt/airflow/dags/test/test_forexdag_validation.py for tasks to queue
[2022-12-13T18:52:07.470+0000] {logging_mixin.py:137} INFO - [2022-12-13T18:52:07.470+0000] {dagbag.py:538} INFO - Filling up the DagBag from /opt/airflow/dags/test/test_forexdag_validation.py
[2022-12-13T18:52:07.513+0000] {logging_mixin.py:137} INFO - [2022-12-13T18:52:07.504+0000] {dagbag.py:343} ERROR - Failed to import: /opt/airflow/dags/test/test_forexdag_validation.py
Traceback (most recent call last):
  File "/home/airflow/.local/lib/python3.7/site-packages/airflow/models/dagbag.py", line 339, in parse
    loader.exec_module(new_module)
  File "<frozen importlib._bootstrap_external>", line 728, in exec_module
  File "<frozen importlib._bootstrap>", line 219, in _call_with_frames_removed
  File "/opt/airflow/dags/test/test_forexdag_validation.py", line 1, in <module>
    import pytest
ModuleNotFoundError: No module named 'pytest'
[2022-12-13T18:52:07.516+0000] {processor.py:755} WARNING - No viable dags retrieved from /opt/airflow/dags/test/test_forexdag_validation.py
[2022-12-13T18:52:07.533+0000] {processor.py:175} INFO - Processing /opt/airflow/dags/test/test_forexdag_validation.py took 0.071 seconds
[2022-12-13T18:52:38.040+0000] {processor.py:153} INFO - Started process (PID=4805) to work on /opt/airflow/dags/test/test_forexdag_validation.py
[2022-12-13T18:52:38.042+0000] {processor.py:743} INFO - Processing file /opt/airflow/dags/test/test_forexdag_validation.py for tasks to queue
[2022-12-13T18:52:38.043+0000] {logging_mixin.py:137} INFO - [2022-12-13T18:52:38.043+0000] {dagbag.py:538} INFO - Filling up the DagBag from /opt/airflow/dags/test/test_forexdag_validation.py
[2022-12-13T18:52:38.084+0000] {logging_mixin.py:137} INFO - [2022-12-13T18:52:38.076+0000] {dagbag.py:343} ERROR - Failed to import: /opt/airflow/dags/test/test_forexdag_validation.py
Traceback (most recent call last):
  File "/home/airflow/.local/lib/python3.7/site-packages/airflow/models/dagbag.py", line 339, in parse
    loader.exec_module(new_module)
  File "<frozen importlib._bootstrap_external>", line 728, in exec_module
  File "<frozen importlib._bootstrap>", line 219, in _call_with_frames_removed
  File "/opt/airflow/dags/test/test_forexdag_validation.py", line 1, in <module>
    import pytest
ModuleNotFoundError: No module named 'pytest'
[2022-12-13T18:52:38.087+0000] {processor.py:755} WARNING - No viable dags retrieved from /opt/airflow/dags/test/test_forexdag_validation.py
[2022-12-13T18:52:38.105+0000] {processor.py:175} INFO - Processing /opt/airflow/dags/test/test_forexdag_validation.py took 0.068 seconds
[2022-12-13T18:53:08.397+0000] {processor.py:153} INFO - Started process (PID=4858) to work on /opt/airflow/dags/test/test_forexdag_validation.py
[2022-12-13T18:53:08.399+0000] {processor.py:743} INFO - Processing file /opt/airflow/dags/test/test_forexdag_validation.py for tasks to queue
[2022-12-13T18:53:08.401+0000] {logging_mixin.py:137} INFO - [2022-12-13T18:53:08.401+0000] {dagbag.py:538} INFO - Filling up the DagBag from /opt/airflow/dags/test/test_forexdag_validation.py
[2022-12-13T18:53:08.430+0000] {logging_mixin.py:137} INFO - [2022-12-13T18:53:08.426+0000] {dagbag.py:343} ERROR - Failed to import: /opt/airflow/dags/test/test_forexdag_validation.py
Traceback (most recent call last):
  File "/home/airflow/.local/lib/python3.7/site-packages/airflow/models/dagbag.py", line 339, in parse
    loader.exec_module(new_module)
  File "<frozen importlib._bootstrap_external>", line 728, in exec_module
  File "<frozen importlib._bootstrap>", line 219, in _call_with_frames_removed
  File "/opt/airflow/dags/test/test_forexdag_validation.py", line 1, in <module>
    import pytest
ModuleNotFoundError: No module named 'pytest'
[2022-12-13T18:53:08.432+0000] {processor.py:755} WARNING - No viable dags retrieved from /opt/airflow/dags/test/test_forexdag_validation.py
[2022-12-13T18:53:08.448+0000] {processor.py:175} INFO - Processing /opt/airflow/dags/test/test_forexdag_validation.py took 0.054 seconds
[2022-12-13T18:53:19.067+0000] {processor.py:153} INFO - Started process (PID=4881) to work on /opt/airflow/dags/test/test_forexdag_validation.py
[2022-12-13T18:53:19.068+0000] {processor.py:743} INFO - Processing file /opt/airflow/dags/test/test_forexdag_validation.py for tasks to queue
[2022-12-13T18:53:19.069+0000] {logging_mixin.py:137} INFO - [2022-12-13T18:53:19.069+0000] {dagbag.py:538} INFO - Filling up the DagBag from /opt/airflow/dags/test/test_forexdag_validation.py
[2022-12-13T18:53:19.160+0000] {logging_mixin.py:137} INFO - [2022-12-13T18:53:19.151+0000] {dagbag.py:343} ERROR - Failed to import: /opt/airflow/dags/test/test_forexdag_validation.py
Traceback (most recent call last):
  File "/home/airflow/.local/lib/python3.7/site-packages/airflow/models/dagbag.py", line 339, in parse
    loader.exec_module(new_module)
  File "<frozen importlib._bootstrap_external>", line 728, in exec_module
  File "<frozen importlib._bootstrap>", line 219, in _call_with_frames_removed
  File "/opt/airflow/dags/test/test_forexdag_validation.py", line 1, in <module>
    import pytest
ModuleNotFoundError: No module named 'pytest'
[2022-12-13T18:53:19.163+0000] {processor.py:755} WARNING - No viable dags retrieved from /opt/airflow/dags/test/test_forexdag_validation.py
[2022-12-13T18:53:19.179+0000] {processor.py:175} INFO - Processing /opt/airflow/dags/test/test_forexdag_validation.py took 0.115 seconds
[2022-12-13T18:53:49.499+0000] {processor.py:153} INFO - Started process (PID=4924) to work on /opt/airflow/dags/test/test_forexdag_validation.py
[2022-12-13T18:53:49.503+0000] {processor.py:743} INFO - Processing file /opt/airflow/dags/test/test_forexdag_validation.py for tasks to queue
[2022-12-13T18:53:49.504+0000] {logging_mixin.py:137} INFO - [2022-12-13T18:53:49.504+0000] {dagbag.py:538} INFO - Filling up the DagBag from /opt/airflow/dags/test/test_forexdag_validation.py
[2022-12-13T18:53:49.540+0000] {logging_mixin.py:137} INFO - [2022-12-13T18:53:49.531+0000] {dagbag.py:343} ERROR - Failed to import: /opt/airflow/dags/test/test_forexdag_validation.py
Traceback (most recent call last):
  File "/home/airflow/.local/lib/python3.7/site-packages/airflow/models/dagbag.py", line 339, in parse
    loader.exec_module(new_module)
  File "<frozen importlib._bootstrap_external>", line 728, in exec_module
  File "<frozen importlib._bootstrap>", line 219, in _call_with_frames_removed
  File "/opt/airflow/dags/test/test_forexdag_validation.py", line 1, in <module>
    import pytest
ModuleNotFoundError: No module named 'pytest'
[2022-12-13T18:53:49.542+0000] {processor.py:755} WARNING - No viable dags retrieved from /opt/airflow/dags/test/test_forexdag_validation.py
[2022-12-13T18:53:49.561+0000] {processor.py:175} INFO - Processing /opt/airflow/dags/test/test_forexdag_validation.py took 0.065 seconds
[2022-12-13T18:54:19.805+0000] {processor.py:153} INFO - Started process (PID=4987) to work on /opt/airflow/dags/test/test_forexdag_validation.py
[2022-12-13T18:54:19.807+0000] {processor.py:743} INFO - Processing file /opt/airflow/dags/test/test_forexdag_validation.py for tasks to queue
[2022-12-13T18:54:19.808+0000] {logging_mixin.py:137} INFO - [2022-12-13T18:54:19.808+0000] {dagbag.py:538} INFO - Filling up the DagBag from /opt/airflow/dags/test/test_forexdag_validation.py
[2022-12-13T18:54:19.834+0000] {logging_mixin.py:137} INFO - [2022-12-13T18:54:19.830+0000] {dagbag.py:343} ERROR - Failed to import: /opt/airflow/dags/test/test_forexdag_validation.py
Traceback (most recent call last):
  File "/home/airflow/.local/lib/python3.7/site-packages/airflow/models/dagbag.py", line 339, in parse
    loader.exec_module(new_module)
  File "<frozen importlib._bootstrap_external>", line 728, in exec_module
  File "<frozen importlib._bootstrap>", line 219, in _call_with_frames_removed
  File "/opt/airflow/dags/test/test_forexdag_validation.py", line 1, in <module>
    import pytest
ModuleNotFoundError: No module named 'pytest'
[2022-12-13T18:54:19.836+0000] {processor.py:755} WARNING - No viable dags retrieved from /opt/airflow/dags/test/test_forexdag_validation.py
[2022-12-13T18:54:19.853+0000] {processor.py:175} INFO - Processing /opt/airflow/dags/test/test_forexdag_validation.py took 0.050 seconds
[2022-12-13T18:54:50.078+0000] {processor.py:153} INFO - Started process (PID=5034) to work on /opt/airflow/dags/test/test_forexdag_validation.py
[2022-12-13T18:54:50.083+0000] {processor.py:743} INFO - Processing file /opt/airflow/dags/test/test_forexdag_validation.py for tasks to queue
[2022-12-13T18:54:50.085+0000] {logging_mixin.py:137} INFO - [2022-12-13T18:54:50.085+0000] {dagbag.py:538} INFO - Filling up the DagBag from /opt/airflow/dags/test/test_forexdag_validation.py
[2022-12-13T18:54:50.136+0000] {logging_mixin.py:137} INFO - [2022-12-13T18:54:50.128+0000] {dagbag.py:343} ERROR - Failed to import: /opt/airflow/dags/test/test_forexdag_validation.py
Traceback (most recent call last):
  File "/home/airflow/.local/lib/python3.7/site-packages/airflow/models/dagbag.py", line 339, in parse
    loader.exec_module(new_module)
  File "<frozen importlib._bootstrap_external>", line 728, in exec_module
  File "<frozen importlib._bootstrap>", line 219, in _call_with_frames_removed
  File "/opt/airflow/dags/test/test_forexdag_validation.py", line 1, in <module>
    import pytest
ModuleNotFoundError: No module named 'pytest'
[2022-12-13T18:54:50.139+0000] {processor.py:755} WARNING - No viable dags retrieved from /opt/airflow/dags/test/test_forexdag_validation.py
[2022-12-13T18:54:50.163+0000] {processor.py:175} INFO - Processing /opt/airflow/dags/test/test_forexdag_validation.py took 0.089 seconds
[2022-12-13T18:55:20.457+0000] {processor.py:153} INFO - Started process (PID=5090) to work on /opt/airflow/dags/test/test_forexdag_validation.py
[2022-12-13T18:55:20.459+0000] {processor.py:743} INFO - Processing file /opt/airflow/dags/test/test_forexdag_validation.py for tasks to queue
[2022-12-13T18:55:20.461+0000] {logging_mixin.py:137} INFO - [2022-12-13T18:55:20.460+0000] {dagbag.py:538} INFO - Filling up the DagBag from /opt/airflow/dags/test/test_forexdag_validation.py
[2022-12-13T18:55:20.504+0000] {logging_mixin.py:137} INFO - [2022-12-13T18:55:20.495+0000] {dagbag.py:343} ERROR - Failed to import: /opt/airflow/dags/test/test_forexdag_validation.py
Traceback (most recent call last):
  File "/home/airflow/.local/lib/python3.7/site-packages/airflow/models/dagbag.py", line 339, in parse
    loader.exec_module(new_module)
  File "<frozen importlib._bootstrap_external>", line 728, in exec_module
  File "<frozen importlib._bootstrap>", line 219, in _call_with_frames_removed
  File "/opt/airflow/dags/test/test_forexdag_validation.py", line 1, in <module>
    import pytest
ModuleNotFoundError: No module named 'pytest'
[2022-12-13T18:55:20.508+0000] {processor.py:755} WARNING - No viable dags retrieved from /opt/airflow/dags/test/test_forexdag_validation.py
[2022-12-13T18:55:20.527+0000] {processor.py:175} INFO - Processing /opt/airflow/dags/test/test_forexdag_validation.py took 0.075 seconds
[2022-12-13T18:55:25.919+0000] {processor.py:153} INFO - Started process (PID=5100) to work on /opt/airflow/dags/test/test_forexdag_validation.py
[2022-12-13T18:55:25.921+0000] {processor.py:743} INFO - Processing file /opt/airflow/dags/test/test_forexdag_validation.py for tasks to queue
[2022-12-13T18:55:25.922+0000] {logging_mixin.py:137} INFO - [2022-12-13T18:55:25.922+0000] {dagbag.py:538} INFO - Filling up the DagBag from /opt/airflow/dags/test/test_forexdag_validation.py
[2022-12-13T18:55:26.029+0000] {logging_mixin.py:137} INFO - [2022-12-13T18:55:26.021+0000] {dagbag.py:343} ERROR - Failed to import: /opt/airflow/dags/test/test_forexdag_validation.py
Traceback (most recent call last):
  File "/home/airflow/.local/lib/python3.7/site-packages/airflow/models/dagbag.py", line 339, in parse
    loader.exec_module(new_module)
  File "<frozen importlib._bootstrap_external>", line 728, in exec_module
  File "<frozen importlib._bootstrap>", line 219, in _call_with_frames_removed
  File "/opt/airflow/dags/test/test_forexdag_validation.py", line 1, in <module>
    import pytest
ModuleNotFoundError: No module named 'pytest'
[2022-12-13T18:55:26.031+0000] {processor.py:755} WARNING - No viable dags retrieved from /opt/airflow/dags/test/test_forexdag_validation.py
[2022-12-13T18:55:26.048+0000] {processor.py:175} INFO - Processing /opt/airflow/dags/test/test_forexdag_validation.py took 0.132 seconds
[2022-12-13T18:55:56.357+0000] {processor.py:153} INFO - Started process (PID=5155) to work on /opt/airflow/dags/test/test_forexdag_validation.py
[2022-12-13T18:55:56.359+0000] {processor.py:743} INFO - Processing file /opt/airflow/dags/test/test_forexdag_validation.py for tasks to queue
[2022-12-13T18:55:56.360+0000] {logging_mixin.py:137} INFO - [2022-12-13T18:55:56.360+0000] {dagbag.py:538} INFO - Filling up the DagBag from /opt/airflow/dags/test/test_forexdag_validation.py
[2022-12-13T18:55:56.394+0000] {logging_mixin.py:137} INFO - [2022-12-13T18:55:56.389+0000] {dagbag.py:343} ERROR - Failed to import: /opt/airflow/dags/test/test_forexdag_validation.py
Traceback (most recent call last):
  File "/home/airflow/.local/lib/python3.7/site-packages/airflow/models/dagbag.py", line 339, in parse
    loader.exec_module(new_module)
  File "<frozen importlib._bootstrap_external>", line 728, in exec_module
  File "<frozen importlib._bootstrap>", line 219, in _call_with_frames_removed
  File "/opt/airflow/dags/test/test_forexdag_validation.py", line 1, in <module>
    import pytest
ModuleNotFoundError: No module named 'pytest'
[2022-12-13T18:55:56.397+0000] {processor.py:755} WARNING - No viable dags retrieved from /opt/airflow/dags/test/test_forexdag_validation.py
[2022-12-13T18:55:56.416+0000] {processor.py:175} INFO - Processing /opt/airflow/dags/test/test_forexdag_validation.py took 0.061 seconds
[2022-12-13T18:56:26.706+0000] {processor.py:153} INFO - Started process (PID=5218) to work on /opt/airflow/dags/test/test_forexdag_validation.py
[2022-12-13T18:56:26.708+0000] {processor.py:743} INFO - Processing file /opt/airflow/dags/test/test_forexdag_validation.py for tasks to queue
[2022-12-13T18:56:26.709+0000] {logging_mixin.py:137} INFO - [2022-12-13T18:56:26.709+0000] {dagbag.py:538} INFO - Filling up the DagBag from /opt/airflow/dags/test/test_forexdag_validation.py
[2022-12-13T18:56:26.749+0000] {logging_mixin.py:137} INFO - [2022-12-13T18:56:26.742+0000] {dagbag.py:343} ERROR - Failed to import: /opt/airflow/dags/test/test_forexdag_validation.py
Traceback (most recent call last):
  File "/home/airflow/.local/lib/python3.7/site-packages/airflow/models/dagbag.py", line 339, in parse
    loader.exec_module(new_module)
  File "<frozen importlib._bootstrap_external>", line 728, in exec_module
  File "<frozen importlib._bootstrap>", line 219, in _call_with_frames_removed
  File "/opt/airflow/dags/test/test_forexdag_validation.py", line 1, in <module>
    import pytest
ModuleNotFoundError: No module named 'pytest'
[2022-12-13T18:56:26.751+0000] {processor.py:755} WARNING - No viable dags retrieved from /opt/airflow/dags/test/test_forexdag_validation.py
[2022-12-13T18:56:26.768+0000] {processor.py:175} INFO - Processing /opt/airflow/dags/test/test_forexdag_validation.py took 0.064 seconds
[2022-12-13T18:56:57.166+0000] {processor.py:153} INFO - Started process (PID=5261) to work on /opt/airflow/dags/test/test_forexdag_validation.py
[2022-12-13T18:56:57.167+0000] {processor.py:743} INFO - Processing file /opt/airflow/dags/test/test_forexdag_validation.py for tasks to queue
[2022-12-13T18:56:57.168+0000] {logging_mixin.py:137} INFO - [2022-12-13T18:56:57.168+0000] {dagbag.py:538} INFO - Filling up the DagBag from /opt/airflow/dags/test/test_forexdag_validation.py
[2022-12-13T18:56:57.197+0000] {logging_mixin.py:137} INFO - [2022-12-13T18:56:57.191+0000] {dagbag.py:343} ERROR - Failed to import: /opt/airflow/dags/test/test_forexdag_validation.py
Traceback (most recent call last):
  File "/home/airflow/.local/lib/python3.7/site-packages/airflow/models/dagbag.py", line 339, in parse
    loader.exec_module(new_module)
  File "<frozen importlib._bootstrap_external>", line 728, in exec_module
  File "<frozen importlib._bootstrap>", line 219, in _call_with_frames_removed
  File "/opt/airflow/dags/test/test_forexdag_validation.py", line 1, in <module>
    import pytest
ModuleNotFoundError: No module named 'pytest'
[2022-12-13T18:56:57.199+0000] {processor.py:755} WARNING - No viable dags retrieved from /opt/airflow/dags/test/test_forexdag_validation.py
[2022-12-13T18:56:57.213+0000] {processor.py:175} INFO - Processing /opt/airflow/dags/test/test_forexdag_validation.py took 0.050 seconds
[2022-12-13T18:57:27.724+0000] {processor.py:153} INFO - Started process (PID=5323) to work on /opt/airflow/dags/test/test_forexdag_validation.py
[2022-12-13T18:57:27.726+0000] {processor.py:743} INFO - Processing file /opt/airflow/dags/test/test_forexdag_validation.py for tasks to queue
[2022-12-13T18:57:27.727+0000] {logging_mixin.py:137} INFO - [2022-12-13T18:57:27.726+0000] {dagbag.py:538} INFO - Filling up the DagBag from /opt/airflow/dags/test/test_forexdag_validation.py
[2022-12-13T18:57:27.774+0000] {logging_mixin.py:137} INFO - [2022-12-13T18:57:27.749+0000] {dagbag.py:343} ERROR - Failed to import: /opt/airflow/dags/test/test_forexdag_validation.py
Traceback (most recent call last):
  File "/home/airflow/.local/lib/python3.7/site-packages/airflow/models/dagbag.py", line 339, in parse
    loader.exec_module(new_module)
  File "<frozen importlib._bootstrap_external>", line 728, in exec_module
  File "<frozen importlib._bootstrap>", line 219, in _call_with_frames_removed
  File "/opt/airflow/dags/test/test_forexdag_validation.py", line 1, in <module>
    import pytest
ModuleNotFoundError: No module named 'pytest'
[2022-12-13T18:57:27.776+0000] {processor.py:755} WARNING - No viable dags retrieved from /opt/airflow/dags/test/test_forexdag_validation.py
[2022-12-13T18:57:27.794+0000] {processor.py:175} INFO - Processing /opt/airflow/dags/test/test_forexdag_validation.py took 0.072 seconds
[2022-12-13T18:57:58.051+0000] {processor.py:153} INFO - Started process (PID=5366) to work on /opt/airflow/dags/test/test_forexdag_validation.py
[2022-12-13T18:57:58.052+0000] {processor.py:743} INFO - Processing file /opt/airflow/dags/test/test_forexdag_validation.py for tasks to queue
[2022-12-13T18:57:58.053+0000] {logging_mixin.py:137} INFO - [2022-12-13T18:57:58.053+0000] {dagbag.py:538} INFO - Filling up the DagBag from /opt/airflow/dags/test/test_forexdag_validation.py
[2022-12-13T18:57:58.080+0000] {logging_mixin.py:137} INFO - [2022-12-13T18:57:58.074+0000] {dagbag.py:343} ERROR - Failed to import: /opt/airflow/dags/test/test_forexdag_validation.py
Traceback (most recent call last):
  File "/home/airflow/.local/lib/python3.7/site-packages/airflow/models/dagbag.py", line 339, in parse
    loader.exec_module(new_module)
  File "<frozen importlib._bootstrap_external>", line 728, in exec_module
  File "<frozen importlib._bootstrap>", line 219, in _call_with_frames_removed
  File "/opt/airflow/dags/test/test_forexdag_validation.py", line 1, in <module>
    import pytest
ModuleNotFoundError: No module named 'pytest'
[2022-12-13T18:57:58.081+0000] {processor.py:755} WARNING - No viable dags retrieved from /opt/airflow/dags/test/test_forexdag_validation.py
[2022-12-13T18:57:58.099+0000] {processor.py:175} INFO - Processing /opt/airflow/dags/test/test_forexdag_validation.py took 0.050 seconds
[2022-12-13T18:58:28.376+0000] {processor.py:153} INFO - Started process (PID=5430) to work on /opt/airflow/dags/test/test_forexdag_validation.py
[2022-12-13T18:58:28.378+0000] {processor.py:743} INFO - Processing file /opt/airflow/dags/test/test_forexdag_validation.py for tasks to queue
[2022-12-13T18:58:28.379+0000] {logging_mixin.py:137} INFO - [2022-12-13T18:58:28.378+0000] {dagbag.py:538} INFO - Filling up the DagBag from /opt/airflow/dags/test/test_forexdag_validation.py
[2022-12-13T18:58:28.409+0000] {logging_mixin.py:137} INFO - [2022-12-13T18:58:28.403+0000] {dagbag.py:343} ERROR - Failed to import: /opt/airflow/dags/test/test_forexdag_validation.py
Traceback (most recent call last):
  File "/home/airflow/.local/lib/python3.7/site-packages/airflow/models/dagbag.py", line 339, in parse
    loader.exec_module(new_module)
  File "<frozen importlib._bootstrap_external>", line 728, in exec_module
  File "<frozen importlib._bootstrap>", line 219, in _call_with_frames_removed
  File "/opt/airflow/dags/test/test_forexdag_validation.py", line 1, in <module>
    import pytest
ModuleNotFoundError: No module named 'pytest'
[2022-12-13T18:58:28.411+0000] {processor.py:755} WARNING - No viable dags retrieved from /opt/airflow/dags/test/test_forexdag_validation.py
[2022-12-13T18:58:28.427+0000] {processor.py:175} INFO - Processing /opt/airflow/dags/test/test_forexdag_validation.py took 0.053 seconds
[2022-12-13T18:58:58.644+0000] {processor.py:153} INFO - Started process (PID=5472) to work on /opt/airflow/dags/test/test_forexdag_validation.py
[2022-12-13T18:58:58.652+0000] {processor.py:743} INFO - Processing file /opt/airflow/dags/test/test_forexdag_validation.py for tasks to queue
[2022-12-13T18:58:58.653+0000] {logging_mixin.py:137} INFO - [2022-12-13T18:58:58.653+0000] {dagbag.py:538} INFO - Filling up the DagBag from /opt/airflow/dags/test/test_forexdag_validation.py
[2022-12-13T18:58:58.707+0000] {logging_mixin.py:137} INFO - [2022-12-13T18:58:58.701+0000] {dagbag.py:343} ERROR - Failed to import: /opt/airflow/dags/test/test_forexdag_validation.py
Traceback (most recent call last):
  File "/home/airflow/.local/lib/python3.7/site-packages/airflow/models/dagbag.py", line 339, in parse
    loader.exec_module(new_module)
  File "<frozen importlib._bootstrap_external>", line 728, in exec_module
  File "<frozen importlib._bootstrap>", line 219, in _call_with_frames_removed
  File "/opt/airflow/dags/test/test_forexdag_validation.py", line 1, in <module>
    import pytest
ModuleNotFoundError: No module named 'pytest'
[2022-12-13T18:58:58.710+0000] {processor.py:755} WARNING - No viable dags retrieved from /opt/airflow/dags/test/test_forexdag_validation.py
[2022-12-13T18:58:58.730+0000] {processor.py:175} INFO - Processing /opt/airflow/dags/test/test_forexdag_validation.py took 0.089 seconds
[2022-12-13T18:59:29.031+0000] {processor.py:153} INFO - Started process (PID=5535) to work on /opt/airflow/dags/test/test_forexdag_validation.py
[2022-12-13T18:59:29.034+0000] {processor.py:743} INFO - Processing file /opt/airflow/dags/test/test_forexdag_validation.py for tasks to queue
[2022-12-13T18:59:29.035+0000] {logging_mixin.py:137} INFO - [2022-12-13T18:59:29.035+0000] {dagbag.py:538} INFO - Filling up the DagBag from /opt/airflow/dags/test/test_forexdag_validation.py
[2022-12-13T18:59:29.114+0000] {logging_mixin.py:137} INFO - [2022-12-13T18:59:29.098+0000] {dagbag.py:343} ERROR - Failed to import: /opt/airflow/dags/test/test_forexdag_validation.py
Traceback (most recent call last):
  File "/home/airflow/.local/lib/python3.7/site-packages/airflow/models/dagbag.py", line 339, in parse
    loader.exec_module(new_module)
  File "<frozen importlib._bootstrap_external>", line 728, in exec_module
  File "<frozen importlib._bootstrap>", line 219, in _call_with_frames_removed
  File "/opt/airflow/dags/test/test_forexdag_validation.py", line 1, in <module>
    import pytest
ModuleNotFoundError: No module named 'pytest'
[2022-12-13T18:59:29.118+0000] {processor.py:755} WARNING - No viable dags retrieved from /opt/airflow/dags/test/test_forexdag_validation.py
[2022-12-13T18:59:29.136+0000] {processor.py:175} INFO - Processing /opt/airflow/dags/test/test_forexdag_validation.py took 0.107 seconds
[2022-12-13T18:59:59.433+0000] {processor.py:153} INFO - Started process (PID=5579) to work on /opt/airflow/dags/test/test_forexdag_validation.py
[2022-12-13T18:59:59.434+0000] {processor.py:743} INFO - Processing file /opt/airflow/dags/test/test_forexdag_validation.py for tasks to queue
[2022-12-13T18:59:59.435+0000] {logging_mixin.py:137} INFO - [2022-12-13T18:59:59.435+0000] {dagbag.py:538} INFO - Filling up the DagBag from /opt/airflow/dags/test/test_forexdag_validation.py
[2022-12-13T18:59:59.467+0000] {logging_mixin.py:137} INFO - [2022-12-13T18:59:59.462+0000] {dagbag.py:343} ERROR - Failed to import: /opt/airflow/dags/test/test_forexdag_validation.py
Traceback (most recent call last):
  File "/home/airflow/.local/lib/python3.7/site-packages/airflow/models/dagbag.py", line 339, in parse
    loader.exec_module(new_module)
  File "<frozen importlib._bootstrap_external>", line 728, in exec_module
  File "<frozen importlib._bootstrap>", line 219, in _call_with_frames_removed
  File "/opt/airflow/dags/test/test_forexdag_validation.py", line 1, in <module>
    import pytest
ModuleNotFoundError: No module named 'pytest'
[2022-12-13T18:59:59.469+0000] {processor.py:755} WARNING - No viable dags retrieved from /opt/airflow/dags/test/test_forexdag_validation.py
[2022-12-13T18:59:59.486+0000] {processor.py:175} INFO - Processing /opt/airflow/dags/test/test_forexdag_validation.py took 0.056 seconds
[2022-12-13T19:00:29.846+0000] {processor.py:153} INFO - Started process (PID=5642) to work on /opt/airflow/dags/test/test_forexdag_validation.py
[2022-12-13T19:00:29.848+0000] {processor.py:743} INFO - Processing file /opt/airflow/dags/test/test_forexdag_validation.py for tasks to queue
[2022-12-13T19:00:29.849+0000] {logging_mixin.py:137} INFO - [2022-12-13T19:00:29.849+0000] {dagbag.py:538} INFO - Filling up the DagBag from /opt/airflow/dags/test/test_forexdag_validation.py
[2022-12-13T19:00:29.892+0000] {logging_mixin.py:137} INFO - [2022-12-13T19:00:29.884+0000] {dagbag.py:343} ERROR - Failed to import: /opt/airflow/dags/test/test_forexdag_validation.py
Traceback (most recent call last):
  File "/home/airflow/.local/lib/python3.7/site-packages/airflow/models/dagbag.py", line 339, in parse
    loader.exec_module(new_module)
  File "<frozen importlib._bootstrap_external>", line 728, in exec_module
  File "<frozen importlib._bootstrap>", line 219, in _call_with_frames_removed
  File "/opt/airflow/dags/test/test_forexdag_validation.py", line 1, in <module>
    import pytest
ModuleNotFoundError: No module named 'pytest'
[2022-12-13T19:00:29.895+0000] {processor.py:755} WARNING - No viable dags retrieved from /opt/airflow/dags/test/test_forexdag_validation.py
[2022-12-13T19:00:29.915+0000] {processor.py:175} INFO - Processing /opt/airflow/dags/test/test_forexdag_validation.py took 0.072 seconds
[2022-12-13T19:01:00.244+0000] {processor.py:153} INFO - Started process (PID=5687) to work on /opt/airflow/dags/test/test_forexdag_validation.py
[2022-12-13T19:01:00.247+0000] {processor.py:743} INFO - Processing file /opt/airflow/dags/test/test_forexdag_validation.py for tasks to queue
[2022-12-13T19:01:00.248+0000] {logging_mixin.py:137} INFO - [2022-12-13T19:01:00.248+0000] {dagbag.py:538} INFO - Filling up the DagBag from /opt/airflow/dags/test/test_forexdag_validation.py
[2022-12-13T19:01:00.294+0000] {logging_mixin.py:137} INFO - [2022-12-13T19:01:00.287+0000] {dagbag.py:343} ERROR - Failed to import: /opt/airflow/dags/test/test_forexdag_validation.py
Traceback (most recent call last):
  File "/home/airflow/.local/lib/python3.7/site-packages/airflow/models/dagbag.py", line 339, in parse
    loader.exec_module(new_module)
  File "<frozen importlib._bootstrap_external>", line 728, in exec_module
  File "<frozen importlib._bootstrap>", line 219, in _call_with_frames_removed
  File "/opt/airflow/dags/test/test_forexdag_validation.py", line 1, in <module>
    import pytest
ModuleNotFoundError: No module named 'pytest'
[2022-12-13T19:01:00.297+0000] {processor.py:755} WARNING - No viable dags retrieved from /opt/airflow/dags/test/test_forexdag_validation.py
[2022-12-13T19:01:00.317+0000] {processor.py:175} INFO - Processing /opt/airflow/dags/test/test_forexdag_validation.py took 0.076 seconds
[2022-12-13T19:01:30.650+0000] {processor.py:153} INFO - Started process (PID=5750) to work on /opt/airflow/dags/test/test_forexdag_validation.py
[2022-12-13T19:01:30.652+0000] {processor.py:743} INFO - Processing file /opt/airflow/dags/test/test_forexdag_validation.py for tasks to queue
[2022-12-13T19:01:30.653+0000] {logging_mixin.py:137} INFO - [2022-12-13T19:01:30.653+0000] {dagbag.py:538} INFO - Filling up the DagBag from /opt/airflow/dags/test/test_forexdag_validation.py
[2022-12-13T19:01:30.692+0000] {logging_mixin.py:137} INFO - [2022-12-13T19:01:30.684+0000] {dagbag.py:343} ERROR - Failed to import: /opt/airflow/dags/test/test_forexdag_validation.py
Traceback (most recent call last):
  File "/home/airflow/.local/lib/python3.7/site-packages/airflow/models/dagbag.py", line 339, in parse
    loader.exec_module(new_module)
  File "<frozen importlib._bootstrap_external>", line 728, in exec_module
  File "<frozen importlib._bootstrap>", line 219, in _call_with_frames_removed
  File "/opt/airflow/dags/test/test_forexdag_validation.py", line 1, in <module>
    import pytest
ModuleNotFoundError: No module named 'pytest'
[2022-12-13T19:01:30.694+0000] {processor.py:755} WARNING - No viable dags retrieved from /opt/airflow/dags/test/test_forexdag_validation.py
[2022-12-13T19:01:30.712+0000] {processor.py:175} INFO - Processing /opt/airflow/dags/test/test_forexdag_validation.py took 0.065 seconds
[2022-12-13T19:02:01.036+0000] {processor.py:153} INFO - Started process (PID=5793) to work on /opt/airflow/dags/test/test_forexdag_validation.py
[2022-12-13T19:02:01.039+0000] {processor.py:743} INFO - Processing file /opt/airflow/dags/test/test_forexdag_validation.py for tasks to queue
[2022-12-13T19:02:01.040+0000] {logging_mixin.py:137} INFO - [2022-12-13T19:02:01.040+0000] {dagbag.py:538} INFO - Filling up the DagBag from /opt/airflow/dags/test/test_forexdag_validation.py
[2022-12-13T19:02:01.084+0000] {logging_mixin.py:137} INFO - [2022-12-13T19:02:01.077+0000] {dagbag.py:343} ERROR - Failed to import: /opt/airflow/dags/test/test_forexdag_validation.py
Traceback (most recent call last):
  File "/home/airflow/.local/lib/python3.7/site-packages/airflow/models/dagbag.py", line 339, in parse
    loader.exec_module(new_module)
  File "<frozen importlib._bootstrap_external>", line 728, in exec_module
  File "<frozen importlib._bootstrap>", line 219, in _call_with_frames_removed
  File "/opt/airflow/dags/test/test_forexdag_validation.py", line 1, in <module>
    import pytest
ModuleNotFoundError: No module named 'pytest'
[2022-12-13T19:02:01.087+0000] {processor.py:755} WARNING - No viable dags retrieved from /opt/airflow/dags/test/test_forexdag_validation.py
[2022-12-13T19:02:01.107+0000] {processor.py:175} INFO - Processing /opt/airflow/dags/test/test_forexdag_validation.py took 0.074 seconds
[2022-12-13T19:02:31.280+0000] {processor.py:153} INFO - Started process (PID=5856) to work on /opt/airflow/dags/test/test_forexdag_validation.py
[2022-12-13T19:02:31.282+0000] {processor.py:743} INFO - Processing file /opt/airflow/dags/test/test_forexdag_validation.py for tasks to queue
[2022-12-13T19:02:31.283+0000] {logging_mixin.py:137} INFO - [2022-12-13T19:02:31.283+0000] {dagbag.py:538} INFO - Filling up the DagBag from /opt/airflow/dags/test/test_forexdag_validation.py
[2022-12-13T19:02:31.326+0000] {logging_mixin.py:137} INFO - [2022-12-13T19:02:31.319+0000] {dagbag.py:343} ERROR - Failed to import: /opt/airflow/dags/test/test_forexdag_validation.py
Traceback (most recent call last):
  File "/home/airflow/.local/lib/python3.7/site-packages/airflow/models/dagbag.py", line 339, in parse
    loader.exec_module(new_module)
  File "<frozen importlib._bootstrap_external>", line 728, in exec_module
  File "<frozen importlib._bootstrap>", line 219, in _call_with_frames_removed
  File "/opt/airflow/dags/test/test_forexdag_validation.py", line 1, in <module>
    import pytest
ModuleNotFoundError: No module named 'pytest'
[2022-12-13T19:02:31.330+0000] {processor.py:755} WARNING - No viable dags retrieved from /opt/airflow/dags/test/test_forexdag_validation.py
[2022-12-13T19:02:31.350+0000] {processor.py:175} INFO - Processing /opt/airflow/dags/test/test_forexdag_validation.py took 0.073 seconds
[2022-12-13T19:02:41.483+0000] {processor.py:153} INFO - Started process (PID=5879) to work on /opt/airflow/dags/test/test_forexdag_validation.py
[2022-12-13T19:02:41.485+0000] {processor.py:743} INFO - Processing file /opt/airflow/dags/test/test_forexdag_validation.py for tasks to queue
[2022-12-13T19:02:41.486+0000] {logging_mixin.py:137} INFO - [2022-12-13T19:02:41.486+0000] {dagbag.py:538} INFO - Filling up the DagBag from /opt/airflow/dags/test/test_forexdag_validation.py
[2022-12-13T19:02:41.579+0000] {logging_mixin.py:137} INFO - [2022-12-13T19:02:41.572+0000] {dagbag.py:343} ERROR - Failed to import: /opt/airflow/dags/test/test_forexdag_validation.py
Traceback (most recent call last):
  File "/home/airflow/.local/lib/python3.7/site-packages/airflow/models/dagbag.py", line 339, in parse
    loader.exec_module(new_module)
  File "<frozen importlib._bootstrap_external>", line 728, in exec_module
  File "<frozen importlib._bootstrap>", line 219, in _call_with_frames_removed
  File "/opt/airflow/dags/test/test_forexdag_validation.py", line 1, in <module>
    import pytest
ModuleNotFoundError: No module named 'pytest'
[2022-12-13T19:02:41.582+0000] {processor.py:755} WARNING - No viable dags retrieved from /opt/airflow/dags/test/test_forexdag_validation.py
[2022-12-13T19:02:41.597+0000] {processor.py:175} INFO - Processing /opt/airflow/dags/test/test_forexdag_validation.py took 0.116 seconds
[2022-12-13T19:03:11.893+0000] {processor.py:153} INFO - Started process (PID=5922) to work on /opt/airflow/dags/test/test_forexdag_validation.py
[2022-12-13T19:03:11.895+0000] {processor.py:743} INFO - Processing file /opt/airflow/dags/test/test_forexdag_validation.py for tasks to queue
[2022-12-13T19:03:11.897+0000] {logging_mixin.py:137} INFO - [2022-12-13T19:03:11.897+0000] {dagbag.py:538} INFO - Filling up the DagBag from /opt/airflow/dags/test/test_forexdag_validation.py
[2022-12-13T19:03:11.951+0000] {logging_mixin.py:137} INFO - [2022-12-13T19:03:11.944+0000] {dagbag.py:343} ERROR - Failed to import: /opt/airflow/dags/test/test_forexdag_validation.py
Traceback (most recent call last):
  File "/home/airflow/.local/lib/python3.7/site-packages/airflow/models/dagbag.py", line 339, in parse
    loader.exec_module(new_module)
  File "<frozen importlib._bootstrap_external>", line 728, in exec_module
  File "<frozen importlib._bootstrap>", line 219, in _call_with_frames_removed
  File "/opt/airflow/dags/test/test_forexdag_validation.py", line 1, in <module>
    import pytest
ModuleNotFoundError: No module named 'pytest'
[2022-12-13T19:03:11.953+0000] {processor.py:755} WARNING - No viable dags retrieved from /opt/airflow/dags/test/test_forexdag_validation.py
[2022-12-13T19:03:11.973+0000] {processor.py:175} INFO - Processing /opt/airflow/dags/test/test_forexdag_validation.py took 0.083 seconds
[2022-12-13T19:03:42.293+0000] {processor.py:153} INFO - Started process (PID=5983) to work on /opt/airflow/dags/test/test_forexdag_validation.py
[2022-12-13T19:03:42.295+0000] {processor.py:743} INFO - Processing file /opt/airflow/dags/test/test_forexdag_validation.py for tasks to queue
[2022-12-13T19:03:42.296+0000] {logging_mixin.py:137} INFO - [2022-12-13T19:03:42.296+0000] {dagbag.py:538} INFO - Filling up the DagBag from /opt/airflow/dags/test/test_forexdag_validation.py
[2022-12-13T19:03:42.328+0000] {logging_mixin.py:137} INFO - [2022-12-13T19:03:42.322+0000] {dagbag.py:343} ERROR - Failed to import: /opt/airflow/dags/test/test_forexdag_validation.py
Traceback (most recent call last):
  File "/home/airflow/.local/lib/python3.7/site-packages/airflow/models/dagbag.py", line 339, in parse
    loader.exec_module(new_module)
  File "<frozen importlib._bootstrap_external>", line 728, in exec_module
  File "<frozen importlib._bootstrap>", line 219, in _call_with_frames_removed
  File "/opt/airflow/dags/test/test_forexdag_validation.py", line 1, in <module>
    import pytest
ModuleNotFoundError: No module named 'pytest'
[2022-12-13T19:03:42.330+0000] {processor.py:755} WARNING - No viable dags retrieved from /opt/airflow/dags/test/test_forexdag_validation.py
[2022-12-13T19:03:42.347+0000] {processor.py:175} INFO - Processing /opt/airflow/dags/test/test_forexdag_validation.py took 0.057 seconds
[2022-12-13T19:04:12.629+0000] {processor.py:153} INFO - Started process (PID=6026) to work on /opt/airflow/dags/test/test_forexdag_validation.py
[2022-12-13T19:04:12.631+0000] {processor.py:743} INFO - Processing file /opt/airflow/dags/test/test_forexdag_validation.py for tasks to queue
[2022-12-13T19:04:12.632+0000] {logging_mixin.py:137} INFO - [2022-12-13T19:04:12.631+0000] {dagbag.py:538} INFO - Filling up the DagBag from /opt/airflow/dags/test/test_forexdag_validation.py
[2022-12-13T19:04:12.681+0000] {logging_mixin.py:137} INFO - [2022-12-13T19:04:12.671+0000] {dagbag.py:343} ERROR - Failed to import: /opt/airflow/dags/test/test_forexdag_validation.py
Traceback (most recent call last):
  File "/home/airflow/.local/lib/python3.7/site-packages/airflow/models/dagbag.py", line 339, in parse
    loader.exec_module(new_module)
  File "<frozen importlib._bootstrap_external>", line 728, in exec_module
  File "<frozen importlib._bootstrap>", line 219, in _call_with_frames_removed
  File "/opt/airflow/dags/test/test_forexdag_validation.py", line 1, in <module>
    import pytest
ModuleNotFoundError: No module named 'pytest'
[2022-12-13T19:04:12.684+0000] {processor.py:755} WARNING - No viable dags retrieved from /opt/airflow/dags/test/test_forexdag_validation.py
[2022-12-13T19:04:12.704+0000] {processor.py:175} INFO - Processing /opt/airflow/dags/test/test_forexdag_validation.py took 0.078 seconds
[2022-12-13T19:04:42.998+0000] {processor.py:153} INFO - Started process (PID=6089) to work on /opt/airflow/dags/test/test_forexdag_validation.py
[2022-12-13T19:04:43.000+0000] {processor.py:743} INFO - Processing file /opt/airflow/dags/test/test_forexdag_validation.py for tasks to queue
[2022-12-13T19:04:43.002+0000] {logging_mixin.py:137} INFO - [2022-12-13T19:04:43.002+0000] {dagbag.py:538} INFO - Filling up the DagBag from /opt/airflow/dags/test/test_forexdag_validation.py
[2022-12-13T19:04:43.049+0000] {logging_mixin.py:137} INFO - [2022-12-13T19:04:43.042+0000] {dagbag.py:343} ERROR - Failed to import: /opt/airflow/dags/test/test_forexdag_validation.py
Traceback (most recent call last):
  File "/home/airflow/.local/lib/python3.7/site-packages/airflow/models/dagbag.py", line 339, in parse
    loader.exec_module(new_module)
  File "<frozen importlib._bootstrap_external>", line 728, in exec_module
  File "<frozen importlib._bootstrap>", line 219, in _call_with_frames_removed
  File "/opt/airflow/dags/test/test_forexdag_validation.py", line 1, in <module>
    import pytest
ModuleNotFoundError: No module named 'pytest'
[2022-12-13T19:04:43.052+0000] {processor.py:755} WARNING - No viable dags retrieved from /opt/airflow/dags/test/test_forexdag_validation.py
[2022-12-13T19:04:43.069+0000] {processor.py:175} INFO - Processing /opt/airflow/dags/test/test_forexdag_validation.py took 0.074 seconds
[2022-12-13T19:05:13.356+0000] {processor.py:153} INFO - Started process (PID=6132) to work on /opt/airflow/dags/test/test_forexdag_validation.py
[2022-12-13T19:05:13.360+0000] {processor.py:743} INFO - Processing file /opt/airflow/dags/test/test_forexdag_validation.py for tasks to queue
[2022-12-13T19:05:13.360+0000] {logging_mixin.py:137} INFO - [2022-12-13T19:05:13.360+0000] {dagbag.py:538} INFO - Filling up the DagBag from /opt/airflow/dags/test/test_forexdag_validation.py
[2022-12-13T19:05:13.393+0000] {logging_mixin.py:137} INFO - [2022-12-13T19:05:13.388+0000] {dagbag.py:343} ERROR - Failed to import: /opt/airflow/dags/test/test_forexdag_validation.py
Traceback (most recent call last):
  File "/home/airflow/.local/lib/python3.7/site-packages/airflow/models/dagbag.py", line 339, in parse
    loader.exec_module(new_module)
  File "<frozen importlib._bootstrap_external>", line 728, in exec_module
  File "<frozen importlib._bootstrap>", line 219, in _call_with_frames_removed
  File "/opt/airflow/dags/test/test_forexdag_validation.py", line 1, in <module>
    import pytest
ModuleNotFoundError: No module named 'pytest'
[2022-12-13T19:05:13.395+0000] {processor.py:755} WARNING - No viable dags retrieved from /opt/airflow/dags/test/test_forexdag_validation.py
[2022-12-13T19:05:13.411+0000] {processor.py:175} INFO - Processing /opt/airflow/dags/test/test_forexdag_validation.py took 0.058 seconds
[2022-12-13T19:05:15.405+0000] {processor.py:153} INFO - Started process (PID=6142) to work on /opt/airflow/dags/test/test_forexdag_validation.py
[2022-12-13T19:05:15.408+0000] {processor.py:743} INFO - Processing file /opt/airflow/dags/test/test_forexdag_validation.py for tasks to queue
[2022-12-13T19:05:15.410+0000] {logging_mixin.py:137} INFO - [2022-12-13T19:05:15.410+0000] {dagbag.py:538} INFO - Filling up the DagBag from /opt/airflow/dags/test/test_forexdag_validation.py
[2022-12-13T19:05:15.594+0000] {logging_mixin.py:137} INFO - [2022-12-13T19:05:15.574+0000] {dagbag.py:343} ERROR - Failed to import: /opt/airflow/dags/test/test_forexdag_validation.py
Traceback (most recent call last):
  File "/home/airflow/.local/lib/python3.7/site-packages/airflow/models/dagbag.py", line 339, in parse
    loader.exec_module(new_module)
  File "<frozen importlib._bootstrap_external>", line 728, in exec_module
  File "<frozen importlib._bootstrap>", line 219, in _call_with_frames_removed
  File "/opt/airflow/dags/test/test_forexdag_validation.py", line 1, in <module>
    import pytest
ModuleNotFoundError: No module named 'pytest'
[2022-12-13T19:05:15.611+0000] {processor.py:755} WARNING - No viable dags retrieved from /opt/airflow/dags/test/test_forexdag_validation.py
[2022-12-13T19:05:15.647+0000] {processor.py:175} INFO - Processing /opt/airflow/dags/test/test_forexdag_validation.py took 0.244 seconds
[2022-12-13T19:05:46.001+0000] {processor.py:153} INFO - Started process (PID=6196) to work on /opt/airflow/dags/test/test_forexdag_validation.py
[2022-12-13T19:05:46.002+0000] {processor.py:743} INFO - Processing file /opt/airflow/dags/test/test_forexdag_validation.py for tasks to queue
[2022-12-13T19:05:46.003+0000] {logging_mixin.py:137} INFO - [2022-12-13T19:05:46.003+0000] {dagbag.py:538} INFO - Filling up the DagBag from /opt/airflow/dags/test/test_forexdag_validation.py
[2022-12-13T19:05:46.031+0000] {logging_mixin.py:137} INFO - [2022-12-13T19:05:46.025+0000] {dagbag.py:343} ERROR - Failed to import: /opt/airflow/dags/test/test_forexdag_validation.py
Traceback (most recent call last):
  File "/home/airflow/.local/lib/python3.7/site-packages/airflow/models/dagbag.py", line 339, in parse
    loader.exec_module(new_module)
  File "<frozen importlib._bootstrap_external>", line 728, in exec_module
  File "<frozen importlib._bootstrap>", line 219, in _call_with_frames_removed
  File "/opt/airflow/dags/test/test_forexdag_validation.py", line 1, in <module>
    import pytest
ModuleNotFoundError: No module named 'pytest'
[2022-12-13T19:05:46.033+0000] {processor.py:755} WARNING - No viable dags retrieved from /opt/airflow/dags/test/test_forexdag_validation.py
[2022-12-13T19:05:46.050+0000] {processor.py:175} INFO - Processing /opt/airflow/dags/test/test_forexdag_validation.py took 0.052 seconds
[2022-12-13T19:06:16.339+0000] {processor.py:153} INFO - Started process (PID=6260) to work on /opt/airflow/dags/test/test_forexdag_validation.py
[2022-12-13T19:06:16.341+0000] {processor.py:743} INFO - Processing file /opt/airflow/dags/test/test_forexdag_validation.py for tasks to queue
[2022-12-13T19:06:16.342+0000] {logging_mixin.py:137} INFO - [2022-12-13T19:06:16.342+0000] {dagbag.py:538} INFO - Filling up the DagBag from /opt/airflow/dags/test/test_forexdag_validation.py
[2022-12-13T19:06:16.384+0000] {logging_mixin.py:137} INFO - [2022-12-13T19:06:16.377+0000] {dagbag.py:343} ERROR - Failed to import: /opt/airflow/dags/test/test_forexdag_validation.py
Traceback (most recent call last):
  File "/home/airflow/.local/lib/python3.7/site-packages/airflow/models/dagbag.py", line 339, in parse
    loader.exec_module(new_module)
  File "<frozen importlib._bootstrap_external>", line 728, in exec_module
  File "<frozen importlib._bootstrap>", line 219, in _call_with_frames_removed
  File "/opt/airflow/dags/test/test_forexdag_validation.py", line 1, in <module>
    import pytest
ModuleNotFoundError: No module named 'pytest'
[2022-12-13T19:06:16.387+0000] {processor.py:755} WARNING - No viable dags retrieved from /opt/airflow/dags/test/test_forexdag_validation.py
[2022-12-13T19:06:16.411+0000] {processor.py:175} INFO - Processing /opt/airflow/dags/test/test_forexdag_validation.py took 0.075 seconds
[2022-12-13T19:06:46.677+0000] {processor.py:153} INFO - Started process (PID=6303) to work on /opt/airflow/dags/test/test_forexdag_validation.py
[2022-12-13T19:06:46.679+0000] {processor.py:743} INFO - Processing file /opt/airflow/dags/test/test_forexdag_validation.py for tasks to queue
[2022-12-13T19:06:46.680+0000] {logging_mixin.py:137} INFO - [2022-12-13T19:06:46.679+0000] {dagbag.py:538} INFO - Filling up the DagBag from /opt/airflow/dags/test/test_forexdag_validation.py
[2022-12-13T19:06:46.707+0000] {logging_mixin.py:137} INFO - [2022-12-13T19:06:46.702+0000] {dagbag.py:343} ERROR - Failed to import: /opt/airflow/dags/test/test_forexdag_validation.py
Traceback (most recent call last):
  File "/home/airflow/.local/lib/python3.7/site-packages/airflow/models/dagbag.py", line 339, in parse
    loader.exec_module(new_module)
  File "<frozen importlib._bootstrap_external>", line 728, in exec_module
  File "<frozen importlib._bootstrap>", line 219, in _call_with_frames_removed
  File "/opt/airflow/dags/test/test_forexdag_validation.py", line 1, in <module>
    import pytest
ModuleNotFoundError: No module named 'pytest'
[2022-12-13T19:06:46.710+0000] {processor.py:755} WARNING - No viable dags retrieved from /opt/airflow/dags/test/test_forexdag_validation.py
[2022-12-13T19:06:46.730+0000] {processor.py:175} INFO - Processing /opt/airflow/dags/test/test_forexdag_validation.py took 0.056 seconds
[2022-12-13T19:07:17.004+0000] {processor.py:153} INFO - Started process (PID=6366) to work on /opt/airflow/dags/test/test_forexdag_validation.py
[2022-12-13T19:07:17.005+0000] {processor.py:743} INFO - Processing file /opt/airflow/dags/test/test_forexdag_validation.py for tasks to queue
[2022-12-13T19:07:17.006+0000] {logging_mixin.py:137} INFO - [2022-12-13T19:07:17.006+0000] {dagbag.py:538} INFO - Filling up the DagBag from /opt/airflow/dags/test/test_forexdag_validation.py
[2022-12-13T19:07:17.038+0000] {logging_mixin.py:137} INFO - [2022-12-13T19:07:17.031+0000] {dagbag.py:343} ERROR - Failed to import: /opt/airflow/dags/test/test_forexdag_validation.py
Traceback (most recent call last):
  File "/home/airflow/.local/lib/python3.7/site-packages/airflow/models/dagbag.py", line 339, in parse
    loader.exec_module(new_module)
  File "<frozen importlib._bootstrap_external>", line 728, in exec_module
  File "<frozen importlib._bootstrap>", line 219, in _call_with_frames_removed
  File "/opt/airflow/dags/test/test_forexdag_validation.py", line 1, in <module>
    import pytest
ModuleNotFoundError: No module named 'pytest'
[2022-12-13T19:07:17.041+0000] {processor.py:755} WARNING - No viable dags retrieved from /opt/airflow/dags/test/test_forexdag_validation.py
[2022-12-13T19:07:17.058+0000] {processor.py:175} INFO - Processing /opt/airflow/dags/test/test_forexdag_validation.py took 0.057 seconds
[2022-12-13T19:07:47.412+0000] {processor.py:153} INFO - Started process (PID=6407) to work on /opt/airflow/dags/test/test_forexdag_validation.py
[2022-12-13T19:07:47.413+0000] {processor.py:743} INFO - Processing file /opt/airflow/dags/test/test_forexdag_validation.py for tasks to queue
[2022-12-13T19:07:47.414+0000] {logging_mixin.py:137} INFO - [2022-12-13T19:07:47.414+0000] {dagbag.py:538} INFO - Filling up the DagBag from /opt/airflow/dags/test/test_forexdag_validation.py
[2022-12-13T19:07:47.443+0000] {logging_mixin.py:137} INFO - [2022-12-13T19:07:47.438+0000] {dagbag.py:343} ERROR - Failed to import: /opt/airflow/dags/test/test_forexdag_validation.py
Traceback (most recent call last):
  File "/home/airflow/.local/lib/python3.7/site-packages/airflow/models/dagbag.py", line 339, in parse
    loader.exec_module(new_module)
  File "<frozen importlib._bootstrap_external>", line 728, in exec_module
  File "<frozen importlib._bootstrap>", line 219, in _call_with_frames_removed
  File "/opt/airflow/dags/test/test_forexdag_validation.py", line 1, in <module>
    import pytest
ModuleNotFoundError: No module named 'pytest'
[2022-12-13T19:07:47.445+0000] {processor.py:755} WARNING - No viable dags retrieved from /opt/airflow/dags/test/test_forexdag_validation.py
[2022-12-13T19:07:47.463+0000] {processor.py:175} INFO - Processing /opt/airflow/dags/test/test_forexdag_validation.py took 0.053 seconds
[2022-12-13T19:07:50.916+0000] {processor.py:153} INFO - Started process (PID=6410) to work on /opt/airflow/dags/test/test_forexdag_validation.py
[2022-12-13T19:07:50.919+0000] {processor.py:743} INFO - Processing file /opt/airflow/dags/test/test_forexdag_validation.py for tasks to queue
[2022-12-13T19:07:50.920+0000] {logging_mixin.py:137} INFO - [2022-12-13T19:07:50.920+0000] {dagbag.py:538} INFO - Filling up the DagBag from /opt/airflow/dags/test/test_forexdag_validation.py
[2022-12-13T19:07:51.122+0000] {logging_mixin.py:137} INFO - [2022-12-13T19:07:51.109+0000] {dagbag.py:343} ERROR - Failed to import: /opt/airflow/dags/test/test_forexdag_validation.py
Traceback (most recent call last):
  File "/home/airflow/.local/lib/python3.7/site-packages/airflow/models/dagbag.py", line 339, in parse
    loader.exec_module(new_module)
  File "<frozen importlib._bootstrap_external>", line 728, in exec_module
  File "<frozen importlib._bootstrap>", line 219, in _call_with_frames_removed
  File "/opt/airflow/dags/test/test_forexdag_validation.py", line 1, in <module>
    import pytest
ModuleNotFoundError: No module named 'pytest'
[2022-12-13T19:07:51.125+0000] {processor.py:755} WARNING - No viable dags retrieved from /opt/airflow/dags/test/test_forexdag_validation.py
[2022-12-13T19:07:51.152+0000] {processor.py:175} INFO - Processing /opt/airflow/dags/test/test_forexdag_validation.py took 0.238 seconds
[2022-12-13T19:08:21.438+0000] {processor.py:153} INFO - Started process (PID=6474) to work on /opt/airflow/dags/test/test_forexdag_validation.py
[2022-12-13T19:08:21.440+0000] {processor.py:743} INFO - Processing file /opt/airflow/dags/test/test_forexdag_validation.py for tasks to queue
[2022-12-13T19:08:21.441+0000] {logging_mixin.py:137} INFO - [2022-12-13T19:08:21.441+0000] {dagbag.py:538} INFO - Filling up the DagBag from /opt/airflow/dags/test/test_forexdag_validation.py
[2022-12-13T19:08:21.481+0000] {logging_mixin.py:137} INFO - [2022-12-13T19:08:21.473+0000] {dagbag.py:343} ERROR - Failed to import: /opt/airflow/dags/test/test_forexdag_validation.py
Traceback (most recent call last):
  File "/home/airflow/.local/lib/python3.7/site-packages/airflow/models/dagbag.py", line 339, in parse
    loader.exec_module(new_module)
  File "<frozen importlib._bootstrap_external>", line 728, in exec_module
  File "<frozen importlib._bootstrap>", line 219, in _call_with_frames_removed
  File "/opt/airflow/dags/test/test_forexdag_validation.py", line 1, in <module>
    import pytest
ModuleNotFoundError: No module named 'pytest'
[2022-12-13T19:08:21.484+0000] {processor.py:755} WARNING - No viable dags retrieved from /opt/airflow/dags/test/test_forexdag_validation.py
[2022-12-13T19:08:21.504+0000] {processor.py:175} INFO - Processing /opt/airflow/dags/test/test_forexdag_validation.py took 0.068 seconds
[2022-12-13T19:08:48.701+0000] {processor.py:153} INFO - Started process (PID=6515) to work on /opt/airflow/dags/test/test_forexdag_validation.py
[2022-12-13T19:08:48.703+0000] {processor.py:743} INFO - Processing file /opt/airflow/dags/test/test_forexdag_validation.py for tasks to queue
[2022-12-13T19:08:48.704+0000] {logging_mixin.py:137} INFO - [2022-12-13T19:08:48.704+0000] {dagbag.py:538} INFO - Filling up the DagBag from /opt/airflow/dags/test/test_forexdag_validation.py
[2022-12-13T19:08:48.825+0000] {logging_mixin.py:137} INFO - [2022-12-13T19:08:48.817+0000] {dagbag.py:343} ERROR - Failed to import: /opt/airflow/dags/test/test_forexdag_validation.py
Traceback (most recent call last):
  File "/home/airflow/.local/lib/python3.7/site-packages/airflow/models/dagbag.py", line 339, in parse
    loader.exec_module(new_module)
  File "<frozen importlib._bootstrap_external>", line 728, in exec_module
  File "<frozen importlib._bootstrap>", line 219, in _call_with_frames_removed
  File "/opt/airflow/dags/test/test_forexdag_validation.py", line 1, in <module>
    import pytest
ModuleNotFoundError: No module named 'pytest'
[2022-12-13T19:08:48.828+0000] {processor.py:755} WARNING - No viable dags retrieved from /opt/airflow/dags/test/test_forexdag_validation.py
[2022-12-13T19:08:48.846+0000] {processor.py:175} INFO - Processing /opt/airflow/dags/test/test_forexdag_validation.py took 0.147 seconds
[2022-12-13T19:09:19.160+0000] {processor.py:153} INFO - Started process (PID=6577) to work on /opt/airflow/dags/test/test_forexdag_validation.py
[2022-12-13T19:09:19.162+0000] {processor.py:743} INFO - Processing file /opt/airflow/dags/test/test_forexdag_validation.py for tasks to queue
[2022-12-13T19:09:19.163+0000] {logging_mixin.py:137} INFO - [2022-12-13T19:09:19.163+0000] {dagbag.py:538} INFO - Filling up the DagBag from /opt/airflow/dags/test/test_forexdag_validation.py
[2022-12-13T19:09:19.203+0000] {logging_mixin.py:137} INFO - [2022-12-13T19:09:19.198+0000] {dagbag.py:343} ERROR - Failed to import: /opt/airflow/dags/test/test_forexdag_validation.py
Traceback (most recent call last):
  File "/home/airflow/.local/lib/python3.7/site-packages/airflow/models/dagbag.py", line 339, in parse
    loader.exec_module(new_module)
  File "<frozen importlib._bootstrap_external>", line 728, in exec_module
  File "<frozen importlib._bootstrap>", line 219, in _call_with_frames_removed
  File "/opt/airflow/dags/test/test_forexdag_validation.py", line 1, in <module>
    import pytest
ModuleNotFoundError: No module named 'pytest'
[2022-12-13T19:09:19.205+0000] {processor.py:755} WARNING - No viable dags retrieved from /opt/airflow/dags/test/test_forexdag_validation.py
[2022-12-13T19:09:19.225+0000] {processor.py:175} INFO - Processing /opt/airflow/dags/test/test_forexdag_validation.py took 0.068 seconds
[2022-12-13T19:09:31.899+0000] {processor.py:153} INFO - Started process (PID=6600) to work on /opt/airflow/dags/test/test_forexdag_validation.py
[2022-12-13T19:09:31.902+0000] {processor.py:743} INFO - Processing file /opt/airflow/dags/test/test_forexdag_validation.py for tasks to queue
[2022-12-13T19:09:31.903+0000] {logging_mixin.py:137} INFO - [2022-12-13T19:09:31.903+0000] {dagbag.py:538} INFO - Filling up the DagBag from /opt/airflow/dags/test/test_forexdag_validation.py
[2022-12-13T19:09:32.048+0000] {logging_mixin.py:137} INFO - [2022-12-13T19:09:32.035+0000] {dagbag.py:343} ERROR - Failed to import: /opt/airflow/dags/test/test_forexdag_validation.py
Traceback (most recent call last):
  File "/home/airflow/.local/lib/python3.7/site-packages/airflow/models/dagbag.py", line 339, in parse
    loader.exec_module(new_module)
  File "<frozen importlib._bootstrap_external>", line 728, in exec_module
  File "<frozen importlib._bootstrap>", line 219, in _call_with_frames_removed
  File "/opt/airflow/dags/test/test_forexdag_validation.py", line 1, in <module>
    import pytest
ModuleNotFoundError: No module named 'pytest'
[2022-12-13T19:09:32.053+0000] {processor.py:755} WARNING - No viable dags retrieved from /opt/airflow/dags/test/test_forexdag_validation.py
[2022-12-13T19:09:32.080+0000] {processor.py:175} INFO - Processing /opt/airflow/dags/test/test_forexdag_validation.py took 0.183 seconds
[2022-12-13T19:09:52.298+0000] {processor.py:153} INFO - Started process (PID=6623) to work on /opt/airflow/dags/test/test_forexdag_validation.py
[2022-12-13T19:09:52.300+0000] {processor.py:743} INFO - Processing file /opt/airflow/dags/test/test_forexdag_validation.py for tasks to queue
[2022-12-13T19:09:52.301+0000] {logging_mixin.py:137} INFO - [2022-12-13T19:09:52.300+0000] {dagbag.py:538} INFO - Filling up the DagBag from /opt/airflow/dags/test/test_forexdag_validation.py
[2022-12-13T19:09:52.382+0000] {logging_mixin.py:137} INFO - [2022-12-13T19:09:52.374+0000] {dagbag.py:343} ERROR - Failed to import: /opt/airflow/dags/test/test_forexdag_validation.py
Traceback (most recent call last):
  File "/home/airflow/.local/lib/python3.7/site-packages/airflow/models/dagbag.py", line 339, in parse
    loader.exec_module(new_module)
  File "<frozen importlib._bootstrap_external>", line 728, in exec_module
  File "<frozen importlib._bootstrap>", line 219, in _call_with_frames_removed
  File "/opt/airflow/dags/test/test_forexdag_validation.py", line 1, in <module>
    import pytest
ModuleNotFoundError: No module named 'pytest'
[2022-12-13T19:09:52.385+0000] {processor.py:755} WARNING - No viable dags retrieved from /opt/airflow/dags/test/test_forexdag_validation.py
[2022-12-13T19:09:52.406+0000] {processor.py:175} INFO - Processing /opt/airflow/dags/test/test_forexdag_validation.py took 0.110 seconds
[2022-12-13T19:10:22.728+0000] {processor.py:153} INFO - Started process (PID=6687) to work on /opt/airflow/dags/test/test_forexdag_validation.py
[2022-12-13T19:10:22.730+0000] {processor.py:743} INFO - Processing file /opt/airflow/dags/test/test_forexdag_validation.py for tasks to queue
[2022-12-13T19:10:22.732+0000] {logging_mixin.py:137} INFO - [2022-12-13T19:10:22.731+0000] {dagbag.py:538} INFO - Filling up the DagBag from /opt/airflow/dags/test/test_forexdag_validation.py
[2022-12-13T19:10:22.775+0000] {logging_mixin.py:137} INFO - [2022-12-13T19:10:22.767+0000] {dagbag.py:343} ERROR - Failed to import: /opt/airflow/dags/test/test_forexdag_validation.py
Traceback (most recent call last):
  File "/home/airflow/.local/lib/python3.7/site-packages/airflow/models/dagbag.py", line 339, in parse
    loader.exec_module(new_module)
  File "<frozen importlib._bootstrap_external>", line 728, in exec_module
  File "<frozen importlib._bootstrap>", line 219, in _call_with_frames_removed
  File "/opt/airflow/dags/test/test_forexdag_validation.py", line 1, in <module>
    import pytest
ModuleNotFoundError: No module named 'pytest'
[2022-12-13T19:10:22.778+0000] {processor.py:755} WARNING - No viable dags retrieved from /opt/airflow/dags/test/test_forexdag_validation.py
[2022-12-13T19:10:22.796+0000] {processor.py:175} INFO - Processing /opt/airflow/dags/test/test_forexdag_validation.py took 0.070 seconds
[2022-12-13T19:10:53.089+0000] {processor.py:153} INFO - Started process (PID=6739) to work on /opt/airflow/dags/test/test_forexdag_validation.py
[2022-12-13T19:10:53.091+0000] {processor.py:743} INFO - Processing file /opt/airflow/dags/test/test_forexdag_validation.py for tasks to queue
[2022-12-13T19:10:53.092+0000] {logging_mixin.py:137} INFO - [2022-12-13T19:10:53.092+0000] {dagbag.py:538} INFO - Filling up the DagBag from /opt/airflow/dags/test/test_forexdag_validation.py
[2022-12-13T19:10:53.162+0000] {logging_mixin.py:137} INFO - [2022-12-13T19:10:53.133+0000] {dagbag.py:343} ERROR - Failed to import: /opt/airflow/dags/test/test_forexdag_validation.py
Traceback (most recent call last):
  File "/home/airflow/.local/lib/python3.7/site-packages/airflow/models/dagbag.py", line 339, in parse
    loader.exec_module(new_module)
  File "<frozen importlib._bootstrap_external>", line 728, in exec_module
  File "<frozen importlib._bootstrap>", line 219, in _call_with_frames_removed
  File "/opt/airflow/dags/test/test_forexdag_validation.py", line 1, in <module>
    import pytest
ModuleNotFoundError: No module named 'pytest'
[2022-12-13T19:10:53.167+0000] {processor.py:755} WARNING - No viable dags retrieved from /opt/airflow/dags/test/test_forexdag_validation.py
[2022-12-13T19:10:53.199+0000] {processor.py:175} INFO - Processing /opt/airflow/dags/test/test_forexdag_validation.py took 0.113 seconds
[2022-12-13T19:11:23.494+0000] {processor.py:153} INFO - Started process (PID=6793) to work on /opt/airflow/dags/test/test_forexdag_validation.py
[2022-12-13T19:11:23.495+0000] {processor.py:743} INFO - Processing file /opt/airflow/dags/test/test_forexdag_validation.py for tasks to queue
[2022-12-13T19:11:23.497+0000] {logging_mixin.py:137} INFO - [2022-12-13T19:11:23.496+0000] {dagbag.py:538} INFO - Filling up the DagBag from /opt/airflow/dags/test/test_forexdag_validation.py
[2022-12-13T19:11:23.531+0000] {logging_mixin.py:137} INFO - [2022-12-13T19:11:23.525+0000] {dagbag.py:343} ERROR - Failed to import: /opt/airflow/dags/test/test_forexdag_validation.py
Traceback (most recent call last):
  File "/home/airflow/.local/lib/python3.7/site-packages/airflow/models/dagbag.py", line 339, in parse
    loader.exec_module(new_module)
  File "<frozen importlib._bootstrap_external>", line 728, in exec_module
  File "<frozen importlib._bootstrap>", line 219, in _call_with_frames_removed
  File "/opt/airflow/dags/test/test_forexdag_validation.py", line 1, in <module>
    import pytest
ModuleNotFoundError: No module named 'pytest'
[2022-12-13T19:11:23.534+0000] {processor.py:755} WARNING - No viable dags retrieved from /opt/airflow/dags/test/test_forexdag_validation.py
[2022-12-13T19:11:23.554+0000] {processor.py:175} INFO - Processing /opt/airflow/dags/test/test_forexdag_validation.py took 0.063 seconds
[2022-12-13T19:11:53.850+0000] {processor.py:153} INFO - Started process (PID=6856) to work on /opt/airflow/dags/test/test_forexdag_validation.py
[2022-12-13T19:11:53.852+0000] {processor.py:743} INFO - Processing file /opt/airflow/dags/test/test_forexdag_validation.py for tasks to queue
[2022-12-13T19:11:53.853+0000] {logging_mixin.py:137} INFO - [2022-12-13T19:11:53.853+0000] {dagbag.py:538} INFO - Filling up the DagBag from /opt/airflow/dags/test/test_forexdag_validation.py
[2022-12-13T19:11:53.900+0000] {logging_mixin.py:137} INFO - [2022-12-13T19:11:53.893+0000] {dagbag.py:343} ERROR - Failed to import: /opt/airflow/dags/test/test_forexdag_validation.py
Traceback (most recent call last):
  File "/home/airflow/.local/lib/python3.7/site-packages/airflow/models/dagbag.py", line 339, in parse
    loader.exec_module(new_module)
  File "<frozen importlib._bootstrap_external>", line 728, in exec_module
  File "<frozen importlib._bootstrap>", line 219, in _call_with_frames_removed
  File "/opt/airflow/dags/test/test_forexdag_validation.py", line 1, in <module>
    import pytest
ModuleNotFoundError: No module named 'pytest'
[2022-12-13T19:11:53.903+0000] {processor.py:755} WARNING - No viable dags retrieved from /opt/airflow/dags/test/test_forexdag_validation.py
[2022-12-13T19:11:53.925+0000] {processor.py:175} INFO - Processing /opt/airflow/dags/test/test_forexdag_validation.py took 0.078 seconds
[2022-12-13T19:12:24.485+0000] {processor.py:153} INFO - Started process (PID=6900) to work on /opt/airflow/dags/test/test_forexdag_validation.py
[2022-12-13T19:12:24.487+0000] {processor.py:743} INFO - Processing file /opt/airflow/dags/test/test_forexdag_validation.py for tasks to queue
[2022-12-13T19:12:24.488+0000] {logging_mixin.py:137} INFO - [2022-12-13T19:12:24.488+0000] {dagbag.py:538} INFO - Filling up the DagBag from /opt/airflow/dags/test/test_forexdag_validation.py
[2022-12-13T19:12:24.520+0000] {logging_mixin.py:137} INFO - [2022-12-13T19:12:24.515+0000] {dagbag.py:343} ERROR - Failed to import: /opt/airflow/dags/test/test_forexdag_validation.py
Traceback (most recent call last):
  File "/home/airflow/.local/lib/python3.7/site-packages/airflow/models/dagbag.py", line 339, in parse
    loader.exec_module(new_module)
  File "<frozen importlib._bootstrap_external>", line 728, in exec_module
  File "<frozen importlib._bootstrap>", line 219, in _call_with_frames_removed
  File "/opt/airflow/dags/test/test_forexdag_validation.py", line 1, in <module>
    import pytest
ModuleNotFoundError: No module named 'pytest'
[2022-12-13T19:12:24.522+0000] {processor.py:755} WARNING - No viable dags retrieved from /opt/airflow/dags/test/test_forexdag_validation.py
[2022-12-13T19:12:24.541+0000] {processor.py:175} INFO - Processing /opt/airflow/dags/test/test_forexdag_validation.py took 0.059 seconds
[2022-12-13T19:12:54.836+0000] {processor.py:153} INFO - Started process (PID=6963) to work on /opt/airflow/dags/test/test_forexdag_validation.py
[2022-12-13T19:12:54.838+0000] {processor.py:743} INFO - Processing file /opt/airflow/dags/test/test_forexdag_validation.py for tasks to queue
[2022-12-13T19:12:54.839+0000] {logging_mixin.py:137} INFO - [2022-12-13T19:12:54.838+0000] {dagbag.py:538} INFO - Filling up the DagBag from /opt/airflow/dags/test/test_forexdag_validation.py
[2022-12-13T19:12:54.875+0000] {logging_mixin.py:137} INFO - [2022-12-13T19:12:54.869+0000] {dagbag.py:343} ERROR - Failed to import: /opt/airflow/dags/test/test_forexdag_validation.py
Traceback (most recent call last):
  File "/home/airflow/.local/lib/python3.7/site-packages/airflow/models/dagbag.py", line 339, in parse
    loader.exec_module(new_module)
  File "<frozen importlib._bootstrap_external>", line 728, in exec_module
  File "<frozen importlib._bootstrap>", line 219, in _call_with_frames_removed
  File "/opt/airflow/dags/test/test_forexdag_validation.py", line 1, in <module>
    import pytest
ModuleNotFoundError: No module named 'pytest'
[2022-12-13T19:12:54.878+0000] {processor.py:755} WARNING - No viable dags retrieved from /opt/airflow/dags/test/test_forexdag_validation.py
[2022-12-13T19:12:54.897+0000] {processor.py:175} INFO - Processing /opt/airflow/dags/test/test_forexdag_validation.py took 0.064 seconds
[2022-12-13T19:13:25.226+0000] {processor.py:153} INFO - Started process (PID=7010) to work on /opt/airflow/dags/test/test_forexdag_validation.py
[2022-12-13T19:13:25.228+0000] {processor.py:743} INFO - Processing file /opt/airflow/dags/test/test_forexdag_validation.py for tasks to queue
[2022-12-13T19:13:25.229+0000] {logging_mixin.py:137} INFO - [2022-12-13T19:13:25.229+0000] {dagbag.py:538} INFO - Filling up the DagBag from /opt/airflow/dags/test/test_forexdag_validation.py
[2022-12-13T19:13:25.276+0000] {logging_mixin.py:137} INFO - [2022-12-13T19:13:25.271+0000] {dagbag.py:343} ERROR - Failed to import: /opt/airflow/dags/test/test_forexdag_validation.py
Traceback (most recent call last):
  File "/home/airflow/.local/lib/python3.7/site-packages/airflow/models/dagbag.py", line 339, in parse
    loader.exec_module(new_module)
  File "<frozen importlib._bootstrap_external>", line 728, in exec_module
  File "<frozen importlib._bootstrap>", line 219, in _call_with_frames_removed
  File "/opt/airflow/dags/test/test_forexdag_validation.py", line 1, in <module>
    import pytest
ModuleNotFoundError: No module named 'pytest'
[2022-12-13T19:13:25.279+0000] {processor.py:755} WARNING - No viable dags retrieved from /opt/airflow/dags/test/test_forexdag_validation.py
[2022-12-13T19:13:25.297+0000] {processor.py:175} INFO - Processing /opt/airflow/dags/test/test_forexdag_validation.py took 0.073 seconds
[2022-12-13T19:13:55.603+0000] {processor.py:153} INFO - Started process (PID=7073) to work on /opt/airflow/dags/test/test_forexdag_validation.py
[2022-12-13T19:13:55.605+0000] {processor.py:743} INFO - Processing file /opt/airflow/dags/test/test_forexdag_validation.py for tasks to queue
[2022-12-13T19:13:55.606+0000] {logging_mixin.py:137} INFO - [2022-12-13T19:13:55.606+0000] {dagbag.py:538} INFO - Filling up the DagBag from /opt/airflow/dags/test/test_forexdag_validation.py
[2022-12-13T19:13:55.644+0000] {logging_mixin.py:137} INFO - [2022-12-13T19:13:55.637+0000] {dagbag.py:343} ERROR - Failed to import: /opt/airflow/dags/test/test_forexdag_validation.py
Traceback (most recent call last):
  File "/home/airflow/.local/lib/python3.7/site-packages/airflow/models/dagbag.py", line 339, in parse
    loader.exec_module(new_module)
  File "<frozen importlib._bootstrap_external>", line 728, in exec_module
  File "<frozen importlib._bootstrap>", line 219, in _call_with_frames_removed
  File "/opt/airflow/dags/test/test_forexdag_validation.py", line 1, in <module>
    import pytest
ModuleNotFoundError: No module named 'pytest'
[2022-12-13T19:13:55.647+0000] {processor.py:755} WARNING - No viable dags retrieved from /opt/airflow/dags/test/test_forexdag_validation.py
[2022-12-13T19:13:55.667+0000] {processor.py:175} INFO - Processing /opt/airflow/dags/test/test_forexdag_validation.py took 0.066 seconds
