[2022-12-13T22:28:40.947+0000] {processor.py:153} INFO - Started process (PID=1081) to work on /opt/airflow/dags/test/test_forexdag_definition.py
[2022-12-13T22:28:40.952+0000] {processor.py:743} INFO - Processing file /opt/airflow/dags/test/test_forexdag_definition.py for tasks to queue
[2022-12-13T22:28:40.953+0000] {logging_mixin.py:137} INFO - [2022-12-13T22:28:40.953+0000] {dagbag.py:538} INFO - Filling up the DagBag from /opt/airflow/dags/test/test_forexdag_definition.py
[2022-12-13T22:28:41.121+0000] {logging_mixin.py:137} INFO - [2022-12-13T22:28:41.109+0000] {dagbag.py:343} ERROR - Failed to import: /opt/airflow/dags/test/test_forexdag_definition.py
Traceback (most recent call last):
  File "/home/airflow/.local/lib/python3.7/site-packages/airflow/models/dagbag.py", line 339, in parse
    loader.exec_module(new_module)
  File "<frozen importlib._bootstrap_external>", line 728, in exec_module
  File "<frozen importlib._bootstrap>", line 219, in _call_with_frames_removed
  File "/opt/airflow/dags/test/test_forexdag_definition.py", line 1, in <module>
    import pytest
ModuleNotFoundError: No module named 'pytest'
[2022-12-13T22:28:41.126+0000] {processor.py:755} WARNING - No viable dags retrieved from /opt/airflow/dags/test/test_forexdag_definition.py
[2022-12-13T22:28:41.214+0000] {processor.py:175} INFO - Processing /opt/airflow/dags/test/test_forexdag_definition.py took 0.269 seconds
[2022-12-13T22:29:11.522+0000] {processor.py:153} INFO - Started process (PID=1125) to work on /opt/airflow/dags/test/test_forexdag_definition.py
[2022-12-13T22:29:11.524+0000] {processor.py:743} INFO - Processing file /opt/airflow/dags/test/test_forexdag_definition.py for tasks to queue
[2022-12-13T22:29:11.526+0000] {logging_mixin.py:137} INFO - [2022-12-13T22:29:11.526+0000] {dagbag.py:538} INFO - Filling up the DagBag from /opt/airflow/dags/test/test_forexdag_definition.py
[2022-12-13T22:29:11.570+0000] {logging_mixin.py:137} INFO - [2022-12-13T22:29:11.562+0000] {dagbag.py:343} ERROR - Failed to import: /opt/airflow/dags/test/test_forexdag_definition.py
Traceback (most recent call last):
  File "/home/airflow/.local/lib/python3.7/site-packages/airflow/models/dagbag.py", line 339, in parse
    loader.exec_module(new_module)
  File "<frozen importlib._bootstrap_external>", line 728, in exec_module
  File "<frozen importlib._bootstrap>", line 219, in _call_with_frames_removed
  File "/opt/airflow/dags/test/test_forexdag_definition.py", line 1, in <module>
    import pytest
ModuleNotFoundError: No module named 'pytest'
[2022-12-13T22:29:11.574+0000] {processor.py:755} WARNING - No viable dags retrieved from /opt/airflow/dags/test/test_forexdag_definition.py
[2022-12-13T22:29:11.628+0000] {processor.py:175} INFO - Processing /opt/airflow/dags/test/test_forexdag_definition.py took 0.109 seconds
[2022-12-13T22:29:41.944+0000] {processor.py:153} INFO - Started process (PID=1169) to work on /opt/airflow/dags/test/test_forexdag_definition.py
[2022-12-13T22:29:41.950+0000] {processor.py:743} INFO - Processing file /opt/airflow/dags/test/test_forexdag_definition.py for tasks to queue
[2022-12-13T22:29:41.952+0000] {logging_mixin.py:137} INFO - [2022-12-13T22:29:41.952+0000] {dagbag.py:538} INFO - Filling up the DagBag from /opt/airflow/dags/test/test_forexdag_definition.py
[2022-12-13T22:29:42.076+0000] {logging_mixin.py:137} INFO - [2022-12-13T22:29:42.059+0000] {dagbag.py:343} ERROR - Failed to import: /opt/airflow/dags/test/test_forexdag_definition.py
Traceback (most recent call last):
  File "/home/airflow/.local/lib/python3.7/site-packages/airflow/models/dagbag.py", line 339, in parse
    loader.exec_module(new_module)
  File "<frozen importlib._bootstrap_external>", line 728, in exec_module
  File "<frozen importlib._bootstrap>", line 219, in _call_with_frames_removed
  File "/opt/airflow/dags/test/test_forexdag_definition.py", line 1, in <module>
    import pytest
ModuleNotFoundError: No module named 'pytest'
[2022-12-13T22:29:42.081+0000] {processor.py:755} WARNING - No viable dags retrieved from /opt/airflow/dags/test/test_forexdag_definition.py
[2022-12-13T22:29:42.104+0000] {processor.py:175} INFO - Processing /opt/airflow/dags/test/test_forexdag_definition.py took 0.163 seconds
[2022-12-13T22:30:12.411+0000] {processor.py:153} INFO - Started process (PID=1233) to work on /opt/airflow/dags/test/test_forexdag_definition.py
[2022-12-13T22:30:12.414+0000] {processor.py:743} INFO - Processing file /opt/airflow/dags/test/test_forexdag_definition.py for tasks to queue
[2022-12-13T22:30:12.415+0000] {logging_mixin.py:137} INFO - [2022-12-13T22:30:12.415+0000] {dagbag.py:538} INFO - Filling up the DagBag from /opt/airflow/dags/test/test_forexdag_definition.py
[2022-12-13T22:30:12.468+0000] {logging_mixin.py:137} INFO - [2022-12-13T22:30:12.460+0000] {dagbag.py:343} ERROR - Failed to import: /opt/airflow/dags/test/test_forexdag_definition.py
Traceback (most recent call last):
  File "/home/airflow/.local/lib/python3.7/site-packages/airflow/models/dagbag.py", line 339, in parse
    loader.exec_module(new_module)
  File "<frozen importlib._bootstrap_external>", line 728, in exec_module
  File "<frozen importlib._bootstrap>", line 219, in _call_with_frames_removed
  File "/opt/airflow/dags/test/test_forexdag_definition.py", line 1, in <module>
    import pytest
ModuleNotFoundError: No module named 'pytest'
[2022-12-13T22:30:12.471+0000] {processor.py:755} WARNING - No viable dags retrieved from /opt/airflow/dags/test/test_forexdag_definition.py
[2022-12-13T22:30:12.491+0000] {processor.py:175} INFO - Processing /opt/airflow/dags/test/test_forexdag_definition.py took 0.082 seconds
[2022-12-13T22:30:42.590+0000] {processor.py:153} INFO - Started process (PID=1278) to work on /opt/airflow/dags/test/test_forexdag_definition.py
[2022-12-13T22:30:42.593+0000] {processor.py:743} INFO - Processing file /opt/airflow/dags/test/test_forexdag_definition.py for tasks to queue
[2022-12-13T22:30:42.595+0000] {logging_mixin.py:137} INFO - [2022-12-13T22:30:42.595+0000] {dagbag.py:538} INFO - Filling up the DagBag from /opt/airflow/dags/test/test_forexdag_definition.py
[2022-12-13T22:30:42.638+0000] {logging_mixin.py:137} INFO - [2022-12-13T22:30:42.629+0000] {dagbag.py:343} ERROR - Failed to import: /opt/airflow/dags/test/test_forexdag_definition.py
Traceback (most recent call last):
  File "/home/airflow/.local/lib/python3.7/site-packages/airflow/models/dagbag.py", line 339, in parse
    loader.exec_module(new_module)
  File "<frozen importlib._bootstrap_external>", line 728, in exec_module
  File "<frozen importlib._bootstrap>", line 219, in _call_with_frames_removed
  File "/opt/airflow/dags/test/test_forexdag_definition.py", line 1, in <module>
    import pytest
ModuleNotFoundError: No module named 'pytest'
[2022-12-13T22:30:42.642+0000] {processor.py:755} WARNING - No viable dags retrieved from /opt/airflow/dags/test/test_forexdag_definition.py
[2022-12-13T22:30:42.661+0000] {processor.py:175} INFO - Processing /opt/airflow/dags/test/test_forexdag_definition.py took 0.073 seconds
[2022-12-13T22:31:12.780+0000] {processor.py:153} INFO - Started process (PID=1343) to work on /opt/airflow/dags/test/test_forexdag_definition.py
[2022-12-13T22:31:12.782+0000] {processor.py:743} INFO - Processing file /opt/airflow/dags/test/test_forexdag_definition.py for tasks to queue
[2022-12-13T22:31:12.784+0000] {logging_mixin.py:137} INFO - [2022-12-13T22:31:12.784+0000] {dagbag.py:538} INFO - Filling up the DagBag from /opt/airflow/dags/test/test_forexdag_definition.py
[2022-12-13T22:31:12.899+0000] {logging_mixin.py:137} INFO - [2022-12-13T22:31:12.877+0000] {dagbag.py:343} ERROR - Failed to import: /opt/airflow/dags/test/test_forexdag_definition.py
Traceback (most recent call last):
  File "/home/airflow/.local/lib/python3.7/site-packages/airflow/models/dagbag.py", line 339, in parse
    loader.exec_module(new_module)
  File "<frozen importlib._bootstrap_external>", line 728, in exec_module
  File "<frozen importlib._bootstrap>", line 219, in _call_with_frames_removed
  File "/opt/airflow/dags/test/test_forexdag_definition.py", line 1, in <module>
    import pytest
ModuleNotFoundError: No module named 'pytest'
[2022-12-13T22:31:12.908+0000] {processor.py:755} WARNING - No viable dags retrieved from /opt/airflow/dags/test/test_forexdag_definition.py
[2022-12-13T22:31:12.928+0000] {processor.py:175} INFO - Processing /opt/airflow/dags/test/test_forexdag_definition.py took 0.151 seconds
[2022-12-13T22:31:43.084+0000] {processor.py:153} INFO - Started process (PID=1388) to work on /opt/airflow/dags/test/test_forexdag_definition.py
[2022-12-13T22:31:43.086+0000] {processor.py:743} INFO - Processing file /opt/airflow/dags/test/test_forexdag_definition.py for tasks to queue
[2022-12-13T22:31:43.088+0000] {logging_mixin.py:137} INFO - [2022-12-13T22:31:43.087+0000] {dagbag.py:538} INFO - Filling up the DagBag from /opt/airflow/dags/test/test_forexdag_definition.py
[2022-12-13T22:31:43.135+0000] {logging_mixin.py:137} INFO - [2022-12-13T22:31:43.125+0000] {dagbag.py:343} ERROR - Failed to import: /opt/airflow/dags/test/test_forexdag_definition.py
Traceback (most recent call last):
  File "/home/airflow/.local/lib/python3.7/site-packages/airflow/models/dagbag.py", line 339, in parse
    loader.exec_module(new_module)
  File "<frozen importlib._bootstrap_external>", line 728, in exec_module
  File "<frozen importlib._bootstrap>", line 219, in _call_with_frames_removed
  File "/opt/airflow/dags/test/test_forexdag_definition.py", line 1, in <module>
    import pytest
ModuleNotFoundError: No module named 'pytest'
[2022-12-13T22:31:43.139+0000] {processor.py:755} WARNING - No viable dags retrieved from /opt/airflow/dags/test/test_forexdag_definition.py
[2022-12-13T22:31:43.162+0000] {processor.py:175} INFO - Processing /opt/airflow/dags/test/test_forexdag_definition.py took 0.081 seconds
[2022-12-13T22:32:14.019+0000] {processor.py:153} INFO - Started process (PID=1452) to work on /opt/airflow/dags/test/test_forexdag_definition.py
[2022-12-13T22:32:14.023+0000] {processor.py:743} INFO - Processing file /opt/airflow/dags/test/test_forexdag_definition.py for tasks to queue
[2022-12-13T22:32:14.025+0000] {logging_mixin.py:137} INFO - [2022-12-13T22:32:14.024+0000] {dagbag.py:538} INFO - Filling up the DagBag from /opt/airflow/dags/test/test_forexdag_definition.py
[2022-12-13T22:32:14.101+0000] {logging_mixin.py:137} INFO - [2022-12-13T22:32:14.086+0000] {dagbag.py:343} ERROR - Failed to import: /opt/airflow/dags/test/test_forexdag_definition.py
Traceback (most recent call last):
  File "/home/airflow/.local/lib/python3.7/site-packages/airflow/models/dagbag.py", line 339, in parse
    loader.exec_module(new_module)
  File "<frozen importlib._bootstrap_external>", line 728, in exec_module
  File "<frozen importlib._bootstrap>", line 219, in _call_with_frames_removed
  File "/opt/airflow/dags/test/test_forexdag_definition.py", line 1, in <module>
    import pytest
ModuleNotFoundError: No module named 'pytest'
[2022-12-13T22:32:14.107+0000] {processor.py:755} WARNING - No viable dags retrieved from /opt/airflow/dags/test/test_forexdag_definition.py
[2022-12-13T22:32:14.130+0000] {processor.py:175} INFO - Processing /opt/airflow/dags/test/test_forexdag_definition.py took 0.114 seconds
[2022-12-13T22:32:44.808+0000] {processor.py:153} INFO - Started process (PID=1496) to work on /opt/airflow/dags/test/test_forexdag_definition.py
[2022-12-13T22:32:44.812+0000] {processor.py:743} INFO - Processing file /opt/airflow/dags/test/test_forexdag_definition.py for tasks to queue
[2022-12-13T22:32:44.813+0000] {logging_mixin.py:137} INFO - [2022-12-13T22:32:44.813+0000] {dagbag.py:538} INFO - Filling up the DagBag from /opt/airflow/dags/test/test_forexdag_definition.py
[2022-12-13T22:32:44.906+0000] {logging_mixin.py:137} INFO - [2022-12-13T22:32:44.889+0000] {dagbag.py:343} ERROR - Failed to import: /opt/airflow/dags/test/test_forexdag_definition.py
Traceback (most recent call last):
  File "/home/airflow/.local/lib/python3.7/site-packages/airflow/models/dagbag.py", line 339, in parse
    loader.exec_module(new_module)
  File "<frozen importlib._bootstrap_external>", line 728, in exec_module
  File "<frozen importlib._bootstrap>", line 219, in _call_with_frames_removed
  File "/opt/airflow/dags/test/test_forexdag_definition.py", line 1, in <module>
    import pytest
ModuleNotFoundError: No module named 'pytest'
[2022-12-13T22:32:44.908+0000] {processor.py:755} WARNING - No viable dags retrieved from /opt/airflow/dags/test/test_forexdag_definition.py
[2022-12-13T22:32:44.933+0000] {processor.py:175} INFO - Processing /opt/airflow/dags/test/test_forexdag_definition.py took 0.127 seconds
[2022-12-13T22:33:03.139+0000] {processor.py:153} INFO - Started process (PID=1538) to work on /opt/airflow/dags/test/test_forexdag_definition.py
[2022-12-13T22:33:03.142+0000] {processor.py:743} INFO - Processing file /opt/airflow/dags/test/test_forexdag_definition.py for tasks to queue
[2022-12-13T22:33:03.144+0000] {logging_mixin.py:137} INFO - [2022-12-13T22:33:03.143+0000] {dagbag.py:538} INFO - Filling up the DagBag from /opt/airflow/dags/test/test_forexdag_definition.py
[2022-12-13T22:33:03.307+0000] {logging_mixin.py:137} INFO - [2022-12-13T22:33:03.293+0000] {dagbag.py:343} ERROR - Failed to import: /opt/airflow/dags/test/test_forexdag_definition.py
Traceback (most recent call last):
  File "/home/airflow/.local/lib/python3.7/site-packages/airflow/models/dagbag.py", line 339, in parse
    loader.exec_module(new_module)
  File "<frozen importlib._bootstrap_external>", line 728, in exec_module
  File "<frozen importlib._bootstrap>", line 219, in _call_with_frames_removed
  File "/opt/airflow/dags/test/test_forexdag_definition.py", line 1, in <module>
    import pytest
ModuleNotFoundError: No module named 'pytest'
[2022-12-13T22:33:03.313+0000] {processor.py:755} WARNING - No viable dags retrieved from /opt/airflow/dags/test/test_forexdag_definition.py
[2022-12-13T22:33:03.337+0000] {processor.py:175} INFO - Processing /opt/airflow/dags/test/test_forexdag_definition.py took 0.200 seconds
[2022-12-13T22:33:34.046+0000] {processor.py:153} INFO - Started process (PID=1584) to work on /opt/airflow/dags/test/test_forexdag_definition.py
[2022-12-13T22:33:34.050+0000] {processor.py:743} INFO - Processing file /opt/airflow/dags/test/test_forexdag_definition.py for tasks to queue
[2022-12-13T22:33:34.051+0000] {logging_mixin.py:137} INFO - [2022-12-13T22:33:34.051+0000] {dagbag.py:538} INFO - Filling up the DagBag from /opt/airflow/dags/test/test_forexdag_definition.py
[2022-12-13T22:33:34.134+0000] {logging_mixin.py:137} INFO - [2022-12-13T22:33:34.117+0000] {dagbag.py:343} ERROR - Failed to import: /opt/airflow/dags/test/test_forexdag_definition.py
Traceback (most recent call last):
  File "/home/airflow/.local/lib/python3.7/site-packages/airflow/models/dagbag.py", line 339, in parse
    loader.exec_module(new_module)
  File "<frozen importlib._bootstrap_external>", line 728, in exec_module
  File "<frozen importlib._bootstrap>", line 219, in _call_with_frames_removed
  File "/opt/airflow/dags/test/test_forexdag_definition.py", line 1, in <module>
    import pytest
ModuleNotFoundError: No module named 'pytest'
[2022-12-13T22:33:34.139+0000] {processor.py:755} WARNING - No viable dags retrieved from /opt/airflow/dags/test/test_forexdag_definition.py
[2022-12-13T22:33:34.162+0000] {processor.py:175} INFO - Processing /opt/airflow/dags/test/test_forexdag_definition.py took 0.118 seconds
[2022-12-13T22:34:04.991+0000] {processor.py:153} INFO - Started process (PID=1648) to work on /opt/airflow/dags/test/test_forexdag_definition.py
[2022-12-13T22:34:04.995+0000] {processor.py:743} INFO - Processing file /opt/airflow/dags/test/test_forexdag_definition.py for tasks to queue
[2022-12-13T22:34:04.997+0000] {logging_mixin.py:137} INFO - [2022-12-13T22:34:04.996+0000] {dagbag.py:538} INFO - Filling up the DagBag from /opt/airflow/dags/test/test_forexdag_definition.py
[2022-12-13T22:34:05.082+0000] {logging_mixin.py:137} INFO - [2022-12-13T22:34:05.066+0000] {dagbag.py:343} ERROR - Failed to import: /opt/airflow/dags/test/test_forexdag_definition.py
Traceback (most recent call last):
  File "/home/airflow/.local/lib/python3.7/site-packages/airflow/models/dagbag.py", line 339, in parse
    loader.exec_module(new_module)
  File "<frozen importlib._bootstrap_external>", line 728, in exec_module
  File "<frozen importlib._bootstrap>", line 219, in _call_with_frames_removed
  File "/opt/airflow/dags/test/test_forexdag_definition.py", line 1, in <module>
    import pytest
ModuleNotFoundError: No module named 'pytest'
[2022-12-13T22:34:05.088+0000] {processor.py:755} WARNING - No viable dags retrieved from /opt/airflow/dags/test/test_forexdag_definition.py
[2022-12-13T22:34:05.106+0000] {processor.py:175} INFO - Processing /opt/airflow/dags/test/test_forexdag_definition.py took 0.118 seconds
[2022-12-13T22:34:35.579+0000] {processor.py:153} INFO - Started process (PID=1692) to work on /opt/airflow/dags/test/test_forexdag_definition.py
[2022-12-13T22:34:35.582+0000] {processor.py:743} INFO - Processing file /opt/airflow/dags/test/test_forexdag_definition.py for tasks to queue
[2022-12-13T22:34:35.584+0000] {logging_mixin.py:137} INFO - [2022-12-13T22:34:35.584+0000] {dagbag.py:538} INFO - Filling up the DagBag from /opt/airflow/dags/test/test_forexdag_definition.py
[2022-12-13T22:34:35.655+0000] {logging_mixin.py:137} INFO - [2022-12-13T22:34:35.642+0000] {dagbag.py:343} ERROR - Failed to import: /opt/airflow/dags/test/test_forexdag_definition.py
Traceback (most recent call last):
  File "/home/airflow/.local/lib/python3.7/site-packages/airflow/models/dagbag.py", line 339, in parse
    loader.exec_module(new_module)
  File "<frozen importlib._bootstrap_external>", line 728, in exec_module
  File "<frozen importlib._bootstrap>", line 219, in _call_with_frames_removed
  File "/opt/airflow/dags/test/test_forexdag_definition.py", line 1, in <module>
    import pytest
ModuleNotFoundError: No module named 'pytest'
[2022-12-13T22:34:35.660+0000] {processor.py:755} WARNING - No viable dags retrieved from /opt/airflow/dags/test/test_forexdag_definition.py
[2022-12-13T22:34:35.682+0000] {processor.py:175} INFO - Processing /opt/airflow/dags/test/test_forexdag_definition.py took 0.106 seconds
[2022-12-13T22:35:05.934+0000] {processor.py:153} INFO - Started process (PID=1738) to work on /opt/airflow/dags/test/test_forexdag_definition.py
[2022-12-13T22:35:05.939+0000] {processor.py:743} INFO - Processing file /opt/airflow/dags/test/test_forexdag_definition.py for tasks to queue
[2022-12-13T22:35:05.941+0000] {logging_mixin.py:137} INFO - [2022-12-13T22:35:05.941+0000] {dagbag.py:538} INFO - Filling up the DagBag from /opt/airflow/dags/test/test_forexdag_definition.py
[2022-12-13T22:35:06.048+0000] {logging_mixin.py:137} INFO - [2022-12-13T22:35:06.027+0000] {dagbag.py:343} ERROR - Failed to import: /opt/airflow/dags/test/test_forexdag_definition.py
Traceback (most recent call last):
  File "/home/airflow/.local/lib/python3.7/site-packages/airflow/models/dagbag.py", line 339, in parse
    loader.exec_module(new_module)
  File "<frozen importlib._bootstrap_external>", line 728, in exec_module
  File "<frozen importlib._bootstrap>", line 219, in _call_with_frames_removed
  File "/opt/airflow/dags/test/test_forexdag_definition.py", line 1, in <module>
    import pytest
ModuleNotFoundError: No module named 'pytest'
[2022-12-13T22:35:06.052+0000] {processor.py:755} WARNING - No viable dags retrieved from /opt/airflow/dags/test/test_forexdag_definition.py
[2022-12-13T22:35:06.071+0000] {processor.py:175} INFO - Processing /opt/airflow/dags/test/test_forexdag_definition.py took 0.140 seconds
[2022-12-13T22:35:36.381+0000] {processor.py:153} INFO - Started process (PID=1802) to work on /opt/airflow/dags/test/test_forexdag_definition.py
[2022-12-13T22:35:36.384+0000] {processor.py:743} INFO - Processing file /opt/airflow/dags/test/test_forexdag_definition.py for tasks to queue
[2022-12-13T22:35:36.385+0000] {logging_mixin.py:137} INFO - [2022-12-13T22:35:36.385+0000] {dagbag.py:538} INFO - Filling up the DagBag from /opt/airflow/dags/test/test_forexdag_definition.py
[2022-12-13T22:35:36.452+0000] {logging_mixin.py:137} INFO - [2022-12-13T22:35:36.438+0000] {dagbag.py:343} ERROR - Failed to import: /opt/airflow/dags/test/test_forexdag_definition.py
Traceback (most recent call last):
  File "/home/airflow/.local/lib/python3.7/site-packages/airflow/models/dagbag.py", line 339, in parse
    loader.exec_module(new_module)
  File "<frozen importlib._bootstrap_external>", line 728, in exec_module
  File "<frozen importlib._bootstrap>", line 219, in _call_with_frames_removed
  File "/opt/airflow/dags/test/test_forexdag_definition.py", line 1, in <module>
    import pytest
ModuleNotFoundError: No module named 'pytest'
[2022-12-13T22:35:36.458+0000] {processor.py:755} WARNING - No viable dags retrieved from /opt/airflow/dags/test/test_forexdag_definition.py
[2022-12-13T22:35:36.489+0000] {processor.py:175} INFO - Processing /opt/airflow/dags/test/test_forexdag_definition.py took 0.114 seconds
[2022-12-13T22:35:39.609+0000] {processor.py:153} INFO - Started process (PID=1803) to work on /opt/airflow/dags/test/test_forexdag_definition.py
[2022-12-13T22:35:39.611+0000] {processor.py:743} INFO - Processing file /opt/airflow/dags/test/test_forexdag_definition.py for tasks to queue
[2022-12-13T22:35:39.613+0000] {logging_mixin.py:137} INFO - [2022-12-13T22:35:39.613+0000] {dagbag.py:538} INFO - Filling up the DagBag from /opt/airflow/dags/test/test_forexdag_definition.py
[2022-12-13T22:35:39.831+0000] {logging_mixin.py:137} INFO - [2022-12-13T22:35:39.816+0000] {dagbag.py:343} ERROR - Failed to import: /opt/airflow/dags/test/test_forexdag_definition.py
Traceback (most recent call last):
  File "/home/airflow/.local/lib/python3.7/site-packages/airflow/models/dagbag.py", line 339, in parse
    loader.exec_module(new_module)
  File "<frozen importlib._bootstrap_external>", line 728, in exec_module
  File "<frozen importlib._bootstrap>", line 219, in _call_with_frames_removed
  File "/opt/airflow/dags/test/test_forexdag_definition.py", line 1, in <module>
    import pytest
ModuleNotFoundError: No module named 'pytest'
[2022-12-13T22:35:39.834+0000] {processor.py:755} WARNING - No viable dags retrieved from /opt/airflow/dags/test/test_forexdag_definition.py
[2022-12-13T22:35:39.856+0000] {processor.py:175} INFO - Processing /opt/airflow/dags/test/test_forexdag_definition.py took 0.250 seconds
[2022-12-13T22:35:40.966+0000] {processor.py:153} INFO - Started process (PID=1806) to work on /opt/airflow/dags/test/test_forexdag_definition.py
[2022-12-13T22:35:40.970+0000] {processor.py:743} INFO - Processing file /opt/airflow/dags/test/test_forexdag_definition.py for tasks to queue
[2022-12-13T22:35:40.971+0000] {logging_mixin.py:137} INFO - [2022-12-13T22:35:40.971+0000] {dagbag.py:538} INFO - Filling up the DagBag from /opt/airflow/dags/test/test_forexdag_definition.py
[2022-12-13T22:35:41.225+0000] {logging_mixin.py:137} INFO - [2022-12-13T22:35:41.205+0000] {dagbag.py:343} ERROR - Failed to import: /opt/airflow/dags/test/test_forexdag_definition.py
Traceback (most recent call last):
  File "/home/airflow/.local/lib/python3.7/site-packages/airflow/models/dagbag.py", line 339, in parse
    loader.exec_module(new_module)
  File "<frozen importlib._bootstrap_external>", line 728, in exec_module
  File "<frozen importlib._bootstrap>", line 219, in _call_with_frames_removed
  File "/opt/airflow/dags/test/test_forexdag_definition.py", line 1, in <module>
    import pytest
ModuleNotFoundError: No module named 'pytest'
[2022-12-13T22:35:41.232+0000] {processor.py:755} WARNING - No viable dags retrieved from /opt/airflow/dags/test/test_forexdag_definition.py
[2022-12-13T22:35:41.261+0000] {processor.py:175} INFO - Processing /opt/airflow/dags/test/test_forexdag_definition.py took 0.298 seconds
[2022-12-13T22:36:11.636+0000] {processor.py:153} INFO - Started process (PID=1871) to work on /opt/airflow/dags/test/test_forexdag_definition.py
[2022-12-13T22:36:11.641+0000] {processor.py:743} INFO - Processing file /opt/airflow/dags/test/test_forexdag_definition.py for tasks to queue
[2022-12-13T22:36:11.643+0000] {logging_mixin.py:137} INFO - [2022-12-13T22:36:11.642+0000] {dagbag.py:538} INFO - Filling up the DagBag from /opt/airflow/dags/test/test_forexdag_definition.py
[2022-12-13T22:36:11.729+0000] {logging_mixin.py:137} INFO - [2022-12-13T22:36:11.713+0000] {dagbag.py:343} ERROR - Failed to import: /opt/airflow/dags/test/test_forexdag_definition.py
Traceback (most recent call last):
  File "/home/airflow/.local/lib/python3.7/site-packages/airflow/models/dagbag.py", line 339, in parse
    loader.exec_module(new_module)
  File "<frozen importlib._bootstrap_external>", line 728, in exec_module
  File "<frozen importlib._bootstrap>", line 219, in _call_with_frames_removed
  File "/opt/airflow/dags/test/test_forexdag_definition.py", line 1, in <module>
    import pytest
ModuleNotFoundError: No module named 'pytest'
[2022-12-13T22:36:11.735+0000] {processor.py:755} WARNING - No viable dags retrieved from /opt/airflow/dags/test/test_forexdag_definition.py
[2022-12-13T22:36:11.759+0000] {processor.py:175} INFO - Processing /opt/airflow/dags/test/test_forexdag_definition.py took 0.126 seconds
[2022-12-13T22:36:42.346+0000] {processor.py:153} INFO - Started process (PID=1913) to work on /opt/airflow/dags/test/test_forexdag_definition.py
[2022-12-13T22:36:42.348+0000] {processor.py:743} INFO - Processing file /opt/airflow/dags/test/test_forexdag_definition.py for tasks to queue
[2022-12-13T22:36:42.349+0000] {logging_mixin.py:137} INFO - [2022-12-13T22:36:42.349+0000] {dagbag.py:538} INFO - Filling up the DagBag from /opt/airflow/dags/test/test_forexdag_definition.py
[2022-12-13T22:36:42.389+0000] {logging_mixin.py:137} INFO - [2022-12-13T22:36:42.382+0000] {dagbag.py:343} ERROR - Failed to import: /opt/airflow/dags/test/test_forexdag_definition.py
Traceback (most recent call last):
  File "/home/airflow/.local/lib/python3.7/site-packages/airflow/models/dagbag.py", line 339, in parse
    loader.exec_module(new_module)
  File "<frozen importlib._bootstrap_external>", line 728, in exec_module
  File "<frozen importlib._bootstrap>", line 219, in _call_with_frames_removed
  File "/opt/airflow/dags/test/test_forexdag_definition.py", line 1, in <module>
    import pytest
ModuleNotFoundError: No module named 'pytest'
[2022-12-13T22:36:42.392+0000] {processor.py:755} WARNING - No viable dags retrieved from /opt/airflow/dags/test/test_forexdag_definition.py
[2022-12-13T22:36:42.414+0000] {processor.py:175} INFO - Processing /opt/airflow/dags/test/test_forexdag_definition.py took 0.071 seconds
[2022-12-13T22:37:13.069+0000] {processor.py:153} INFO - Started process (PID=1976) to work on /opt/airflow/dags/test/test_forexdag_definition.py
[2022-12-13T22:37:13.071+0000] {processor.py:743} INFO - Processing file /opt/airflow/dags/test/test_forexdag_definition.py for tasks to queue
[2022-12-13T22:37:13.072+0000] {logging_mixin.py:137} INFO - [2022-12-13T22:37:13.072+0000] {dagbag.py:538} INFO - Filling up the DagBag from /opt/airflow/dags/test/test_forexdag_definition.py
[2022-12-13T22:37:13.129+0000] {logging_mixin.py:137} INFO - [2022-12-13T22:37:13.117+0000] {dagbag.py:343} ERROR - Failed to import: /opt/airflow/dags/test/test_forexdag_definition.py
Traceback (most recent call last):
  File "/home/airflow/.local/lib/python3.7/site-packages/airflow/models/dagbag.py", line 339, in parse
    loader.exec_module(new_module)
  File "<frozen importlib._bootstrap_external>", line 728, in exec_module
  File "<frozen importlib._bootstrap>", line 219, in _call_with_frames_removed
  File "/opt/airflow/dags/test/test_forexdag_definition.py", line 1, in <module>
    import pytest
ModuleNotFoundError: No module named 'pytest'
[2022-12-13T22:37:13.133+0000] {processor.py:755} WARNING - No viable dags retrieved from /opt/airflow/dags/test/test_forexdag_definition.py
[2022-12-13T22:37:13.181+0000] {processor.py:175} INFO - Processing /opt/airflow/dags/test/test_forexdag_definition.py took 0.118 seconds
[2022-12-13T22:37:43.856+0000] {processor.py:153} INFO - Started process (PID=2020) to work on /opt/airflow/dags/test/test_forexdag_definition.py
[2022-12-13T22:37:43.859+0000] {processor.py:743} INFO - Processing file /opt/airflow/dags/test/test_forexdag_definition.py for tasks to queue
[2022-12-13T22:37:43.860+0000] {logging_mixin.py:137} INFO - [2022-12-13T22:37:43.860+0000] {dagbag.py:538} INFO - Filling up the DagBag from /opt/airflow/dags/test/test_forexdag_definition.py
[2022-12-13T22:37:43.911+0000] {logging_mixin.py:137} INFO - [2022-12-13T22:37:43.902+0000] {dagbag.py:343} ERROR - Failed to import: /opt/airflow/dags/test/test_forexdag_definition.py
Traceback (most recent call last):
  File "/home/airflow/.local/lib/python3.7/site-packages/airflow/models/dagbag.py", line 339, in parse
    loader.exec_module(new_module)
  File "<frozen importlib._bootstrap_external>", line 728, in exec_module
  File "<frozen importlib._bootstrap>", line 219, in _call_with_frames_removed
  File "/opt/airflow/dags/test/test_forexdag_definition.py", line 1, in <module>
    import pytest
ModuleNotFoundError: No module named 'pytest'
[2022-12-13T22:37:43.914+0000] {processor.py:755} WARNING - No viable dags retrieved from /opt/airflow/dags/test/test_forexdag_definition.py
[2022-12-13T22:37:43.931+0000] {processor.py:175} INFO - Processing /opt/airflow/dags/test/test_forexdag_definition.py took 0.078 seconds
[2022-12-13T22:38:14.492+0000] {processor.py:153} INFO - Started process (PID=2073) to work on /opt/airflow/dags/test/test_forexdag_definition.py
[2022-12-13T22:38:14.496+0000] {processor.py:743} INFO - Processing file /opt/airflow/dags/test/test_forexdag_definition.py for tasks to queue
[2022-12-13T22:38:14.497+0000] {logging_mixin.py:137} INFO - [2022-12-13T22:38:14.497+0000] {dagbag.py:538} INFO - Filling up the DagBag from /opt/airflow/dags/test/test_forexdag_definition.py
[2022-12-13T22:38:14.572+0000] {logging_mixin.py:137} INFO - [2022-12-13T22:38:14.566+0000] {dagbag.py:343} ERROR - Failed to import: /opt/airflow/dags/test/test_forexdag_definition.py
Traceback (most recent call last):
  File "/home/airflow/.local/lib/python3.7/site-packages/airflow/models/dagbag.py", line 339, in parse
    loader.exec_module(new_module)
  File "<frozen importlib._bootstrap_external>", line 728, in exec_module
  File "<frozen importlib._bootstrap>", line 219, in _call_with_frames_removed
  File "/opt/airflow/dags/test/test_forexdag_definition.py", line 1, in <module>
    import pytest
ModuleNotFoundError: No module named 'pytest'
[2022-12-13T22:38:14.582+0000] {processor.py:755} WARNING - No viable dags retrieved from /opt/airflow/dags/test/test_forexdag_definition.py
[2022-12-13T22:38:14.627+0000] {processor.py:175} INFO - Processing /opt/airflow/dags/test/test_forexdag_definition.py took 0.139 seconds
[2022-12-13T22:38:44.937+0000] {processor.py:153} INFO - Started process (PID=2129) to work on /opt/airflow/dags/test/test_forexdag_definition.py
[2022-12-13T22:38:44.940+0000] {processor.py:743} INFO - Processing file /opt/airflow/dags/test/test_forexdag_definition.py for tasks to queue
[2022-12-13T22:38:44.941+0000] {logging_mixin.py:137} INFO - [2022-12-13T22:38:44.941+0000] {dagbag.py:538} INFO - Filling up the DagBag from /opt/airflow/dags/test/test_forexdag_definition.py
[2022-12-13T22:38:44.981+0000] {logging_mixin.py:137} INFO - [2022-12-13T22:38:44.971+0000] {dagbag.py:343} ERROR - Failed to import: /opt/airflow/dags/test/test_forexdag_definition.py
Traceback (most recent call last):
  File "/home/airflow/.local/lib/python3.7/site-packages/airflow/models/dagbag.py", line 339, in parse
    loader.exec_module(new_module)
  File "<frozen importlib._bootstrap_external>", line 728, in exec_module
  File "<frozen importlib._bootstrap>", line 219, in _call_with_frames_removed
  File "/opt/airflow/dags/test/test_forexdag_definition.py", line 1, in <module>
    import pytest
ModuleNotFoundError: No module named 'pytest'
[2022-12-13T22:38:44.986+0000] {processor.py:755} WARNING - No viable dags retrieved from /opt/airflow/dags/test/test_forexdag_definition.py
[2022-12-13T22:38:45.005+0000] {processor.py:175} INFO - Processing /opt/airflow/dags/test/test_forexdag_definition.py took 0.070 seconds
[2022-12-13T22:39:15.269+0000] {processor.py:153} INFO - Started process (PID=2173) to work on /opt/airflow/dags/test/test_forexdag_definition.py
[2022-12-13T22:39:15.273+0000] {processor.py:743} INFO - Processing file /opt/airflow/dags/test/test_forexdag_definition.py for tasks to queue
[2022-12-13T22:39:15.274+0000] {logging_mixin.py:137} INFO - [2022-12-13T22:39:15.274+0000] {dagbag.py:538} INFO - Filling up the DagBag from /opt/airflow/dags/test/test_forexdag_definition.py
[2022-12-13T22:39:15.359+0000] {logging_mixin.py:137} INFO - [2022-12-13T22:39:15.343+0000] {dagbag.py:343} ERROR - Failed to import: /opt/airflow/dags/test/test_forexdag_definition.py
Traceback (most recent call last):
  File "/home/airflow/.local/lib/python3.7/site-packages/airflow/models/dagbag.py", line 339, in parse
    loader.exec_module(new_module)
  File "<frozen importlib._bootstrap_external>", line 728, in exec_module
  File "<frozen importlib._bootstrap>", line 219, in _call_with_frames_removed
  File "/opt/airflow/dags/test/test_forexdag_definition.py", line 1, in <module>
    import pytest
ModuleNotFoundError: No module named 'pytest'
[2022-12-13T22:39:15.365+0000] {processor.py:755} WARNING - No viable dags retrieved from /opt/airflow/dags/test/test_forexdag_definition.py
[2022-12-13T22:39:15.386+0000] {processor.py:175} INFO - Processing /opt/airflow/dags/test/test_forexdag_definition.py took 0.120 seconds
[2022-12-13T22:39:38.885+0000] {processor.py:153} INFO - Started process (PID=2215) to work on /opt/airflow/dags/test/test_forexdag_definition.py
[2022-12-13T22:39:38.887+0000] {processor.py:743} INFO - Processing file /opt/airflow/dags/test/test_forexdag_definition.py for tasks to queue
[2022-12-13T22:39:38.889+0000] {logging_mixin.py:137} INFO - [2022-12-13T22:39:38.888+0000] {dagbag.py:538} INFO - Filling up the DagBag from /opt/airflow/dags/test/test_forexdag_definition.py
[2022-12-13T22:39:38.998+0000] {logging_mixin.py:137} INFO - [2022-12-13T22:39:38.989+0000] {dagbag.py:343} ERROR - Failed to import: /opt/airflow/dags/test/test_forexdag_definition.py
Traceback (most recent call last):
  File "/home/airflow/.local/lib/python3.7/site-packages/airflow/models/dagbag.py", line 339, in parse
    loader.exec_module(new_module)
  File "<frozen importlib._bootstrap_external>", line 728, in exec_module
  File "<frozen importlib._bootstrap>", line 219, in _call_with_frames_removed
  File "/opt/airflow/dags/test/test_forexdag_definition.py", line 1, in <module>
    import pytest
ModuleNotFoundError: No module named 'pytest'
[2022-12-13T22:39:39.002+0000] {processor.py:755} WARNING - No viable dags retrieved from /opt/airflow/dags/test/test_forexdag_definition.py
[2022-12-13T22:39:39.021+0000] {processor.py:175} INFO - Processing /opt/airflow/dags/test/test_forexdag_definition.py took 0.139 seconds
[2022-12-13T22:40:09.357+0000] {processor.py:153} INFO - Started process (PID=2280) to work on /opt/airflow/dags/test/test_forexdag_definition.py
[2022-12-13T22:40:09.361+0000] {processor.py:743} INFO - Processing file /opt/airflow/dags/test/test_forexdag_definition.py for tasks to queue
[2022-12-13T22:40:09.363+0000] {logging_mixin.py:137} INFO - [2022-12-13T22:40:09.362+0000] {dagbag.py:538} INFO - Filling up the DagBag from /opt/airflow/dags/test/test_forexdag_definition.py
[2022-12-13T22:40:09.429+0000] {logging_mixin.py:137} INFO - [2022-12-13T22:40:09.416+0000] {dagbag.py:343} ERROR - Failed to import: /opt/airflow/dags/test/test_forexdag_definition.py
Traceback (most recent call last):
  File "/home/airflow/.local/lib/python3.7/site-packages/airflow/models/dagbag.py", line 339, in parse
    loader.exec_module(new_module)
  File "<frozen importlib._bootstrap_external>", line 728, in exec_module
  File "<frozen importlib._bootstrap>", line 219, in _call_with_frames_removed
  File "/opt/airflow/dags/test/test_forexdag_definition.py", line 1, in <module>
    import pytest
ModuleNotFoundError: No module named 'pytest'
[2022-12-13T22:40:09.435+0000] {processor.py:755} WARNING - No viable dags retrieved from /opt/airflow/dags/test/test_forexdag_definition.py
[2022-12-13T22:40:09.461+0000] {processor.py:175} INFO - Processing /opt/airflow/dags/test/test_forexdag_definition.py took 0.106 seconds
[2022-12-13T22:40:39.884+0000] {processor.py:153} INFO - Started process (PID=2323) to work on /opt/airflow/dags/test/test_forexdag_definition.py
[2022-12-13T22:40:39.893+0000] {processor.py:743} INFO - Processing file /opt/airflow/dags/test/test_forexdag_definition.py for tasks to queue
[2022-12-13T22:40:39.894+0000] {logging_mixin.py:137} INFO - [2022-12-13T22:40:39.894+0000] {dagbag.py:538} INFO - Filling up the DagBag from /opt/airflow/dags/test/test_forexdag_definition.py
[2022-12-13T22:40:39.985+0000] {logging_mixin.py:137} INFO - [2022-12-13T22:40:39.968+0000] {dagbag.py:343} ERROR - Failed to import: /opt/airflow/dags/test/test_forexdag_definition.py
Traceback (most recent call last):
  File "/home/airflow/.local/lib/python3.7/site-packages/airflow/models/dagbag.py", line 339, in parse
    loader.exec_module(new_module)
  File "<frozen importlib._bootstrap_external>", line 728, in exec_module
  File "<frozen importlib._bootstrap>", line 219, in _call_with_frames_removed
  File "/opt/airflow/dags/test/test_forexdag_definition.py", line 1, in <module>
    import pytest
ModuleNotFoundError: No module named 'pytest'
[2022-12-13T22:40:39.992+0000] {processor.py:755} WARNING - No viable dags retrieved from /opt/airflow/dags/test/test_forexdag_definition.py
[2022-12-13T22:40:40.014+0000] {processor.py:175} INFO - Processing /opt/airflow/dags/test/test_forexdag_definition.py took 0.133 seconds
[2022-12-13T22:40:49.314+0000] {processor.py:153} INFO - Started process (PID=2344) to work on /opt/airflow/dags/test/test_forexdag_definition.py
[2022-12-13T22:40:49.316+0000] {processor.py:743} INFO - Processing file /opt/airflow/dags/test/test_forexdag_definition.py for tasks to queue
[2022-12-13T22:40:49.317+0000] {logging_mixin.py:137} INFO - [2022-12-13T22:40:49.317+0000] {dagbag.py:538} INFO - Filling up the DagBag from /opt/airflow/dags/test/test_forexdag_definition.py
[2022-12-13T22:40:49.420+0000] {logging_mixin.py:137} INFO - [2022-12-13T22:40:49.412+0000] {dagbag.py:343} ERROR - Failed to import: /opt/airflow/dags/test/test_forexdag_definition.py
Traceback (most recent call last):
  File "/home/airflow/.local/lib/python3.7/site-packages/airflow/models/dagbag.py", line 339, in parse
    loader.exec_module(new_module)
  File "<frozen importlib._bootstrap_external>", line 728, in exec_module
  File "<frozen importlib._bootstrap>", line 219, in _call_with_frames_removed
  File "/opt/airflow/dags/test/test_forexdag_definition.py", line 1, in <module>
    import pytest
ModuleNotFoundError: No module named 'pytest'
[2022-12-13T22:40:49.424+0000] {processor.py:755} WARNING - No viable dags retrieved from /opt/airflow/dags/test/test_forexdag_definition.py
[2022-12-13T22:40:49.442+0000] {processor.py:175} INFO - Processing /opt/airflow/dags/test/test_forexdag_definition.py took 0.130 seconds
[2022-12-13T22:41:19.563+0000] {processor.py:153} INFO - Started process (PID=2390) to work on /opt/airflow/dags/test/test_forexdag_definition.py
[2022-12-13T22:41:19.566+0000] {processor.py:743} INFO - Processing file /opt/airflow/dags/test/test_forexdag_definition.py for tasks to queue
[2022-12-13T22:41:19.567+0000] {logging_mixin.py:137} INFO - [2022-12-13T22:41:19.567+0000] {dagbag.py:538} INFO - Filling up the DagBag from /opt/airflow/dags/test/test_forexdag_definition.py
[2022-12-13T22:41:19.639+0000] {logging_mixin.py:137} INFO - [2022-12-13T22:41:19.625+0000] {dagbag.py:343} ERROR - Failed to import: /opt/airflow/dags/test/test_forexdag_definition.py
Traceback (most recent call last):
  File "/home/airflow/.local/lib/python3.7/site-packages/airflow/models/dagbag.py", line 339, in parse
    loader.exec_module(new_module)
  File "<frozen importlib._bootstrap_external>", line 728, in exec_module
  File "<frozen importlib._bootstrap>", line 219, in _call_with_frames_removed
  File "/opt/airflow/dags/test/test_forexdag_definition.py", line 1, in <module>
    import pytest
ModuleNotFoundError: No module named 'pytest'
[2022-12-13T22:41:19.644+0000] {processor.py:755} WARNING - No viable dags retrieved from /opt/airflow/dags/test/test_forexdag_definition.py
[2022-12-13T22:41:19.670+0000] {processor.py:175} INFO - Processing /opt/airflow/dags/test/test_forexdag_definition.py took 0.111 seconds
[2022-12-13T22:41:50.054+0000] {processor.py:153} INFO - Started process (PID=2454) to work on /opt/airflow/dags/test/test_forexdag_definition.py
[2022-12-13T22:41:50.061+0000] {processor.py:743} INFO - Processing file /opt/airflow/dags/test/test_forexdag_definition.py for tasks to queue
[2022-12-13T22:41:50.065+0000] {logging_mixin.py:137} INFO - [2022-12-13T22:41:50.064+0000] {dagbag.py:538} INFO - Filling up the DagBag from /opt/airflow/dags/test/test_forexdag_definition.py
[2022-12-13T22:41:50.152+0000] {logging_mixin.py:137} INFO - [2022-12-13T22:41:50.136+0000] {dagbag.py:343} ERROR - Failed to import: /opt/airflow/dags/test/test_forexdag_definition.py
Traceback (most recent call last):
  File "/home/airflow/.local/lib/python3.7/site-packages/airflow/models/dagbag.py", line 339, in parse
    loader.exec_module(new_module)
  File "<frozen importlib._bootstrap_external>", line 728, in exec_module
  File "<frozen importlib._bootstrap>", line 219, in _call_with_frames_removed
  File "/opt/airflow/dags/test/test_forexdag_definition.py", line 1, in <module>
    import pytest
ModuleNotFoundError: No module named 'pytest'
[2022-12-13T22:41:50.157+0000] {processor.py:755} WARNING - No viable dags retrieved from /opt/airflow/dags/test/test_forexdag_definition.py
[2022-12-13T22:41:50.184+0000] {processor.py:175} INFO - Processing /opt/airflow/dags/test/test_forexdag_definition.py took 0.132 seconds
[2022-12-13T22:42:20.798+0000] {processor.py:153} INFO - Started process (PID=2498) to work on /opt/airflow/dags/test/test_forexdag_definition.py
[2022-12-13T22:42:20.803+0000] {processor.py:743} INFO - Processing file /opt/airflow/dags/test/test_forexdag_definition.py for tasks to queue
[2022-12-13T22:42:20.804+0000] {logging_mixin.py:137} INFO - [2022-12-13T22:42:20.804+0000] {dagbag.py:538} INFO - Filling up the DagBag from /opt/airflow/dags/test/test_forexdag_definition.py
[2022-12-13T22:42:20.861+0000] {logging_mixin.py:137} INFO - [2022-12-13T22:42:20.852+0000] {dagbag.py:343} ERROR - Failed to import: /opt/airflow/dags/test/test_forexdag_definition.py
Traceback (most recent call last):
  File "/home/airflow/.local/lib/python3.7/site-packages/airflow/models/dagbag.py", line 339, in parse
    loader.exec_module(new_module)
  File "<frozen importlib._bootstrap_external>", line 728, in exec_module
  File "<frozen importlib._bootstrap>", line 219, in _call_with_frames_removed
  File "/opt/airflow/dags/test/test_forexdag_definition.py", line 1, in <module>
    import pytest
ModuleNotFoundError: No module named 'pytest'
[2022-12-13T22:42:20.864+0000] {processor.py:755} WARNING - No viable dags retrieved from /opt/airflow/dags/test/test_forexdag_definition.py
[2022-12-13T22:42:20.881+0000] {processor.py:175} INFO - Processing /opt/airflow/dags/test/test_forexdag_definition.py took 0.086 seconds
[2022-12-13T22:42:51.461+0000] {processor.py:153} INFO - Started process (PID=2562) to work on /opt/airflow/dags/test/test_forexdag_definition.py
[2022-12-13T22:42:51.463+0000] {processor.py:743} INFO - Processing file /opt/airflow/dags/test/test_forexdag_definition.py for tasks to queue
[2022-12-13T22:42:51.464+0000] {logging_mixin.py:137} INFO - [2022-12-13T22:42:51.464+0000] {dagbag.py:538} INFO - Filling up the DagBag from /opt/airflow/dags/test/test_forexdag_definition.py
[2022-12-13T22:42:51.511+0000] {logging_mixin.py:137} INFO - [2022-12-13T22:42:51.502+0000] {dagbag.py:343} ERROR - Failed to import: /opt/airflow/dags/test/test_forexdag_definition.py
Traceback (most recent call last):
  File "/home/airflow/.local/lib/python3.7/site-packages/airflow/models/dagbag.py", line 339, in parse
    loader.exec_module(new_module)
  File "<frozen importlib._bootstrap_external>", line 728, in exec_module
  File "<frozen importlib._bootstrap>", line 219, in _call_with_frames_removed
  File "/opt/airflow/dags/test/test_forexdag_definition.py", line 1, in <module>
    import pytest
ModuleNotFoundError: No module named 'pytest'
[2022-12-13T22:42:51.514+0000] {processor.py:755} WARNING - No viable dags retrieved from /opt/airflow/dags/test/test_forexdag_definition.py
[2022-12-13T22:42:51.533+0000] {processor.py:175} INFO - Processing /opt/airflow/dags/test/test_forexdag_definition.py took 0.074 seconds
[2022-12-13T22:43:21.674+0000] {processor.py:153} INFO - Started process (PID=2606) to work on /opt/airflow/dags/test/test_forexdag_definition.py
[2022-12-13T22:43:21.676+0000] {processor.py:743} INFO - Processing file /opt/airflow/dags/test/test_forexdag_definition.py for tasks to queue
[2022-12-13T22:43:21.677+0000] {logging_mixin.py:137} INFO - [2022-12-13T22:43:21.677+0000] {dagbag.py:538} INFO - Filling up the DagBag from /opt/airflow/dags/test/test_forexdag_definition.py
[2022-12-13T22:43:21.725+0000] {logging_mixin.py:137} INFO - [2022-12-13T22:43:21.713+0000] {dagbag.py:343} ERROR - Failed to import: /opt/airflow/dags/test/test_forexdag_definition.py
Traceback (most recent call last):
  File "/home/airflow/.local/lib/python3.7/site-packages/airflow/models/dagbag.py", line 339, in parse
    loader.exec_module(new_module)
  File "<frozen importlib._bootstrap_external>", line 728, in exec_module
  File "<frozen importlib._bootstrap>", line 219, in _call_with_frames_removed
  File "/opt/airflow/dags/test/test_forexdag_definition.py", line 1, in <module>
    import pytest
ModuleNotFoundError: No module named 'pytest'
[2022-12-13T22:43:21.728+0000] {processor.py:755} WARNING - No viable dags retrieved from /opt/airflow/dags/test/test_forexdag_definition.py
[2022-12-13T22:43:21.750+0000] {processor.py:175} INFO - Processing /opt/airflow/dags/test/test_forexdag_definition.py took 0.079 seconds
[2022-12-13T22:43:52.278+0000] {processor.py:153} INFO - Started process (PID=2669) to work on /opt/airflow/dags/test/test_forexdag_definition.py
[2022-12-13T22:43:52.280+0000] {processor.py:743} INFO - Processing file /opt/airflow/dags/test/test_forexdag_definition.py for tasks to queue
[2022-12-13T22:43:52.282+0000] {logging_mixin.py:137} INFO - [2022-12-13T22:43:52.281+0000] {dagbag.py:538} INFO - Filling up the DagBag from /opt/airflow/dags/test/test_forexdag_definition.py
[2022-12-13T22:43:52.328+0000] {logging_mixin.py:137} INFO - [2022-12-13T22:43:52.322+0000] {dagbag.py:343} ERROR - Failed to import: /opt/airflow/dags/test/test_forexdag_definition.py
Traceback (most recent call last):
  File "/home/airflow/.local/lib/python3.7/site-packages/airflow/models/dagbag.py", line 339, in parse
    loader.exec_module(new_module)
  File "<frozen importlib._bootstrap_external>", line 728, in exec_module
  File "<frozen importlib._bootstrap>", line 219, in _call_with_frames_removed
  File "/opt/airflow/dags/test/test_forexdag_definition.py", line 1, in <module>
    import pytest
ModuleNotFoundError: No module named 'pytest'
[2022-12-13T22:43:52.332+0000] {processor.py:755} WARNING - No viable dags retrieved from /opt/airflow/dags/test/test_forexdag_definition.py
[2022-12-13T22:43:52.350+0000] {processor.py:175} INFO - Processing /opt/airflow/dags/test/test_forexdag_definition.py took 0.075 seconds
[2022-12-13T22:44:20.961+0000] {processor.py:153} INFO - Started process (PID=2712) to work on /opt/airflow/dags/test/test_forexdag_definition.py
[2022-12-13T22:44:20.965+0000] {processor.py:743} INFO - Processing file /opt/airflow/dags/test/test_forexdag_definition.py for tasks to queue
[2022-12-13T22:44:20.966+0000] {logging_mixin.py:137} INFO - [2022-12-13T22:44:20.966+0000] {dagbag.py:538} INFO - Filling up the DagBag from /opt/airflow/dags/test/test_forexdag_definition.py
[2022-12-13T22:44:21.255+0000] {logging_mixin.py:137} INFO - [2022-12-13T22:44:21.231+0000] {dagbag.py:343} ERROR - Failed to import: /opt/airflow/dags/test/test_forexdag_definition.py
Traceback (most recent call last):
  File "/home/airflow/.local/lib/python3.7/site-packages/airflow/models/dagbag.py", line 339, in parse
    loader.exec_module(new_module)
  File "<frozen importlib._bootstrap_external>", line 728, in exec_module
  File "<frozen importlib._bootstrap>", line 219, in _call_with_frames_removed
  File "/opt/airflow/dags/test/test_forexdag_definition.py", line 1, in <module>
    import pytest
ModuleNotFoundError: No module named 'pytest'
[2022-12-13T22:44:21.264+0000] {processor.py:755} WARNING - No viable dags retrieved from /opt/airflow/dags/test/test_forexdag_definition.py
[2022-12-13T22:44:21.286+0000] {processor.py:175} INFO - Processing /opt/airflow/dags/test/test_forexdag_definition.py took 0.328 seconds
[2022-12-13T22:44:51.408+0000] {processor.py:153} INFO - Started process (PID=2776) to work on /opt/airflow/dags/test/test_forexdag_definition.py
[2022-12-13T22:44:51.412+0000] {processor.py:743} INFO - Processing file /opt/airflow/dags/test/test_forexdag_definition.py for tasks to queue
[2022-12-13T22:44:51.414+0000] {logging_mixin.py:137} INFO - [2022-12-13T22:44:51.413+0000] {dagbag.py:538} INFO - Filling up the DagBag from /opt/airflow/dags/test/test_forexdag_definition.py
[2022-12-13T22:44:51.460+0000] {logging_mixin.py:137} INFO - [2022-12-13T22:44:51.452+0000] {dagbag.py:343} ERROR - Failed to import: /opt/airflow/dags/test/test_forexdag_definition.py
Traceback (most recent call last):
  File "/home/airflow/.local/lib/python3.7/site-packages/airflow/models/dagbag.py", line 339, in parse
    loader.exec_module(new_module)
  File "<frozen importlib._bootstrap_external>", line 728, in exec_module
  File "<frozen importlib._bootstrap>", line 219, in _call_with_frames_removed
  File "/opt/airflow/dags/test/test_forexdag_definition.py", line 1, in <module>
    import pytest
ModuleNotFoundError: No module named 'pytest'
[2022-12-13T22:44:51.464+0000] {processor.py:755} WARNING - No viable dags retrieved from /opt/airflow/dags/test/test_forexdag_definition.py
[2022-12-13T22:44:51.497+0000] {processor.py:175} INFO - Processing /opt/airflow/dags/test/test_forexdag_definition.py took 0.091 seconds
[2022-12-13T22:45:21.732+0000] {processor.py:153} INFO - Started process (PID=2820) to work on /opt/airflow/dags/test/test_forexdag_definition.py
[2022-12-13T22:45:21.735+0000] {processor.py:743} INFO - Processing file /opt/airflow/dags/test/test_forexdag_definition.py for tasks to queue
[2022-12-13T22:45:21.736+0000] {logging_mixin.py:137} INFO - [2022-12-13T22:45:21.736+0000] {dagbag.py:538} INFO - Filling up the DagBag from /opt/airflow/dags/test/test_forexdag_definition.py
[2022-12-13T22:45:21.785+0000] {logging_mixin.py:137} INFO - [2022-12-13T22:45:21.777+0000] {dagbag.py:343} ERROR - Failed to import: /opt/airflow/dags/test/test_forexdag_definition.py
Traceback (most recent call last):
  File "/home/airflow/.local/lib/python3.7/site-packages/airflow/models/dagbag.py", line 339, in parse
    loader.exec_module(new_module)
  File "<frozen importlib._bootstrap_external>", line 728, in exec_module
  File "<frozen importlib._bootstrap>", line 219, in _call_with_frames_removed
  File "/opt/airflow/dags/test/test_forexdag_definition.py", line 1, in <module>
    import pytest
ModuleNotFoundError: No module named 'pytest'
[2022-12-13T22:45:21.789+0000] {processor.py:755} WARNING - No viable dags retrieved from /opt/airflow/dags/test/test_forexdag_definition.py
[2022-12-13T22:45:21.809+0000] {processor.py:175} INFO - Processing /opt/airflow/dags/test/test_forexdag_definition.py took 0.080 seconds
[2022-12-13T22:45:51.916+0000] {processor.py:153} INFO - Started process (PID=2865) to work on /opt/airflow/dags/test/test_forexdag_definition.py
[2022-12-13T22:45:51.919+0000] {processor.py:743} INFO - Processing file /opt/airflow/dags/test/test_forexdag_definition.py for tasks to queue
[2022-12-13T22:45:51.920+0000] {logging_mixin.py:137} INFO - [2022-12-13T22:45:51.920+0000] {dagbag.py:538} INFO - Filling up the DagBag from /opt/airflow/dags/test/test_forexdag_definition.py
[2022-12-13T22:45:52.038+0000] {logging_mixin.py:137} INFO - [2022-12-13T22:45:52.028+0000] {dagbag.py:343} ERROR - Failed to import: /opt/airflow/dags/test/test_forexdag_definition.py
Traceback (most recent call last):
  File "/home/airflow/.local/lib/python3.7/site-packages/airflow/models/dagbag.py", line 339, in parse
    loader.exec_module(new_module)
  File "<frozen importlib._bootstrap_external>", line 728, in exec_module
  File "<frozen importlib._bootstrap>", line 219, in _call_with_frames_removed
  File "/opt/airflow/dags/test/test_forexdag_definition.py", line 1, in <module>
    import pytest
ModuleNotFoundError: No module named 'pytest'
[2022-12-13T22:45:52.043+0000] {processor.py:755} WARNING - No viable dags retrieved from /opt/airflow/dags/test/test_forexdag_definition.py
[2022-12-13T22:45:52.063+0000] {processor.py:175} INFO - Processing /opt/airflow/dags/test/test_forexdag_definition.py took 0.149 seconds
[2022-12-13T22:46:22.255+0000] {processor.py:153} INFO - Started process (PID=2929) to work on /opt/airflow/dags/test/test_forexdag_definition.py
[2022-12-13T22:46:22.258+0000] {processor.py:743} INFO - Processing file /opt/airflow/dags/test/test_forexdag_definition.py for tasks to queue
[2022-12-13T22:46:22.260+0000] {logging_mixin.py:137} INFO - [2022-12-13T22:46:22.259+0000] {dagbag.py:538} INFO - Filling up the DagBag from /opt/airflow/dags/test/test_forexdag_definition.py
[2022-12-13T22:46:22.338+0000] {logging_mixin.py:137} INFO - [2022-12-13T22:46:22.320+0000] {dagbag.py:343} ERROR - Failed to import: /opt/airflow/dags/test/test_forexdag_definition.py
Traceback (most recent call last):
  File "/home/airflow/.local/lib/python3.7/site-packages/airflow/models/dagbag.py", line 339, in parse
    loader.exec_module(new_module)
  File "<frozen importlib._bootstrap_external>", line 728, in exec_module
  File "<frozen importlib._bootstrap>", line 219, in _call_with_frames_removed
  File "/opt/airflow/dags/test/test_forexdag_definition.py", line 1, in <module>
    import pytest
ModuleNotFoundError: No module named 'pytest'
[2022-12-13T22:46:22.347+0000] {processor.py:755} WARNING - No viable dags retrieved from /opt/airflow/dags/test/test_forexdag_definition.py
[2022-12-13T22:46:22.372+0000] {processor.py:175} INFO - Processing /opt/airflow/dags/test/test_forexdag_definition.py took 0.120 seconds
[2022-12-13T22:46:52.939+0000] {processor.py:153} INFO - Started process (PID=2973) to work on /opt/airflow/dags/test/test_forexdag_definition.py
[2022-12-13T22:46:52.942+0000] {processor.py:743} INFO - Processing file /opt/airflow/dags/test/test_forexdag_definition.py for tasks to queue
[2022-12-13T22:46:52.943+0000] {logging_mixin.py:137} INFO - [2022-12-13T22:46:52.943+0000] {dagbag.py:538} INFO - Filling up the DagBag from /opt/airflow/dags/test/test_forexdag_definition.py
[2022-12-13T22:46:52.988+0000] {logging_mixin.py:137} INFO - [2022-12-13T22:46:52.980+0000] {dagbag.py:343} ERROR - Failed to import: /opt/airflow/dags/test/test_forexdag_definition.py
Traceback (most recent call last):
  File "/home/airflow/.local/lib/python3.7/site-packages/airflow/models/dagbag.py", line 339, in parse
    loader.exec_module(new_module)
  File "<frozen importlib._bootstrap_external>", line 728, in exec_module
  File "<frozen importlib._bootstrap>", line 219, in _call_with_frames_removed
  File "/opt/airflow/dags/test/test_forexdag_definition.py", line 1, in <module>
    import pytest
ModuleNotFoundError: No module named 'pytest'
[2022-12-13T22:46:52.991+0000] {processor.py:755} WARNING - No viable dags retrieved from /opt/airflow/dags/test/test_forexdag_definition.py
[2022-12-13T22:46:53.068+0000] {processor.py:175} INFO - Processing /opt/airflow/dags/test/test_forexdag_definition.py took 0.131 seconds
[2022-12-13T22:47:23.701+0000] {processor.py:153} INFO - Started process (PID=3037) to work on /opt/airflow/dags/test/test_forexdag_definition.py
[2022-12-13T22:47:23.704+0000] {processor.py:743} INFO - Processing file /opt/airflow/dags/test/test_forexdag_definition.py for tasks to queue
[2022-12-13T22:47:23.706+0000] {logging_mixin.py:137} INFO - [2022-12-13T22:47:23.706+0000] {dagbag.py:538} INFO - Filling up the DagBag from /opt/airflow/dags/test/test_forexdag_definition.py
[2022-12-13T22:47:23.778+0000] {logging_mixin.py:137} INFO - [2022-12-13T22:47:23.765+0000] {dagbag.py:343} ERROR - Failed to import: /opt/airflow/dags/test/test_forexdag_definition.py
Traceback (most recent call last):
  File "/home/airflow/.local/lib/python3.7/site-packages/airflow/models/dagbag.py", line 339, in parse
    loader.exec_module(new_module)
  File "<frozen importlib._bootstrap_external>", line 728, in exec_module
  File "<frozen importlib._bootstrap>", line 219, in _call_with_frames_removed
  File "/opt/airflow/dags/test/test_forexdag_definition.py", line 1, in <module>
    import pytest
ModuleNotFoundError: No module named 'pytest'
[2022-12-13T22:47:23.783+0000] {processor.py:755} WARNING - No viable dags retrieved from /opt/airflow/dags/test/test_forexdag_definition.py
[2022-12-13T22:47:23.802+0000] {processor.py:175} INFO - Processing /opt/airflow/dags/test/test_forexdag_definition.py took 0.104 seconds
[2022-12-13T22:47:54.310+0000] {processor.py:153} INFO - Started process (PID=3080) to work on /opt/airflow/dags/test/test_forexdag_definition.py
[2022-12-13T22:47:54.313+0000] {processor.py:743} INFO - Processing file /opt/airflow/dags/test/test_forexdag_definition.py for tasks to queue
[2022-12-13T22:47:54.314+0000] {logging_mixin.py:137} INFO - [2022-12-13T22:47:54.314+0000] {dagbag.py:538} INFO - Filling up the DagBag from /opt/airflow/dags/test/test_forexdag_definition.py
[2022-12-13T22:47:54.357+0000] {logging_mixin.py:137} INFO - [2022-12-13T22:47:54.349+0000] {dagbag.py:343} ERROR - Failed to import: /opt/airflow/dags/test/test_forexdag_definition.py
Traceback (most recent call last):
  File "/home/airflow/.local/lib/python3.7/site-packages/airflow/models/dagbag.py", line 339, in parse
    loader.exec_module(new_module)
  File "<frozen importlib._bootstrap_external>", line 728, in exec_module
  File "<frozen importlib._bootstrap>", line 219, in _call_with_frames_removed
  File "/opt/airflow/dags/test/test_forexdag_definition.py", line 1, in <module>
    import pytest
ModuleNotFoundError: No module named 'pytest'
[2022-12-13T22:47:54.360+0000] {processor.py:755} WARNING - No viable dags retrieved from /opt/airflow/dags/test/test_forexdag_definition.py
[2022-12-13T22:47:54.380+0000] {processor.py:175} INFO - Processing /opt/airflow/dags/test/test_forexdag_definition.py took 0.073 seconds
[2022-12-13T22:48:25.248+0000] {processor.py:153} INFO - Started process (PID=3144) to work on /opt/airflow/dags/test/test_forexdag_definition.py
[2022-12-13T22:48:25.252+0000] {processor.py:743} INFO - Processing file /opt/airflow/dags/test/test_forexdag_definition.py for tasks to queue
[2022-12-13T22:48:25.254+0000] {logging_mixin.py:137} INFO - [2022-12-13T22:48:25.254+0000] {dagbag.py:538} INFO - Filling up the DagBag from /opt/airflow/dags/test/test_forexdag_definition.py
[2022-12-13T22:48:25.307+0000] {logging_mixin.py:137} INFO - [2022-12-13T22:48:25.300+0000] {dagbag.py:343} ERROR - Failed to import: /opt/airflow/dags/test/test_forexdag_definition.py
Traceback (most recent call last):
  File "/home/airflow/.local/lib/python3.7/site-packages/airflow/models/dagbag.py", line 339, in parse
    loader.exec_module(new_module)
  File "<frozen importlib._bootstrap_external>", line 728, in exec_module
  File "<frozen importlib._bootstrap>", line 219, in _call_with_frames_removed
  File "/opt/airflow/dags/test/test_forexdag_definition.py", line 1, in <module>
    import pytest
ModuleNotFoundError: No module named 'pytest'
[2022-12-13T22:48:25.310+0000] {processor.py:755} WARNING - No viable dags retrieved from /opt/airflow/dags/test/test_forexdag_definition.py
[2022-12-13T22:48:25.329+0000] {processor.py:175} INFO - Processing /opt/airflow/dags/test/test_forexdag_definition.py took 0.084 seconds
[2022-12-13T22:48:56.365+0000] {processor.py:153} INFO - Started process (PID=3188) to work on /opt/airflow/dags/test/test_forexdag_definition.py
[2022-12-13T22:48:56.368+0000] {processor.py:743} INFO - Processing file /opt/airflow/dags/test/test_forexdag_definition.py for tasks to queue
[2022-12-13T22:48:56.369+0000] {logging_mixin.py:137} INFO - [2022-12-13T22:48:56.369+0000] {dagbag.py:538} INFO - Filling up the DagBag from /opt/airflow/dags/test/test_forexdag_definition.py
[2022-12-13T22:48:56.417+0000] {logging_mixin.py:137} INFO - [2022-12-13T22:48:56.408+0000] {dagbag.py:343} ERROR - Failed to import: /opt/airflow/dags/test/test_forexdag_definition.py
Traceback (most recent call last):
  File "/home/airflow/.local/lib/python3.7/site-packages/airflow/models/dagbag.py", line 339, in parse
    loader.exec_module(new_module)
  File "<frozen importlib._bootstrap_external>", line 728, in exec_module
  File "<frozen importlib._bootstrap>", line 219, in _call_with_frames_removed
  File "/opt/airflow/dags/test/test_forexdag_definition.py", line 1, in <module>
    import pytest
ModuleNotFoundError: No module named 'pytest'
[2022-12-13T22:48:56.421+0000] {processor.py:755} WARNING - No viable dags retrieved from /opt/airflow/dags/test/test_forexdag_definition.py
[2022-12-13T22:48:56.445+0000] {processor.py:175} INFO - Processing /opt/airflow/dags/test/test_forexdag_definition.py took 0.082 seconds
[2022-12-13T22:49:27.082+0000] {processor.py:153} INFO - Started process (PID=3252) to work on /opt/airflow/dags/test/test_forexdag_definition.py
[2022-12-13T22:49:27.085+0000] {processor.py:743} INFO - Processing file /opt/airflow/dags/test/test_forexdag_definition.py for tasks to queue
[2022-12-13T22:49:27.086+0000] {logging_mixin.py:137} INFO - [2022-12-13T22:49:27.086+0000] {dagbag.py:538} INFO - Filling up the DagBag from /opt/airflow/dags/test/test_forexdag_definition.py
[2022-12-13T22:49:27.146+0000] {logging_mixin.py:137} INFO - [2022-12-13T22:49:27.134+0000] {dagbag.py:343} ERROR - Failed to import: /opt/airflow/dags/test/test_forexdag_definition.py
Traceback (most recent call last):
  File "/home/airflow/.local/lib/python3.7/site-packages/airflow/models/dagbag.py", line 339, in parse
    loader.exec_module(new_module)
  File "<frozen importlib._bootstrap_external>", line 728, in exec_module
  File "<frozen importlib._bootstrap>", line 219, in _call_with_frames_removed
  File "/opt/airflow/dags/test/test_forexdag_definition.py", line 1, in <module>
    import pytest
ModuleNotFoundError: No module named 'pytest'
[2022-12-13T22:49:27.151+0000] {processor.py:755} WARNING - No viable dags retrieved from /opt/airflow/dags/test/test_forexdag_definition.py
[2022-12-13T22:49:27.172+0000] {processor.py:175} INFO - Processing /opt/airflow/dags/test/test_forexdag_definition.py took 0.093 seconds
[2022-12-13T22:49:45.618+0000] {processor.py:153} INFO - Started process (PID=3276) to work on /opt/airflow/dags/test/test_forexdag_definition.py
[2022-12-13T22:49:45.621+0000] {processor.py:743} INFO - Processing file /opt/airflow/dags/test/test_forexdag_definition.py for tasks to queue
[2022-12-13T22:49:45.623+0000] {logging_mixin.py:137} INFO - [2022-12-13T22:49:45.623+0000] {dagbag.py:538} INFO - Filling up the DagBag from /opt/airflow/dags/test/test_forexdag_definition.py
[2022-12-13T22:49:45.836+0000] {logging_mixin.py:137} INFO - [2022-12-13T22:49:45.817+0000] {dagbag.py:343} ERROR - Failed to import: /opt/airflow/dags/test/test_forexdag_definition.py
Traceback (most recent call last):
  File "/home/airflow/.local/lib/python3.7/site-packages/airflow/models/dagbag.py", line 339, in parse
    loader.exec_module(new_module)
  File "<frozen importlib._bootstrap_external>", line 728, in exec_module
  File "<frozen importlib._bootstrap>", line 219, in _call_with_frames_removed
  File "/opt/airflow/dags/test/test_forexdag_definition.py", line 1, in <module>
    import pytest
ModuleNotFoundError: No module named 'pytest'
[2022-12-13T22:49:45.841+0000] {processor.py:755} WARNING - No viable dags retrieved from /opt/airflow/dags/test/test_forexdag_definition.py
[2022-12-13T22:49:45.862+0000] {processor.py:175} INFO - Processing /opt/airflow/dags/test/test_forexdag_definition.py took 0.247 seconds
[2022-12-13T22:50:16.038+0000] {processor.py:153} INFO - Started process (PID=3339) to work on /opt/airflow/dags/test/test_forexdag_definition.py
[2022-12-13T22:50:16.043+0000] {processor.py:743} INFO - Processing file /opt/airflow/dags/test/test_forexdag_definition.py for tasks to queue
[2022-12-13T22:50:16.044+0000] {logging_mixin.py:137} INFO - [2022-12-13T22:50:16.044+0000] {dagbag.py:538} INFO - Filling up the DagBag from /opt/airflow/dags/test/test_forexdag_definition.py
[2022-12-13T22:50:16.097+0000] {logging_mixin.py:137} INFO - [2022-12-13T22:50:16.090+0000] {dagbag.py:343} ERROR - Failed to import: /opt/airflow/dags/test/test_forexdag_definition.py
Traceback (most recent call last):
  File "/home/airflow/.local/lib/python3.7/site-packages/airflow/models/dagbag.py", line 339, in parse
    loader.exec_module(new_module)
  File "<frozen importlib._bootstrap_external>", line 728, in exec_module
  File "<frozen importlib._bootstrap>", line 219, in _call_with_frames_removed
  File "/opt/airflow/dags/test/test_forexdag_definition.py", line 1, in <module>
    import pytest
ModuleNotFoundError: No module named 'pytest'
[2022-12-13T22:50:16.100+0000] {processor.py:755} WARNING - No viable dags retrieved from /opt/airflow/dags/test/test_forexdag_definition.py
[2022-12-13T22:50:16.120+0000] {processor.py:175} INFO - Processing /opt/airflow/dags/test/test_forexdag_definition.py took 0.085 seconds
[2022-12-13T22:50:46.336+0000] {processor.py:153} INFO - Started process (PID=3383) to work on /opt/airflow/dags/test/test_forexdag_definition.py
[2022-12-13T22:50:46.339+0000] {processor.py:743} INFO - Processing file /opt/airflow/dags/test/test_forexdag_definition.py for tasks to queue
[2022-12-13T22:50:46.340+0000] {logging_mixin.py:137} INFO - [2022-12-13T22:50:46.340+0000] {dagbag.py:538} INFO - Filling up the DagBag from /opt/airflow/dags/test/test_forexdag_definition.py
[2022-12-13T22:50:46.380+0000] {logging_mixin.py:137} INFO - [2022-12-13T22:50:46.373+0000] {dagbag.py:343} ERROR - Failed to import: /opt/airflow/dags/test/test_forexdag_definition.py
Traceback (most recent call last):
  File "/home/airflow/.local/lib/python3.7/site-packages/airflow/models/dagbag.py", line 339, in parse
    loader.exec_module(new_module)
  File "<frozen importlib._bootstrap_external>", line 728, in exec_module
  File "<frozen importlib._bootstrap>", line 219, in _call_with_frames_removed
  File "/opt/airflow/dags/test/test_forexdag_definition.py", line 1, in <module>
    import pytest
ModuleNotFoundError: No module named 'pytest'
[2022-12-13T22:50:46.382+0000] {processor.py:755} WARNING - No viable dags retrieved from /opt/airflow/dags/test/test_forexdag_definition.py
[2022-12-13T22:50:46.402+0000] {processor.py:175} INFO - Processing /opt/airflow/dags/test/test_forexdag_definition.py took 0.069 seconds
[2022-12-13T22:50:58.571+0000] {processor.py:153} INFO - Started process (PID=3404) to work on /opt/airflow/dags/test/test_forexdag_definition.py
[2022-12-13T22:50:58.574+0000] {processor.py:743} INFO - Processing file /opt/airflow/dags/test/test_forexdag_definition.py for tasks to queue
[2022-12-13T22:50:58.575+0000] {logging_mixin.py:137} INFO - [2022-12-13T22:50:58.575+0000] {dagbag.py:538} INFO - Filling up the DagBag from /opt/airflow/dags/test/test_forexdag_definition.py
[2022-12-13T22:50:58.672+0000] {logging_mixin.py:137} INFO - [2022-12-13T22:50:58.665+0000] {dagbag.py:343} ERROR - Failed to import: /opt/airflow/dags/test/test_forexdag_definition.py
Traceback (most recent call last):
  File "/home/airflow/.local/lib/python3.7/site-packages/airflow/models/dagbag.py", line 339, in parse
    loader.exec_module(new_module)
  File "<frozen importlib._bootstrap_external>", line 728, in exec_module
  File "<frozen importlib._bootstrap>", line 219, in _call_with_frames_removed
  File "/opt/airflow/dags/test/test_forexdag_definition.py", line 1, in <module>
    import pytest
ModuleNotFoundError: No module named 'pytest'
[2022-12-13T22:50:58.676+0000] {processor.py:755} WARNING - No viable dags retrieved from /opt/airflow/dags/test/test_forexdag_definition.py
[2022-12-13T22:50:58.691+0000] {processor.py:175} INFO - Processing /opt/airflow/dags/test/test_forexdag_definition.py took 0.123 seconds
[2022-12-13T22:51:09.973+0000] {processor.py:153} INFO - Started process (PID=3426) to work on /opt/airflow/dags/test/test_forexdag_definition.py
[2022-12-13T22:51:09.977+0000] {processor.py:743} INFO - Processing file /opt/airflow/dags/test/test_forexdag_definition.py for tasks to queue
[2022-12-13T22:51:09.978+0000] {logging_mixin.py:137} INFO - [2022-12-13T22:51:09.978+0000] {dagbag.py:538} INFO - Filling up the DagBag from /opt/airflow/dags/test/test_forexdag_definition.py
[2022-12-13T22:51:10.109+0000] {logging_mixin.py:137} INFO - [2022-12-13T22:51:10.096+0000] {dagbag.py:343} ERROR - Failed to import: /opt/airflow/dags/test/test_forexdag_definition.py
Traceback (most recent call last):
  File "/home/airflow/.local/lib/python3.7/site-packages/airflow/models/dagbag.py", line 339, in parse
    loader.exec_module(new_module)
  File "<frozen importlib._bootstrap_external>", line 728, in exec_module
  File "<frozen importlib._bootstrap>", line 219, in _call_with_frames_removed
  File "/opt/airflow/dags/test/test_forexdag_definition.py", line 1, in <module>
    import pytest
ModuleNotFoundError: No module named 'pytest'
[2022-12-13T22:51:10.113+0000] {processor.py:755} WARNING - No viable dags retrieved from /opt/airflow/dags/test/test_forexdag_definition.py
[2022-12-13T22:51:10.133+0000] {processor.py:175} INFO - Processing /opt/airflow/dags/test/test_forexdag_definition.py took 0.162 seconds
[2022-12-13T22:51:40.177+0000] {processor.py:153} INFO - Started process (PID=3490) to work on /opt/airflow/dags/test/test_forexdag_definition.py
[2022-12-13T22:51:40.180+0000] {processor.py:743} INFO - Processing file /opt/airflow/dags/test/test_forexdag_definition.py for tasks to queue
[2022-12-13T22:51:40.181+0000] {logging_mixin.py:137} INFO - [2022-12-13T22:51:40.181+0000] {dagbag.py:538} INFO - Filling up the DagBag from /opt/airflow/dags/test/test_forexdag_definition.py
[2022-12-13T22:51:40.216+0000] {logging_mixin.py:137} INFO - [2022-12-13T22:51:40.210+0000] {dagbag.py:343} ERROR - Failed to import: /opt/airflow/dags/test/test_forexdag_definition.py
Traceback (most recent call last):
  File "/home/airflow/.local/lib/python3.7/site-packages/airflow/models/dagbag.py", line 339, in parse
    loader.exec_module(new_module)
  File "<frozen importlib._bootstrap_external>", line 728, in exec_module
  File "<frozen importlib._bootstrap>", line 219, in _call_with_frames_removed
  File "/opt/airflow/dags/test/test_forexdag_definition.py", line 1, in <module>
    import pytest
ModuleNotFoundError: No module named 'pytest'
[2022-12-13T22:51:40.218+0000] {processor.py:755} WARNING - No viable dags retrieved from /opt/airflow/dags/test/test_forexdag_definition.py
[2022-12-13T22:51:40.234+0000] {processor.py:175} INFO - Processing /opt/airflow/dags/test/test_forexdag_definition.py took 0.060 seconds
[2022-12-13T22:51:48.422+0000] {processor.py:153} INFO - Started process (PID=3493) to work on /opt/airflow/dags/test/test_forexdag_definition.py
[2022-12-13T22:51:48.425+0000] {processor.py:743} INFO - Processing file /opt/airflow/dags/test/test_forexdag_definition.py for tasks to queue
[2022-12-13T22:51:48.427+0000] {logging_mixin.py:137} INFO - [2022-12-13T22:51:48.427+0000] {dagbag.py:538} INFO - Filling up the DagBag from /opt/airflow/dags/test/test_forexdag_definition.py
[2022-12-13T22:51:48.579+0000] {logging_mixin.py:137} INFO - [2022-12-13T22:51:48.571+0000] {dagbag.py:343} ERROR - Failed to import: /opt/airflow/dags/test/test_forexdag_definition.py
Traceback (most recent call last):
  File "/home/airflow/.local/lib/python3.7/site-packages/airflow/models/dagbag.py", line 339, in parse
    loader.exec_module(new_module)
  File "<frozen importlib._bootstrap_external>", line 728, in exec_module
  File "<frozen importlib._bootstrap>", line 219, in _call_with_frames_removed
  File "/opt/airflow/dags/test/test_forexdag_definition.py", line 1, in <module>
    import pytest
ModuleNotFoundError: No module named 'pytest'
[2022-12-13T22:51:48.582+0000] {processor.py:755} WARNING - No viable dags retrieved from /opt/airflow/dags/test/test_forexdag_definition.py
[2022-12-13T22:51:48.599+0000] {processor.py:175} INFO - Processing /opt/airflow/dags/test/test_forexdag_definition.py took 0.179 seconds
[2022-12-13T22:52:19.107+0000] {processor.py:153} INFO - Started process (PID=3558) to work on /opt/airflow/dags/test/test_forexdag_definition.py
[2022-12-13T22:52:19.110+0000] {processor.py:743} INFO - Processing file /opt/airflow/dags/test/test_forexdag_definition.py for tasks to queue
[2022-12-13T22:52:19.111+0000] {logging_mixin.py:137} INFO - [2022-12-13T22:52:19.111+0000] {dagbag.py:538} INFO - Filling up the DagBag from /opt/airflow/dags/test/test_forexdag_definition.py
[2022-12-13T22:52:19.152+0000] {logging_mixin.py:137} INFO - [2022-12-13T22:52:19.144+0000] {dagbag.py:343} ERROR - Failed to import: /opt/airflow/dags/test/test_forexdag_definition.py
Traceback (most recent call last):
  File "/home/airflow/.local/lib/python3.7/site-packages/airflow/models/dagbag.py", line 339, in parse
    loader.exec_module(new_module)
  File "<frozen importlib._bootstrap_external>", line 728, in exec_module
  File "<frozen importlib._bootstrap>", line 219, in _call_with_frames_removed
  File "/opt/airflow/dags/test/test_forexdag_definition.py", line 1, in <module>
    import pytest
ModuleNotFoundError: No module named 'pytest'
[2022-12-13T22:52:19.155+0000] {processor.py:755} WARNING - No viable dags retrieved from /opt/airflow/dags/test/test_forexdag_definition.py
[2022-12-13T22:52:19.176+0000] {processor.py:175} INFO - Processing /opt/airflow/dags/test/test_forexdag_definition.py took 0.071 seconds
[2022-12-13T22:52:49.748+0000] {processor.py:153} INFO - Started process (PID=3602) to work on /opt/airflow/dags/test/test_forexdag_definition.py
[2022-12-13T22:52:49.751+0000] {processor.py:743} INFO - Processing file /opt/airflow/dags/test/test_forexdag_definition.py for tasks to queue
[2022-12-13T22:52:49.752+0000] {logging_mixin.py:137} INFO - [2022-12-13T22:52:49.752+0000] {dagbag.py:538} INFO - Filling up the DagBag from /opt/airflow/dags/test/test_forexdag_definition.py
[2022-12-13T22:52:49.825+0000] {logging_mixin.py:137} INFO - [2022-12-13T22:52:49.816+0000] {dagbag.py:343} ERROR - Failed to import: /opt/airflow/dags/test/test_forexdag_definition.py
Traceback (most recent call last):
  File "/home/airflow/.local/lib/python3.7/site-packages/airflow/models/dagbag.py", line 339, in parse
    loader.exec_module(new_module)
  File "<frozen importlib._bootstrap_external>", line 728, in exec_module
  File "<frozen importlib._bootstrap>", line 219, in _call_with_frames_removed
  File "/opt/airflow/dags/test/test_forexdag_definition.py", line 1, in <module>
    import pytest
ModuleNotFoundError: No module named 'pytest'
[2022-12-13T22:52:49.828+0000] {processor.py:755} WARNING - No viable dags retrieved from /opt/airflow/dags/test/test_forexdag_definition.py
[2022-12-13T22:52:49.852+0000] {processor.py:175} INFO - Processing /opt/airflow/dags/test/test_forexdag_definition.py took 0.106 seconds
[2022-12-13T22:53:20.524+0000] {processor.py:153} INFO - Started process (PID=3666) to work on /opt/airflow/dags/test/test_forexdag_definition.py
[2022-12-13T22:53:20.527+0000] {processor.py:743} INFO - Processing file /opt/airflow/dags/test/test_forexdag_definition.py for tasks to queue
[2022-12-13T22:53:20.528+0000] {logging_mixin.py:137} INFO - [2022-12-13T22:53:20.528+0000] {dagbag.py:538} INFO - Filling up the DagBag from /opt/airflow/dags/test/test_forexdag_definition.py
[2022-12-13T22:53:20.565+0000] {logging_mixin.py:137} INFO - [2022-12-13T22:53:20.559+0000] {dagbag.py:343} ERROR - Failed to import: /opt/airflow/dags/test/test_forexdag_definition.py
Traceback (most recent call last):
  File "/home/airflow/.local/lib/python3.7/site-packages/airflow/models/dagbag.py", line 339, in parse
    loader.exec_module(new_module)
  File "<frozen importlib._bootstrap_external>", line 728, in exec_module
  File "<frozen importlib._bootstrap>", line 219, in _call_with_frames_removed
  File "/opt/airflow/dags/test/test_forexdag_definition.py", line 1, in <module>
    import pytest
ModuleNotFoundError: No module named 'pytest'
[2022-12-13T22:53:20.568+0000] {processor.py:755} WARNING - No viable dags retrieved from /opt/airflow/dags/test/test_forexdag_definition.py
[2022-12-13T22:53:20.586+0000] {processor.py:175} INFO - Processing /opt/airflow/dags/test/test_forexdag_definition.py took 0.064 seconds
[2022-12-13T22:53:42.658+0000] {processor.py:153} INFO - Started process (PID=3708) to work on /opt/airflow/dags/test/test_forexdag_definition.py
[2022-12-13T22:53:42.662+0000] {processor.py:743} INFO - Processing file /opt/airflow/dags/test/test_forexdag_definition.py for tasks to queue
[2022-12-13T22:53:42.663+0000] {logging_mixin.py:137} INFO - [2022-12-13T22:53:42.663+0000] {dagbag.py:538} INFO - Filling up the DagBag from /opt/airflow/dags/test/test_forexdag_definition.py
[2022-12-13T22:53:42.833+0000] {logging_mixin.py:137} INFO - [2022-12-13T22:53:42.818+0000] {dagbag.py:343} ERROR - Failed to import: /opt/airflow/dags/test/test_forexdag_definition.py
Traceback (most recent call last):
  File "/home/airflow/.local/lib/python3.7/site-packages/airflow/models/dagbag.py", line 339, in parse
    loader.exec_module(new_module)
  File "<frozen importlib._bootstrap_external>", line 728, in exec_module
  File "<frozen importlib._bootstrap>", line 219, in _call_with_frames_removed
  File "/opt/airflow/dags/test/test_forexdag_definition.py", line 1, in <module>
    import pytest
ModuleNotFoundError: No module named 'pytest'
[2022-12-13T22:53:42.838+0000] {processor.py:755} WARNING - No viable dags retrieved from /opt/airflow/dags/test/test_forexdag_definition.py
[2022-12-13T22:53:42.890+0000] {processor.py:175} INFO - Processing /opt/airflow/dags/test/test_forexdag_definition.py took 0.234 seconds
[2022-12-13T22:53:55.289+0000] {processor.py:153} INFO - Started process (PID=3731) to work on /opt/airflow/dags/test/test_forexdag_definition.py
[2022-12-13T22:53:55.292+0000] {processor.py:743} INFO - Processing file /opt/airflow/dags/test/test_forexdag_definition.py for tasks to queue
[2022-12-13T22:53:55.293+0000] {logging_mixin.py:137} INFO - [2022-12-13T22:53:55.293+0000] {dagbag.py:538} INFO - Filling up the DagBag from /opt/airflow/dags/test/test_forexdag_definition.py
[2022-12-13T22:53:55.471+0000] {logging_mixin.py:137} INFO - [2022-12-13T22:53:55.458+0000] {dagbag.py:343} ERROR - Failed to import: /opt/airflow/dags/test/test_forexdag_definition.py
Traceback (most recent call last):
  File "/home/airflow/.local/lib/python3.7/site-packages/airflow/models/dagbag.py", line 339, in parse
    loader.exec_module(new_module)
  File "<frozen importlib._bootstrap_external>", line 728, in exec_module
  File "<frozen importlib._bootstrap>", line 219, in _call_with_frames_removed
  File "/opt/airflow/dags/test/test_forexdag_definition.py", line 1, in <module>
    import pytest
ModuleNotFoundError: No module named 'pytest'
[2022-12-13T22:53:55.476+0000] {processor.py:755} WARNING - No viable dags retrieved from /opt/airflow/dags/test/test_forexdag_definition.py
[2022-12-13T22:53:55.499+0000] {processor.py:175} INFO - Processing /opt/airflow/dags/test/test_forexdag_definition.py took 0.214 seconds
[2022-12-13T22:54:26.000+0000] {processor.py:153} INFO - Started process (PID=3775) to work on /opt/airflow/dags/test/test_forexdag_definition.py
[2022-12-13T22:54:26.002+0000] {processor.py:743} INFO - Processing file /opt/airflow/dags/test/test_forexdag_definition.py for tasks to queue
[2022-12-13T22:54:26.004+0000] {logging_mixin.py:137} INFO - [2022-12-13T22:54:26.003+0000] {dagbag.py:538} INFO - Filling up the DagBag from /opt/airflow/dags/test/test_forexdag_definition.py
[2022-12-13T22:54:26.052+0000] {logging_mixin.py:137} INFO - [2022-12-13T22:54:26.045+0000] {dagbag.py:343} ERROR - Failed to import: /opt/airflow/dags/test/test_forexdag_definition.py
Traceback (most recent call last):
  File "/home/airflow/.local/lib/python3.7/site-packages/airflow/models/dagbag.py", line 339, in parse
    loader.exec_module(new_module)
  File "<frozen importlib._bootstrap_external>", line 728, in exec_module
  File "<frozen importlib._bootstrap>", line 219, in _call_with_frames_removed
  File "/opt/airflow/dags/test/test_forexdag_definition.py", line 1, in <module>
    import pytest
ModuleNotFoundError: No module named 'pytest'
[2022-12-13T22:54:26.055+0000] {processor.py:755} WARNING - No viable dags retrieved from /opt/airflow/dags/test/test_forexdag_definition.py
[2022-12-13T22:54:26.073+0000] {processor.py:175} INFO - Processing /opt/airflow/dags/test/test_forexdag_definition.py took 0.075 seconds
[2022-12-13T22:54:51.880+0000] {processor.py:153} INFO - Started process (PID=3819) to work on /opt/airflow/dags/test/test_forexdag_definition.py
[2022-12-13T22:54:51.893+0000] {processor.py:743} INFO - Processing file /opt/airflow/dags/test/test_forexdag_definition.py for tasks to queue
[2022-12-13T22:54:51.894+0000] {logging_mixin.py:137} INFO - [2022-12-13T22:54:51.894+0000] {dagbag.py:538} INFO - Filling up the DagBag from /opt/airflow/dags/test/test_forexdag_definition.py
[2022-12-13T22:54:52.007+0000] {logging_mixin.py:137} INFO - [2022-12-13T22:54:51.997+0000] {dagbag.py:343} ERROR - Failed to import: /opt/airflow/dags/test/test_forexdag_definition.py
Traceback (most recent call last):
  File "/home/airflow/.local/lib/python3.7/site-packages/airflow/models/dagbag.py", line 339, in parse
    loader.exec_module(new_module)
  File "<frozen importlib._bootstrap_external>", line 728, in exec_module
  File "<frozen importlib._bootstrap>", line 219, in _call_with_frames_removed
  File "/opt/airflow/dags/test/test_forexdag_definition.py", line 1, in <module>
    import pytest
ModuleNotFoundError: No module named 'pytest'
[2022-12-13T22:54:52.010+0000] {processor.py:755} WARNING - No viable dags retrieved from /opt/airflow/dags/test/test_forexdag_definition.py
[2022-12-13T22:54:52.035+0000] {processor.py:175} INFO - Processing /opt/airflow/dags/test/test_forexdag_definition.py took 0.158 seconds
[2022-12-13T22:55:09.526+0000] {processor.py:153} INFO - Started process (PID=3861) to work on /opt/airflow/dags/test/test_forexdag_definition.py
[2022-12-13T22:55:09.529+0000] {processor.py:743} INFO - Processing file /opt/airflow/dags/test/test_forexdag_definition.py for tasks to queue
[2022-12-13T22:55:09.531+0000] {logging_mixin.py:137} INFO - [2022-12-13T22:55:09.531+0000] {dagbag.py:538} INFO - Filling up the DagBag from /opt/airflow/dags/test/test_forexdag_definition.py
[2022-12-13T22:55:09.711+0000] {logging_mixin.py:137} INFO - [2022-12-13T22:55:09.698+0000] {dagbag.py:343} ERROR - Failed to import: /opt/airflow/dags/test/test_forexdag_definition.py
Traceback (most recent call last):
  File "/home/airflow/.local/lib/python3.7/site-packages/airflow/models/dagbag.py", line 339, in parse
    loader.exec_module(new_module)
  File "<frozen importlib._bootstrap_external>", line 728, in exec_module
  File "<frozen importlib._bootstrap>", line 219, in _call_with_frames_removed
  File "/opt/airflow/dags/test/test_forexdag_definition.py", line 1, in <module>
    import pytest
ModuleNotFoundError: No module named 'pytest'
[2022-12-13T22:55:09.715+0000] {processor.py:755} WARNING - No viable dags retrieved from /opt/airflow/dags/test/test_forexdag_definition.py
[2022-12-13T22:55:09.734+0000] {processor.py:175} INFO - Processing /opt/airflow/dags/test/test_forexdag_definition.py took 0.210 seconds
[2022-12-13T22:55:38.053+0000] {processor.py:153} INFO - Started process (PID=3905) to work on /opt/airflow/dags/test/test_forexdag_definition.py
[2022-12-13T22:55:38.057+0000] {processor.py:743} INFO - Processing file /opt/airflow/dags/test/test_forexdag_definition.py for tasks to queue
[2022-12-13T22:55:38.059+0000] {logging_mixin.py:137} INFO - [2022-12-13T22:55:38.059+0000] {dagbag.py:538} INFO - Filling up the DagBag from /opt/airflow/dags/test/test_forexdag_definition.py
[2022-12-13T22:55:38.262+0000] {logging_mixin.py:137} INFO - [2022-12-13T22:55:38.246+0000] {dagbag.py:343} ERROR - Failed to import: /opt/airflow/dags/test/test_forexdag_definition.py
Traceback (most recent call last):
  File "/home/airflow/.local/lib/python3.7/site-packages/airflow/models/dagbag.py", line 339, in parse
    loader.exec_module(new_module)
  File "<frozen importlib._bootstrap_external>", line 728, in exec_module
  File "<frozen importlib._bootstrap>", line 219, in _call_with_frames_removed
  File "/opt/airflow/dags/test/test_forexdag_definition.py", line 1, in <module>
    import pytest
ModuleNotFoundError: No module named 'pytest'
[2022-12-13T22:55:38.267+0000] {processor.py:755} WARNING - No viable dags retrieved from /opt/airflow/dags/test/test_forexdag_definition.py
[2022-12-13T22:55:38.289+0000] {processor.py:175} INFO - Processing /opt/airflow/dags/test/test_forexdag_definition.py took 0.239 seconds
[2022-12-13T22:55:57.706+0000] {processor.py:153} INFO - Started process (PID=3928) to work on /opt/airflow/dags/test/test_forexdag_definition.py
[2022-12-13T22:55:57.709+0000] {processor.py:743} INFO - Processing file /opt/airflow/dags/test/test_forexdag_definition.py for tasks to queue
[2022-12-13T22:55:57.711+0000] {logging_mixin.py:137} INFO - [2022-12-13T22:55:57.711+0000] {dagbag.py:538} INFO - Filling up the DagBag from /opt/airflow/dags/test/test_forexdag_definition.py
[2022-12-13T22:55:57.942+0000] {logging_mixin.py:137} INFO - [2022-12-13T22:55:57.925+0000] {dagbag.py:343} ERROR - Failed to import: /opt/airflow/dags/test/test_forexdag_definition.py
Traceback (most recent call last):
  File "/home/airflow/.local/lib/python3.7/site-packages/airflow/models/dagbag.py", line 339, in parse
    loader.exec_module(new_module)
  File "<frozen importlib._bootstrap_external>", line 728, in exec_module
  File "<frozen importlib._bootstrap>", line 219, in _call_with_frames_removed
  File "/opt/airflow/dags/test/test_forexdag_definition.py", line 1, in <module>
    import pytest
ModuleNotFoundError: No module named 'pytest'
[2022-12-13T22:55:57.948+0000] {processor.py:755} WARNING - No viable dags retrieved from /opt/airflow/dags/test/test_forexdag_definition.py
[2022-12-13T22:55:57.972+0000] {processor.py:175} INFO - Processing /opt/airflow/dags/test/test_forexdag_definition.py took 0.269 seconds
[2022-12-13T22:56:28.769+0000] {processor.py:153} INFO - Started process (PID=3991) to work on /opt/airflow/dags/test/test_forexdag_definition.py
[2022-12-13T22:56:28.772+0000] {processor.py:743} INFO - Processing file /opt/airflow/dags/test/test_forexdag_definition.py for tasks to queue
[2022-12-13T22:56:28.774+0000] {logging_mixin.py:137} INFO - [2022-12-13T22:56:28.774+0000] {dagbag.py:538} INFO - Filling up the DagBag from /opt/airflow/dags/test/test_forexdag_definition.py
[2022-12-13T22:56:28.819+0000] {logging_mixin.py:137} INFO - [2022-12-13T22:56:28.812+0000] {dagbag.py:343} ERROR - Failed to import: /opt/airflow/dags/test/test_forexdag_definition.py
Traceback (most recent call last):
  File "/home/airflow/.local/lib/python3.7/site-packages/airflow/models/dagbag.py", line 339, in parse
    loader.exec_module(new_module)
  File "<frozen importlib._bootstrap_external>", line 728, in exec_module
  File "<frozen importlib._bootstrap>", line 219, in _call_with_frames_removed
  File "/opt/airflow/dags/test/test_forexdag_definition.py", line 1, in <module>
    import pytest
ModuleNotFoundError: No module named 'pytest'
[2022-12-13T22:56:28.822+0000] {processor.py:755} WARNING - No viable dags retrieved from /opt/airflow/dags/test/test_forexdag_definition.py
[2022-12-13T22:56:28.844+0000] {processor.py:175} INFO - Processing /opt/airflow/dags/test/test_forexdag_definition.py took 0.077 seconds
[2022-12-13T22:56:59.587+0000] {processor.py:153} INFO - Started process (PID=4037) to work on /opt/airflow/dags/test/test_forexdag_definition.py
[2022-12-13T22:56:59.590+0000] {processor.py:743} INFO - Processing file /opt/airflow/dags/test/test_forexdag_definition.py for tasks to queue
[2022-12-13T22:56:59.592+0000] {logging_mixin.py:137} INFO - [2022-12-13T22:56:59.591+0000] {dagbag.py:538} INFO - Filling up the DagBag from /opt/airflow/dags/test/test_forexdag_definition.py
[2022-12-13T22:56:59.639+0000] {logging_mixin.py:137} INFO - [2022-12-13T22:56:59.631+0000] {dagbag.py:343} ERROR - Failed to import: /opt/airflow/dags/test/test_forexdag_definition.py
Traceback (most recent call last):
  File "/home/airflow/.local/lib/python3.7/site-packages/airflow/models/dagbag.py", line 339, in parse
    loader.exec_module(new_module)
  File "<frozen importlib._bootstrap_external>", line 728, in exec_module
  File "<frozen importlib._bootstrap>", line 219, in _call_with_frames_removed
  File "/opt/airflow/dags/test/test_forexdag_definition.py", line 1, in <module>
    import pytest
ModuleNotFoundError: No module named 'pytest'
[2022-12-13T22:56:59.642+0000] {processor.py:755} WARNING - No viable dags retrieved from /opt/airflow/dags/test/test_forexdag_definition.py
[2022-12-13T22:56:59.661+0000] {processor.py:175} INFO - Processing /opt/airflow/dags/test/test_forexdag_definition.py took 0.077 seconds
[2022-12-13T22:57:30.500+0000] {processor.py:153} INFO - Started process (PID=4101) to work on /opt/airflow/dags/test/test_forexdag_definition.py
[2022-12-13T22:57:30.504+0000] {processor.py:743} INFO - Processing file /opt/airflow/dags/test/test_forexdag_definition.py for tasks to queue
[2022-12-13T22:57:30.506+0000] {logging_mixin.py:137} INFO - [2022-12-13T22:57:30.506+0000] {dagbag.py:538} INFO - Filling up the DagBag from /opt/airflow/dags/test/test_forexdag_definition.py
[2022-12-13T22:57:30.559+0000] {logging_mixin.py:137} INFO - [2022-12-13T22:57:30.550+0000] {dagbag.py:343} ERROR - Failed to import: /opt/airflow/dags/test/test_forexdag_definition.py
Traceback (most recent call last):
  File "/home/airflow/.local/lib/python3.7/site-packages/airflow/models/dagbag.py", line 339, in parse
    loader.exec_module(new_module)
  File "<frozen importlib._bootstrap_external>", line 728, in exec_module
  File "<frozen importlib._bootstrap>", line 219, in _call_with_frames_removed
  File "/opt/airflow/dags/test/test_forexdag_definition.py", line 1, in <module>
    import pytest
ModuleNotFoundError: No module named 'pytest'
[2022-12-13T22:57:30.562+0000] {processor.py:755} WARNING - No viable dags retrieved from /opt/airflow/dags/test/test_forexdag_definition.py
[2022-12-13T22:57:30.580+0000] {processor.py:175} INFO - Processing /opt/airflow/dags/test/test_forexdag_definition.py took 0.082 seconds
[2022-12-13T22:58:01.208+0000] {processor.py:153} INFO - Started process (PID=4148) to work on /opt/airflow/dags/test/test_forexdag_definition.py
[2022-12-13T22:58:01.212+0000] {processor.py:743} INFO - Processing file /opt/airflow/dags/test/test_forexdag_definition.py for tasks to queue
[2022-12-13T22:58:01.214+0000] {logging_mixin.py:137} INFO - [2022-12-13T22:58:01.214+0000] {dagbag.py:538} INFO - Filling up the DagBag from /opt/airflow/dags/test/test_forexdag_definition.py
[2022-12-13T22:58:01.256+0000] {logging_mixin.py:137} INFO - [2022-12-13T22:58:01.245+0000] {dagbag.py:343} ERROR - Failed to import: /opt/airflow/dags/test/test_forexdag_definition.py
Traceback (most recent call last):
  File "/home/airflow/.local/lib/python3.7/site-packages/airflow/models/dagbag.py", line 339, in parse
    loader.exec_module(new_module)
  File "<frozen importlib._bootstrap_external>", line 728, in exec_module
  File "<frozen importlib._bootstrap>", line 219, in _call_with_frames_removed
  File "/opt/airflow/dags/test/test_forexdag_definition.py", line 1, in <module>
    import pytest
ModuleNotFoundError: No module named 'pytest'
[2022-12-13T22:58:01.260+0000] {processor.py:755} WARNING - No viable dags retrieved from /opt/airflow/dags/test/test_forexdag_definition.py
[2022-12-13T22:58:01.279+0000] {processor.py:175} INFO - Processing /opt/airflow/dags/test/test_forexdag_definition.py took 0.074 seconds
[2022-12-13T22:58:31.843+0000] {processor.py:153} INFO - Started process (PID=4211) to work on /opt/airflow/dags/test/test_forexdag_definition.py
[2022-12-13T22:58:31.846+0000] {processor.py:743} INFO - Processing file /opt/airflow/dags/test/test_forexdag_definition.py for tasks to queue
[2022-12-13T22:58:31.847+0000] {logging_mixin.py:137} INFO - [2022-12-13T22:58:31.847+0000] {dagbag.py:538} INFO - Filling up the DagBag from /opt/airflow/dags/test/test_forexdag_definition.py
[2022-12-13T22:58:31.893+0000] {logging_mixin.py:137} INFO - [2022-12-13T22:58:31.884+0000] {dagbag.py:343} ERROR - Failed to import: /opt/airflow/dags/test/test_forexdag_definition.py
Traceback (most recent call last):
  File "/home/airflow/.local/lib/python3.7/site-packages/airflow/models/dagbag.py", line 339, in parse
    loader.exec_module(new_module)
  File "<frozen importlib._bootstrap_external>", line 728, in exec_module
  File "<frozen importlib._bootstrap>", line 219, in _call_with_frames_removed
  File "/opt/airflow/dags/test/test_forexdag_definition.py", line 1, in <module>
    import pytest
ModuleNotFoundError: No module named 'pytest'
[2022-12-13T22:58:31.898+0000] {processor.py:755} WARNING - No viable dags retrieved from /opt/airflow/dags/test/test_forexdag_definition.py
[2022-12-13T22:58:31.915+0000] {processor.py:175} INFO - Processing /opt/airflow/dags/test/test_forexdag_definition.py took 0.074 seconds
[2022-12-13T22:59:02.554+0000] {processor.py:153} INFO - Started process (PID=4257) to work on /opt/airflow/dags/test/test_forexdag_definition.py
[2022-12-13T22:59:02.557+0000] {processor.py:743} INFO - Processing file /opt/airflow/dags/test/test_forexdag_definition.py for tasks to queue
[2022-12-13T22:59:02.558+0000] {logging_mixin.py:137} INFO - [2022-12-13T22:59:02.558+0000] {dagbag.py:538} INFO - Filling up the DagBag from /opt/airflow/dags/test/test_forexdag_definition.py
[2022-12-13T22:59:02.609+0000] {logging_mixin.py:137} INFO - [2022-12-13T22:59:02.601+0000] {dagbag.py:343} ERROR - Failed to import: /opt/airflow/dags/test/test_forexdag_definition.py
Traceback (most recent call last):
  File "/home/airflow/.local/lib/python3.7/site-packages/airflow/models/dagbag.py", line 339, in parse
    loader.exec_module(new_module)
  File "<frozen importlib._bootstrap_external>", line 728, in exec_module
  File "<frozen importlib._bootstrap>", line 219, in _call_with_frames_removed
  File "/opt/airflow/dags/test/test_forexdag_definition.py", line 1, in <module>
    import pytest
ModuleNotFoundError: No module named 'pytest'
[2022-12-13T22:59:02.613+0000] {processor.py:755} WARNING - No viable dags retrieved from /opt/airflow/dags/test/test_forexdag_definition.py
[2022-12-13T22:59:02.634+0000] {processor.py:175} INFO - Processing /opt/airflow/dags/test/test_forexdag_definition.py took 0.082 seconds
[2022-12-13T22:59:33.376+0000] {processor.py:153} INFO - Started process (PID=4320) to work on /opt/airflow/dags/test/test_forexdag_definition.py
[2022-12-13T22:59:33.379+0000] {processor.py:743} INFO - Processing file /opt/airflow/dags/test/test_forexdag_definition.py for tasks to queue
[2022-12-13T22:59:33.380+0000] {logging_mixin.py:137} INFO - [2022-12-13T22:59:33.380+0000] {dagbag.py:538} INFO - Filling up the DagBag from /opt/airflow/dags/test/test_forexdag_definition.py
[2022-12-13T22:59:33.433+0000] {logging_mixin.py:137} INFO - [2022-12-13T22:59:33.425+0000] {dagbag.py:343} ERROR - Failed to import: /opt/airflow/dags/test/test_forexdag_definition.py
Traceback (most recent call last):
  File "/home/airflow/.local/lib/python3.7/site-packages/airflow/models/dagbag.py", line 339, in parse
    loader.exec_module(new_module)
  File "<frozen importlib._bootstrap_external>", line 728, in exec_module
  File "<frozen importlib._bootstrap>", line 219, in _call_with_frames_removed
  File "/opt/airflow/dags/test/test_forexdag_definition.py", line 1, in <module>
    import pytest
ModuleNotFoundError: No module named 'pytest'
[2022-12-13T22:59:33.437+0000] {processor.py:755} WARNING - No viable dags retrieved from /opt/airflow/dags/test/test_forexdag_definition.py
[2022-12-13T22:59:33.458+0000] {processor.py:175} INFO - Processing /opt/airflow/dags/test/test_forexdag_definition.py took 0.084 seconds
[2022-12-13T23:00:03.703+0000] {processor.py:153} INFO - Started process (PID=4363) to work on /opt/airflow/dags/test/test_forexdag_definition.py
[2022-12-13T23:00:03.705+0000] {processor.py:743} INFO - Processing file /opt/airflow/dags/test/test_forexdag_definition.py for tasks to queue
[2022-12-13T23:00:03.706+0000] {logging_mixin.py:137} INFO - [2022-12-13T23:00:03.706+0000] {dagbag.py:538} INFO - Filling up the DagBag from /opt/airflow/dags/test/test_forexdag_definition.py
[2022-12-13T23:00:03.749+0000] {logging_mixin.py:137} INFO - [2022-12-13T23:00:03.740+0000] {dagbag.py:343} ERROR - Failed to import: /opt/airflow/dags/test/test_forexdag_definition.py
Traceback (most recent call last):
  File "/home/airflow/.local/lib/python3.7/site-packages/airflow/models/dagbag.py", line 339, in parse
    loader.exec_module(new_module)
  File "<frozen importlib._bootstrap_external>", line 728, in exec_module
  File "<frozen importlib._bootstrap>", line 219, in _call_with_frames_removed
  File "/opt/airflow/dags/test/test_forexdag_definition.py", line 1, in <module>
    import pytest
ModuleNotFoundError: No module named 'pytest'
[2022-12-13T23:00:03.753+0000] {processor.py:755} WARNING - No viable dags retrieved from /opt/airflow/dags/test/test_forexdag_definition.py
[2022-12-13T23:00:03.772+0000] {processor.py:175} INFO - Processing /opt/airflow/dags/test/test_forexdag_definition.py took 0.071 seconds
[2022-12-13T23:00:34.423+0000] {processor.py:153} INFO - Started process (PID=4427) to work on /opt/airflow/dags/test/test_forexdag_definition.py
[2022-12-13T23:00:34.427+0000] {processor.py:743} INFO - Processing file /opt/airflow/dags/test/test_forexdag_definition.py for tasks to queue
[2022-12-13T23:00:34.429+0000] {logging_mixin.py:137} INFO - [2022-12-13T23:00:34.429+0000] {dagbag.py:538} INFO - Filling up the DagBag from /opt/airflow/dags/test/test_forexdag_definition.py
[2022-12-13T23:00:34.490+0000] {logging_mixin.py:137} INFO - [2022-12-13T23:00:34.482+0000] {dagbag.py:343} ERROR - Failed to import: /opt/airflow/dags/test/test_forexdag_definition.py
Traceback (most recent call last):
  File "/home/airflow/.local/lib/python3.7/site-packages/airflow/models/dagbag.py", line 339, in parse
    loader.exec_module(new_module)
  File "<frozen importlib._bootstrap_external>", line 728, in exec_module
  File "<frozen importlib._bootstrap>", line 219, in _call_with_frames_removed
  File "/opt/airflow/dags/test/test_forexdag_definition.py", line 1, in <module>
    import pytest
ModuleNotFoundError: No module named 'pytest'
[2022-12-13T23:00:34.493+0000] {processor.py:755} WARNING - No viable dags retrieved from /opt/airflow/dags/test/test_forexdag_definition.py
[2022-12-13T23:00:34.510+0000] {processor.py:175} INFO - Processing /opt/airflow/dags/test/test_forexdag_definition.py took 0.090 seconds
[2022-12-13T23:01:05.169+0000] {processor.py:153} INFO - Started process (PID=4471) to work on /opt/airflow/dags/test/test_forexdag_definition.py
[2022-12-13T23:01:05.172+0000] {processor.py:743} INFO - Processing file /opt/airflow/dags/test/test_forexdag_definition.py for tasks to queue
[2022-12-13T23:01:05.173+0000] {logging_mixin.py:137} INFO - [2022-12-13T23:01:05.173+0000] {dagbag.py:538} INFO - Filling up the DagBag from /opt/airflow/dags/test/test_forexdag_definition.py
[2022-12-13T23:01:05.209+0000] {logging_mixin.py:137} INFO - [2022-12-13T23:01:05.202+0000] {dagbag.py:343} ERROR - Failed to import: /opt/airflow/dags/test/test_forexdag_definition.py
Traceback (most recent call last):
  File "/home/airflow/.local/lib/python3.7/site-packages/airflow/models/dagbag.py", line 339, in parse
    loader.exec_module(new_module)
  File "<frozen importlib._bootstrap_external>", line 728, in exec_module
  File "<frozen importlib._bootstrap>", line 219, in _call_with_frames_removed
  File "/opt/airflow/dags/test/test_forexdag_definition.py", line 1, in <module>
    import pytest
ModuleNotFoundError: No module named 'pytest'
[2022-12-13T23:01:05.212+0000] {processor.py:755} WARNING - No viable dags retrieved from /opt/airflow/dags/test/test_forexdag_definition.py
[2022-12-13T23:01:05.231+0000] {processor.py:175} INFO - Processing /opt/airflow/dags/test/test_forexdag_definition.py took 0.064 seconds
[2022-12-13T23:01:35.316+0000] {processor.py:153} INFO - Started process (PID=4535) to work on /opt/airflow/dags/test/test_forexdag_definition.py
[2022-12-13T23:01:35.318+0000] {processor.py:743} INFO - Processing file /opt/airflow/dags/test/test_forexdag_definition.py for tasks to queue
[2022-12-13T23:01:35.320+0000] {logging_mixin.py:137} INFO - [2022-12-13T23:01:35.319+0000] {dagbag.py:538} INFO - Filling up the DagBag from /opt/airflow/dags/test/test_forexdag_definition.py
[2022-12-13T23:01:35.356+0000] {logging_mixin.py:137} INFO - [2022-12-13T23:01:35.349+0000] {dagbag.py:343} ERROR - Failed to import: /opt/airflow/dags/test/test_forexdag_definition.py
Traceback (most recent call last):
  File "/home/airflow/.local/lib/python3.7/site-packages/airflow/models/dagbag.py", line 339, in parse
    loader.exec_module(new_module)
  File "<frozen importlib._bootstrap_external>", line 728, in exec_module
  File "<frozen importlib._bootstrap>", line 219, in _call_with_frames_removed
  File "/opt/airflow/dags/test/test_forexdag_definition.py", line 1, in <module>
    import pytest
ModuleNotFoundError: No module named 'pytest'
[2022-12-13T23:01:35.359+0000] {processor.py:755} WARNING - No viable dags retrieved from /opt/airflow/dags/test/test_forexdag_definition.py
[2022-12-13T23:01:35.379+0000] {processor.py:175} INFO - Processing /opt/airflow/dags/test/test_forexdag_definition.py took 0.067 seconds
[2022-12-13T23:02:06.192+0000] {processor.py:153} INFO - Started process (PID=4580) to work on /opt/airflow/dags/test/test_forexdag_definition.py
[2022-12-13T23:02:06.195+0000] {processor.py:743} INFO - Processing file /opt/airflow/dags/test/test_forexdag_definition.py for tasks to queue
[2022-12-13T23:02:06.196+0000] {logging_mixin.py:137} INFO - [2022-12-13T23:02:06.196+0000] {dagbag.py:538} INFO - Filling up the DagBag from /opt/airflow/dags/test/test_forexdag_definition.py
[2022-12-13T23:02:06.272+0000] {logging_mixin.py:137} INFO - [2022-12-13T23:02:06.262+0000] {dagbag.py:343} ERROR - Failed to import: /opt/airflow/dags/test/test_forexdag_definition.py
Traceback (most recent call last):
  File "/home/airflow/.local/lib/python3.7/site-packages/airflow/models/dagbag.py", line 339, in parse
    loader.exec_module(new_module)
  File "<frozen importlib._bootstrap_external>", line 728, in exec_module
  File "<frozen importlib._bootstrap>", line 219, in _call_with_frames_removed
  File "/opt/airflow/dags/test/test_forexdag_definition.py", line 1, in <module>
    import pytest
ModuleNotFoundError: No module named 'pytest'
[2022-12-13T23:02:06.276+0000] {processor.py:755} WARNING - No viable dags retrieved from /opt/airflow/dags/test/test_forexdag_definition.py
[2022-12-13T23:02:06.298+0000] {processor.py:175} INFO - Processing /opt/airflow/dags/test/test_forexdag_definition.py took 0.109 seconds
[2022-12-13T23:02:36.924+0000] {processor.py:153} INFO - Started process (PID=4644) to work on /opt/airflow/dags/test/test_forexdag_definition.py
[2022-12-13T23:02:36.926+0000] {processor.py:743} INFO - Processing file /opt/airflow/dags/test/test_forexdag_definition.py for tasks to queue
[2022-12-13T23:02:36.927+0000] {logging_mixin.py:137} INFO - [2022-12-13T23:02:36.927+0000] {dagbag.py:538} INFO - Filling up the DagBag from /opt/airflow/dags/test/test_forexdag_definition.py
[2022-12-13T23:02:36.999+0000] {logging_mixin.py:137} INFO - [2022-12-13T23:02:36.976+0000] {dagbag.py:343} ERROR - Failed to import: /opt/airflow/dags/test/test_forexdag_definition.py
Traceback (most recent call last):
  File "/home/airflow/.local/lib/python3.7/site-packages/airflow/models/dagbag.py", line 339, in parse
    loader.exec_module(new_module)
  File "<frozen importlib._bootstrap_external>", line 728, in exec_module
  File "<frozen importlib._bootstrap>", line 219, in _call_with_frames_removed
  File "/opt/airflow/dags/test/test_forexdag_definition.py", line 1, in <module>
    import pytest
ModuleNotFoundError: No module named 'pytest'
[2022-12-13T23:02:37.005+0000] {processor.py:755} WARNING - No viable dags retrieved from /opt/airflow/dags/test/test_forexdag_definition.py
[2022-12-13T23:02:37.025+0000] {processor.py:175} INFO - Processing /opt/airflow/dags/test/test_forexdag_definition.py took 0.105 seconds
[2022-12-13T23:03:07.649+0000] {processor.py:153} INFO - Started process (PID=4688) to work on /opt/airflow/dags/test/test_forexdag_definition.py
[2022-12-13T23:03:07.652+0000] {processor.py:743} INFO - Processing file /opt/airflow/dags/test/test_forexdag_definition.py for tasks to queue
[2022-12-13T23:03:07.653+0000] {logging_mixin.py:137} INFO - [2022-12-13T23:03:07.653+0000] {dagbag.py:538} INFO - Filling up the DagBag from /opt/airflow/dags/test/test_forexdag_definition.py
[2022-12-13T23:03:07.690+0000] {logging_mixin.py:137} INFO - [2022-12-13T23:03:07.683+0000] {dagbag.py:343} ERROR - Failed to import: /opt/airflow/dags/test/test_forexdag_definition.py
Traceback (most recent call last):
  File "/home/airflow/.local/lib/python3.7/site-packages/airflow/models/dagbag.py", line 339, in parse
    loader.exec_module(new_module)
  File "<frozen importlib._bootstrap_external>", line 728, in exec_module
  File "<frozen importlib._bootstrap>", line 219, in _call_with_frames_removed
  File "/opt/airflow/dags/test/test_forexdag_definition.py", line 1, in <module>
    import pytest
ModuleNotFoundError: No module named 'pytest'
[2022-12-13T23:03:07.692+0000] {processor.py:755} WARNING - No viable dags retrieved from /opt/airflow/dags/test/test_forexdag_definition.py
[2022-12-13T23:03:07.709+0000] {processor.py:175} INFO - Processing /opt/airflow/dags/test/test_forexdag_definition.py took 0.063 seconds
[2022-12-13T23:03:37.889+0000] {processor.py:153} INFO - Started process (PID=4752) to work on /opt/airflow/dags/test/test_forexdag_definition.py
[2022-12-13T23:03:37.891+0000] {processor.py:743} INFO - Processing file /opt/airflow/dags/test/test_forexdag_definition.py for tasks to queue
[2022-12-13T23:03:37.892+0000] {logging_mixin.py:137} INFO - [2022-12-13T23:03:37.892+0000] {dagbag.py:538} INFO - Filling up the DagBag from /opt/airflow/dags/test/test_forexdag_definition.py
[2022-12-13T23:03:37.949+0000] {logging_mixin.py:137} INFO - [2022-12-13T23:03:37.942+0000] {dagbag.py:343} ERROR - Failed to import: /opt/airflow/dags/test/test_forexdag_definition.py
Traceback (most recent call last):
  File "/home/airflow/.local/lib/python3.7/site-packages/airflow/models/dagbag.py", line 339, in parse
    loader.exec_module(new_module)
  File "<frozen importlib._bootstrap_external>", line 728, in exec_module
  File "<frozen importlib._bootstrap>", line 219, in _call_with_frames_removed
  File "/opt/airflow/dags/test/test_forexdag_definition.py", line 1, in <module>
    import pytest
ModuleNotFoundError: No module named 'pytest'
[2022-12-13T23:03:37.952+0000] {processor.py:755} WARNING - No viable dags retrieved from /opt/airflow/dags/test/test_forexdag_definition.py
[2022-12-13T23:03:37.969+0000] {processor.py:175} INFO - Processing /opt/airflow/dags/test/test_forexdag_definition.py took 0.083 seconds
[2022-12-13T23:04:08.358+0000] {processor.py:153} INFO - Started process (PID=4796) to work on /opt/airflow/dags/test/test_forexdag_definition.py
[2022-12-13T23:04:08.362+0000] {processor.py:743} INFO - Processing file /opt/airflow/dags/test/test_forexdag_definition.py for tasks to queue
[2022-12-13T23:04:08.363+0000] {logging_mixin.py:137} INFO - [2022-12-13T23:04:08.363+0000] {dagbag.py:538} INFO - Filling up the DagBag from /opt/airflow/dags/test/test_forexdag_definition.py
[2022-12-13T23:04:08.433+0000] {logging_mixin.py:137} INFO - [2022-12-13T23:04:08.418+0000] {dagbag.py:343} ERROR - Failed to import: /opt/airflow/dags/test/test_forexdag_definition.py
Traceback (most recent call last):
  File "/home/airflow/.local/lib/python3.7/site-packages/airflow/models/dagbag.py", line 339, in parse
    loader.exec_module(new_module)
  File "<frozen importlib._bootstrap_external>", line 728, in exec_module
  File "<frozen importlib._bootstrap>", line 219, in _call_with_frames_removed
  File "/opt/airflow/dags/test/test_forexdag_definition.py", line 1, in <module>
    import pytest
ModuleNotFoundError: No module named 'pytest'
[2022-12-13T23:04:08.438+0000] {processor.py:755} WARNING - No viable dags retrieved from /opt/airflow/dags/test/test_forexdag_definition.py
[2022-12-13T23:04:08.457+0000] {processor.py:175} INFO - Processing /opt/airflow/dags/test/test_forexdag_definition.py took 0.102 seconds
[2022-12-13T23:04:38.537+0000] {processor.py:153} INFO - Started process (PID=4859) to work on /opt/airflow/dags/test/test_forexdag_definition.py
[2022-12-13T23:04:38.540+0000] {processor.py:743} INFO - Processing file /opt/airflow/dags/test/test_forexdag_definition.py for tasks to queue
[2022-12-13T23:04:38.541+0000] {logging_mixin.py:137} INFO - [2022-12-13T23:04:38.541+0000] {dagbag.py:538} INFO - Filling up the DagBag from /opt/airflow/dags/test/test_forexdag_definition.py
[2022-12-13T23:04:38.589+0000] {logging_mixin.py:137} INFO - [2022-12-13T23:04:38.580+0000] {dagbag.py:343} ERROR - Failed to import: /opt/airflow/dags/test/test_forexdag_definition.py
Traceback (most recent call last):
  File "/home/airflow/.local/lib/python3.7/site-packages/airflow/models/dagbag.py", line 339, in parse
    loader.exec_module(new_module)
  File "<frozen importlib._bootstrap_external>", line 728, in exec_module
  File "<frozen importlib._bootstrap>", line 219, in _call_with_frames_removed
  File "/opt/airflow/dags/test/test_forexdag_definition.py", line 1, in <module>
    import pytest
ModuleNotFoundError: No module named 'pytest'
[2022-12-13T23:04:38.592+0000] {processor.py:755} WARNING - No viable dags retrieved from /opt/airflow/dags/test/test_forexdag_definition.py
[2022-12-13T23:04:38.611+0000] {processor.py:175} INFO - Processing /opt/airflow/dags/test/test_forexdag_definition.py took 0.076 seconds
[2022-12-13T23:05:08.812+0000] {processor.py:153} INFO - Started process (PID=4903) to work on /opt/airflow/dags/test/test_forexdag_definition.py
[2022-12-13T23:05:08.815+0000] {processor.py:743} INFO - Processing file /opt/airflow/dags/test/test_forexdag_definition.py for tasks to queue
[2022-12-13T23:05:08.816+0000] {logging_mixin.py:137} INFO - [2022-12-13T23:05:08.816+0000] {dagbag.py:538} INFO - Filling up the DagBag from /opt/airflow/dags/test/test_forexdag_definition.py
[2022-12-13T23:05:08.867+0000] {logging_mixin.py:137} INFO - [2022-12-13T23:05:08.858+0000] {dagbag.py:343} ERROR - Failed to import: /opt/airflow/dags/test/test_forexdag_definition.py
Traceback (most recent call last):
  File "/home/airflow/.local/lib/python3.7/site-packages/airflow/models/dagbag.py", line 339, in parse
    loader.exec_module(new_module)
  File "<frozen importlib._bootstrap_external>", line 728, in exec_module
  File "<frozen importlib._bootstrap>", line 219, in _call_with_frames_removed
  File "/opt/airflow/dags/test/test_forexdag_definition.py", line 1, in <module>
    import pytest
ModuleNotFoundError: No module named 'pytest'
[2022-12-13T23:05:08.870+0000] {processor.py:755} WARNING - No viable dags retrieved from /opt/airflow/dags/test/test_forexdag_definition.py
[2022-12-13T23:05:08.918+0000] {processor.py:175} INFO - Processing /opt/airflow/dags/test/test_forexdag_definition.py took 0.109 seconds
[2022-12-13T23:05:39.567+0000] {processor.py:153} INFO - Started process (PID=4967) to work on /opt/airflow/dags/test/test_forexdag_definition.py
[2022-12-13T23:05:39.569+0000] {processor.py:743} INFO - Processing file /opt/airflow/dags/test/test_forexdag_definition.py for tasks to queue
[2022-12-13T23:05:39.570+0000] {logging_mixin.py:137} INFO - [2022-12-13T23:05:39.570+0000] {dagbag.py:538} INFO - Filling up the DagBag from /opt/airflow/dags/test/test_forexdag_definition.py
[2022-12-13T23:05:39.603+0000] {logging_mixin.py:137} INFO - [2022-12-13T23:05:39.596+0000] {dagbag.py:343} ERROR - Failed to import: /opt/airflow/dags/test/test_forexdag_definition.py
Traceback (most recent call last):
  File "/home/airflow/.local/lib/python3.7/site-packages/airflow/models/dagbag.py", line 339, in parse
    loader.exec_module(new_module)
  File "<frozen importlib._bootstrap_external>", line 728, in exec_module
  File "<frozen importlib._bootstrap>", line 219, in _call_with_frames_removed
  File "/opt/airflow/dags/test/test_forexdag_definition.py", line 1, in <module>
    import pytest
ModuleNotFoundError: No module named 'pytest'
[2022-12-13T23:05:39.605+0000] {processor.py:755} WARNING - No viable dags retrieved from /opt/airflow/dags/test/test_forexdag_definition.py
[2022-12-13T23:05:39.623+0000] {processor.py:175} INFO - Processing /opt/airflow/dags/test/test_forexdag_definition.py took 0.059 seconds
[2022-12-13T23:06:10.269+0000] {processor.py:153} INFO - Started process (PID=5012) to work on /opt/airflow/dags/test/test_forexdag_definition.py
[2022-12-13T23:06:10.271+0000] {processor.py:743} INFO - Processing file /opt/airflow/dags/test/test_forexdag_definition.py for tasks to queue
[2022-12-13T23:06:10.272+0000] {logging_mixin.py:137} INFO - [2022-12-13T23:06:10.272+0000] {dagbag.py:538} INFO - Filling up the DagBag from /opt/airflow/dags/test/test_forexdag_definition.py
[2022-12-13T23:06:10.323+0000] {logging_mixin.py:137} INFO - [2022-12-13T23:06:10.312+0000] {dagbag.py:343} ERROR - Failed to import: /opt/airflow/dags/test/test_forexdag_definition.py
Traceback (most recent call last):
  File "/home/airflow/.local/lib/python3.7/site-packages/airflow/models/dagbag.py", line 339, in parse
    loader.exec_module(new_module)
  File "<frozen importlib._bootstrap_external>", line 728, in exec_module
  File "<frozen importlib._bootstrap>", line 219, in _call_with_frames_removed
  File "/opt/airflow/dags/test/test_forexdag_definition.py", line 1, in <module>
    import pytest
ModuleNotFoundError: No module named 'pytest'
[2022-12-13T23:06:10.326+0000] {processor.py:755} WARNING - No viable dags retrieved from /opt/airflow/dags/test/test_forexdag_definition.py
[2022-12-13T23:06:10.348+0000] {processor.py:175} INFO - Processing /opt/airflow/dags/test/test_forexdag_definition.py took 0.082 seconds
[2022-12-13T23:06:40.544+0000] {processor.py:153} INFO - Started process (PID=5076) to work on /opt/airflow/dags/test/test_forexdag_definition.py
[2022-12-13T23:06:40.547+0000] {processor.py:743} INFO - Processing file /opt/airflow/dags/test/test_forexdag_definition.py for tasks to queue
[2022-12-13T23:06:40.548+0000] {logging_mixin.py:137} INFO - [2022-12-13T23:06:40.548+0000] {dagbag.py:538} INFO - Filling up the DagBag from /opt/airflow/dags/test/test_forexdag_definition.py
[2022-12-13T23:06:40.588+0000] {logging_mixin.py:137} INFO - [2022-12-13T23:06:40.580+0000] {dagbag.py:343} ERROR - Failed to import: /opt/airflow/dags/test/test_forexdag_definition.py
Traceback (most recent call last):
  File "/home/airflow/.local/lib/python3.7/site-packages/airflow/models/dagbag.py", line 339, in parse
    loader.exec_module(new_module)
  File "<frozen importlib._bootstrap_external>", line 728, in exec_module
  File "<frozen importlib._bootstrap>", line 219, in _call_with_frames_removed
  File "/opt/airflow/dags/test/test_forexdag_definition.py", line 1, in <module>
    import pytest
ModuleNotFoundError: No module named 'pytest'
[2022-12-13T23:06:40.591+0000] {processor.py:755} WARNING - No viable dags retrieved from /opt/airflow/dags/test/test_forexdag_definition.py
[2022-12-13T23:06:40.612+0000] {processor.py:175} INFO - Processing /opt/airflow/dags/test/test_forexdag_definition.py took 0.071 seconds
[2022-12-13T23:07:10.841+0000] {processor.py:153} INFO - Started process (PID=5120) to work on /opt/airflow/dags/test/test_forexdag_definition.py
[2022-12-13T23:07:10.844+0000] {processor.py:743} INFO - Processing file /opt/airflow/dags/test/test_forexdag_definition.py for tasks to queue
[2022-12-13T23:07:10.845+0000] {logging_mixin.py:137} INFO - [2022-12-13T23:07:10.845+0000] {dagbag.py:538} INFO - Filling up the DagBag from /opt/airflow/dags/test/test_forexdag_definition.py
[2022-12-13T23:07:10.892+0000] {logging_mixin.py:137} INFO - [2022-12-13T23:07:10.882+0000] {dagbag.py:343} ERROR - Failed to import: /opt/airflow/dags/test/test_forexdag_definition.py
Traceback (most recent call last):
  File "/home/airflow/.local/lib/python3.7/site-packages/airflow/models/dagbag.py", line 339, in parse
    loader.exec_module(new_module)
  File "<frozen importlib._bootstrap_external>", line 728, in exec_module
  File "<frozen importlib._bootstrap>", line 219, in _call_with_frames_removed
  File "/opt/airflow/dags/test/test_forexdag_definition.py", line 1, in <module>
    import pytest
ModuleNotFoundError: No module named 'pytest'
[2022-12-13T23:07:10.897+0000] {processor.py:755} WARNING - No viable dags retrieved from /opt/airflow/dags/test/test_forexdag_definition.py
[2022-12-13T23:07:10.916+0000] {processor.py:175} INFO - Processing /opt/airflow/dags/test/test_forexdag_definition.py took 0.077 seconds
[2022-12-13T23:07:40.980+0000] {processor.py:153} INFO - Started process (PID=5173) to work on /opt/airflow/dags/test/test_forexdag_definition.py
[2022-12-13T23:07:40.984+0000] {processor.py:743} INFO - Processing file /opt/airflow/dags/test/test_forexdag_definition.py for tasks to queue
[2022-12-13T23:07:40.985+0000] {logging_mixin.py:137} INFO - [2022-12-13T23:07:40.985+0000] {dagbag.py:538} INFO - Filling up the DagBag from /opt/airflow/dags/test/test_forexdag_definition.py
[2022-12-13T23:07:41.029+0000] {logging_mixin.py:137} INFO - [2022-12-13T23:07:41.022+0000] {dagbag.py:343} ERROR - Failed to import: /opt/airflow/dags/test/test_forexdag_definition.py
Traceback (most recent call last):
  File "/home/airflow/.local/lib/python3.7/site-packages/airflow/models/dagbag.py", line 339, in parse
    loader.exec_module(new_module)
  File "<frozen importlib._bootstrap_external>", line 728, in exec_module
  File "<frozen importlib._bootstrap>", line 219, in _call_with_frames_removed
  File "/opt/airflow/dags/test/test_forexdag_definition.py", line 1, in <module>
    import pytest
ModuleNotFoundError: No module named 'pytest'
[2022-12-13T23:07:41.032+0000] {processor.py:755} WARNING - No viable dags retrieved from /opt/airflow/dags/test/test_forexdag_definition.py
[2022-12-13T23:07:41.049+0000] {processor.py:175} INFO - Processing /opt/airflow/dags/test/test_forexdag_definition.py took 0.072 seconds
[2022-12-13T23:08:11.426+0000] {processor.py:153} INFO - Started process (PID=5228) to work on /opt/airflow/dags/test/test_forexdag_definition.py
[2022-12-13T23:08:11.430+0000] {processor.py:743} INFO - Processing file /opt/airflow/dags/test/test_forexdag_definition.py for tasks to queue
[2022-12-13T23:08:11.431+0000] {logging_mixin.py:137} INFO - [2022-12-13T23:08:11.431+0000] {dagbag.py:538} INFO - Filling up the DagBag from /opt/airflow/dags/test/test_forexdag_definition.py
[2022-12-13T23:08:11.498+0000] {logging_mixin.py:137} INFO - [2022-12-13T23:08:11.485+0000] {dagbag.py:343} ERROR - Failed to import: /opt/airflow/dags/test/test_forexdag_definition.py
Traceback (most recent call last):
  File "/home/airflow/.local/lib/python3.7/site-packages/airflow/models/dagbag.py", line 339, in parse
    loader.exec_module(new_module)
  File "<frozen importlib._bootstrap_external>", line 728, in exec_module
  File "<frozen importlib._bootstrap>", line 219, in _call_with_frames_removed
  File "/opt/airflow/dags/test/test_forexdag_definition.py", line 1, in <module>
    import pytest
ModuleNotFoundError: No module named 'pytest'
[2022-12-13T23:08:11.503+0000] {processor.py:755} WARNING - No viable dags retrieved from /opt/airflow/dags/test/test_forexdag_definition.py
[2022-12-13T23:08:11.522+0000] {processor.py:175} INFO - Processing /opt/airflow/dags/test/test_forexdag_definition.py took 0.099 seconds
[2022-12-13T23:08:42.095+0000] {processor.py:153} INFO - Started process (PID=5272) to work on /opt/airflow/dags/test/test_forexdag_definition.py
[2022-12-13T23:08:42.097+0000] {processor.py:743} INFO - Processing file /opt/airflow/dags/test/test_forexdag_definition.py for tasks to queue
[2022-12-13T23:08:42.098+0000] {logging_mixin.py:137} INFO - [2022-12-13T23:08:42.098+0000] {dagbag.py:538} INFO - Filling up the DagBag from /opt/airflow/dags/test/test_forexdag_definition.py
[2022-12-13T23:08:42.144+0000] {logging_mixin.py:137} INFO - [2022-12-13T23:08:42.134+0000] {dagbag.py:343} ERROR - Failed to import: /opt/airflow/dags/test/test_forexdag_definition.py
Traceback (most recent call last):
  File "/home/airflow/.local/lib/python3.7/site-packages/airflow/models/dagbag.py", line 339, in parse
    loader.exec_module(new_module)
  File "<frozen importlib._bootstrap_external>", line 728, in exec_module
  File "<frozen importlib._bootstrap>", line 219, in _call_with_frames_removed
  File "/opt/airflow/dags/test/test_forexdag_definition.py", line 1, in <module>
    import pytest
ModuleNotFoundError: No module named 'pytest'
[2022-12-13T23:08:42.147+0000] {processor.py:755} WARNING - No viable dags retrieved from /opt/airflow/dags/test/test_forexdag_definition.py
[2022-12-13T23:08:42.180+0000] {processor.py:175} INFO - Processing /opt/airflow/dags/test/test_forexdag_definition.py took 0.087 seconds
[2022-12-13T23:09:12.266+0000] {processor.py:153} INFO - Started process (PID=5338) to work on /opt/airflow/dags/test/test_forexdag_definition.py
[2022-12-13T23:09:12.279+0000] {processor.py:743} INFO - Processing file /opt/airflow/dags/test/test_forexdag_definition.py for tasks to queue
[2022-12-13T23:09:12.281+0000] {logging_mixin.py:137} INFO - [2022-12-13T23:09:12.281+0000] {dagbag.py:538} INFO - Filling up the DagBag from /opt/airflow/dags/test/test_forexdag_definition.py
[2022-12-13T23:09:12.389+0000] {logging_mixin.py:137} INFO - [2022-12-13T23:09:12.374+0000] {dagbag.py:343} ERROR - Failed to import: /opt/airflow/dags/test/test_forexdag_definition.py
Traceback (most recent call last):
  File "/home/airflow/.local/lib/python3.7/site-packages/airflow/models/dagbag.py", line 339, in parse
    loader.exec_module(new_module)
  File "<frozen importlib._bootstrap_external>", line 728, in exec_module
  File "<frozen importlib._bootstrap>", line 219, in _call_with_frames_removed
  File "/opt/airflow/dags/test/test_forexdag_definition.py", line 1, in <module>
    import pytest
ModuleNotFoundError: No module named 'pytest'
[2022-12-13T23:09:12.395+0000] {processor.py:755} WARNING - No viable dags retrieved from /opt/airflow/dags/test/test_forexdag_definition.py
[2022-12-13T23:09:12.417+0000] {processor.py:175} INFO - Processing /opt/airflow/dags/test/test_forexdag_definition.py took 0.153 seconds
[2022-12-13T23:09:43.201+0000] {processor.py:153} INFO - Started process (PID=5384) to work on /opt/airflow/dags/test/test_forexdag_definition.py
[2022-12-13T23:09:43.205+0000] {processor.py:743} INFO - Processing file /opt/airflow/dags/test/test_forexdag_definition.py for tasks to queue
[2022-12-13T23:09:43.208+0000] {logging_mixin.py:137} INFO - [2022-12-13T23:09:43.207+0000] {dagbag.py:538} INFO - Filling up the DagBag from /opt/airflow/dags/test/test_forexdag_definition.py
[2022-12-13T23:09:43.304+0000] {logging_mixin.py:137} INFO - [2022-12-13T23:09:43.288+0000] {dagbag.py:343} ERROR - Failed to import: /opt/airflow/dags/test/test_forexdag_definition.py
Traceback (most recent call last):
  File "/home/airflow/.local/lib/python3.7/site-packages/airflow/models/dagbag.py", line 339, in parse
    loader.exec_module(new_module)
  File "<frozen importlib._bootstrap_external>", line 728, in exec_module
  File "<frozen importlib._bootstrap>", line 219, in _call_with_frames_removed
  File "/opt/airflow/dags/test/test_forexdag_definition.py", line 1, in <module>
    import pytest
ModuleNotFoundError: No module named 'pytest'
[2022-12-13T23:09:43.308+0000] {processor.py:755} WARNING - No viable dags retrieved from /opt/airflow/dags/test/test_forexdag_definition.py
[2022-12-13T23:09:43.332+0000] {processor.py:175} INFO - Processing /opt/airflow/dags/test/test_forexdag_definition.py took 0.136 seconds
[2022-12-13T23:10:13.800+0000] {processor.py:153} INFO - Started process (PID=5448) to work on /opt/airflow/dags/test/test_forexdag_definition.py
[2022-12-13T23:10:13.803+0000] {processor.py:743} INFO - Processing file /opt/airflow/dags/test/test_forexdag_definition.py for tasks to queue
[2022-12-13T23:10:13.804+0000] {logging_mixin.py:137} INFO - [2022-12-13T23:10:13.804+0000] {dagbag.py:538} INFO - Filling up the DagBag from /opt/airflow/dags/test/test_forexdag_definition.py
[2022-12-13T23:10:13.877+0000] {logging_mixin.py:137} INFO - [2022-12-13T23:10:13.860+0000] {dagbag.py:343} ERROR - Failed to import: /opt/airflow/dags/test/test_forexdag_definition.py
Traceback (most recent call last):
  File "/home/airflow/.local/lib/python3.7/site-packages/airflow/models/dagbag.py", line 339, in parse
    loader.exec_module(new_module)
  File "<frozen importlib._bootstrap_external>", line 728, in exec_module
  File "<frozen importlib._bootstrap>", line 219, in _call_with_frames_removed
  File "/opt/airflow/dags/test/test_forexdag_definition.py", line 1, in <module>
    import pytest
ModuleNotFoundError: No module named 'pytest'
[2022-12-13T23:10:13.885+0000] {processor.py:755} WARNING - No viable dags retrieved from /opt/airflow/dags/test/test_forexdag_definition.py
[2022-12-13T23:10:13.915+0000] {processor.py:175} INFO - Processing /opt/airflow/dags/test/test_forexdag_definition.py took 0.117 seconds
[2022-12-13T23:10:44.664+0000] {processor.py:153} INFO - Started process (PID=5492) to work on /opt/airflow/dags/test/test_forexdag_definition.py
[2022-12-13T23:10:44.667+0000] {processor.py:743} INFO - Processing file /opt/airflow/dags/test/test_forexdag_definition.py for tasks to queue
[2022-12-13T23:10:44.668+0000] {logging_mixin.py:137} INFO - [2022-12-13T23:10:44.668+0000] {dagbag.py:538} INFO - Filling up the DagBag from /opt/airflow/dags/test/test_forexdag_definition.py
[2022-12-13T23:10:44.736+0000] {logging_mixin.py:137} INFO - [2022-12-13T23:10:44.725+0000] {dagbag.py:343} ERROR - Failed to import: /opt/airflow/dags/test/test_forexdag_definition.py
Traceback (most recent call last):
  File "/home/airflow/.local/lib/python3.7/site-packages/airflow/models/dagbag.py", line 339, in parse
    loader.exec_module(new_module)
  File "<frozen importlib._bootstrap_external>", line 728, in exec_module
  File "<frozen importlib._bootstrap>", line 219, in _call_with_frames_removed
  File "/opt/airflow/dags/test/test_forexdag_definition.py", line 1, in <module>
    import pytest
ModuleNotFoundError: No module named 'pytest'
[2022-12-13T23:10:44.741+0000] {processor.py:755} WARNING - No viable dags retrieved from /opt/airflow/dags/test/test_forexdag_definition.py
[2022-12-13T23:10:44.762+0000] {processor.py:175} INFO - Processing /opt/airflow/dags/test/test_forexdag_definition.py took 0.101 seconds
[2022-12-13T23:11:14.904+0000] {processor.py:153} INFO - Started process (PID=5544) to work on /opt/airflow/dags/test/test_forexdag_definition.py
[2022-12-13T23:11:14.906+0000] {processor.py:743} INFO - Processing file /opt/airflow/dags/test/test_forexdag_definition.py for tasks to queue
[2022-12-13T23:11:14.908+0000] {logging_mixin.py:137} INFO - [2022-12-13T23:11:14.908+0000] {dagbag.py:538} INFO - Filling up the DagBag from /opt/airflow/dags/test/test_forexdag_definition.py
[2022-12-13T23:11:14.960+0000] {logging_mixin.py:137} INFO - [2022-12-13T23:11:14.950+0000] {dagbag.py:343} ERROR - Failed to import: /opt/airflow/dags/test/test_forexdag_definition.py
Traceback (most recent call last):
  File "/home/airflow/.local/lib/python3.7/site-packages/airflow/models/dagbag.py", line 339, in parse
    loader.exec_module(new_module)
  File "<frozen importlib._bootstrap_external>", line 728, in exec_module
  File "<frozen importlib._bootstrap>", line 219, in _call_with_frames_removed
  File "/opt/airflow/dags/test/test_forexdag_definition.py", line 1, in <module>
    import pytest
ModuleNotFoundError: No module named 'pytest'
[2022-12-13T23:11:14.963+0000] {processor.py:755} WARNING - No viable dags retrieved from /opt/airflow/dags/test/test_forexdag_definition.py
[2022-12-13T23:11:14.989+0000] {processor.py:175} INFO - Processing /opt/airflow/dags/test/test_forexdag_definition.py took 0.088 seconds
[2022-12-13T23:11:45.087+0000] {processor.py:153} INFO - Started process (PID=5603) to work on /opt/airflow/dags/test/test_forexdag_definition.py
[2022-12-13T23:11:45.090+0000] {processor.py:743} INFO - Processing file /opt/airflow/dags/test/test_forexdag_definition.py for tasks to queue
[2022-12-13T23:11:45.092+0000] {logging_mixin.py:137} INFO - [2022-12-13T23:11:45.092+0000] {dagbag.py:538} INFO - Filling up the DagBag from /opt/airflow/dags/test/test_forexdag_definition.py
[2022-12-13T23:11:45.148+0000] {logging_mixin.py:137} INFO - [2022-12-13T23:11:45.138+0000] {dagbag.py:343} ERROR - Failed to import: /opt/airflow/dags/test/test_forexdag_definition.py
Traceback (most recent call last):
  File "/home/airflow/.local/lib/python3.7/site-packages/airflow/models/dagbag.py", line 339, in parse
    loader.exec_module(new_module)
  File "<frozen importlib._bootstrap_external>", line 728, in exec_module
  File "<frozen importlib._bootstrap>", line 219, in _call_with_frames_removed
  File "/opt/airflow/dags/test/test_forexdag_definition.py", line 1, in <module>
    import pytest
ModuleNotFoundError: No module named 'pytest'
[2022-12-13T23:11:45.152+0000] {processor.py:755} WARNING - No viable dags retrieved from /opt/airflow/dags/test/test_forexdag_definition.py
[2022-12-13T23:11:45.174+0000] {processor.py:175} INFO - Processing /opt/airflow/dags/test/test_forexdag_definition.py took 0.092 seconds
[2022-12-13T23:12:15.972+0000] {processor.py:153} INFO - Started process (PID=5647) to work on /opt/airflow/dags/test/test_forexdag_definition.py
[2022-12-13T23:12:15.974+0000] {processor.py:743} INFO - Processing file /opt/airflow/dags/test/test_forexdag_definition.py for tasks to queue
[2022-12-13T23:12:15.975+0000] {logging_mixin.py:137} INFO - [2022-12-13T23:12:15.975+0000] {dagbag.py:538} INFO - Filling up the DagBag from /opt/airflow/dags/test/test_forexdag_definition.py
[2022-12-13T23:12:16.032+0000] {logging_mixin.py:137} INFO - [2022-12-13T23:12:16.020+0000] {dagbag.py:343} ERROR - Failed to import: /opt/airflow/dags/test/test_forexdag_definition.py
Traceback (most recent call last):
  File "/home/airflow/.local/lib/python3.7/site-packages/airflow/models/dagbag.py", line 339, in parse
    loader.exec_module(new_module)
  File "<frozen importlib._bootstrap_external>", line 728, in exec_module
  File "<frozen importlib._bootstrap>", line 219, in _call_with_frames_removed
  File "/opt/airflow/dags/test/test_forexdag_definition.py", line 1, in <module>
    import pytest
ModuleNotFoundError: No module named 'pytest'
[2022-12-13T23:12:16.035+0000] {processor.py:755} WARNING - No viable dags retrieved from /opt/airflow/dags/test/test_forexdag_definition.py
[2022-12-13T23:12:16.053+0000] {processor.py:175} INFO - Processing /opt/airflow/dags/test/test_forexdag_definition.py took 0.083 seconds
[2022-12-13T23:12:22.248+0000] {processor.py:153} INFO - Started process (PID=5670) to work on /opt/airflow/dags/test/test_forexdag_definition.py
[2022-12-13T23:12:22.251+0000] {processor.py:743} INFO - Processing file /opt/airflow/dags/test/test_forexdag_definition.py for tasks to queue
[2022-12-13T23:12:22.252+0000] {logging_mixin.py:137} INFO - [2022-12-13T23:12:22.251+0000] {dagbag.py:538} INFO - Filling up the DagBag from /opt/airflow/dags/test/test_forexdag_definition.py
[2022-12-13T23:12:22.360+0000] {logging_mixin.py:137} INFO - [2022-12-13T23:12:22.350+0000] {dagbag.py:343} ERROR - Failed to import: /opt/airflow/dags/test/test_forexdag_definition.py
Traceback (most recent call last):
  File "/home/airflow/.local/lib/python3.7/site-packages/airflow/models/dagbag.py", line 339, in parse
    loader.exec_module(new_module)
  File "<frozen importlib._bootstrap_external>", line 728, in exec_module
  File "<frozen importlib._bootstrap>", line 219, in _call_with_frames_removed
  File "/opt/airflow/dags/test/test_forexdag_definition.py", line 1, in <module>
    import pytest
ModuleNotFoundError: No module named 'pytest'
[2022-12-13T23:12:22.364+0000] {processor.py:755} WARNING - No viable dags retrieved from /opt/airflow/dags/test/test_forexdag_definition.py
[2022-12-13T23:12:22.384+0000] {processor.py:175} INFO - Processing /opt/airflow/dags/test/test_forexdag_definition.py took 0.138 seconds
[2022-12-13T23:12:52.996+0000] {processor.py:153} INFO - Started process (PID=5714) to work on /opt/airflow/dags/test/test_forexdag_definition.py
[2022-12-13T23:12:52.999+0000] {processor.py:743} INFO - Processing file /opt/airflow/dags/test/test_forexdag_definition.py for tasks to queue
[2022-12-13T23:12:53.000+0000] {logging_mixin.py:137} INFO - [2022-12-13T23:12:53.000+0000] {dagbag.py:538} INFO - Filling up the DagBag from /opt/airflow/dags/test/test_forexdag_definition.py
[2022-12-13T23:12:53.054+0000] {logging_mixin.py:137} INFO - [2022-12-13T23:12:53.045+0000] {dagbag.py:343} ERROR - Failed to import: /opt/airflow/dags/test/test_forexdag_definition.py
Traceback (most recent call last):
  File "/home/airflow/.local/lib/python3.7/site-packages/airflow/models/dagbag.py", line 339, in parse
    loader.exec_module(new_module)
  File "<frozen importlib._bootstrap_external>", line 728, in exec_module
  File "<frozen importlib._bootstrap>", line 219, in _call_with_frames_removed
  File "/opt/airflow/dags/test/test_forexdag_definition.py", line 1, in <module>
    import pytest
ModuleNotFoundError: No module named 'pytest'
[2022-12-13T23:12:53.057+0000] {processor.py:755} WARNING - No viable dags retrieved from /opt/airflow/dags/test/test_forexdag_definition.py
[2022-12-13T23:12:53.079+0000] {processor.py:175} INFO - Processing /opt/airflow/dags/test/test_forexdag_definition.py took 0.085 seconds
[2022-12-13T23:13:23.754+0000] {processor.py:153} INFO - Started process (PID=5778) to work on /opt/airflow/dags/test/test_forexdag_definition.py
[2022-12-13T23:13:23.757+0000] {processor.py:743} INFO - Processing file /opt/airflow/dags/test/test_forexdag_definition.py for tasks to queue
[2022-12-13T23:13:23.758+0000] {logging_mixin.py:137} INFO - [2022-12-13T23:13:23.758+0000] {dagbag.py:538} INFO - Filling up the DagBag from /opt/airflow/dags/test/test_forexdag_definition.py
[2022-12-13T23:13:23.828+0000] {logging_mixin.py:137} INFO - [2022-12-13T23:13:23.818+0000] {dagbag.py:343} ERROR - Failed to import: /opt/airflow/dags/test/test_forexdag_definition.py
Traceback (most recent call last):
  File "/home/airflow/.local/lib/python3.7/site-packages/airflow/models/dagbag.py", line 339, in parse
    loader.exec_module(new_module)
  File "<frozen importlib._bootstrap_external>", line 728, in exec_module
  File "<frozen importlib._bootstrap>", line 219, in _call_with_frames_removed
  File "/opt/airflow/dags/test/test_forexdag_definition.py", line 1, in <module>
    import pytest
ModuleNotFoundError: No module named 'pytest'
[2022-12-13T23:13:23.834+0000] {processor.py:755} WARNING - No viable dags retrieved from /opt/airflow/dags/test/test_forexdag_definition.py
[2022-12-13T23:13:23.855+0000] {processor.py:175} INFO - Processing /opt/airflow/dags/test/test_forexdag_definition.py took 0.104 seconds
[2022-12-13T23:13:54.244+0000] {processor.py:153} INFO - Started process (PID=5822) to work on /opt/airflow/dags/test/test_forexdag_definition.py
[2022-12-13T23:13:54.248+0000] {processor.py:743} INFO - Processing file /opt/airflow/dags/test/test_forexdag_definition.py for tasks to queue
[2022-12-13T23:13:54.249+0000] {logging_mixin.py:137} INFO - [2022-12-13T23:13:54.249+0000] {dagbag.py:538} INFO - Filling up the DagBag from /opt/airflow/dags/test/test_forexdag_definition.py
[2022-12-13T23:13:54.302+0000] {logging_mixin.py:137} INFO - [2022-12-13T23:13:54.294+0000] {dagbag.py:343} ERROR - Failed to import: /opt/airflow/dags/test/test_forexdag_definition.py
Traceback (most recent call last):
  File "/home/airflow/.local/lib/python3.7/site-packages/airflow/models/dagbag.py", line 339, in parse
    loader.exec_module(new_module)
  File "<frozen importlib._bootstrap_external>", line 728, in exec_module
  File "<frozen importlib._bootstrap>", line 219, in _call_with_frames_removed
  File "/opt/airflow/dags/test/test_forexdag_definition.py", line 1, in <module>
    import pytest
ModuleNotFoundError: No module named 'pytest'
[2022-12-13T23:13:54.306+0000] {processor.py:755} WARNING - No viable dags retrieved from /opt/airflow/dags/test/test_forexdag_definition.py
[2022-12-13T23:13:54.323+0000] {processor.py:175} INFO - Processing /opt/airflow/dags/test/test_forexdag_definition.py took 0.082 seconds
[2022-12-13T23:14:24.985+0000] {processor.py:153} INFO - Started process (PID=5886) to work on /opt/airflow/dags/test/test_forexdag_definition.py
[2022-12-13T23:14:24.988+0000] {processor.py:743} INFO - Processing file /opt/airflow/dags/test/test_forexdag_definition.py for tasks to queue
[2022-12-13T23:14:24.989+0000] {logging_mixin.py:137} INFO - [2022-12-13T23:14:24.989+0000] {dagbag.py:538} INFO - Filling up the DagBag from /opt/airflow/dags/test/test_forexdag_definition.py
[2022-12-13T23:14:25.032+0000] {logging_mixin.py:137} INFO - [2022-12-13T23:14:25.024+0000] {dagbag.py:343} ERROR - Failed to import: /opt/airflow/dags/test/test_forexdag_definition.py
Traceback (most recent call last):
  File "/home/airflow/.local/lib/python3.7/site-packages/airflow/models/dagbag.py", line 339, in parse
    loader.exec_module(new_module)
  File "<frozen importlib._bootstrap_external>", line 728, in exec_module
  File "<frozen importlib._bootstrap>", line 219, in _call_with_frames_removed
  File "/opt/airflow/dags/test/test_forexdag_definition.py", line 1, in <module>
    import pytest
ModuleNotFoundError: No module named 'pytest'
[2022-12-13T23:14:25.035+0000] {processor.py:755} WARNING - No viable dags retrieved from /opt/airflow/dags/test/test_forexdag_definition.py
[2022-12-13T23:14:25.054+0000] {processor.py:175} INFO - Processing /opt/airflow/dags/test/test_forexdag_definition.py took 0.071 seconds
[2022-12-13T23:14:55.219+0000] {processor.py:153} INFO - Started process (PID=5930) to work on /opt/airflow/dags/test/test_forexdag_definition.py
[2022-12-13T23:14:55.221+0000] {processor.py:743} INFO - Processing file /opt/airflow/dags/test/test_forexdag_definition.py for tasks to queue
[2022-12-13T23:14:55.222+0000] {logging_mixin.py:137} INFO - [2022-12-13T23:14:55.222+0000] {dagbag.py:538} INFO - Filling up the DagBag from /opt/airflow/dags/test/test_forexdag_definition.py
[2022-12-13T23:14:55.258+0000] {logging_mixin.py:137} INFO - [2022-12-13T23:14:55.250+0000] {dagbag.py:343} ERROR - Failed to import: /opt/airflow/dags/test/test_forexdag_definition.py
Traceback (most recent call last):
  File "/home/airflow/.local/lib/python3.7/site-packages/airflow/models/dagbag.py", line 339, in parse
    loader.exec_module(new_module)
  File "<frozen importlib._bootstrap_external>", line 728, in exec_module
  File "<frozen importlib._bootstrap>", line 219, in _call_with_frames_removed
  File "/opt/airflow/dags/test/test_forexdag_definition.py", line 1, in <module>
    import pytest
ModuleNotFoundError: No module named 'pytest'
[2022-12-13T23:14:55.261+0000] {processor.py:755} WARNING - No viable dags retrieved from /opt/airflow/dags/test/test_forexdag_definition.py
[2022-12-13T23:14:55.279+0000] {processor.py:175} INFO - Processing /opt/airflow/dags/test/test_forexdag_definition.py took 0.063 seconds
[2022-12-13T23:15:25.492+0000] {processor.py:153} INFO - Started process (PID=5994) to work on /opt/airflow/dags/test/test_forexdag_definition.py
[2022-12-13T23:15:25.496+0000] {processor.py:743} INFO - Processing file /opt/airflow/dags/test/test_forexdag_definition.py for tasks to queue
[2022-12-13T23:15:25.498+0000] {logging_mixin.py:137} INFO - [2022-12-13T23:15:25.498+0000] {dagbag.py:538} INFO - Filling up the DagBag from /opt/airflow/dags/test/test_forexdag_definition.py
[2022-12-13T23:15:25.596+0000] {logging_mixin.py:137} INFO - [2022-12-13T23:15:25.557+0000] {dagbag.py:343} ERROR - Failed to import: /opt/airflow/dags/test/test_forexdag_definition.py
Traceback (most recent call last):
  File "/home/airflow/.local/lib/python3.7/site-packages/airflow/models/dagbag.py", line 339, in parse
    loader.exec_module(new_module)
  File "<frozen importlib._bootstrap_external>", line 728, in exec_module
  File "<frozen importlib._bootstrap>", line 219, in _call_with_frames_removed
  File "/opt/airflow/dags/test/test_forexdag_definition.py", line 1, in <module>
    import pytest
ModuleNotFoundError: No module named 'pytest'
[2022-12-13T23:15:25.602+0000] {processor.py:755} WARNING - No viable dags retrieved from /opt/airflow/dags/test/test_forexdag_definition.py
[2022-12-13T23:15:25.621+0000] {processor.py:175} INFO - Processing /opt/airflow/dags/test/test_forexdag_definition.py took 0.131 seconds
[2022-12-13T23:15:38.738+0000] {processor.py:153} INFO - Started process (PID=6015) to work on /opt/airflow/dags/test/test_forexdag_definition.py
[2022-12-13T23:15:38.742+0000] {processor.py:743} INFO - Processing file /opt/airflow/dags/test/test_forexdag_definition.py for tasks to queue
[2022-12-13T23:15:38.743+0000] {logging_mixin.py:137} INFO - [2022-12-13T23:15:38.743+0000] {dagbag.py:538} INFO - Filling up the DagBag from /opt/airflow/dags/test/test_forexdag_definition.py
[2022-12-13T23:15:38.915+0000] {logging_mixin.py:137} INFO - [2022-12-13T23:15:38.903+0000] {dagbag.py:343} ERROR - Failed to import: /opt/airflow/dags/test/test_forexdag_definition.py
Traceback (most recent call last):
  File "/home/airflow/.local/lib/python3.7/site-packages/airflow/models/dagbag.py", line 339, in parse
    loader.exec_module(new_module)
  File "<frozen importlib._bootstrap_external>", line 728, in exec_module
  File "<frozen importlib._bootstrap>", line 219, in _call_with_frames_removed
  File "/opt/airflow/dags/test/test_forexdag_definition.py", line 1, in <module>
    import pytest
ModuleNotFoundError: No module named 'pytest'
[2022-12-13T23:15:38.919+0000] {processor.py:755} WARNING - No viable dags retrieved from /opt/airflow/dags/test/test_forexdag_definition.py
[2022-12-13T23:15:38.952+0000] {processor.py:175} INFO - Processing /opt/airflow/dags/test/test_forexdag_definition.py took 0.216 seconds
[2022-12-13T23:16:09.043+0000] {processor.py:153} INFO - Started process (PID=6059) to work on /opt/airflow/dags/test/test_forexdag_definition.py
[2022-12-13T23:16:09.045+0000] {processor.py:743} INFO - Processing file /opt/airflow/dags/test/test_forexdag_definition.py for tasks to queue
[2022-12-13T23:16:09.047+0000] {logging_mixin.py:137} INFO - [2022-12-13T23:16:09.046+0000] {dagbag.py:538} INFO - Filling up the DagBag from /opt/airflow/dags/test/test_forexdag_definition.py
[2022-12-13T23:16:09.094+0000] {logging_mixin.py:137} INFO - [2022-12-13T23:16:09.084+0000] {dagbag.py:343} ERROR - Failed to import: /opt/airflow/dags/test/test_forexdag_definition.py
Traceback (most recent call last):
  File "/home/airflow/.local/lib/python3.7/site-packages/airflow/models/dagbag.py", line 339, in parse
    loader.exec_module(new_module)
  File "<frozen importlib._bootstrap_external>", line 728, in exec_module
  File "<frozen importlib._bootstrap>", line 219, in _call_with_frames_removed
  File "/opt/airflow/dags/test/test_forexdag_definition.py", line 1, in <module>
    import pytest
ModuleNotFoundError: No module named 'pytest'
[2022-12-13T23:16:09.097+0000] {processor.py:755} WARNING - No viable dags retrieved from /opt/airflow/dags/test/test_forexdag_definition.py
[2022-12-13T23:16:09.117+0000] {processor.py:175} INFO - Processing /opt/airflow/dags/test/test_forexdag_definition.py took 0.077 seconds
[2022-12-13T23:16:39.405+0000] {processor.py:153} INFO - Started process (PID=6124) to work on /opt/airflow/dags/test/test_forexdag_definition.py
[2022-12-13T23:16:39.408+0000] {processor.py:743} INFO - Processing file /opt/airflow/dags/test/test_forexdag_definition.py for tasks to queue
[2022-12-13T23:16:39.410+0000] {logging_mixin.py:137} INFO - [2022-12-13T23:16:39.410+0000] {dagbag.py:538} INFO - Filling up the DagBag from /opt/airflow/dags/test/test_forexdag_definition.py
[2022-12-13T23:16:39.510+0000] {logging_mixin.py:137} INFO - [2022-12-13T23:16:39.488+0000] {dagbag.py:343} ERROR - Failed to import: /opt/airflow/dags/test/test_forexdag_definition.py
Traceback (most recent call last):
  File "/home/airflow/.local/lib/python3.7/site-packages/airflow/models/dagbag.py", line 339, in parse
    loader.exec_module(new_module)
  File "<frozen importlib._bootstrap_external>", line 728, in exec_module
  File "<frozen importlib._bootstrap>", line 219, in _call_with_frames_removed
  File "/opt/airflow/dags/test/test_forexdag_definition.py", line 1, in <module>
    import pytest
ModuleNotFoundError: No module named 'pytest'
[2022-12-13T23:16:39.517+0000] {processor.py:755} WARNING - No viable dags retrieved from /opt/airflow/dags/test/test_forexdag_definition.py
[2022-12-13T23:16:39.537+0000] {processor.py:175} INFO - Processing /opt/airflow/dags/test/test_forexdag_definition.py took 0.136 seconds
[2022-12-13T23:16:57.786+0000] {processor.py:153} INFO - Started process (PID=6146) to work on /opt/airflow/dags/test/test_forexdag_definition.py
[2022-12-13T23:16:57.789+0000] {processor.py:743} INFO - Processing file /opt/airflow/dags/test/test_forexdag_definition.py for tasks to queue
[2022-12-13T23:16:57.791+0000] {logging_mixin.py:137} INFO - [2022-12-13T23:16:57.791+0000] {dagbag.py:538} INFO - Filling up the DagBag from /opt/airflow/dags/test/test_forexdag_definition.py
[2022-12-13T23:16:57.939+0000] {logging_mixin.py:137} INFO - [2022-12-13T23:16:57.928+0000] {dagbag.py:343} ERROR - Failed to import: /opt/airflow/dags/test/test_forexdag_definition.py
Traceback (most recent call last):
  File "/home/airflow/.local/lib/python3.7/site-packages/airflow/models/dagbag.py", line 339, in parse
    loader.exec_module(new_module)
  File "<frozen importlib._bootstrap_external>", line 728, in exec_module
  File "<frozen importlib._bootstrap>", line 219, in _call_with_frames_removed
  File "/opt/airflow/dags/test/test_forexdag_definition.py", line 1, in <module>
    import pytest
ModuleNotFoundError: No module named 'pytest'
[2022-12-13T23:16:57.943+0000] {processor.py:755} WARNING - No viable dags retrieved from /opt/airflow/dags/test/test_forexdag_definition.py
[2022-12-13T23:16:57.963+0000] {processor.py:175} INFO - Processing /opt/airflow/dags/test/test_forexdag_definition.py took 0.181 seconds
[2022-12-13T23:17:28.944+0000] {processor.py:153} INFO - Started process (PID=6210) to work on /opt/airflow/dags/test/test_forexdag_definition.py
[2022-12-13T23:17:28.947+0000] {processor.py:743} INFO - Processing file /opt/airflow/dags/test/test_forexdag_definition.py for tasks to queue
[2022-12-13T23:17:28.948+0000] {logging_mixin.py:137} INFO - [2022-12-13T23:17:28.948+0000] {dagbag.py:538} INFO - Filling up the DagBag from /opt/airflow/dags/test/test_forexdag_definition.py
[2022-12-13T23:17:28.999+0000] {logging_mixin.py:137} INFO - [2022-12-13T23:17:28.989+0000] {dagbag.py:343} ERROR - Failed to import: /opt/airflow/dags/test/test_forexdag_definition.py
Traceback (most recent call last):
  File "/home/airflow/.local/lib/python3.7/site-packages/airflow/models/dagbag.py", line 339, in parse
    loader.exec_module(new_module)
  File "<frozen importlib._bootstrap_external>", line 728, in exec_module
  File "<frozen importlib._bootstrap>", line 219, in _call_with_frames_removed
  File "/opt/airflow/dags/test/test_forexdag_definition.py", line 1, in <module>
    import pytest
ModuleNotFoundError: No module named 'pytest'
[2022-12-13T23:17:29.003+0000] {processor.py:755} WARNING - No viable dags retrieved from /opt/airflow/dags/test/test_forexdag_definition.py
[2022-12-13T23:17:29.022+0000] {processor.py:175} INFO - Processing /opt/airflow/dags/test/test_forexdag_definition.py took 0.080 seconds
[2022-12-13T23:17:59.561+0000] {processor.py:153} INFO - Started process (PID=6254) to work on /opt/airflow/dags/test/test_forexdag_definition.py
[2022-12-13T23:17:59.564+0000] {processor.py:743} INFO - Processing file /opt/airflow/dags/test/test_forexdag_definition.py for tasks to queue
[2022-12-13T23:17:59.566+0000] {logging_mixin.py:137} INFO - [2022-12-13T23:17:59.565+0000] {dagbag.py:538} INFO - Filling up the DagBag from /opt/airflow/dags/test/test_forexdag_definition.py
[2022-12-13T23:17:59.609+0000] {logging_mixin.py:137} INFO - [2022-12-13T23:17:59.602+0000] {dagbag.py:343} ERROR - Failed to import: /opt/airflow/dags/test/test_forexdag_definition.py
Traceback (most recent call last):
  File "/home/airflow/.local/lib/python3.7/site-packages/airflow/models/dagbag.py", line 339, in parse
    loader.exec_module(new_module)
  File "<frozen importlib._bootstrap_external>", line 728, in exec_module
  File "<frozen importlib._bootstrap>", line 219, in _call_with_frames_removed
  File "/opt/airflow/dags/test/test_forexdag_definition.py", line 1, in <module>
    import pytest
ModuleNotFoundError: No module named 'pytest'
[2022-12-13T23:17:59.613+0000] {processor.py:755} WARNING - No viable dags retrieved from /opt/airflow/dags/test/test_forexdag_definition.py
[2022-12-13T23:17:59.630+0000] {processor.py:175} INFO - Processing /opt/airflow/dags/test/test_forexdag_definition.py took 0.072 seconds
[2022-12-13T23:18:30.332+0000] {processor.py:153} INFO - Started process (PID=6318) to work on /opt/airflow/dags/test/test_forexdag_definition.py
[2022-12-13T23:18:30.335+0000] {processor.py:743} INFO - Processing file /opt/airflow/dags/test/test_forexdag_definition.py for tasks to queue
[2022-12-13T23:18:30.337+0000] {logging_mixin.py:137} INFO - [2022-12-13T23:18:30.336+0000] {dagbag.py:538} INFO - Filling up the DagBag from /opt/airflow/dags/test/test_forexdag_definition.py
[2022-12-13T23:18:30.418+0000] {logging_mixin.py:137} INFO - [2022-12-13T23:18:30.395+0000] {dagbag.py:343} ERROR - Failed to import: /opt/airflow/dags/test/test_forexdag_definition.py
Traceback (most recent call last):
  File "/home/airflow/.local/lib/python3.7/site-packages/airflow/models/dagbag.py", line 339, in parse
    loader.exec_module(new_module)
  File "<frozen importlib._bootstrap_external>", line 728, in exec_module
  File "<frozen importlib._bootstrap>", line 219, in _call_with_frames_removed
  File "/opt/airflow/dags/test/test_forexdag_definition.py", line 1, in <module>
    import pytest
ModuleNotFoundError: No module named 'pytest'
[2022-12-13T23:18:30.423+0000] {processor.py:755} WARNING - No viable dags retrieved from /opt/airflow/dags/test/test_forexdag_definition.py
[2022-12-13T23:18:30.517+0000] {processor.py:175} INFO - Processing /opt/airflow/dags/test/test_forexdag_definition.py took 0.188 seconds
[2022-12-13T23:18:54.109+0000] {processor.py:153} INFO - Started process (PID=6349) to work on /opt/airflow/dags/test/test_forexdag_definition.py
[2022-12-13T23:18:54.111+0000] {processor.py:743} INFO - Processing file /opt/airflow/dags/test/test_forexdag_definition.py for tasks to queue
[2022-12-13T23:18:54.113+0000] {logging_mixin.py:137} INFO - [2022-12-13T23:18:54.112+0000] {dagbag.py:538} INFO - Filling up the DagBag from /opt/airflow/dags/test/test_forexdag_definition.py
[2022-12-13T23:18:54.306+0000] {logging_mixin.py:137} INFO - [2022-12-13T23:18:54.290+0000] {dagbag.py:343} ERROR - Failed to import: /opt/airflow/dags/test/test_forexdag_definition.py
Traceback (most recent call last):
  File "/home/airflow/.local/lib/python3.7/site-packages/airflow/models/dagbag.py", line 339, in parse
    loader.exec_module(new_module)
  File "<frozen importlib._bootstrap_external>", line 728, in exec_module
  File "<frozen importlib._bootstrap>", line 219, in _call_with_frames_removed
  File "/opt/airflow/dags/test/test_forexdag_definition.py", line 1, in <module>
    import pytest
ModuleNotFoundError: No module named 'pytest'
[2022-12-13T23:18:54.313+0000] {processor.py:755} WARNING - No viable dags retrieved from /opt/airflow/dags/test/test_forexdag_definition.py
[2022-12-13T23:18:54.343+0000] {processor.py:175} INFO - Processing /opt/airflow/dags/test/test_forexdag_definition.py took 0.238 seconds
[2022-12-13T23:19:24.957+0000] {processor.py:153} INFO - Started process (PID=6406) to work on /opt/airflow/dags/test/test_forexdag_definition.py
[2022-12-13T23:19:24.959+0000] {processor.py:743} INFO - Processing file /opt/airflow/dags/test/test_forexdag_definition.py for tasks to queue
[2022-12-13T23:19:24.961+0000] {logging_mixin.py:137} INFO - [2022-12-13T23:19:24.961+0000] {dagbag.py:538} INFO - Filling up the DagBag from /opt/airflow/dags/test/test_forexdag_definition.py
[2022-12-13T23:19:25.009+0000] {logging_mixin.py:137} INFO - [2022-12-13T23:19:25.000+0000] {dagbag.py:343} ERROR - Failed to import: /opt/airflow/dags/test/test_forexdag_definition.py
Traceback (most recent call last):
  File "/home/airflow/.local/lib/python3.7/site-packages/airflow/models/dagbag.py", line 339, in parse
    loader.exec_module(new_module)
  File "<frozen importlib._bootstrap_external>", line 728, in exec_module
  File "<frozen importlib._bootstrap>", line 219, in _call_with_frames_removed
  File "/opt/airflow/dags/test/test_forexdag_definition.py", line 1, in <module>
    import pytest
ModuleNotFoundError: No module named 'pytest'
[2022-12-13T23:19:25.012+0000] {processor.py:755} WARNING - No viable dags retrieved from /opt/airflow/dags/test/test_forexdag_definition.py
[2022-12-13T23:19:25.035+0000] {processor.py:175} INFO - Processing /opt/airflow/dags/test/test_forexdag_definition.py took 0.081 seconds
