[2023-01-01T17:19:49.502+0000] {processor.py:153} INFO - Started process (PID=46) to work on /opt/airflow/dags/test/test_forexdag_definition.py
[2023-01-01T17:19:49.504+0000] {processor.py:743} INFO - Processing file /opt/airflow/dags/test/test_forexdag_definition.py for tasks to queue
[2023-01-01T17:19:49.506+0000] {logging_mixin.py:137} INFO - [2023-01-01T17:19:49.506+0000] {dagbag.py:538} INFO - Filling up the DagBag from /opt/airflow/dags/test/test_forexdag_definition.py
[2023-01-01T17:19:49.588+0000] {logging_mixin.py:137} INFO - [2023-01-01T17:19:49.574+0000] {dagbag.py:343} ERROR - Failed to import: /opt/airflow/dags/test/test_forexdag_definition.py
Traceback (most recent call last):
  File "/home/airflow/.local/lib/python3.7/site-packages/airflow/models/dagbag.py", line 339, in parse
    loader.exec_module(new_module)
  File "<frozen importlib._bootstrap_external>", line 728, in exec_module
  File "<frozen importlib._bootstrap>", line 219, in _call_with_frames_removed
  File "/opt/airflow/dags/test/test_forexdag_definition.py", line 1, in <module>
    import pytest
ModuleNotFoundError: No module named 'pytest'
[2023-01-01T17:19:49.594+0000] {processor.py:755} WARNING - No viable dags retrieved from /opt/airflow/dags/test/test_forexdag_definition.py
[2023-01-01T17:19:49.651+0000] {processor.py:175} INFO - Processing /opt/airflow/dags/test/test_forexdag_definition.py took 0.152 seconds
[2023-01-01T17:20:20.253+0000] {processor.py:153} INFO - Started process (PID=89) to work on /opt/airflow/dags/test/test_forexdag_definition.py
[2023-01-01T17:20:20.263+0000] {processor.py:743} INFO - Processing file /opt/airflow/dags/test/test_forexdag_definition.py for tasks to queue
[2023-01-01T17:20:20.265+0000] {logging_mixin.py:137} INFO - [2023-01-01T17:20:20.264+0000] {dagbag.py:538} INFO - Filling up the DagBag from /opt/airflow/dags/test/test_forexdag_definition.py
[2023-01-01T17:20:20.343+0000] {logging_mixin.py:137} INFO - [2023-01-01T17:20:20.329+0000] {dagbag.py:343} ERROR - Failed to import: /opt/airflow/dags/test/test_forexdag_definition.py
Traceback (most recent call last):
  File "/home/airflow/.local/lib/python3.7/site-packages/airflow/models/dagbag.py", line 339, in parse
    loader.exec_module(new_module)
  File "<frozen importlib._bootstrap_external>", line 728, in exec_module
  File "<frozen importlib._bootstrap>", line 219, in _call_with_frames_removed
  File "/opt/airflow/dags/test/test_forexdag_definition.py", line 1, in <module>
    import pytest
ModuleNotFoundError: No module named 'pytest'
[2023-01-01T17:20:20.349+0000] {processor.py:755} WARNING - No viable dags retrieved from /opt/airflow/dags/test/test_forexdag_definition.py
[2023-01-01T17:20:20.372+0000] {processor.py:175} INFO - Processing /opt/airflow/dags/test/test_forexdag_definition.py took 0.122 seconds
[2023-01-01T17:20:50.858+0000] {processor.py:153} INFO - Started process (PID=153) to work on /opt/airflow/dags/test/test_forexdag_definition.py
[2023-01-01T17:20:50.861+0000] {processor.py:743} INFO - Processing file /opt/airflow/dags/test/test_forexdag_definition.py for tasks to queue
[2023-01-01T17:20:50.862+0000] {logging_mixin.py:137} INFO - [2023-01-01T17:20:50.862+0000] {dagbag.py:538} INFO - Filling up the DagBag from /opt/airflow/dags/test/test_forexdag_definition.py
[2023-01-01T17:20:50.937+0000] {logging_mixin.py:137} INFO - [2023-01-01T17:20:50.921+0000] {dagbag.py:343} ERROR - Failed to import: /opt/airflow/dags/test/test_forexdag_definition.py
Traceback (most recent call last):
  File "/home/airflow/.local/lib/python3.7/site-packages/airflow/models/dagbag.py", line 339, in parse
    loader.exec_module(new_module)
  File "<frozen importlib._bootstrap_external>", line 728, in exec_module
  File "<frozen importlib._bootstrap>", line 219, in _call_with_frames_removed
  File "/opt/airflow/dags/test/test_forexdag_definition.py", line 1, in <module>
    import pytest
ModuleNotFoundError: No module named 'pytest'
[2023-01-01T17:20:50.943+0000] {processor.py:755} WARNING - No viable dags retrieved from /opt/airflow/dags/test/test_forexdag_definition.py
[2023-01-01T17:20:50.963+0000] {processor.py:175} INFO - Processing /opt/airflow/dags/test/test_forexdag_definition.py took 0.108 seconds
[2023-01-01T17:21:21.452+0000] {processor.py:153} INFO - Started process (PID=197) to work on /opt/airflow/dags/test/test_forexdag_definition.py
[2023-01-01T17:21:21.455+0000] {processor.py:743} INFO - Processing file /opt/airflow/dags/test/test_forexdag_definition.py for tasks to queue
[2023-01-01T17:21:21.456+0000] {logging_mixin.py:137} INFO - [2023-01-01T17:21:21.456+0000] {dagbag.py:538} INFO - Filling up the DagBag from /opt/airflow/dags/test/test_forexdag_definition.py
[2023-01-01T17:21:21.533+0000] {logging_mixin.py:137} INFO - [2023-01-01T17:21:21.521+0000] {dagbag.py:343} ERROR - Failed to import: /opt/airflow/dags/test/test_forexdag_definition.py
Traceback (most recent call last):
  File "/home/airflow/.local/lib/python3.7/site-packages/airflow/models/dagbag.py", line 339, in parse
    loader.exec_module(new_module)
  File "<frozen importlib._bootstrap_external>", line 728, in exec_module
  File "<frozen importlib._bootstrap>", line 219, in _call_with_frames_removed
  File "/opt/airflow/dags/test/test_forexdag_definition.py", line 1, in <module>
    import pytest
ModuleNotFoundError: No module named 'pytest'
[2023-01-01T17:21:21.539+0000] {processor.py:755} WARNING - No viable dags retrieved from /opt/airflow/dags/test/test_forexdag_definition.py
[2023-01-01T17:21:21.557+0000] {processor.py:175} INFO - Processing /opt/airflow/dags/test/test_forexdag_definition.py took 0.108 seconds
[2023-01-01T17:21:52.037+0000] {processor.py:153} INFO - Started process (PID=260) to work on /opt/airflow/dags/test/test_forexdag_definition.py
[2023-01-01T17:21:52.039+0000] {processor.py:743} INFO - Processing file /opt/airflow/dags/test/test_forexdag_definition.py for tasks to queue
[2023-01-01T17:21:52.040+0000] {logging_mixin.py:137} INFO - [2023-01-01T17:21:52.040+0000] {dagbag.py:538} INFO - Filling up the DagBag from /opt/airflow/dags/test/test_forexdag_definition.py
[2023-01-01T17:21:52.084+0000] {logging_mixin.py:137} INFO - [2023-01-01T17:21:52.077+0000] {dagbag.py:343} ERROR - Failed to import: /opt/airflow/dags/test/test_forexdag_definition.py
Traceback (most recent call last):
  File "/home/airflow/.local/lib/python3.7/site-packages/airflow/models/dagbag.py", line 339, in parse
    loader.exec_module(new_module)
  File "<frozen importlib._bootstrap_external>", line 728, in exec_module
  File "<frozen importlib._bootstrap>", line 219, in _call_with_frames_removed
  File "/opt/airflow/dags/test/test_forexdag_definition.py", line 1, in <module>
    import pytest
ModuleNotFoundError: No module named 'pytest'
[2023-01-01T17:21:52.088+0000] {processor.py:755} WARNING - No viable dags retrieved from /opt/airflow/dags/test/test_forexdag_definition.py
[2023-01-01T17:21:52.149+0000] {processor.py:175} INFO - Processing /opt/airflow/dags/test/test_forexdag_definition.py took 0.114 seconds
[2023-01-01T17:22:22.674+0000] {processor.py:153} INFO - Started process (PID=304) to work on /opt/airflow/dags/test/test_forexdag_definition.py
[2023-01-01T17:22:22.676+0000] {processor.py:743} INFO - Processing file /opt/airflow/dags/test/test_forexdag_definition.py for tasks to queue
[2023-01-01T17:22:22.677+0000] {logging_mixin.py:137} INFO - [2023-01-01T17:22:22.677+0000] {dagbag.py:538} INFO - Filling up the DagBag from /opt/airflow/dags/test/test_forexdag_definition.py
[2023-01-01T17:22:22.744+0000] {logging_mixin.py:137} INFO - [2023-01-01T17:22:22.729+0000] {dagbag.py:343} ERROR - Failed to import: /opt/airflow/dags/test/test_forexdag_definition.py
Traceback (most recent call last):
  File "/home/airflow/.local/lib/python3.7/site-packages/airflow/models/dagbag.py", line 339, in parse
    loader.exec_module(new_module)
  File "<frozen importlib._bootstrap_external>", line 728, in exec_module
  File "<frozen importlib._bootstrap>", line 219, in _call_with_frames_removed
  File "/opt/airflow/dags/test/test_forexdag_definition.py", line 1, in <module>
    import pytest
ModuleNotFoundError: No module named 'pytest'
[2023-01-01T17:22:22.750+0000] {processor.py:755} WARNING - No viable dags retrieved from /opt/airflow/dags/test/test_forexdag_definition.py
[2023-01-01T17:22:22.824+0000] {processor.py:175} INFO - Processing /opt/airflow/dags/test/test_forexdag_definition.py took 0.152 seconds
