[2023-01-01T17:19:49.723+0000] {processor.py:153} INFO - Started process (PID=47) to work on /opt/airflow/dags/test/test_forexdag_validation.py
[2023-01-01T17:19:49.726+0000] {processor.py:743} INFO - Processing file /opt/airflow/dags/test/test_forexdag_validation.py for tasks to queue
[2023-01-01T17:19:49.728+0000] {logging_mixin.py:137} INFO - [2023-01-01T17:19:49.728+0000] {dagbag.py:538} INFO - Filling up the DagBag from /opt/airflow/dags/test/test_forexdag_validation.py
[2023-01-01T17:19:49.810+0000] {logging_mixin.py:137} INFO - [2023-01-01T17:19:49.792+0000] {dagbag.py:343} ERROR - Failed to import: /opt/airflow/dags/test/test_forexdag_validation.py
Traceback (most recent call last):
  File "/home/airflow/.local/lib/python3.7/site-packages/airflow/models/dagbag.py", line 339, in parse
    loader.exec_module(new_module)
  File "<frozen importlib._bootstrap_external>", line 728, in exec_module
  File "<frozen importlib._bootstrap>", line 219, in _call_with_frames_removed
  File "/opt/airflow/dags/test/test_forexdag_validation.py", line 1, in <module>
    import pytest
ModuleNotFoundError: No module named 'pytest'
[2023-01-01T17:19:49.816+0000] {processor.py:755} WARNING - No viable dags retrieved from /opt/airflow/dags/test/test_forexdag_validation.py
[2023-01-01T17:19:49.851+0000] {processor.py:175} INFO - Processing /opt/airflow/dags/test/test_forexdag_validation.py took 0.134 seconds
[2023-01-01T17:20:20.255+0000] {processor.py:153} INFO - Started process (PID=90) to work on /opt/airflow/dags/test/test_forexdag_validation.py
[2023-01-01T17:20:20.264+0000] {processor.py:743} INFO - Processing file /opt/airflow/dags/test/test_forexdag_validation.py for tasks to queue
[2023-01-01T17:20:20.265+0000] {logging_mixin.py:137} INFO - [2023-01-01T17:20:20.265+0000] {dagbag.py:538} INFO - Filling up the DagBag from /opt/airflow/dags/test/test_forexdag_validation.py
[2023-01-01T17:20:20.343+0000] {logging_mixin.py:137} INFO - [2023-01-01T17:20:20.329+0000] {dagbag.py:343} ERROR - Failed to import: /opt/airflow/dags/test/test_forexdag_validation.py
Traceback (most recent call last):
  File "/home/airflow/.local/lib/python3.7/site-packages/airflow/models/dagbag.py", line 339, in parse
    loader.exec_module(new_module)
  File "<frozen importlib._bootstrap_external>", line 728, in exec_module
  File "<frozen importlib._bootstrap>", line 219, in _call_with_frames_removed
  File "/opt/airflow/dags/test/test_forexdag_validation.py", line 1, in <module>
    import pytest
ModuleNotFoundError: No module named 'pytest'
[2023-01-01T17:20:20.349+0000] {processor.py:755} WARNING - No viable dags retrieved from /opt/airflow/dags/test/test_forexdag_validation.py
[2023-01-01T17:20:20.371+0000] {processor.py:175} INFO - Processing /opt/airflow/dags/test/test_forexdag_validation.py took 0.119 seconds
[2023-01-01T17:20:50.859+0000] {processor.py:153} INFO - Started process (PID=154) to work on /opt/airflow/dags/test/test_forexdag_validation.py
[2023-01-01T17:20:50.861+0000] {processor.py:743} INFO - Processing file /opt/airflow/dags/test/test_forexdag_validation.py for tasks to queue
[2023-01-01T17:20:50.863+0000] {logging_mixin.py:137} INFO - [2023-01-01T17:20:50.862+0000] {dagbag.py:538} INFO - Filling up the DagBag from /opt/airflow/dags/test/test_forexdag_validation.py
[2023-01-01T17:20:50.938+0000] {logging_mixin.py:137} INFO - [2023-01-01T17:20:50.921+0000] {dagbag.py:343} ERROR - Failed to import: /opt/airflow/dags/test/test_forexdag_validation.py
Traceback (most recent call last):
  File "/home/airflow/.local/lib/python3.7/site-packages/airflow/models/dagbag.py", line 339, in parse
    loader.exec_module(new_module)
  File "<frozen importlib._bootstrap_external>", line 728, in exec_module
  File "<frozen importlib._bootstrap>", line 219, in _call_with_frames_removed
  File "/opt/airflow/dags/test/test_forexdag_validation.py", line 1, in <module>
    import pytest
ModuleNotFoundError: No module named 'pytest'
[2023-01-01T17:20:50.943+0000] {processor.py:755} WARNING - No viable dags retrieved from /opt/airflow/dags/test/test_forexdag_validation.py
[2023-01-01T17:20:50.962+0000] {processor.py:175} INFO - Processing /opt/airflow/dags/test/test_forexdag_validation.py took 0.106 seconds
[2023-01-01T17:21:21.451+0000] {processor.py:153} INFO - Started process (PID=198) to work on /opt/airflow/dags/test/test_forexdag_validation.py
[2023-01-01T17:21:21.454+0000] {processor.py:743} INFO - Processing file /opt/airflow/dags/test/test_forexdag_validation.py for tasks to queue
[2023-01-01T17:21:21.455+0000] {logging_mixin.py:137} INFO - [2023-01-01T17:21:21.455+0000] {dagbag.py:538} INFO - Filling up the DagBag from /opt/airflow/dags/test/test_forexdag_validation.py
[2023-01-01T17:21:21.533+0000] {logging_mixin.py:137} INFO - [2023-01-01T17:21:21.521+0000] {dagbag.py:343} ERROR - Failed to import: /opt/airflow/dags/test/test_forexdag_validation.py
Traceback (most recent call last):
  File "/home/airflow/.local/lib/python3.7/site-packages/airflow/models/dagbag.py", line 339, in parse
    loader.exec_module(new_module)
  File "<frozen importlib._bootstrap_external>", line 728, in exec_module
  File "<frozen importlib._bootstrap>", line 219, in _call_with_frames_removed
  File "/opt/airflow/dags/test/test_forexdag_validation.py", line 1, in <module>
    import pytest
ModuleNotFoundError: No module named 'pytest'
[2023-01-01T17:21:21.539+0000] {processor.py:755} WARNING - No viable dags retrieved from /opt/airflow/dags/test/test_forexdag_validation.py
[2023-01-01T17:21:21.558+0000] {processor.py:175} INFO - Processing /opt/airflow/dags/test/test_forexdag_validation.py took 0.109 seconds
[2023-01-01T17:21:52.036+0000] {processor.py:153} INFO - Started process (PID=261) to work on /opt/airflow/dags/test/test_forexdag_validation.py
[2023-01-01T17:21:52.038+0000] {processor.py:743} INFO - Processing file /opt/airflow/dags/test/test_forexdag_validation.py for tasks to queue
[2023-01-01T17:21:52.039+0000] {logging_mixin.py:137} INFO - [2023-01-01T17:21:52.039+0000] {dagbag.py:538} INFO - Filling up the DagBag from /opt/airflow/dags/test/test_forexdag_validation.py
[2023-01-01T17:21:52.084+0000] {logging_mixin.py:137} INFO - [2023-01-01T17:21:52.077+0000] {dagbag.py:343} ERROR - Failed to import: /opt/airflow/dags/test/test_forexdag_validation.py
Traceback (most recent call last):
  File "/home/airflow/.local/lib/python3.7/site-packages/airflow/models/dagbag.py", line 339, in parse
    loader.exec_module(new_module)
  File "<frozen importlib._bootstrap_external>", line 728, in exec_module
  File "<frozen importlib._bootstrap>", line 219, in _call_with_frames_removed
  File "/opt/airflow/dags/test/test_forexdag_validation.py", line 1, in <module>
    import pytest
ModuleNotFoundError: No module named 'pytest'
[2023-01-01T17:21:52.088+0000] {processor.py:755} WARNING - No viable dags retrieved from /opt/airflow/dags/test/test_forexdag_validation.py
[2023-01-01T17:21:52.150+0000] {processor.py:175} INFO - Processing /opt/airflow/dags/test/test_forexdag_validation.py took 0.116 seconds
[2023-01-01T17:22:22.676+0000] {processor.py:153} INFO - Started process (PID=305) to work on /opt/airflow/dags/test/test_forexdag_validation.py
[2023-01-01T17:22:22.677+0000] {processor.py:743} INFO - Processing file /opt/airflow/dags/test/test_forexdag_validation.py for tasks to queue
[2023-01-01T17:22:22.679+0000] {logging_mixin.py:137} INFO - [2023-01-01T17:22:22.678+0000] {dagbag.py:538} INFO - Filling up the DagBag from /opt/airflow/dags/test/test_forexdag_validation.py
[2023-01-01T17:22:22.744+0000] {logging_mixin.py:137} INFO - [2023-01-01T17:22:22.727+0000] {dagbag.py:343} ERROR - Failed to import: /opt/airflow/dags/test/test_forexdag_validation.py
Traceback (most recent call last):
  File "/home/airflow/.local/lib/python3.7/site-packages/airflow/models/dagbag.py", line 339, in parse
    loader.exec_module(new_module)
  File "<frozen importlib._bootstrap_external>", line 728, in exec_module
  File "<frozen importlib._bootstrap>", line 219, in _call_with_frames_removed
  File "/opt/airflow/dags/test/test_forexdag_validation.py", line 1, in <module>
    import pytest
ModuleNotFoundError: No module named 'pytest'
[2023-01-01T17:22:22.750+0000] {processor.py:755} WARNING - No viable dags retrieved from /opt/airflow/dags/test/test_forexdag_validation.py
[2023-01-01T17:22:22.825+0000] {processor.py:175} INFO - Processing /opt/airflow/dags/test/test_forexdag_validation.py took 0.152 seconds
