[2023-03-05T02:30:02.018+0000] {processor.py:153} INFO - Started process (PID=65) to work on /opt/airflow/dags/test/test_forexdag_definition.py
[2023-03-05T02:30:02.023+0000] {processor.py:743} INFO - Processing file /opt/airflow/dags/test/test_forexdag_definition.py for tasks to queue
[2023-03-05T02:30:02.026+0000] {logging_mixin.py:137} INFO - [2023-03-05T02:30:02.026+0000] {dagbag.py:538} INFO - Filling up the DagBag from /opt/airflow/dags/test/test_forexdag_definition.py
[2023-03-05T02:30:02.236+0000] {logging_mixin.py:137} INFO - [2023-03-05T02:30:02.171+0000] {dagbag.py:343} ERROR - Failed to import: /opt/airflow/dags/test/test_forexdag_definition.py
Traceback (most recent call last):
  File "/home/airflow/.local/lib/python3.7/site-packages/airflow/models/dagbag.py", line 339, in parse
    loader.exec_module(new_module)
  File "<frozen importlib._bootstrap_external>", line 728, in exec_module
  File "<frozen importlib._bootstrap>", line 219, in _call_with_frames_removed
  File "/opt/airflow/dags/test/test_forexdag_definition.py", line 1, in <module>
    import pytest
ModuleNotFoundError: No module named 'pytest'
[2023-03-05T02:30:02.246+0000] {processor.py:755} WARNING - No viable dags retrieved from /opt/airflow/dags/test/test_forexdag_definition.py
[2023-03-05T02:30:02.288+0000] {processor.py:175} INFO - Processing /opt/airflow/dags/test/test_forexdag_definition.py took 0.274 seconds
[2023-03-05T02:30:32.921+0000] {processor.py:153} INFO - Started process (PID=108) to work on /opt/airflow/dags/test/test_forexdag_definition.py
[2023-03-05T02:30:32.923+0000] {processor.py:743} INFO - Processing file /opt/airflow/dags/test/test_forexdag_definition.py for tasks to queue
[2023-03-05T02:30:32.924+0000] {logging_mixin.py:137} INFO - [2023-03-05T02:30:32.924+0000] {dagbag.py:538} INFO - Filling up the DagBag from /opt/airflow/dags/test/test_forexdag_definition.py
[2023-03-05T02:30:32.962+0000] {logging_mixin.py:137} INFO - [2023-03-05T02:30:32.954+0000] {dagbag.py:343} ERROR - Failed to import: /opt/airflow/dags/test/test_forexdag_definition.py
Traceback (most recent call last):
  File "/home/airflow/.local/lib/python3.7/site-packages/airflow/models/dagbag.py", line 339, in parse
    loader.exec_module(new_module)
  File "<frozen importlib._bootstrap_external>", line 728, in exec_module
  File "<frozen importlib._bootstrap>", line 219, in _call_with_frames_removed
  File "/opt/airflow/dags/test/test_forexdag_definition.py", line 1, in <module>
    import pytest
ModuleNotFoundError: No module named 'pytest'
[2023-03-05T02:30:32.965+0000] {processor.py:755} WARNING - No viable dags retrieved from /opt/airflow/dags/test/test_forexdag_definition.py
[2023-03-05T02:30:32.989+0000] {processor.py:175} INFO - Processing /opt/airflow/dags/test/test_forexdag_definition.py took 0.070 seconds
[2023-03-05T02:31:03.783+0000] {processor.py:153} INFO - Started process (PID=152) to work on /opt/airflow/dags/test/test_forexdag_definition.py
[2023-03-05T02:31:03.786+0000] {processor.py:743} INFO - Processing file /opt/airflow/dags/test/test_forexdag_definition.py for tasks to queue
[2023-03-05T02:31:03.788+0000] {logging_mixin.py:137} INFO - [2023-03-05T02:31:03.788+0000] {dagbag.py:538} INFO - Filling up the DagBag from /opt/airflow/dags/test/test_forexdag_definition.py
[2023-03-05T02:31:03.886+0000] {logging_mixin.py:137} INFO - [2023-03-05T02:31:03.840+0000] {dagbag.py:343} ERROR - Failed to import: /opt/airflow/dags/test/test_forexdag_definition.py
Traceback (most recent call last):
  File "/home/airflow/.local/lib/python3.7/site-packages/airflow/models/dagbag.py", line 339, in parse
    loader.exec_module(new_module)
  File "<frozen importlib._bootstrap_external>", line 728, in exec_module
  File "<frozen importlib._bootstrap>", line 219, in _call_with_frames_removed
  File "/opt/airflow/dags/test/test_forexdag_definition.py", line 1, in <module>
    import pytest
ModuleNotFoundError: No module named 'pytest'
[2023-03-05T02:31:03.892+0000] {processor.py:755} WARNING - No viable dags retrieved from /opt/airflow/dags/test/test_forexdag_definition.py
[2023-03-05T02:31:03.912+0000] {processor.py:175} INFO - Processing /opt/airflow/dags/test/test_forexdag_definition.py took 0.131 seconds
[2023-03-05T02:31:34.083+0000] {processor.py:153} INFO - Started process (PID=217) to work on /opt/airflow/dags/test/test_forexdag_definition.py
[2023-03-05T02:31:34.086+0000] {processor.py:743} INFO - Processing file /opt/airflow/dags/test/test_forexdag_definition.py for tasks to queue
[2023-03-05T02:31:34.087+0000] {logging_mixin.py:137} INFO - [2023-03-05T02:31:34.087+0000] {dagbag.py:538} INFO - Filling up the DagBag from /opt/airflow/dags/test/test_forexdag_definition.py
[2023-03-05T02:31:34.171+0000] {logging_mixin.py:137} INFO - [2023-03-05T02:31:34.151+0000] {dagbag.py:343} ERROR - Failed to import: /opt/airflow/dags/test/test_forexdag_definition.py
Traceback (most recent call last):
  File "/home/airflow/.local/lib/python3.7/site-packages/airflow/models/dagbag.py", line 339, in parse
    loader.exec_module(new_module)
  File "<frozen importlib._bootstrap_external>", line 728, in exec_module
  File "<frozen importlib._bootstrap>", line 219, in _call_with_frames_removed
  File "/opt/airflow/dags/test/test_forexdag_definition.py", line 1, in <module>
    import pytest
ModuleNotFoundError: No module named 'pytest'
[2023-03-05T02:31:34.179+0000] {processor.py:755} WARNING - No viable dags retrieved from /opt/airflow/dags/test/test_forexdag_definition.py
[2023-03-05T02:31:34.197+0000] {processor.py:175} INFO - Processing /opt/airflow/dags/test/test_forexdag_definition.py took 0.117 seconds
[2023-03-05T02:32:05.156+0000] {processor.py:153} INFO - Started process (PID=261) to work on /opt/airflow/dags/test/test_forexdag_definition.py
[2023-03-05T02:32:05.160+0000] {processor.py:743} INFO - Processing file /opt/airflow/dags/test/test_forexdag_definition.py for tasks to queue
[2023-03-05T02:32:05.161+0000] {logging_mixin.py:137} INFO - [2023-03-05T02:32:05.161+0000] {dagbag.py:538} INFO - Filling up the DagBag from /opt/airflow/dags/test/test_forexdag_definition.py
[2023-03-05T02:32:05.220+0000] {logging_mixin.py:137} INFO - [2023-03-05T02:32:05.206+0000] {dagbag.py:343} ERROR - Failed to import: /opt/airflow/dags/test/test_forexdag_definition.py
Traceback (most recent call last):
  File "/home/airflow/.local/lib/python3.7/site-packages/airflow/models/dagbag.py", line 339, in parse
    loader.exec_module(new_module)
  File "<frozen importlib._bootstrap_external>", line 728, in exec_module
  File "<frozen importlib._bootstrap>", line 219, in _call_with_frames_removed
  File "/opt/airflow/dags/test/test_forexdag_definition.py", line 1, in <module>
    import pytest
ModuleNotFoundError: No module named 'pytest'
[2023-03-05T02:32:05.224+0000] {processor.py:755} WARNING - No viable dags retrieved from /opt/airflow/dags/test/test_forexdag_definition.py
[2023-03-05T02:32:05.242+0000] {processor.py:175} INFO - Processing /opt/airflow/dags/test/test_forexdag_definition.py took 0.088 seconds
[2023-03-05T02:32:35.404+0000] {processor.py:153} INFO - Started process (PID=325) to work on /opt/airflow/dags/test/test_forexdag_definition.py
[2023-03-05T02:32:35.407+0000] {processor.py:743} INFO - Processing file /opt/airflow/dags/test/test_forexdag_definition.py for tasks to queue
[2023-03-05T02:32:35.408+0000] {logging_mixin.py:137} INFO - [2023-03-05T02:32:35.408+0000] {dagbag.py:538} INFO - Filling up the DagBag from /opt/airflow/dags/test/test_forexdag_definition.py
[2023-03-05T02:32:35.473+0000] {logging_mixin.py:137} INFO - [2023-03-05T02:32:35.463+0000] {dagbag.py:343} ERROR - Failed to import: /opt/airflow/dags/test/test_forexdag_definition.py
Traceback (most recent call last):
  File "/home/airflow/.local/lib/python3.7/site-packages/airflow/models/dagbag.py", line 339, in parse
    loader.exec_module(new_module)
  File "<frozen importlib._bootstrap_external>", line 728, in exec_module
  File "<frozen importlib._bootstrap>", line 219, in _call_with_frames_removed
  File "/opt/airflow/dags/test/test_forexdag_definition.py", line 1, in <module>
    import pytest
ModuleNotFoundError: No module named 'pytest'
[2023-03-05T02:32:35.478+0000] {processor.py:755} WARNING - No viable dags retrieved from /opt/airflow/dags/test/test_forexdag_definition.py
[2023-03-05T02:32:35.496+0000] {processor.py:175} INFO - Processing /opt/airflow/dags/test/test_forexdag_definition.py took 0.095 seconds
[2023-03-05T02:33:05.629+0000] {processor.py:153} INFO - Started process (PID=369) to work on /opt/airflow/dags/test/test_forexdag_definition.py
[2023-03-05T02:33:05.632+0000] {processor.py:743} INFO - Processing file /opt/airflow/dags/test/test_forexdag_definition.py for tasks to queue
[2023-03-05T02:33:05.633+0000] {logging_mixin.py:137} INFO - [2023-03-05T02:33:05.633+0000] {dagbag.py:538} INFO - Filling up the DagBag from /opt/airflow/dags/test/test_forexdag_definition.py
[2023-03-05T02:33:05.685+0000] {logging_mixin.py:137} INFO - [2023-03-05T02:33:05.675+0000] {dagbag.py:343} ERROR - Failed to import: /opt/airflow/dags/test/test_forexdag_definition.py
Traceback (most recent call last):
  File "/home/airflow/.local/lib/python3.7/site-packages/airflow/models/dagbag.py", line 339, in parse
    loader.exec_module(new_module)
  File "<frozen importlib._bootstrap_external>", line 728, in exec_module
  File "<frozen importlib._bootstrap>", line 219, in _call_with_frames_removed
  File "/opt/airflow/dags/test/test_forexdag_definition.py", line 1, in <module>
    import pytest
ModuleNotFoundError: No module named 'pytest'
[2023-03-05T02:33:05.690+0000] {processor.py:755} WARNING - No viable dags retrieved from /opt/airflow/dags/test/test_forexdag_definition.py
[2023-03-05T02:33:05.707+0000] {processor.py:175} INFO - Processing /opt/airflow/dags/test/test_forexdag_definition.py took 0.081 seconds
