[2023-01-20T01:43:22.719+0000] {processor.py:153} INFO - Started process (PID=70) to work on /opt/airflow/dags/test/test_forexdag_definition.py
[2023-01-20T01:43:22.727+0000] {processor.py:743} INFO - Processing file /opt/airflow/dags/test/test_forexdag_definition.py for tasks to queue
[2023-01-20T01:43:22.731+0000] {logging_mixin.py:137} INFO - [2023-01-20T01:43:22.731+0000] {dagbag.py:538} INFO - Filling up the DagBag from /opt/airflow/dags/test/test_forexdag_definition.py
[2023-01-20T01:43:22.918+0000] {logging_mixin.py:137} INFO - [2023-01-20T01:43:22.879+0000] {dagbag.py:343} ERROR - Failed to import: /opt/airflow/dags/test/test_forexdag_definition.py
Traceback (most recent call last):
  File "/home/airflow/.local/lib/python3.7/site-packages/airflow/models/dagbag.py", line 339, in parse
    loader.exec_module(new_module)
  File "<frozen importlib._bootstrap_external>", line 728, in exec_module
  File "<frozen importlib._bootstrap>", line 219, in _call_with_frames_removed
  File "/opt/airflow/dags/test/test_forexdag_definition.py", line 1, in <module>
    import pytest
ModuleNotFoundError: No module named 'pytest'
[2023-01-20T01:43:22.936+0000] {processor.py:755} WARNING - No viable dags retrieved from /opt/airflow/dags/test/test_forexdag_definition.py
[2023-01-20T01:43:22.977+0000] {processor.py:175} INFO - Processing /opt/airflow/dags/test/test_forexdag_definition.py took 0.265 seconds
[2023-01-20T01:43:53.323+0000] {processor.py:153} INFO - Started process (PID=129) to work on /opt/airflow/dags/test/test_forexdag_definition.py
[2023-01-20T01:43:53.326+0000] {processor.py:743} INFO - Processing file /opt/airflow/dags/test/test_forexdag_definition.py for tasks to queue
[2023-01-20T01:43:53.327+0000] {logging_mixin.py:137} INFO - [2023-01-20T01:43:53.327+0000] {dagbag.py:538} INFO - Filling up the DagBag from /opt/airflow/dags/test/test_forexdag_definition.py
[2023-01-20T01:43:53.405+0000] {logging_mixin.py:137} INFO - [2023-01-20T01:43:53.390+0000] {dagbag.py:343} ERROR - Failed to import: /opt/airflow/dags/test/test_forexdag_definition.py
Traceback (most recent call last):
  File "/home/airflow/.local/lib/python3.7/site-packages/airflow/models/dagbag.py", line 339, in parse
    loader.exec_module(new_module)
  File "<frozen importlib._bootstrap_external>", line 728, in exec_module
  File "<frozen importlib._bootstrap>", line 219, in _call_with_frames_removed
  File "/opt/airflow/dags/test/test_forexdag_definition.py", line 1, in <module>
    import pytest
ModuleNotFoundError: No module named 'pytest'
[2023-01-20T01:43:53.412+0000] {processor.py:755} WARNING - No viable dags retrieved from /opt/airflow/dags/test/test_forexdag_definition.py
[2023-01-20T01:43:53.437+0000] {processor.py:175} INFO - Processing /opt/airflow/dags/test/test_forexdag_definition.py took 0.117 seconds
[2023-01-20T01:44:24.200+0000] {processor.py:153} INFO - Started process (PID=173) to work on /opt/airflow/dags/test/test_forexdag_definition.py
[2023-01-20T01:44:24.203+0000] {processor.py:743} INFO - Processing file /opt/airflow/dags/test/test_forexdag_definition.py for tasks to queue
[2023-01-20T01:44:24.204+0000] {logging_mixin.py:137} INFO - [2023-01-20T01:44:24.204+0000] {dagbag.py:538} INFO - Filling up the DagBag from /opt/airflow/dags/test/test_forexdag_definition.py
[2023-01-20T01:44:24.345+0000] {logging_mixin.py:137} INFO - [2023-01-20T01:44:24.296+0000] {dagbag.py:343} ERROR - Failed to import: /opt/airflow/dags/test/test_forexdag_definition.py
Traceback (most recent call last):
  File "/home/airflow/.local/lib/python3.7/site-packages/airflow/models/dagbag.py", line 339, in parse
    loader.exec_module(new_module)
  File "<frozen importlib._bootstrap_external>", line 728, in exec_module
  File "<frozen importlib._bootstrap>", line 219, in _call_with_frames_removed
  File "/opt/airflow/dags/test/test_forexdag_definition.py", line 1, in <module>
    import pytest
ModuleNotFoundError: No module named 'pytest'
[2023-01-20T01:44:24.356+0000] {processor.py:755} WARNING - No viable dags retrieved from /opt/airflow/dags/test/test_forexdag_definition.py
[2023-01-20T01:44:24.390+0000] {processor.py:175} INFO - Processing /opt/airflow/dags/test/test_forexdag_definition.py took 0.193 seconds
[2023-01-20T01:44:55.758+0000] {processor.py:153} INFO - Started process (PID=225) to work on /opt/airflow/dags/test/test_forexdag_definition.py
[2023-01-20T01:44:55.763+0000] {processor.py:743} INFO - Processing file /opt/airflow/dags/test/test_forexdag_definition.py for tasks to queue
[2023-01-20T01:44:55.765+0000] {logging_mixin.py:137} INFO - [2023-01-20T01:44:55.765+0000] {dagbag.py:538} INFO - Filling up the DagBag from /opt/airflow/dags/test/test_forexdag_definition.py
[2023-01-20T01:44:55.906+0000] {logging_mixin.py:137} INFO - [2023-01-20T01:44:55.870+0000] {dagbag.py:343} ERROR - Failed to import: /opt/airflow/dags/test/test_forexdag_definition.py
Traceback (most recent call last):
  File "/home/airflow/.local/lib/python3.7/site-packages/airflow/models/dagbag.py", line 339, in parse
    loader.exec_module(new_module)
  File "<frozen importlib._bootstrap_external>", line 728, in exec_module
  File "<frozen importlib._bootstrap>", line 219, in _call_with_frames_removed
  File "/opt/airflow/dags/test/test_forexdag_definition.py", line 1, in <module>
    import pytest
ModuleNotFoundError: No module named 'pytest'
[2023-01-20T01:44:55.917+0000] {processor.py:755} WARNING - No viable dags retrieved from /opt/airflow/dags/test/test_forexdag_definition.py
[2023-01-20T01:44:55.942+0000] {processor.py:175} INFO - Processing /opt/airflow/dags/test/test_forexdag_definition.py took 0.189 seconds
[2023-01-20T01:45:26.473+0000] {processor.py:153} INFO - Started process (PID=282) to work on /opt/airflow/dags/test/test_forexdag_definition.py
[2023-01-20T01:45:26.478+0000] {processor.py:743} INFO - Processing file /opt/airflow/dags/test/test_forexdag_definition.py for tasks to queue
[2023-01-20T01:45:26.480+0000] {logging_mixin.py:137} INFO - [2023-01-20T01:45:26.480+0000] {dagbag.py:538} INFO - Filling up the DagBag from /opt/airflow/dags/test/test_forexdag_definition.py
[2023-01-20T01:45:26.613+0000] {logging_mixin.py:137} INFO - [2023-01-20T01:45:26.596+0000] {dagbag.py:343} ERROR - Failed to import: /opt/airflow/dags/test/test_forexdag_definition.py
Traceback (most recent call last):
  File "/home/airflow/.local/lib/python3.7/site-packages/airflow/models/dagbag.py", line 339, in parse
    loader.exec_module(new_module)
  File "<frozen importlib._bootstrap_external>", line 728, in exec_module
  File "<frozen importlib._bootstrap>", line 219, in _call_with_frames_removed
  File "/opt/airflow/dags/test/test_forexdag_definition.py", line 1, in <module>
    import pytest
ModuleNotFoundError: No module named 'pytest'
[2023-01-20T01:45:26.618+0000] {processor.py:755} WARNING - No viable dags retrieved from /opt/airflow/dags/test/test_forexdag_definition.py
[2023-01-20T01:45:26.646+0000] {processor.py:175} INFO - Processing /opt/airflow/dags/test/test_forexdag_definition.py took 0.178 seconds
[2023-01-20T01:45:56.891+0000] {processor.py:153} INFO - Started process (PID=326) to work on /opt/airflow/dags/test/test_forexdag_definition.py
[2023-01-20T01:45:56.894+0000] {processor.py:743} INFO - Processing file /opt/airflow/dags/test/test_forexdag_definition.py for tasks to queue
[2023-01-20T01:45:56.896+0000] {logging_mixin.py:137} INFO - [2023-01-20T01:45:56.896+0000] {dagbag.py:538} INFO - Filling up the DagBag from /opt/airflow/dags/test/test_forexdag_definition.py
[2023-01-20T01:45:56.975+0000] {logging_mixin.py:137} INFO - [2023-01-20T01:45:56.958+0000] {dagbag.py:343} ERROR - Failed to import: /opt/airflow/dags/test/test_forexdag_definition.py
Traceback (most recent call last):
  File "/home/airflow/.local/lib/python3.7/site-packages/airflow/models/dagbag.py", line 339, in parse
    loader.exec_module(new_module)
  File "<frozen importlib._bootstrap_external>", line 728, in exec_module
  File "<frozen importlib._bootstrap>", line 219, in _call_with_frames_removed
  File "/opt/airflow/dags/test/test_forexdag_definition.py", line 1, in <module>
    import pytest
ModuleNotFoundError: No module named 'pytest'
[2023-01-20T01:45:56.982+0000] {processor.py:755} WARNING - No viable dags retrieved from /opt/airflow/dags/test/test_forexdag_definition.py
[2023-01-20T01:45:57.007+0000] {processor.py:175} INFO - Processing /opt/airflow/dags/test/test_forexdag_definition.py took 0.119 seconds
[2023-01-20T01:46:27.547+0000] {processor.py:153} INFO - Started process (PID=370) to work on /opt/airflow/dags/test/test_forexdag_definition.py
[2023-01-20T01:46:27.550+0000] {processor.py:743} INFO - Processing file /opt/airflow/dags/test/test_forexdag_definition.py for tasks to queue
[2023-01-20T01:46:27.552+0000] {logging_mixin.py:137} INFO - [2023-01-20T01:46:27.552+0000] {dagbag.py:538} INFO - Filling up the DagBag from /opt/airflow/dags/test/test_forexdag_definition.py
[2023-01-20T01:46:27.616+0000] {logging_mixin.py:137} INFO - [2023-01-20T01:46:27.603+0000] {dagbag.py:343} ERROR - Failed to import: /opt/airflow/dags/test/test_forexdag_definition.py
Traceback (most recent call last):
  File "/home/airflow/.local/lib/python3.7/site-packages/airflow/models/dagbag.py", line 339, in parse
    loader.exec_module(new_module)
  File "<frozen importlib._bootstrap_external>", line 728, in exec_module
  File "<frozen importlib._bootstrap>", line 219, in _call_with_frames_removed
  File "/opt/airflow/dags/test/test_forexdag_definition.py", line 1, in <module>
    import pytest
ModuleNotFoundError: No module named 'pytest'
[2023-01-20T01:46:27.622+0000] {processor.py:755} WARNING - No viable dags retrieved from /opt/airflow/dags/test/test_forexdag_definition.py
[2023-01-20T01:46:27.644+0000] {processor.py:175} INFO - Processing /opt/airflow/dags/test/test_forexdag_definition.py took 0.101 seconds
[2023-01-20T01:46:58.139+0000] {processor.py:153} INFO - Started process (PID=434) to work on /opt/airflow/dags/test/test_forexdag_definition.py
[2023-01-20T01:46:58.143+0000] {processor.py:743} INFO - Processing file /opt/airflow/dags/test/test_forexdag_definition.py for tasks to queue
[2023-01-20T01:46:58.145+0000] {logging_mixin.py:137} INFO - [2023-01-20T01:46:58.144+0000] {dagbag.py:538} INFO - Filling up the DagBag from /opt/airflow/dags/test/test_forexdag_definition.py
[2023-01-20T01:46:58.324+0000] {logging_mixin.py:137} INFO - [2023-01-20T01:46:58.287+0000] {dagbag.py:343} ERROR - Failed to import: /opt/airflow/dags/test/test_forexdag_definition.py
Traceback (most recent call last):
  File "/home/airflow/.local/lib/python3.7/site-packages/airflow/models/dagbag.py", line 339, in parse
    loader.exec_module(new_module)
  File "<frozen importlib._bootstrap_external>", line 728, in exec_module
  File "<frozen importlib._bootstrap>", line 219, in _call_with_frames_removed
  File "/opt/airflow/dags/test/test_forexdag_definition.py", line 1, in <module>
    import pytest
ModuleNotFoundError: No module named 'pytest'
[2023-01-20T01:46:58.338+0000] {processor.py:755} WARNING - No viable dags retrieved from /opt/airflow/dags/test/test_forexdag_definition.py
[2023-01-20T01:46:58.374+0000] {processor.py:175} INFO - Processing /opt/airflow/dags/test/test_forexdag_definition.py took 0.238 seconds
[2023-01-20T01:47:28.940+0000] {processor.py:153} INFO - Started process (PID=476) to work on /opt/airflow/dags/test/test_forexdag_definition.py
[2023-01-20T01:47:28.944+0000] {processor.py:743} INFO - Processing file /opt/airflow/dags/test/test_forexdag_definition.py for tasks to queue
[2023-01-20T01:47:28.946+0000] {logging_mixin.py:137} INFO - [2023-01-20T01:47:28.945+0000] {dagbag.py:538} INFO - Filling up the DagBag from /opt/airflow/dags/test/test_forexdag_definition.py
[2023-01-20T01:47:29.024+0000] {logging_mixin.py:137} INFO - [2023-01-20T01:47:29.008+0000] {dagbag.py:343} ERROR - Failed to import: /opt/airflow/dags/test/test_forexdag_definition.py
Traceback (most recent call last):
  File "/home/airflow/.local/lib/python3.7/site-packages/airflow/models/dagbag.py", line 339, in parse
    loader.exec_module(new_module)
  File "<frozen importlib._bootstrap_external>", line 728, in exec_module
  File "<frozen importlib._bootstrap>", line 219, in _call_with_frames_removed
  File "/opt/airflow/dags/test/test_forexdag_definition.py", line 1, in <module>
    import pytest
ModuleNotFoundError: No module named 'pytest'
[2023-01-20T01:47:29.030+0000] {processor.py:755} WARNING - No viable dags retrieved from /opt/airflow/dags/test/test_forexdag_definition.py
[2023-01-20T01:47:29.066+0000] {processor.py:175} INFO - Processing /opt/airflow/dags/test/test_forexdag_definition.py took 0.130 seconds
[2023-01-20T01:47:59.990+0000] {processor.py:153} INFO - Started process (PID=520) to work on /opt/airflow/dags/test/test_forexdag_definition.py
[2023-01-20T01:47:59.994+0000] {processor.py:743} INFO - Processing file /opt/airflow/dags/test/test_forexdag_definition.py for tasks to queue
[2023-01-20T01:47:59.995+0000] {logging_mixin.py:137} INFO - [2023-01-20T01:47:59.995+0000] {dagbag.py:538} INFO - Filling up the DagBag from /opt/airflow/dags/test/test_forexdag_definition.py
[2023-01-20T01:48:00.062+0000] {logging_mixin.py:137} INFO - [2023-01-20T01:48:00.051+0000] {dagbag.py:343} ERROR - Failed to import: /opt/airflow/dags/test/test_forexdag_definition.py
Traceback (most recent call last):
  File "/home/airflow/.local/lib/python3.7/site-packages/airflow/models/dagbag.py", line 339, in parse
    loader.exec_module(new_module)
  File "<frozen importlib._bootstrap_external>", line 728, in exec_module
  File "<frozen importlib._bootstrap>", line 219, in _call_with_frames_removed
  File "/opt/airflow/dags/test/test_forexdag_definition.py", line 1, in <module>
    import pytest
ModuleNotFoundError: No module named 'pytest'
[2023-01-20T01:48:00.067+0000] {processor.py:755} WARNING - No viable dags retrieved from /opt/airflow/dags/test/test_forexdag_definition.py
[2023-01-20T01:48:00.091+0000] {processor.py:175} INFO - Processing /opt/airflow/dags/test/test_forexdag_definition.py took 0.105 seconds
[2023-01-20T01:48:30.459+0000] {processor.py:153} INFO - Started process (PID=584) to work on /opt/airflow/dags/test/test_forexdag_definition.py
[2023-01-20T01:48:30.462+0000] {processor.py:743} INFO - Processing file /opt/airflow/dags/test/test_forexdag_definition.py for tasks to queue
[2023-01-20T01:48:30.464+0000] {logging_mixin.py:137} INFO - [2023-01-20T01:48:30.464+0000] {dagbag.py:538} INFO - Filling up the DagBag from /opt/airflow/dags/test/test_forexdag_definition.py
[2023-01-20T01:48:30.557+0000] {logging_mixin.py:137} INFO - [2023-01-20T01:48:30.543+0000] {dagbag.py:343} ERROR - Failed to import: /opt/airflow/dags/test/test_forexdag_definition.py
Traceback (most recent call last):
  File "/home/airflow/.local/lib/python3.7/site-packages/airflow/models/dagbag.py", line 339, in parse
    loader.exec_module(new_module)
  File "<frozen importlib._bootstrap_external>", line 728, in exec_module
  File "<frozen importlib._bootstrap>", line 219, in _call_with_frames_removed
  File "/opt/airflow/dags/test/test_forexdag_definition.py", line 1, in <module>
    import pytest
ModuleNotFoundError: No module named 'pytest'
[2023-01-20T01:48:30.564+0000] {processor.py:755} WARNING - No viable dags retrieved from /opt/airflow/dags/test/test_forexdag_definition.py
[2023-01-20T01:48:30.588+0000] {processor.py:175} INFO - Processing /opt/airflow/dags/test/test_forexdag_definition.py took 0.132 seconds
[2023-01-20T01:49:01.047+0000] {processor.py:153} INFO - Started process (PID=628) to work on /opt/airflow/dags/test/test_forexdag_definition.py
[2023-01-20T01:49:01.063+0000] {processor.py:743} INFO - Processing file /opt/airflow/dags/test/test_forexdag_definition.py for tasks to queue
[2023-01-20T01:49:01.064+0000] {logging_mixin.py:137} INFO - [2023-01-20T01:49:01.064+0000] {dagbag.py:538} INFO - Filling up the DagBag from /opt/airflow/dags/test/test_forexdag_definition.py
[2023-01-20T01:49:01.148+0000] {logging_mixin.py:137} INFO - [2023-01-20T01:49:01.134+0000] {dagbag.py:343} ERROR - Failed to import: /opt/airflow/dags/test/test_forexdag_definition.py
Traceback (most recent call last):
  File "/home/airflow/.local/lib/python3.7/site-packages/airflow/models/dagbag.py", line 339, in parse
    loader.exec_module(new_module)
  File "<frozen importlib._bootstrap_external>", line 728, in exec_module
  File "<frozen importlib._bootstrap>", line 219, in _call_with_frames_removed
  File "/opt/airflow/dags/test/test_forexdag_definition.py", line 1, in <module>
    import pytest
ModuleNotFoundError: No module named 'pytest'
[2023-01-20T01:49:01.154+0000] {processor.py:755} WARNING - No viable dags retrieved from /opt/airflow/dags/test/test_forexdag_definition.py
[2023-01-20T01:49:01.175+0000] {processor.py:175} INFO - Processing /opt/airflow/dags/test/test_forexdag_definition.py took 0.132 seconds
[2023-01-20T01:49:31.792+0000] {processor.py:153} INFO - Started process (PID=672) to work on /opt/airflow/dags/test/test_forexdag_definition.py
[2023-01-20T01:49:31.796+0000] {processor.py:743} INFO - Processing file /opt/airflow/dags/test/test_forexdag_definition.py for tasks to queue
[2023-01-20T01:49:31.798+0000] {logging_mixin.py:137} INFO - [2023-01-20T01:49:31.798+0000] {dagbag.py:538} INFO - Filling up the DagBag from /opt/airflow/dags/test/test_forexdag_definition.py
[2023-01-20T01:49:31.944+0000] {logging_mixin.py:137} INFO - [2023-01-20T01:49:31.923+0000] {dagbag.py:343} ERROR - Failed to import: /opt/airflow/dags/test/test_forexdag_definition.py
Traceback (most recent call last):
  File "/home/airflow/.local/lib/python3.7/site-packages/airflow/models/dagbag.py", line 339, in parse
    loader.exec_module(new_module)
  File "<frozen importlib._bootstrap_external>", line 728, in exec_module
  File "<frozen importlib._bootstrap>", line 219, in _call_with_frames_removed
  File "/opt/airflow/dags/test/test_forexdag_definition.py", line 1, in <module>
    import pytest
ModuleNotFoundError: No module named 'pytest'
[2023-01-20T01:49:31.955+0000] {processor.py:755} WARNING - No viable dags retrieved from /opt/airflow/dags/test/test_forexdag_definition.py
[2023-01-20T01:49:31.982+0000] {processor.py:175} INFO - Processing /opt/airflow/dags/test/test_forexdag_definition.py took 0.194 seconds
[2023-01-20T01:50:02.288+0000] {processor.py:153} INFO - Started process (PID=736) to work on /opt/airflow/dags/test/test_forexdag_definition.py
[2023-01-20T01:50:02.292+0000] {processor.py:743} INFO - Processing file /opt/airflow/dags/test/test_forexdag_definition.py for tasks to queue
[2023-01-20T01:50:02.294+0000] {logging_mixin.py:137} INFO - [2023-01-20T01:50:02.294+0000] {dagbag.py:538} INFO - Filling up the DagBag from /opt/airflow/dags/test/test_forexdag_definition.py
[2023-01-20T01:50:02.393+0000] {logging_mixin.py:137} INFO - [2023-01-20T01:50:02.374+0000] {dagbag.py:343} ERROR - Failed to import: /opt/airflow/dags/test/test_forexdag_definition.py
Traceback (most recent call last):
  File "/home/airflow/.local/lib/python3.7/site-packages/airflow/models/dagbag.py", line 339, in parse
    loader.exec_module(new_module)
  File "<frozen importlib._bootstrap_external>", line 728, in exec_module
  File "<frozen importlib._bootstrap>", line 219, in _call_with_frames_removed
  File "/opt/airflow/dags/test/test_forexdag_definition.py", line 1, in <module>
    import pytest
ModuleNotFoundError: No module named 'pytest'
[2023-01-20T01:50:02.400+0000] {processor.py:755} WARNING - No viable dags retrieved from /opt/airflow/dags/test/test_forexdag_definition.py
[2023-01-20T01:50:02.427+0000] {processor.py:175} INFO - Processing /opt/airflow/dags/test/test_forexdag_definition.py took 0.143 seconds
[2023-01-20T16:34:17.727+0000] {processor.py:153} INFO - Started process (PID=67) to work on /opt/airflow/dags/test/test_forexdag_definition.py
[2023-01-20T16:34:17.737+0000] {processor.py:743} INFO - Processing file /opt/airflow/dags/test/test_forexdag_definition.py for tasks to queue
[2023-01-20T16:34:17.738+0000] {logging_mixin.py:137} INFO - [2023-01-20T16:34:17.738+0000] {dagbag.py:538} INFO - Filling up the DagBag from /opt/airflow/dags/test/test_forexdag_definition.py
[2023-01-20T16:34:17.805+0000] {logging_mixin.py:137} INFO - [2023-01-20T16:34:17.791+0000] {dagbag.py:343} ERROR - Failed to import: /opt/airflow/dags/test/test_forexdag_definition.py
Traceback (most recent call last):
  File "/home/airflow/.local/lib/python3.7/site-packages/airflow/models/dagbag.py", line 339, in parse
    loader.exec_module(new_module)
  File "<frozen importlib._bootstrap_external>", line 728, in exec_module
  File "<frozen importlib._bootstrap>", line 219, in _call_with_frames_removed
  File "/opt/airflow/dags/test/test_forexdag_definition.py", line 1, in <module>
    import pytest
ModuleNotFoundError: No module named 'pytest'
[2023-01-20T16:34:17.810+0000] {processor.py:755} WARNING - No viable dags retrieved from /opt/airflow/dags/test/test_forexdag_definition.py
[2023-01-20T16:34:17.832+0000] {processor.py:175} INFO - Processing /opt/airflow/dags/test/test_forexdag_definition.py took 0.107 seconds
[2023-01-20T16:34:48.454+0000] {processor.py:153} INFO - Started process (PID=111) to work on /opt/airflow/dags/test/test_forexdag_definition.py
[2023-01-20T16:34:48.456+0000] {processor.py:743} INFO - Processing file /opt/airflow/dags/test/test_forexdag_definition.py for tasks to queue
[2023-01-20T16:34:48.456+0000] {logging_mixin.py:137} INFO - [2023-01-20T16:34:48.456+0000] {dagbag.py:538} INFO - Filling up the DagBag from /opt/airflow/dags/test/test_forexdag_definition.py
[2023-01-20T16:34:48.508+0000] {logging_mixin.py:137} INFO - [2023-01-20T16:34:48.498+0000] {dagbag.py:343} ERROR - Failed to import: /opt/airflow/dags/test/test_forexdag_definition.py
Traceback (most recent call last):
  File "/home/airflow/.local/lib/python3.7/site-packages/airflow/models/dagbag.py", line 339, in parse
    loader.exec_module(new_module)
  File "<frozen importlib._bootstrap_external>", line 728, in exec_module
  File "<frozen importlib._bootstrap>", line 219, in _call_with_frames_removed
  File "/opt/airflow/dags/test/test_forexdag_definition.py", line 1, in <module>
    import pytest
ModuleNotFoundError: No module named 'pytest'
[2023-01-20T16:34:48.512+0000] {processor.py:755} WARNING - No viable dags retrieved from /opt/airflow/dags/test/test_forexdag_definition.py
[2023-01-20T16:34:48.527+0000] {processor.py:175} INFO - Processing /opt/airflow/dags/test/test_forexdag_definition.py took 0.076 seconds
[2023-01-20T16:35:19.224+0000] {processor.py:153} INFO - Started process (PID=175) to work on /opt/airflow/dags/test/test_forexdag_definition.py
[2023-01-20T16:35:19.229+0000] {processor.py:743} INFO - Processing file /opt/airflow/dags/test/test_forexdag_definition.py for tasks to queue
[2023-01-20T16:35:19.231+0000] {logging_mixin.py:137} INFO - [2023-01-20T16:35:19.231+0000] {dagbag.py:538} INFO - Filling up the DagBag from /opt/airflow/dags/test/test_forexdag_definition.py
[2023-01-20T16:35:19.325+0000] {logging_mixin.py:137} INFO - [2023-01-20T16:35:19.299+0000] {dagbag.py:343} ERROR - Failed to import: /opt/airflow/dags/test/test_forexdag_definition.py
Traceback (most recent call last):
  File "/home/airflow/.local/lib/python3.7/site-packages/airflow/models/dagbag.py", line 339, in parse
    loader.exec_module(new_module)
  File "<frozen importlib._bootstrap_external>", line 728, in exec_module
  File "<frozen importlib._bootstrap>", line 219, in _call_with_frames_removed
  File "/opt/airflow/dags/test/test_forexdag_definition.py", line 1, in <module>
    import pytest
ModuleNotFoundError: No module named 'pytest'
[2023-01-20T16:35:19.334+0000] {processor.py:755} WARNING - No viable dags retrieved from /opt/airflow/dags/test/test_forexdag_definition.py
[2023-01-20T16:35:19.351+0000] {processor.py:175} INFO - Processing /opt/airflow/dags/test/test_forexdag_definition.py took 0.129 seconds
[2023-01-20T16:35:50.266+0000] {processor.py:153} INFO - Started process (PID=219) to work on /opt/airflow/dags/test/test_forexdag_definition.py
[2023-01-20T16:35:50.272+0000] {processor.py:743} INFO - Processing file /opt/airflow/dags/test/test_forexdag_definition.py for tasks to queue
[2023-01-20T16:35:50.274+0000] {logging_mixin.py:137} INFO - [2023-01-20T16:35:50.274+0000] {dagbag.py:538} INFO - Filling up the DagBag from /opt/airflow/dags/test/test_forexdag_definition.py
[2023-01-20T16:35:50.387+0000] {logging_mixin.py:137} INFO - [2023-01-20T16:35:50.373+0000] {dagbag.py:343} ERROR - Failed to import: /opt/airflow/dags/test/test_forexdag_definition.py
Traceback (most recent call last):
  File "/home/airflow/.local/lib/python3.7/site-packages/airflow/models/dagbag.py", line 339, in parse
    loader.exec_module(new_module)
  File "<frozen importlib._bootstrap_external>", line 728, in exec_module
  File "<frozen importlib._bootstrap>", line 219, in _call_with_frames_removed
  File "/opt/airflow/dags/test/test_forexdag_definition.py", line 1, in <module>
    import pytest
ModuleNotFoundError: No module named 'pytest'
[2023-01-20T16:35:50.394+0000] {processor.py:755} WARNING - No viable dags retrieved from /opt/airflow/dags/test/test_forexdag_definition.py
[2023-01-20T16:35:50.413+0000] {processor.py:175} INFO - Processing /opt/airflow/dags/test/test_forexdag_definition.py took 0.149 seconds
[2023-01-20T16:36:21.058+0000] {processor.py:153} INFO - Started process (PID=282) to work on /opt/airflow/dags/test/test_forexdag_definition.py
[2023-01-20T16:36:21.060+0000] {processor.py:743} INFO - Processing file /opt/airflow/dags/test/test_forexdag_definition.py for tasks to queue
[2023-01-20T16:36:21.061+0000] {logging_mixin.py:137} INFO - [2023-01-20T16:36:21.061+0000] {dagbag.py:538} INFO - Filling up the DagBag from /opt/airflow/dags/test/test_forexdag_definition.py
[2023-01-20T16:36:21.123+0000] {logging_mixin.py:137} INFO - [2023-01-20T16:36:21.115+0000] {dagbag.py:343} ERROR - Failed to import: /opt/airflow/dags/test/test_forexdag_definition.py
Traceback (most recent call last):
  File "/home/airflow/.local/lib/python3.7/site-packages/airflow/models/dagbag.py", line 339, in parse
    loader.exec_module(new_module)
  File "<frozen importlib._bootstrap_external>", line 728, in exec_module
  File "<frozen importlib._bootstrap>", line 219, in _call_with_frames_removed
  File "/opt/airflow/dags/test/test_forexdag_definition.py", line 1, in <module>
    import pytest
ModuleNotFoundError: No module named 'pytest'
[2023-01-20T16:36:21.126+0000] {processor.py:755} WARNING - No viable dags retrieved from /opt/airflow/dags/test/test_forexdag_definition.py
[2023-01-20T16:36:21.142+0000] {processor.py:175} INFO - Processing /opt/airflow/dags/test/test_forexdag_definition.py took 0.086 seconds
[2023-01-20T16:36:51.609+0000] {processor.py:153} INFO - Started process (PID=326) to work on /opt/airflow/dags/test/test_forexdag_definition.py
[2023-01-20T16:36:51.613+0000] {processor.py:743} INFO - Processing file /opt/airflow/dags/test/test_forexdag_definition.py for tasks to queue
[2023-01-20T16:36:51.615+0000] {logging_mixin.py:137} INFO - [2023-01-20T16:36:51.615+0000] {dagbag.py:538} INFO - Filling up the DagBag from /opt/airflow/dags/test/test_forexdag_definition.py
[2023-01-20T16:36:51.721+0000] {logging_mixin.py:137} INFO - [2023-01-20T16:36:51.706+0000] {dagbag.py:343} ERROR - Failed to import: /opt/airflow/dags/test/test_forexdag_definition.py
Traceback (most recent call last):
  File "/home/airflow/.local/lib/python3.7/site-packages/airflow/models/dagbag.py", line 339, in parse
    loader.exec_module(new_module)
  File "<frozen importlib._bootstrap_external>", line 728, in exec_module
  File "<frozen importlib._bootstrap>", line 219, in _call_with_frames_removed
  File "/opt/airflow/dags/test/test_forexdag_definition.py", line 1, in <module>
    import pytest
ModuleNotFoundError: No module named 'pytest'
[2023-01-20T16:36:51.728+0000] {processor.py:755} WARNING - No viable dags retrieved from /opt/airflow/dags/test/test_forexdag_definition.py
[2023-01-20T16:36:51.744+0000] {processor.py:175} INFO - Processing /opt/airflow/dags/test/test_forexdag_definition.py took 0.137 seconds
[2023-01-20T16:37:22.068+0000] {processor.py:153} INFO - Started process (PID=389) to work on /opt/airflow/dags/test/test_forexdag_definition.py
[2023-01-20T16:37:22.073+0000] {processor.py:743} INFO - Processing file /opt/airflow/dags/test/test_forexdag_definition.py for tasks to queue
[2023-01-20T16:37:22.075+0000] {logging_mixin.py:137} INFO - [2023-01-20T16:37:22.075+0000] {dagbag.py:538} INFO - Filling up the DagBag from /opt/airflow/dags/test/test_forexdag_definition.py
[2023-01-20T16:37:22.158+0000] {logging_mixin.py:137} INFO - [2023-01-20T16:37:22.144+0000] {dagbag.py:343} ERROR - Failed to import: /opt/airflow/dags/test/test_forexdag_definition.py
Traceback (most recent call last):
  File "/home/airflow/.local/lib/python3.7/site-packages/airflow/models/dagbag.py", line 339, in parse
    loader.exec_module(new_module)
  File "<frozen importlib._bootstrap_external>", line 728, in exec_module
  File "<frozen importlib._bootstrap>", line 219, in _call_with_frames_removed
  File "/opt/airflow/dags/test/test_forexdag_definition.py", line 1, in <module>
    import pytest
ModuleNotFoundError: No module named 'pytest'
[2023-01-20T16:37:22.169+0000] {processor.py:755} WARNING - No viable dags retrieved from /opt/airflow/dags/test/test_forexdag_definition.py
[2023-01-20T16:37:22.188+0000] {processor.py:175} INFO - Processing /opt/airflow/dags/test/test_forexdag_definition.py took 0.124 seconds
[2023-01-20T16:37:53.111+0000] {processor.py:153} INFO - Started process (PID=444) to work on /opt/airflow/dags/test/test_forexdag_definition.py
[2023-01-20T16:37:53.115+0000] {processor.py:743} INFO - Processing file /opt/airflow/dags/test/test_forexdag_definition.py for tasks to queue
[2023-01-20T16:37:53.116+0000] {logging_mixin.py:137} INFO - [2023-01-20T16:37:53.116+0000] {dagbag.py:538} INFO - Filling up the DagBag from /opt/airflow/dags/test/test_forexdag_definition.py
[2023-01-20T16:37:53.196+0000] {logging_mixin.py:137} INFO - [2023-01-20T16:37:53.186+0000] {dagbag.py:343} ERROR - Failed to import: /opt/airflow/dags/test/test_forexdag_definition.py
Traceback (most recent call last):
  File "/home/airflow/.local/lib/python3.7/site-packages/airflow/models/dagbag.py", line 339, in parse
    loader.exec_module(new_module)
  File "<frozen importlib._bootstrap_external>", line 728, in exec_module
  File "<frozen importlib._bootstrap>", line 219, in _call_with_frames_removed
  File "/opt/airflow/dags/test/test_forexdag_definition.py", line 1, in <module>
    import pytest
ModuleNotFoundError: No module named 'pytest'
[2023-01-20T16:37:53.202+0000] {processor.py:755} WARNING - No viable dags retrieved from /opt/airflow/dags/test/test_forexdag_definition.py
[2023-01-20T16:37:53.220+0000] {processor.py:175} INFO - Processing /opt/airflow/dags/test/test_forexdag_definition.py took 0.111 seconds
[2023-01-20T16:38:23.829+0000] {processor.py:153} INFO - Started process (PID=499) to work on /opt/airflow/dags/test/test_forexdag_definition.py
[2023-01-20T16:38:23.832+0000] {processor.py:743} INFO - Processing file /opt/airflow/dags/test/test_forexdag_definition.py for tasks to queue
[2023-01-20T16:38:23.833+0000] {logging_mixin.py:137} INFO - [2023-01-20T16:38:23.833+0000] {dagbag.py:538} INFO - Filling up the DagBag from /opt/airflow/dags/test/test_forexdag_definition.py
[2023-01-20T16:38:23.877+0000] {logging_mixin.py:137} INFO - [2023-01-20T16:38:23.868+0000] {dagbag.py:343} ERROR - Failed to import: /opt/airflow/dags/test/test_forexdag_definition.py
Traceback (most recent call last):
  File "/home/airflow/.local/lib/python3.7/site-packages/airflow/models/dagbag.py", line 339, in parse
    loader.exec_module(new_module)
  File "<frozen importlib._bootstrap_external>", line 728, in exec_module
  File "<frozen importlib._bootstrap>", line 219, in _call_with_frames_removed
  File "/opt/airflow/dags/test/test_forexdag_definition.py", line 1, in <module>
    import pytest
ModuleNotFoundError: No module named 'pytest'
[2023-01-20T16:38:23.882+0000] {processor.py:755} WARNING - No viable dags retrieved from /opt/airflow/dags/test/test_forexdag_definition.py
[2023-01-20T16:38:23.897+0000] {processor.py:175} INFO - Processing /opt/airflow/dags/test/test_forexdag_definition.py took 0.070 seconds
[2023-01-20T16:38:54.205+0000] {processor.py:153} INFO - Started process (PID=562) to work on /opt/airflow/dags/test/test_forexdag_definition.py
[2023-01-20T16:38:54.208+0000] {processor.py:743} INFO - Processing file /opt/airflow/dags/test/test_forexdag_definition.py for tasks to queue
[2023-01-20T16:38:54.209+0000] {logging_mixin.py:137} INFO - [2023-01-20T16:38:54.209+0000] {dagbag.py:538} INFO - Filling up the DagBag from /opt/airflow/dags/test/test_forexdag_definition.py
[2023-01-20T16:38:54.288+0000] {logging_mixin.py:137} INFO - [2023-01-20T16:38:54.272+0000] {dagbag.py:343} ERROR - Failed to import: /opt/airflow/dags/test/test_forexdag_definition.py
Traceback (most recent call last):
  File "/home/airflow/.local/lib/python3.7/site-packages/airflow/models/dagbag.py", line 339, in parse
    loader.exec_module(new_module)
  File "<frozen importlib._bootstrap_external>", line 728, in exec_module
  File "<frozen importlib._bootstrap>", line 219, in _call_with_frames_removed
  File "/opt/airflow/dags/test/test_forexdag_definition.py", line 1, in <module>
    import pytest
ModuleNotFoundError: No module named 'pytest'
[2023-01-20T16:38:54.293+0000] {processor.py:755} WARNING - No viable dags retrieved from /opt/airflow/dags/test/test_forexdag_definition.py
[2023-01-20T16:38:54.313+0000] {processor.py:175} INFO - Processing /opt/airflow/dags/test/test_forexdag_definition.py took 0.110 seconds
[2023-01-20T16:39:24.977+0000] {processor.py:153} INFO - Started process (PID=607) to work on /opt/airflow/dags/test/test_forexdag_definition.py
[2023-01-20T16:39:24.979+0000] {processor.py:743} INFO - Processing file /opt/airflow/dags/test/test_forexdag_definition.py for tasks to queue
[2023-01-20T16:39:24.980+0000] {logging_mixin.py:137} INFO - [2023-01-20T16:39:24.979+0000] {dagbag.py:538} INFO - Filling up the DagBag from /opt/airflow/dags/test/test_forexdag_definition.py
[2023-01-20T16:39:25.025+0000] {logging_mixin.py:137} INFO - [2023-01-20T16:39:25.017+0000] {dagbag.py:343} ERROR - Failed to import: /opt/airflow/dags/test/test_forexdag_definition.py
Traceback (most recent call last):
  File "/home/airflow/.local/lib/python3.7/site-packages/airflow/models/dagbag.py", line 339, in parse
    loader.exec_module(new_module)
  File "<frozen importlib._bootstrap_external>", line 728, in exec_module
  File "<frozen importlib._bootstrap>", line 219, in _call_with_frames_removed
  File "/opt/airflow/dags/test/test_forexdag_definition.py", line 1, in <module>
    import pytest
ModuleNotFoundError: No module named 'pytest'
[2023-01-20T16:39:25.030+0000] {processor.py:755} WARNING - No viable dags retrieved from /opt/airflow/dags/test/test_forexdag_definition.py
[2023-01-20T16:39:25.045+0000] {processor.py:175} INFO - Processing /opt/airflow/dags/test/test_forexdag_definition.py took 0.070 seconds
[2023-01-20T16:39:55.462+0000] {processor.py:153} INFO - Started process (PID=670) to work on /opt/airflow/dags/test/test_forexdag_definition.py
[2023-01-20T16:39:55.464+0000] {processor.py:743} INFO - Processing file /opt/airflow/dags/test/test_forexdag_definition.py for tasks to queue
[2023-01-20T16:39:55.465+0000] {logging_mixin.py:137} INFO - [2023-01-20T16:39:55.465+0000] {dagbag.py:538} INFO - Filling up the DagBag from /opt/airflow/dags/test/test_forexdag_definition.py
[2023-01-20T16:39:55.579+0000] {logging_mixin.py:137} INFO - [2023-01-20T16:39:55.552+0000] {dagbag.py:343} ERROR - Failed to import: /opt/airflow/dags/test/test_forexdag_definition.py
Traceback (most recent call last):
  File "/home/airflow/.local/lib/python3.7/site-packages/airflow/models/dagbag.py", line 339, in parse
    loader.exec_module(new_module)
  File "<frozen importlib._bootstrap_external>", line 728, in exec_module
  File "<frozen importlib._bootstrap>", line 219, in _call_with_frames_removed
  File "/opt/airflow/dags/test/test_forexdag_definition.py", line 1, in <module>
    import pytest
ModuleNotFoundError: No module named 'pytest'
[2023-01-20T16:39:55.588+0000] {processor.py:755} WARNING - No viable dags retrieved from /opt/airflow/dags/test/test_forexdag_definition.py
[2023-01-20T16:39:55.605+0000] {processor.py:175} INFO - Processing /opt/airflow/dags/test/test_forexdag_definition.py took 0.145 seconds
[2023-01-20T16:40:25.904+0000] {processor.py:153} INFO - Started process (PID=713) to work on /opt/airflow/dags/test/test_forexdag_definition.py
[2023-01-20T16:40:25.908+0000] {processor.py:743} INFO - Processing file /opt/airflow/dags/test/test_forexdag_definition.py for tasks to queue
[2023-01-20T16:40:25.909+0000] {logging_mixin.py:137} INFO - [2023-01-20T16:40:25.909+0000] {dagbag.py:538} INFO - Filling up the DagBag from /opt/airflow/dags/test/test_forexdag_definition.py
[2023-01-20T16:40:25.969+0000] {logging_mixin.py:137} INFO - [2023-01-20T16:40:25.954+0000] {dagbag.py:343} ERROR - Failed to import: /opt/airflow/dags/test/test_forexdag_definition.py
Traceback (most recent call last):
  File "/home/airflow/.local/lib/python3.7/site-packages/airflow/models/dagbag.py", line 339, in parse
    loader.exec_module(new_module)
  File "<frozen importlib._bootstrap_external>", line 728, in exec_module
  File "<frozen importlib._bootstrap>", line 219, in _call_with_frames_removed
  File "/opt/airflow/dags/test/test_forexdag_definition.py", line 1, in <module>
    import pytest
ModuleNotFoundError: No module named 'pytest'
[2023-01-20T16:40:25.976+0000] {processor.py:755} WARNING - No viable dags retrieved from /opt/airflow/dags/test/test_forexdag_definition.py
[2023-01-20T16:40:25.995+0000] {processor.py:175} INFO - Processing /opt/airflow/dags/test/test_forexdag_definition.py took 0.093 seconds
[2023-01-20T16:40:56.350+0000] {processor.py:153} INFO - Started process (PID=777) to work on /opt/airflow/dags/test/test_forexdag_definition.py
[2023-01-20T16:40:56.354+0000] {processor.py:743} INFO - Processing file /opt/airflow/dags/test/test_forexdag_definition.py for tasks to queue
[2023-01-20T16:40:56.356+0000] {logging_mixin.py:137} INFO - [2023-01-20T16:40:56.356+0000] {dagbag.py:538} INFO - Filling up the DagBag from /opt/airflow/dags/test/test_forexdag_definition.py
[2023-01-20T16:40:56.476+0000] {logging_mixin.py:137} INFO - [2023-01-20T16:40:56.451+0000] {dagbag.py:343} ERROR - Failed to import: /opt/airflow/dags/test/test_forexdag_definition.py
Traceback (most recent call last):
  File "/home/airflow/.local/lib/python3.7/site-packages/airflow/models/dagbag.py", line 339, in parse
    loader.exec_module(new_module)
  File "<frozen importlib._bootstrap_external>", line 728, in exec_module
  File "<frozen importlib._bootstrap>", line 219, in _call_with_frames_removed
  File "/opt/airflow/dags/test/test_forexdag_definition.py", line 1, in <module>
    import pytest
ModuleNotFoundError: No module named 'pytest'
[2023-01-20T16:40:56.486+0000] {processor.py:755} WARNING - No viable dags retrieved from /opt/airflow/dags/test/test_forexdag_definition.py
[2023-01-20T16:40:56.504+0000] {processor.py:175} INFO - Processing /opt/airflow/dags/test/test_forexdag_definition.py took 0.156 seconds
[2023-01-20T16:41:27.219+0000] {processor.py:153} INFO - Started process (PID=822) to work on /opt/airflow/dags/test/test_forexdag_definition.py
[2023-01-20T16:41:27.221+0000] {processor.py:743} INFO - Processing file /opt/airflow/dags/test/test_forexdag_definition.py for tasks to queue
[2023-01-20T16:41:27.224+0000] {logging_mixin.py:137} INFO - [2023-01-20T16:41:27.223+0000] {dagbag.py:538} INFO - Filling up the DagBag from /opt/airflow/dags/test/test_forexdag_definition.py
[2023-01-20T16:41:27.327+0000] {logging_mixin.py:137} INFO - [2023-01-20T16:41:27.311+0000] {dagbag.py:343} ERROR - Failed to import: /opt/airflow/dags/test/test_forexdag_definition.py
Traceback (most recent call last):
  File "/home/airflow/.local/lib/python3.7/site-packages/airflow/models/dagbag.py", line 339, in parse
    loader.exec_module(new_module)
  File "<frozen importlib._bootstrap_external>", line 728, in exec_module
  File "<frozen importlib._bootstrap>", line 219, in _call_with_frames_removed
  File "/opt/airflow/dags/test/test_forexdag_definition.py", line 1, in <module>
    import pytest
ModuleNotFoundError: No module named 'pytest'
[2023-01-20T16:41:27.335+0000] {processor.py:755} WARNING - No viable dags retrieved from /opt/airflow/dags/test/test_forexdag_definition.py
[2023-01-20T16:41:27.355+0000] {processor.py:175} INFO - Processing /opt/airflow/dags/test/test_forexdag_definition.py took 0.138 seconds
[2023-01-20T16:41:58.039+0000] {processor.py:153} INFO - Started process (PID=886) to work on /opt/airflow/dags/test/test_forexdag_definition.py
[2023-01-20T16:41:58.041+0000] {processor.py:743} INFO - Processing file /opt/airflow/dags/test/test_forexdag_definition.py for tasks to queue
[2023-01-20T16:41:58.042+0000] {logging_mixin.py:137} INFO - [2023-01-20T16:41:58.042+0000] {dagbag.py:538} INFO - Filling up the DagBag from /opt/airflow/dags/test/test_forexdag_definition.py
[2023-01-20T16:41:58.119+0000] {logging_mixin.py:137} INFO - [2023-01-20T16:41:58.091+0000] {dagbag.py:343} ERROR - Failed to import: /opt/airflow/dags/test/test_forexdag_definition.py
Traceback (most recent call last):
  File "/home/airflow/.local/lib/python3.7/site-packages/airflow/models/dagbag.py", line 339, in parse
    loader.exec_module(new_module)
  File "<frozen importlib._bootstrap_external>", line 728, in exec_module
  File "<frozen importlib._bootstrap>", line 219, in _call_with_frames_removed
  File "/opt/airflow/dags/test/test_forexdag_definition.py", line 1, in <module>
    import pytest
ModuleNotFoundError: No module named 'pytest'
[2023-01-20T16:41:58.127+0000] {processor.py:755} WARNING - No viable dags retrieved from /opt/airflow/dags/test/test_forexdag_definition.py
[2023-01-20T16:41:58.143+0000] {processor.py:175} INFO - Processing /opt/airflow/dags/test/test_forexdag_definition.py took 0.105 seconds
[2023-01-20T16:44:06.523+0000] {processor.py:153} INFO - Started process (PID=890) to work on /opt/airflow/dags/test/test_forexdag_definition.py
[2023-01-20T16:44:06.528+0000] {processor.py:743} INFO - Processing file /opt/airflow/dags/test/test_forexdag_definition.py for tasks to queue
[2023-01-20T16:44:06.529+0000] {logging_mixin.py:137} INFO - [2023-01-20T16:44:06.529+0000] {dagbag.py:538} INFO - Filling up the DagBag from /opt/airflow/dags/test/test_forexdag_definition.py
[2023-01-20T16:44:06.617+0000] {logging_mixin.py:137} INFO - [2023-01-20T16:44:06.601+0000] {dagbag.py:343} ERROR - Failed to import: /opt/airflow/dags/test/test_forexdag_definition.py
Traceback (most recent call last):
  File "/home/airflow/.local/lib/python3.7/site-packages/airflow/models/dagbag.py", line 339, in parse
    loader.exec_module(new_module)
  File "<frozen importlib._bootstrap_external>", line 728, in exec_module
  File "<frozen importlib._bootstrap>", line 219, in _call_with_frames_removed
  File "/opt/airflow/dags/test/test_forexdag_definition.py", line 1, in <module>
    import pytest
ModuleNotFoundError: No module named 'pytest'
[2023-01-20T16:44:06.623+0000] {processor.py:755} WARNING - No viable dags retrieved from /opt/airflow/dags/test/test_forexdag_definition.py
[2023-01-20T16:44:06.654+0000] {processor.py:175} INFO - Processing /opt/airflow/dags/test/test_forexdag_definition.py took 0.134 seconds
[2023-01-20T16:44:37.427+0000] {processor.py:153} INFO - Started process (PID=934) to work on /opt/airflow/dags/test/test_forexdag_definition.py
[2023-01-20T16:44:37.432+0000] {processor.py:743} INFO - Processing file /opt/airflow/dags/test/test_forexdag_definition.py for tasks to queue
[2023-01-20T16:44:37.434+0000] {logging_mixin.py:137} INFO - [2023-01-20T16:44:37.434+0000] {dagbag.py:538} INFO - Filling up the DagBag from /opt/airflow/dags/test/test_forexdag_definition.py
[2023-01-20T16:44:37.608+0000] {logging_mixin.py:137} INFO - [2023-01-20T16:44:37.561+0000] {dagbag.py:343} ERROR - Failed to import: /opt/airflow/dags/test/test_forexdag_definition.py
Traceback (most recent call last):
  File "/home/airflow/.local/lib/python3.7/site-packages/airflow/models/dagbag.py", line 339, in parse
    loader.exec_module(new_module)
  File "<frozen importlib._bootstrap_external>", line 728, in exec_module
  File "<frozen importlib._bootstrap>", line 219, in _call_with_frames_removed
  File "/opt/airflow/dags/test/test_forexdag_definition.py", line 1, in <module>
    import pytest
ModuleNotFoundError: No module named 'pytest'
[2023-01-20T16:44:37.628+0000] {processor.py:755} WARNING - No viable dags retrieved from /opt/airflow/dags/test/test_forexdag_definition.py
[2023-01-20T16:44:37.645+0000] {processor.py:175} INFO - Processing /opt/airflow/dags/test/test_forexdag_definition.py took 0.220 seconds
[2023-01-20T16:45:07.776+0000] {processor.py:153} INFO - Started process (PID=997) to work on /opt/airflow/dags/test/test_forexdag_definition.py
[2023-01-20T16:45:07.778+0000] {processor.py:743} INFO - Processing file /opt/airflow/dags/test/test_forexdag_definition.py for tasks to queue
[2023-01-20T16:45:07.779+0000] {logging_mixin.py:137} INFO - [2023-01-20T16:45:07.779+0000] {dagbag.py:538} INFO - Filling up the DagBag from /opt/airflow/dags/test/test_forexdag_definition.py
[2023-01-20T16:45:07.824+0000] {logging_mixin.py:137} INFO - [2023-01-20T16:45:07.815+0000] {dagbag.py:343} ERROR - Failed to import: /opt/airflow/dags/test/test_forexdag_definition.py
Traceback (most recent call last):
  File "/home/airflow/.local/lib/python3.7/site-packages/airflow/models/dagbag.py", line 339, in parse
    loader.exec_module(new_module)
  File "<frozen importlib._bootstrap_external>", line 728, in exec_module
  File "<frozen importlib._bootstrap>", line 219, in _call_with_frames_removed
  File "/opt/airflow/dags/test/test_forexdag_definition.py", line 1, in <module>
    import pytest
ModuleNotFoundError: No module named 'pytest'
[2023-01-20T16:45:07.827+0000] {processor.py:755} WARNING - No viable dags retrieved from /opt/airflow/dags/test/test_forexdag_definition.py
[2023-01-20T16:45:07.848+0000] {processor.py:175} INFO - Processing /opt/airflow/dags/test/test_forexdag_definition.py took 0.074 seconds
[2023-01-20T16:45:38.277+0000] {processor.py:153} INFO - Started process (PID=1043) to work on /opt/airflow/dags/test/test_forexdag_definition.py
[2023-01-20T16:45:38.280+0000] {processor.py:743} INFO - Processing file /opt/airflow/dags/test/test_forexdag_definition.py for tasks to queue
[2023-01-20T16:45:38.281+0000] {logging_mixin.py:137} INFO - [2023-01-20T16:45:38.281+0000] {dagbag.py:538} INFO - Filling up the DagBag from /opt/airflow/dags/test/test_forexdag_definition.py
[2023-01-20T16:45:38.350+0000] {logging_mixin.py:137} INFO - [2023-01-20T16:45:38.336+0000] {dagbag.py:343} ERROR - Failed to import: /opt/airflow/dags/test/test_forexdag_definition.py
Traceback (most recent call last):
  File "/home/airflow/.local/lib/python3.7/site-packages/airflow/models/dagbag.py", line 339, in parse
    loader.exec_module(new_module)
  File "<frozen importlib._bootstrap_external>", line 728, in exec_module
  File "<frozen importlib._bootstrap>", line 219, in _call_with_frames_removed
  File "/opt/airflow/dags/test/test_forexdag_definition.py", line 1, in <module>
    import pytest
ModuleNotFoundError: No module named 'pytest'
[2023-01-20T16:45:38.355+0000] {processor.py:755} WARNING - No viable dags retrieved from /opt/airflow/dags/test/test_forexdag_definition.py
[2023-01-20T16:45:38.376+0000] {processor.py:175} INFO - Processing /opt/airflow/dags/test/test_forexdag_definition.py took 0.102 seconds
[2023-01-20T16:46:08.599+0000] {processor.py:153} INFO - Started process (PID=1105) to work on /opt/airflow/dags/test/test_forexdag_definition.py
[2023-01-20T16:46:08.605+0000] {processor.py:743} INFO - Processing file /opt/airflow/dags/test/test_forexdag_definition.py for tasks to queue
[2023-01-20T16:46:08.606+0000] {logging_mixin.py:137} INFO - [2023-01-20T16:46:08.606+0000] {dagbag.py:538} INFO - Filling up the DagBag from /opt/airflow/dags/test/test_forexdag_definition.py
[2023-01-20T16:46:08.712+0000] {logging_mixin.py:137} INFO - [2023-01-20T16:46:08.693+0000] {dagbag.py:343} ERROR - Failed to import: /opt/airflow/dags/test/test_forexdag_definition.py
Traceback (most recent call last):
  File "/home/airflow/.local/lib/python3.7/site-packages/airflow/models/dagbag.py", line 339, in parse
    loader.exec_module(new_module)
  File "<frozen importlib._bootstrap_external>", line 728, in exec_module
  File "<frozen importlib._bootstrap>", line 219, in _call_with_frames_removed
  File "/opt/airflow/dags/test/test_forexdag_definition.py", line 1, in <module>
    import pytest
ModuleNotFoundError: No module named 'pytest'
[2023-01-20T16:46:08.720+0000] {processor.py:755} WARNING - No viable dags retrieved from /opt/airflow/dags/test/test_forexdag_definition.py
[2023-01-20T16:46:08.743+0000] {processor.py:175} INFO - Processing /opt/airflow/dags/test/test_forexdag_definition.py took 0.147 seconds
[2023-01-20T16:46:38.928+0000] {processor.py:153} INFO - Started process (PID=1149) to work on /opt/airflow/dags/test/test_forexdag_definition.py
[2023-01-20T16:46:38.933+0000] {processor.py:743} INFO - Processing file /opt/airflow/dags/test/test_forexdag_definition.py for tasks to queue
[2023-01-20T16:46:38.934+0000] {logging_mixin.py:137} INFO - [2023-01-20T16:46:38.934+0000] {dagbag.py:538} INFO - Filling up the DagBag from /opt/airflow/dags/test/test_forexdag_definition.py
[2023-01-20T16:46:39.012+0000] {logging_mixin.py:137} INFO - [2023-01-20T16:46:38.996+0000] {dagbag.py:343} ERROR - Failed to import: /opt/airflow/dags/test/test_forexdag_definition.py
Traceback (most recent call last):
  File "/home/airflow/.local/lib/python3.7/site-packages/airflow/models/dagbag.py", line 339, in parse
    loader.exec_module(new_module)
  File "<frozen importlib._bootstrap_external>", line 728, in exec_module
  File "<frozen importlib._bootstrap>", line 219, in _call_with_frames_removed
  File "/opt/airflow/dags/test/test_forexdag_definition.py", line 1, in <module>
    import pytest
ModuleNotFoundError: No module named 'pytest'
[2023-01-20T16:46:39.019+0000] {processor.py:755} WARNING - No viable dags retrieved from /opt/airflow/dags/test/test_forexdag_definition.py
[2023-01-20T16:46:39.035+0000] {processor.py:175} INFO - Processing /opt/airflow/dags/test/test_forexdag_definition.py took 0.109 seconds
[2023-01-20T16:47:09.230+0000] {processor.py:153} INFO - Started process (PID=1214) to work on /opt/airflow/dags/test/test_forexdag_definition.py
[2023-01-20T16:47:09.233+0000] {processor.py:743} INFO - Processing file /opt/airflow/dags/test/test_forexdag_definition.py for tasks to queue
[2023-01-20T16:47:09.235+0000] {logging_mixin.py:137} INFO - [2023-01-20T16:47:09.235+0000] {dagbag.py:538} INFO - Filling up the DagBag from /opt/airflow/dags/test/test_forexdag_definition.py
[2023-01-20T16:47:09.317+0000] {logging_mixin.py:137} INFO - [2023-01-20T16:47:09.305+0000] {dagbag.py:343} ERROR - Failed to import: /opt/airflow/dags/test/test_forexdag_definition.py
Traceback (most recent call last):
  File "/home/airflow/.local/lib/python3.7/site-packages/airflow/models/dagbag.py", line 339, in parse
    loader.exec_module(new_module)
  File "<frozen importlib._bootstrap_external>", line 728, in exec_module
  File "<frozen importlib._bootstrap>", line 219, in _call_with_frames_removed
  File "/opt/airflow/dags/test/test_forexdag_definition.py", line 1, in <module>
    import pytest
ModuleNotFoundError: No module named 'pytest'
[2023-01-20T16:47:09.321+0000] {processor.py:755} WARNING - No viable dags retrieved from /opt/airflow/dags/test/test_forexdag_definition.py
[2023-01-20T16:47:09.336+0000] {processor.py:175} INFO - Processing /opt/airflow/dags/test/test_forexdag_definition.py took 0.109 seconds
[2023-01-20T16:47:40.108+0000] {processor.py:153} INFO - Started process (PID=1258) to work on /opt/airflow/dags/test/test_forexdag_definition.py
[2023-01-20T16:47:40.111+0000] {processor.py:743} INFO - Processing file /opt/airflow/dags/test/test_forexdag_definition.py for tasks to queue
[2023-01-20T16:47:40.112+0000] {logging_mixin.py:137} INFO - [2023-01-20T16:47:40.112+0000] {dagbag.py:538} INFO - Filling up the DagBag from /opt/airflow/dags/test/test_forexdag_definition.py
[2023-01-20T16:47:40.168+0000] {logging_mixin.py:137} INFO - [2023-01-20T16:47:40.158+0000] {dagbag.py:343} ERROR - Failed to import: /opt/airflow/dags/test/test_forexdag_definition.py
Traceback (most recent call last):
  File "/home/airflow/.local/lib/python3.7/site-packages/airflow/models/dagbag.py", line 339, in parse
    loader.exec_module(new_module)
  File "<frozen importlib._bootstrap_external>", line 728, in exec_module
  File "<frozen importlib._bootstrap>", line 219, in _call_with_frames_removed
  File "/opt/airflow/dags/test/test_forexdag_definition.py", line 1, in <module>
    import pytest
ModuleNotFoundError: No module named 'pytest'
[2023-01-20T16:47:40.172+0000] {processor.py:755} WARNING - No viable dags retrieved from /opt/airflow/dags/test/test_forexdag_definition.py
[2023-01-20T16:47:40.191+0000] {processor.py:175} INFO - Processing /opt/airflow/dags/test/test_forexdag_definition.py took 0.084 seconds
[2023-01-20T16:48:10.903+0000] {processor.py:153} INFO - Started process (PID=1322) to work on /opt/airflow/dags/test/test_forexdag_definition.py
[2023-01-20T16:48:10.906+0000] {processor.py:743} INFO - Processing file /opt/airflow/dags/test/test_forexdag_definition.py for tasks to queue
[2023-01-20T16:48:10.907+0000] {logging_mixin.py:137} INFO - [2023-01-20T16:48:10.907+0000] {dagbag.py:538} INFO - Filling up the DagBag from /opt/airflow/dags/test/test_forexdag_definition.py
[2023-01-20T16:48:10.982+0000] {logging_mixin.py:137} INFO - [2023-01-20T16:48:10.963+0000] {dagbag.py:343} ERROR - Failed to import: /opt/airflow/dags/test/test_forexdag_definition.py
Traceback (most recent call last):
  File "/home/airflow/.local/lib/python3.7/site-packages/airflow/models/dagbag.py", line 339, in parse
    loader.exec_module(new_module)
  File "<frozen importlib._bootstrap_external>", line 728, in exec_module
  File "<frozen importlib._bootstrap>", line 219, in _call_with_frames_removed
  File "/opt/airflow/dags/test/test_forexdag_definition.py", line 1, in <module>
    import pytest
ModuleNotFoundError: No module named 'pytest'
[2023-01-20T16:48:10.989+0000] {processor.py:755} WARNING - No viable dags retrieved from /opt/airflow/dags/test/test_forexdag_definition.py
[2023-01-20T16:48:11.004+0000] {processor.py:175} INFO - Processing /opt/airflow/dags/test/test_forexdag_definition.py took 0.103 seconds
[2023-01-20T16:48:41.302+0000] {processor.py:153} INFO - Started process (PID=1375) to work on /opt/airflow/dags/test/test_forexdag_definition.py
[2023-01-20T16:48:41.305+0000] {processor.py:743} INFO - Processing file /opt/airflow/dags/test/test_forexdag_definition.py for tasks to queue
[2023-01-20T16:48:41.306+0000] {logging_mixin.py:137} INFO - [2023-01-20T16:48:41.306+0000] {dagbag.py:538} INFO - Filling up the DagBag from /opt/airflow/dags/test/test_forexdag_definition.py
[2023-01-20T16:48:41.443+0000] {logging_mixin.py:137} INFO - [2023-01-20T16:48:41.420+0000] {dagbag.py:343} ERROR - Failed to import: /opt/airflow/dags/test/test_forexdag_definition.py
Traceback (most recent call last):
  File "/home/airflow/.local/lib/python3.7/site-packages/airflow/models/dagbag.py", line 339, in parse
    loader.exec_module(new_module)
  File "<frozen importlib._bootstrap_external>", line 728, in exec_module
  File "<frozen importlib._bootstrap>", line 219, in _call_with_frames_removed
  File "/opt/airflow/dags/test/test_forexdag_definition.py", line 1, in <module>
    import pytest
ModuleNotFoundError: No module named 'pytest'
[2023-01-20T16:48:41.452+0000] {processor.py:755} WARNING - No viable dags retrieved from /opt/airflow/dags/test/test_forexdag_definition.py
[2023-01-20T16:48:41.484+0000] {processor.py:175} INFO - Processing /opt/airflow/dags/test/test_forexdag_definition.py took 0.184 seconds
[2023-01-20T16:49:12.103+0000] {processor.py:153} INFO - Started process (PID=1430) to work on /opt/airflow/dags/test/test_forexdag_definition.py
[2023-01-20T16:49:12.107+0000] {processor.py:743} INFO - Processing file /opt/airflow/dags/test/test_forexdag_definition.py for tasks to queue
[2023-01-20T16:49:12.108+0000] {logging_mixin.py:137} INFO - [2023-01-20T16:49:12.108+0000] {dagbag.py:538} INFO - Filling up the DagBag from /opt/airflow/dags/test/test_forexdag_definition.py
[2023-01-20T16:49:12.167+0000] {logging_mixin.py:137} INFO - [2023-01-20T16:49:12.147+0000] {dagbag.py:343} ERROR - Failed to import: /opt/airflow/dags/test/test_forexdag_definition.py
Traceback (most recent call last):
  File "/home/airflow/.local/lib/python3.7/site-packages/airflow/models/dagbag.py", line 339, in parse
    loader.exec_module(new_module)
  File "<frozen importlib._bootstrap_external>", line 728, in exec_module
  File "<frozen importlib._bootstrap>", line 219, in _call_with_frames_removed
  File "/opt/airflow/dags/test/test_forexdag_definition.py", line 1, in <module>
    import pytest
ModuleNotFoundError: No module named 'pytest'
[2023-01-20T16:49:12.172+0000] {processor.py:755} WARNING - No viable dags retrieved from /opt/airflow/dags/test/test_forexdag_definition.py
[2023-01-20T16:49:12.186+0000] {processor.py:175} INFO - Processing /opt/airflow/dags/test/test_forexdag_definition.py took 0.085 seconds
[2023-01-20T16:49:42.382+0000] {processor.py:153} INFO - Started process (PID=1495) to work on /opt/airflow/dags/test/test_forexdag_definition.py
[2023-01-20T16:49:42.386+0000] {processor.py:743} INFO - Processing file /opt/airflow/dags/test/test_forexdag_definition.py for tasks to queue
[2023-01-20T16:49:42.387+0000] {logging_mixin.py:137} INFO - [2023-01-20T16:49:42.386+0000] {dagbag.py:538} INFO - Filling up the DagBag from /opt/airflow/dags/test/test_forexdag_definition.py
[2023-01-20T16:49:42.461+0000] {logging_mixin.py:137} INFO - [2023-01-20T16:49:42.446+0000] {dagbag.py:343} ERROR - Failed to import: /opt/airflow/dags/test/test_forexdag_definition.py
Traceback (most recent call last):
  File "/home/airflow/.local/lib/python3.7/site-packages/airflow/models/dagbag.py", line 339, in parse
    loader.exec_module(new_module)
  File "<frozen importlib._bootstrap_external>", line 728, in exec_module
  File "<frozen importlib._bootstrap>", line 219, in _call_with_frames_removed
  File "/opt/airflow/dags/test/test_forexdag_definition.py", line 1, in <module>
    import pytest
ModuleNotFoundError: No module named 'pytest'
[2023-01-20T16:49:42.469+0000] {processor.py:755} WARNING - No viable dags retrieved from /opt/airflow/dags/test/test_forexdag_definition.py
[2023-01-20T16:49:42.535+0000] {processor.py:175} INFO - Processing /opt/airflow/dags/test/test_forexdag_definition.py took 0.154 seconds
[2023-01-20T16:50:13.234+0000] {processor.py:153} INFO - Started process (PID=1539) to work on /opt/airflow/dags/test/test_forexdag_definition.py
[2023-01-20T16:50:13.239+0000] {processor.py:743} INFO - Processing file /opt/airflow/dags/test/test_forexdag_definition.py for tasks to queue
[2023-01-20T16:50:13.241+0000] {logging_mixin.py:137} INFO - [2023-01-20T16:50:13.241+0000] {dagbag.py:538} INFO - Filling up the DagBag from /opt/airflow/dags/test/test_forexdag_definition.py
[2023-01-20T16:50:13.345+0000] {logging_mixin.py:137} INFO - [2023-01-20T16:50:13.331+0000] {dagbag.py:343} ERROR - Failed to import: /opt/airflow/dags/test/test_forexdag_definition.py
Traceback (most recent call last):
  File "/home/airflow/.local/lib/python3.7/site-packages/airflow/models/dagbag.py", line 339, in parse
    loader.exec_module(new_module)
  File "<frozen importlib._bootstrap_external>", line 728, in exec_module
  File "<frozen importlib._bootstrap>", line 219, in _call_with_frames_removed
  File "/opt/airflow/dags/test/test_forexdag_definition.py", line 1, in <module>
    import pytest
ModuleNotFoundError: No module named 'pytest'
[2023-01-20T16:50:13.351+0000] {processor.py:755} WARNING - No viable dags retrieved from /opt/airflow/dags/test/test_forexdag_definition.py
[2023-01-20T16:50:13.370+0000] {processor.py:175} INFO - Processing /opt/airflow/dags/test/test_forexdag_definition.py took 0.139 seconds
[2023-01-20T16:50:43.450+0000] {processor.py:153} INFO - Started process (PID=1604) to work on /opt/airflow/dags/test/test_forexdag_definition.py
[2023-01-20T16:50:43.452+0000] {processor.py:743} INFO - Processing file /opt/airflow/dags/test/test_forexdag_definition.py for tasks to queue
[2023-01-20T16:50:43.453+0000] {logging_mixin.py:137} INFO - [2023-01-20T16:50:43.453+0000] {dagbag.py:538} INFO - Filling up the DagBag from /opt/airflow/dags/test/test_forexdag_definition.py
[2023-01-20T16:50:43.524+0000] {logging_mixin.py:137} INFO - [2023-01-20T16:50:43.512+0000] {dagbag.py:343} ERROR - Failed to import: /opt/airflow/dags/test/test_forexdag_definition.py
Traceback (most recent call last):
  File "/home/airflow/.local/lib/python3.7/site-packages/airflow/models/dagbag.py", line 339, in parse
    loader.exec_module(new_module)
  File "<frozen importlib._bootstrap_external>", line 728, in exec_module
  File "<frozen importlib._bootstrap>", line 219, in _call_with_frames_removed
  File "/opt/airflow/dags/test/test_forexdag_definition.py", line 1, in <module>
    import pytest
ModuleNotFoundError: No module named 'pytest'
[2023-01-20T16:50:43.529+0000] {processor.py:755} WARNING - No viable dags retrieved from /opt/airflow/dags/test/test_forexdag_definition.py
[2023-01-20T16:50:43.545+0000] {processor.py:175} INFO - Processing /opt/airflow/dags/test/test_forexdag_definition.py took 0.098 seconds
[2023-01-20T16:51:14.395+0000] {processor.py:153} INFO - Started process (PID=1648) to work on /opt/airflow/dags/test/test_forexdag_definition.py
[2023-01-20T16:51:14.398+0000] {processor.py:743} INFO - Processing file /opt/airflow/dags/test/test_forexdag_definition.py for tasks to queue
[2023-01-20T16:51:14.399+0000] {logging_mixin.py:137} INFO - [2023-01-20T16:51:14.399+0000] {dagbag.py:538} INFO - Filling up the DagBag from /opt/airflow/dags/test/test_forexdag_definition.py
[2023-01-20T16:51:14.481+0000] {logging_mixin.py:137} INFO - [2023-01-20T16:51:14.464+0000] {dagbag.py:343} ERROR - Failed to import: /opt/airflow/dags/test/test_forexdag_definition.py
Traceback (most recent call last):
  File "/home/airflow/.local/lib/python3.7/site-packages/airflow/models/dagbag.py", line 339, in parse
    loader.exec_module(new_module)
  File "<frozen importlib._bootstrap_external>", line 728, in exec_module
  File "<frozen importlib._bootstrap>", line 219, in _call_with_frames_removed
  File "/opt/airflow/dags/test/test_forexdag_definition.py", line 1, in <module>
    import pytest
ModuleNotFoundError: No module named 'pytest'
[2023-01-20T16:51:14.487+0000] {processor.py:755} WARNING - No viable dags retrieved from /opt/airflow/dags/test/test_forexdag_definition.py
[2023-01-20T16:51:14.505+0000] {processor.py:175} INFO - Processing /opt/airflow/dags/test/test_forexdag_definition.py took 0.112 seconds
[2023-01-20T16:51:44.576+0000] {processor.py:153} INFO - Started process (PID=1712) to work on /opt/airflow/dags/test/test_forexdag_definition.py
[2023-01-20T16:51:44.579+0000] {processor.py:743} INFO - Processing file /opt/airflow/dags/test/test_forexdag_definition.py for tasks to queue
[2023-01-20T16:51:44.580+0000] {logging_mixin.py:137} INFO - [2023-01-20T16:51:44.580+0000] {dagbag.py:538} INFO - Filling up the DagBag from /opt/airflow/dags/test/test_forexdag_definition.py
[2023-01-20T16:51:44.623+0000] {logging_mixin.py:137} INFO - [2023-01-20T16:51:44.614+0000] {dagbag.py:343} ERROR - Failed to import: /opt/airflow/dags/test/test_forexdag_definition.py
Traceback (most recent call last):
  File "/home/airflow/.local/lib/python3.7/site-packages/airflow/models/dagbag.py", line 339, in parse
    loader.exec_module(new_module)
  File "<frozen importlib._bootstrap_external>", line 728, in exec_module
  File "<frozen importlib._bootstrap>", line 219, in _call_with_frames_removed
  File "/opt/airflow/dags/test/test_forexdag_definition.py", line 1, in <module>
    import pytest
ModuleNotFoundError: No module named 'pytest'
[2023-01-20T16:51:44.627+0000] {processor.py:755} WARNING - No viable dags retrieved from /opt/airflow/dags/test/test_forexdag_definition.py
[2023-01-20T16:51:44.641+0000] {processor.py:175} INFO - Processing /opt/airflow/dags/test/test_forexdag_definition.py took 0.067 seconds
[2023-01-20T16:52:14.784+0000] {processor.py:153} INFO - Started process (PID=1756) to work on /opt/airflow/dags/test/test_forexdag_definition.py
[2023-01-20T16:52:14.788+0000] {processor.py:743} INFO - Processing file /opt/airflow/dags/test/test_forexdag_definition.py for tasks to queue
[2023-01-20T16:52:14.789+0000] {logging_mixin.py:137} INFO - [2023-01-20T16:52:14.789+0000] {dagbag.py:538} INFO - Filling up the DagBag from /opt/airflow/dags/test/test_forexdag_definition.py
[2023-01-20T16:52:14.828+0000] {logging_mixin.py:137} INFO - [2023-01-20T16:52:14.820+0000] {dagbag.py:343} ERROR - Failed to import: /opt/airflow/dags/test/test_forexdag_definition.py
Traceback (most recent call last):
  File "/home/airflow/.local/lib/python3.7/site-packages/airflow/models/dagbag.py", line 339, in parse
    loader.exec_module(new_module)
  File "<frozen importlib._bootstrap_external>", line 728, in exec_module
  File "<frozen importlib._bootstrap>", line 219, in _call_with_frames_removed
  File "/opt/airflow/dags/test/test_forexdag_definition.py", line 1, in <module>
    import pytest
ModuleNotFoundError: No module named 'pytest'
[2023-01-20T16:52:14.831+0000] {processor.py:755} WARNING - No viable dags retrieved from /opt/airflow/dags/test/test_forexdag_definition.py
[2023-01-20T16:52:14.849+0000] {processor.py:175} INFO - Processing /opt/airflow/dags/test/test_forexdag_definition.py took 0.067 seconds
[2023-01-20T16:52:45.696+0000] {processor.py:153} INFO - Started process (PID=1820) to work on /opt/airflow/dags/test/test_forexdag_definition.py
[2023-01-20T16:52:45.699+0000] {processor.py:743} INFO - Processing file /opt/airflow/dags/test/test_forexdag_definition.py for tasks to queue
[2023-01-20T16:52:45.700+0000] {logging_mixin.py:137} INFO - [2023-01-20T16:52:45.699+0000] {dagbag.py:538} INFO - Filling up the DagBag from /opt/airflow/dags/test/test_forexdag_definition.py
[2023-01-20T16:52:45.769+0000] {logging_mixin.py:137} INFO - [2023-01-20T16:52:45.756+0000] {dagbag.py:343} ERROR - Failed to import: /opt/airflow/dags/test/test_forexdag_definition.py
Traceback (most recent call last):
  File "/home/airflow/.local/lib/python3.7/site-packages/airflow/models/dagbag.py", line 339, in parse
    loader.exec_module(new_module)
  File "<frozen importlib._bootstrap_external>", line 728, in exec_module
  File "<frozen importlib._bootstrap>", line 219, in _call_with_frames_removed
  File "/opt/airflow/dags/test/test_forexdag_definition.py", line 1, in <module>
    import pytest
ModuleNotFoundError: No module named 'pytest'
[2023-01-20T16:52:45.772+0000] {processor.py:755} WARNING - No viable dags retrieved from /opt/airflow/dags/test/test_forexdag_definition.py
[2023-01-20T16:52:45.786+0000] {processor.py:175} INFO - Processing /opt/airflow/dags/test/test_forexdag_definition.py took 0.093 seconds
[2023-01-20T16:53:16.404+0000] {processor.py:153} INFO - Started process (PID=1864) to work on /opt/airflow/dags/test/test_forexdag_definition.py
[2023-01-20T16:53:16.409+0000] {processor.py:743} INFO - Processing file /opt/airflow/dags/test/test_forexdag_definition.py for tasks to queue
[2023-01-20T16:53:16.410+0000] {logging_mixin.py:137} INFO - [2023-01-20T16:53:16.410+0000] {dagbag.py:538} INFO - Filling up the DagBag from /opt/airflow/dags/test/test_forexdag_definition.py
[2023-01-20T16:53:16.492+0000] {logging_mixin.py:137} INFO - [2023-01-20T16:53:16.475+0000] {dagbag.py:343} ERROR - Failed to import: /opt/airflow/dags/test/test_forexdag_definition.py
Traceback (most recent call last):
  File "/home/airflow/.local/lib/python3.7/site-packages/airflow/models/dagbag.py", line 339, in parse
    loader.exec_module(new_module)
  File "<frozen importlib._bootstrap_external>", line 728, in exec_module
  File "<frozen importlib._bootstrap>", line 219, in _call_with_frames_removed
  File "/opt/airflow/dags/test/test_forexdag_definition.py", line 1, in <module>
    import pytest
ModuleNotFoundError: No module named 'pytest'
[2023-01-20T16:53:16.497+0000] {processor.py:755} WARNING - No viable dags retrieved from /opt/airflow/dags/test/test_forexdag_definition.py
[2023-01-20T16:53:16.514+0000] {processor.py:175} INFO - Processing /opt/airflow/dags/test/test_forexdag_definition.py took 0.111 seconds
[2023-01-20T16:53:47.442+0000] {processor.py:153} INFO - Started process (PID=1929) to work on /opt/airflow/dags/test/test_forexdag_definition.py
[2023-01-20T16:53:47.445+0000] {processor.py:743} INFO - Processing file /opt/airflow/dags/test/test_forexdag_definition.py for tasks to queue
[2023-01-20T16:53:47.446+0000] {logging_mixin.py:137} INFO - [2023-01-20T16:53:47.446+0000] {dagbag.py:538} INFO - Filling up the DagBag from /opt/airflow/dags/test/test_forexdag_definition.py
[2023-01-20T16:53:47.532+0000] {logging_mixin.py:137} INFO - [2023-01-20T16:53:47.513+0000] {dagbag.py:343} ERROR - Failed to import: /opt/airflow/dags/test/test_forexdag_definition.py
Traceback (most recent call last):
  File "/home/airflow/.local/lib/python3.7/site-packages/airflow/models/dagbag.py", line 339, in parse
    loader.exec_module(new_module)
  File "<frozen importlib._bootstrap_external>", line 728, in exec_module
  File "<frozen importlib._bootstrap>", line 219, in _call_with_frames_removed
  File "/opt/airflow/dags/test/test_forexdag_definition.py", line 1, in <module>
    import pytest
ModuleNotFoundError: No module named 'pytest'
[2023-01-20T16:53:47.539+0000] {processor.py:755} WARNING - No viable dags retrieved from /opt/airflow/dags/test/test_forexdag_definition.py
[2023-01-20T16:53:47.553+0000] {processor.py:175} INFO - Processing /opt/airflow/dags/test/test_forexdag_definition.py took 0.113 seconds
[2023-01-20T16:54:18.115+0000] {processor.py:153} INFO - Started process (PID=1983) to work on /opt/airflow/dags/test/test_forexdag_definition.py
[2023-01-20T16:54:18.118+0000] {processor.py:743} INFO - Processing file /opt/airflow/dags/test/test_forexdag_definition.py for tasks to queue
[2023-01-20T16:54:18.119+0000] {logging_mixin.py:137} INFO - [2023-01-20T16:54:18.119+0000] {dagbag.py:538} INFO - Filling up the DagBag from /opt/airflow/dags/test/test_forexdag_definition.py
[2023-01-20T16:54:18.187+0000] {logging_mixin.py:137} INFO - [2023-01-20T16:54:18.169+0000] {dagbag.py:343} ERROR - Failed to import: /opt/airflow/dags/test/test_forexdag_definition.py
Traceback (most recent call last):
  File "/home/airflow/.local/lib/python3.7/site-packages/airflow/models/dagbag.py", line 339, in parse
    loader.exec_module(new_module)
  File "<frozen importlib._bootstrap_external>", line 728, in exec_module
  File "<frozen importlib._bootstrap>", line 219, in _call_with_frames_removed
  File "/opt/airflow/dags/test/test_forexdag_definition.py", line 1, in <module>
    import pytest
ModuleNotFoundError: No module named 'pytest'
[2023-01-20T16:54:18.191+0000] {processor.py:755} WARNING - No viable dags retrieved from /opt/airflow/dags/test/test_forexdag_definition.py
[2023-01-20T16:54:18.219+0000] {processor.py:175} INFO - Processing /opt/airflow/dags/test/test_forexdag_definition.py took 0.107 seconds
[2023-01-20T16:54:48.946+0000] {processor.py:153} INFO - Started process (PID=2038) to work on /opt/airflow/dags/test/test_forexdag_definition.py
[2023-01-20T16:54:48.952+0000] {processor.py:743} INFO - Processing file /opt/airflow/dags/test/test_forexdag_definition.py for tasks to queue
[2023-01-20T16:54:48.953+0000] {logging_mixin.py:137} INFO - [2023-01-20T16:54:48.952+0000] {dagbag.py:538} INFO - Filling up the DagBag from /opt/airflow/dags/test/test_forexdag_definition.py
[2023-01-20T16:54:49.029+0000] {logging_mixin.py:137} INFO - [2023-01-20T16:54:49.021+0000] {dagbag.py:343} ERROR - Failed to import: /opt/airflow/dags/test/test_forexdag_definition.py
Traceback (most recent call last):
  File "/home/airflow/.local/lib/python3.7/site-packages/airflow/models/dagbag.py", line 339, in parse
    loader.exec_module(new_module)
  File "<frozen importlib._bootstrap_external>", line 728, in exec_module
  File "<frozen importlib._bootstrap>", line 219, in _call_with_frames_removed
  File "/opt/airflow/dags/test/test_forexdag_definition.py", line 1, in <module>
    import pytest
ModuleNotFoundError: No module named 'pytest'
[2023-01-20T16:54:49.033+0000] {processor.py:755} WARNING - No viable dags retrieved from /opt/airflow/dags/test/test_forexdag_definition.py
[2023-01-20T16:54:49.047+0000] {processor.py:175} INFO - Processing /opt/airflow/dags/test/test_forexdag_definition.py took 0.103 seconds
[2023-01-20T16:55:19.742+0000] {processor.py:153} INFO - Started process (PID=2102) to work on /opt/airflow/dags/test/test_forexdag_definition.py
[2023-01-20T16:55:19.744+0000] {processor.py:743} INFO - Processing file /opt/airflow/dags/test/test_forexdag_definition.py for tasks to queue
[2023-01-20T16:55:19.747+0000] {logging_mixin.py:137} INFO - [2023-01-20T16:55:19.747+0000] {dagbag.py:538} INFO - Filling up the DagBag from /opt/airflow/dags/test/test_forexdag_definition.py
[2023-01-20T16:55:19.797+0000] {logging_mixin.py:137} INFO - [2023-01-20T16:55:19.787+0000] {dagbag.py:343} ERROR - Failed to import: /opt/airflow/dags/test/test_forexdag_definition.py
Traceback (most recent call last):
  File "/home/airflow/.local/lib/python3.7/site-packages/airflow/models/dagbag.py", line 339, in parse
    loader.exec_module(new_module)
  File "<frozen importlib._bootstrap_external>", line 728, in exec_module
  File "<frozen importlib._bootstrap>", line 219, in _call_with_frames_removed
  File "/opt/airflow/dags/test/test_forexdag_definition.py", line 1, in <module>
    import pytest
ModuleNotFoundError: No module named 'pytest'
[2023-01-20T16:55:19.802+0000] {processor.py:755} WARNING - No viable dags retrieved from /opt/airflow/dags/test/test_forexdag_definition.py
[2023-01-20T16:55:19.817+0000] {processor.py:175} INFO - Processing /opt/airflow/dags/test/test_forexdag_definition.py took 0.078 seconds
[2023-01-20T16:55:50.495+0000] {processor.py:153} INFO - Started process (PID=2146) to work on /opt/airflow/dags/test/test_forexdag_definition.py
[2023-01-20T16:55:50.496+0000] {processor.py:743} INFO - Processing file /opt/airflow/dags/test/test_forexdag_definition.py for tasks to queue
[2023-01-20T16:55:50.497+0000] {logging_mixin.py:137} INFO - [2023-01-20T16:55:50.497+0000] {dagbag.py:538} INFO - Filling up the DagBag from /opt/airflow/dags/test/test_forexdag_definition.py
[2023-01-20T16:55:50.554+0000] {logging_mixin.py:137} INFO - [2023-01-20T16:55:50.544+0000] {dagbag.py:343} ERROR - Failed to import: /opt/airflow/dags/test/test_forexdag_definition.py
Traceback (most recent call last):
  File "/home/airflow/.local/lib/python3.7/site-packages/airflow/models/dagbag.py", line 339, in parse
    loader.exec_module(new_module)
  File "<frozen importlib._bootstrap_external>", line 728, in exec_module
  File "<frozen importlib._bootstrap>", line 219, in _call_with_frames_removed
  File "/opt/airflow/dags/test/test_forexdag_definition.py", line 1, in <module>
    import pytest
ModuleNotFoundError: No module named 'pytest'
[2023-01-20T16:55:50.560+0000] {processor.py:755} WARNING - No viable dags retrieved from /opt/airflow/dags/test/test_forexdag_definition.py
[2023-01-20T16:55:50.577+0000] {processor.py:175} INFO - Processing /opt/airflow/dags/test/test_forexdag_definition.py took 0.085 seconds
[2023-01-20T16:56:21.210+0000] {processor.py:153} INFO - Started process (PID=2210) to work on /opt/airflow/dags/test/test_forexdag_definition.py
[2023-01-20T16:56:21.213+0000] {processor.py:743} INFO - Processing file /opt/airflow/dags/test/test_forexdag_definition.py for tasks to queue
[2023-01-20T16:56:21.214+0000] {logging_mixin.py:137} INFO - [2023-01-20T16:56:21.214+0000] {dagbag.py:538} INFO - Filling up the DagBag from /opt/airflow/dags/test/test_forexdag_definition.py
[2023-01-20T16:56:21.267+0000] {logging_mixin.py:137} INFO - [2023-01-20T16:56:21.257+0000] {dagbag.py:343} ERROR - Failed to import: /opt/airflow/dags/test/test_forexdag_definition.py
Traceback (most recent call last):
  File "/home/airflow/.local/lib/python3.7/site-packages/airflow/models/dagbag.py", line 339, in parse
    loader.exec_module(new_module)
  File "<frozen importlib._bootstrap_external>", line 728, in exec_module
  File "<frozen importlib._bootstrap>", line 219, in _call_with_frames_removed
  File "/opt/airflow/dags/test/test_forexdag_definition.py", line 1, in <module>
    import pytest
ModuleNotFoundError: No module named 'pytest'
[2023-01-20T16:56:21.272+0000] {processor.py:755} WARNING - No viable dags retrieved from /opt/airflow/dags/test/test_forexdag_definition.py
[2023-01-20T16:56:21.287+0000] {processor.py:175} INFO - Processing /opt/airflow/dags/test/test_forexdag_definition.py took 0.079 seconds
[2023-01-20T16:56:51.988+0000] {processor.py:153} INFO - Started process (PID=2254) to work on /opt/airflow/dags/test/test_forexdag_definition.py
[2023-01-20T16:56:51.991+0000] {processor.py:743} INFO - Processing file /opt/airflow/dags/test/test_forexdag_definition.py for tasks to queue
[2023-01-20T16:56:51.991+0000] {logging_mixin.py:137} INFO - [2023-01-20T16:56:51.991+0000] {dagbag.py:538} INFO - Filling up the DagBag from /opt/airflow/dags/test/test_forexdag_definition.py
[2023-01-20T16:56:52.031+0000] {logging_mixin.py:137} INFO - [2023-01-20T16:56:52.023+0000] {dagbag.py:343} ERROR - Failed to import: /opt/airflow/dags/test/test_forexdag_definition.py
Traceback (most recent call last):
  File "/home/airflow/.local/lib/python3.7/site-packages/airflow/models/dagbag.py", line 339, in parse
    loader.exec_module(new_module)
  File "<frozen importlib._bootstrap_external>", line 728, in exec_module
  File "<frozen importlib._bootstrap>", line 219, in _call_with_frames_removed
  File "/opt/airflow/dags/test/test_forexdag_definition.py", line 1, in <module>
    import pytest
ModuleNotFoundError: No module named 'pytest'
[2023-01-20T16:56:52.035+0000] {processor.py:755} WARNING - No viable dags retrieved from /opt/airflow/dags/test/test_forexdag_definition.py
[2023-01-20T16:56:52.049+0000] {processor.py:175} INFO - Processing /opt/airflow/dags/test/test_forexdag_definition.py took 0.063 seconds
[2023-01-20T16:57:22.750+0000] {processor.py:153} INFO - Started process (PID=2318) to work on /opt/airflow/dags/test/test_forexdag_definition.py
[2023-01-20T16:57:22.753+0000] {processor.py:743} INFO - Processing file /opt/airflow/dags/test/test_forexdag_definition.py for tasks to queue
[2023-01-20T16:57:22.754+0000] {logging_mixin.py:137} INFO - [2023-01-20T16:57:22.754+0000] {dagbag.py:538} INFO - Filling up the DagBag from /opt/airflow/dags/test/test_forexdag_definition.py
[2023-01-20T16:57:22.860+0000] {logging_mixin.py:137} INFO - [2023-01-20T16:57:22.840+0000] {dagbag.py:343} ERROR - Failed to import: /opt/airflow/dags/test/test_forexdag_definition.py
Traceback (most recent call last):
  File "/home/airflow/.local/lib/python3.7/site-packages/airflow/models/dagbag.py", line 339, in parse
    loader.exec_module(new_module)
  File "<frozen importlib._bootstrap_external>", line 728, in exec_module
  File "<frozen importlib._bootstrap>", line 219, in _call_with_frames_removed
  File "/opt/airflow/dags/test/test_forexdag_definition.py", line 1, in <module>
    import pytest
ModuleNotFoundError: No module named 'pytest'
[2023-01-20T16:57:22.870+0000] {processor.py:755} WARNING - No viable dags retrieved from /opt/airflow/dags/test/test_forexdag_definition.py
[2023-01-20T16:57:22.893+0000] {processor.py:175} INFO - Processing /opt/airflow/dags/test/test_forexdag_definition.py took 0.145 seconds
[2023-01-20T16:57:53.662+0000] {processor.py:153} INFO - Started process (PID=2382) to work on /opt/airflow/dags/test/test_forexdag_definition.py
[2023-01-20T16:57:53.666+0000] {processor.py:743} INFO - Processing file /opt/airflow/dags/test/test_forexdag_definition.py for tasks to queue
[2023-01-20T16:57:53.667+0000] {logging_mixin.py:137} INFO - [2023-01-20T16:57:53.667+0000] {dagbag.py:538} INFO - Filling up the DagBag from /opt/airflow/dags/test/test_forexdag_definition.py
[2023-01-20T16:57:53.757+0000] {logging_mixin.py:137} INFO - [2023-01-20T16:57:53.742+0000] {dagbag.py:343} ERROR - Failed to import: /opt/airflow/dags/test/test_forexdag_definition.py
Traceback (most recent call last):
  File "/home/airflow/.local/lib/python3.7/site-packages/airflow/models/dagbag.py", line 339, in parse
    loader.exec_module(new_module)
  File "<frozen importlib._bootstrap_external>", line 728, in exec_module
  File "<frozen importlib._bootstrap>", line 219, in _call_with_frames_removed
  File "/opt/airflow/dags/test/test_forexdag_definition.py", line 1, in <module>
    import pytest
ModuleNotFoundError: No module named 'pytest'
[2023-01-20T16:57:53.764+0000] {processor.py:755} WARNING - No viable dags retrieved from /opt/airflow/dags/test/test_forexdag_definition.py
[2023-01-20T16:57:53.789+0000] {processor.py:175} INFO - Processing /opt/airflow/dags/test/test_forexdag_definition.py took 0.130 seconds
[2023-01-20T16:58:23.869+0000] {processor.py:153} INFO - Started process (PID=2425) to work on /opt/airflow/dags/test/test_forexdag_definition.py
[2023-01-20T16:58:23.871+0000] {processor.py:743} INFO - Processing file /opt/airflow/dags/test/test_forexdag_definition.py for tasks to queue
[2023-01-20T16:58:23.873+0000] {logging_mixin.py:137} INFO - [2023-01-20T16:58:23.873+0000] {dagbag.py:538} INFO - Filling up the DagBag from /opt/airflow/dags/test/test_forexdag_definition.py
[2023-01-20T16:58:23.920+0000] {logging_mixin.py:137} INFO - [2023-01-20T16:58:23.910+0000] {dagbag.py:343} ERROR - Failed to import: /opt/airflow/dags/test/test_forexdag_definition.py
Traceback (most recent call last):
  File "/home/airflow/.local/lib/python3.7/site-packages/airflow/models/dagbag.py", line 339, in parse
    loader.exec_module(new_module)
  File "<frozen importlib._bootstrap_external>", line 728, in exec_module
  File "<frozen importlib._bootstrap>", line 219, in _call_with_frames_removed
  File "/opt/airflow/dags/test/test_forexdag_definition.py", line 1, in <module>
    import pytest
ModuleNotFoundError: No module named 'pytest'
[2023-01-20T16:58:23.924+0000] {processor.py:755} WARNING - No viable dags retrieved from /opt/airflow/dags/test/test_forexdag_definition.py
[2023-01-20T16:58:23.941+0000] {processor.py:175} INFO - Processing /opt/airflow/dags/test/test_forexdag_definition.py took 0.075 seconds
[2023-01-20T16:58:54.018+0000] {processor.py:153} INFO - Started process (PID=2489) to work on /opt/airflow/dags/test/test_forexdag_definition.py
[2023-01-20T16:58:54.020+0000] {processor.py:743} INFO - Processing file /opt/airflow/dags/test/test_forexdag_definition.py for tasks to queue
[2023-01-20T16:58:54.028+0000] {logging_mixin.py:137} INFO - [2023-01-20T16:58:54.028+0000] {dagbag.py:538} INFO - Filling up the DagBag from /opt/airflow/dags/test/test_forexdag_definition.py
[2023-01-20T16:58:54.088+0000] {logging_mixin.py:137} INFO - [2023-01-20T16:58:54.076+0000] {dagbag.py:343} ERROR - Failed to import: /opt/airflow/dags/test/test_forexdag_definition.py
Traceback (most recent call last):
  File "/home/airflow/.local/lib/python3.7/site-packages/airflow/models/dagbag.py", line 339, in parse
    loader.exec_module(new_module)
  File "<frozen importlib._bootstrap_external>", line 728, in exec_module
  File "<frozen importlib._bootstrap>", line 219, in _call_with_frames_removed
  File "/opt/airflow/dags/test/test_forexdag_definition.py", line 1, in <module>
    import pytest
ModuleNotFoundError: No module named 'pytest'
[2023-01-20T16:58:54.094+0000] {processor.py:755} WARNING - No viable dags retrieved from /opt/airflow/dags/test/test_forexdag_definition.py
[2023-01-20T16:58:54.117+0000] {processor.py:175} INFO - Processing /opt/airflow/dags/test/test_forexdag_definition.py took 0.101 seconds
[2023-01-20T16:59:24.678+0000] {processor.py:153} INFO - Started process (PID=2533) to work on /opt/airflow/dags/test/test_forexdag_definition.py
[2023-01-20T16:59:24.681+0000] {processor.py:743} INFO - Processing file /opt/airflow/dags/test/test_forexdag_definition.py for tasks to queue
[2023-01-20T16:59:24.682+0000] {logging_mixin.py:137} INFO - [2023-01-20T16:59:24.682+0000] {dagbag.py:538} INFO - Filling up the DagBag from /opt/airflow/dags/test/test_forexdag_definition.py
[2023-01-20T16:59:24.761+0000] {logging_mixin.py:137} INFO - [2023-01-20T16:59:24.746+0000] {dagbag.py:343} ERROR - Failed to import: /opt/airflow/dags/test/test_forexdag_definition.py
Traceback (most recent call last):
  File "/home/airflow/.local/lib/python3.7/site-packages/airflow/models/dagbag.py", line 339, in parse
    loader.exec_module(new_module)
  File "<frozen importlib._bootstrap_external>", line 728, in exec_module
  File "<frozen importlib._bootstrap>", line 219, in _call_with_frames_removed
  File "/opt/airflow/dags/test/test_forexdag_definition.py", line 1, in <module>
    import pytest
ModuleNotFoundError: No module named 'pytest'
[2023-01-20T16:59:24.766+0000] {processor.py:755} WARNING - No viable dags retrieved from /opt/airflow/dags/test/test_forexdag_definition.py
[2023-01-20T16:59:24.780+0000] {processor.py:175} INFO - Processing /opt/airflow/dags/test/test_forexdag_definition.py took 0.104 seconds
[2023-01-20T16:59:55.442+0000] {processor.py:153} INFO - Started process (PID=2597) to work on /opt/airflow/dags/test/test_forexdag_definition.py
[2023-01-20T16:59:55.445+0000] {processor.py:743} INFO - Processing file /opt/airflow/dags/test/test_forexdag_definition.py for tasks to queue
[2023-01-20T16:59:55.446+0000] {logging_mixin.py:137} INFO - [2023-01-20T16:59:55.446+0000] {dagbag.py:538} INFO - Filling up the DagBag from /opt/airflow/dags/test/test_forexdag_definition.py
[2023-01-20T16:59:55.536+0000] {logging_mixin.py:137} INFO - [2023-01-20T16:59:55.519+0000] {dagbag.py:343} ERROR - Failed to import: /opt/airflow/dags/test/test_forexdag_definition.py
Traceback (most recent call last):
  File "/home/airflow/.local/lib/python3.7/site-packages/airflow/models/dagbag.py", line 339, in parse
    loader.exec_module(new_module)
  File "<frozen importlib._bootstrap_external>", line 728, in exec_module
  File "<frozen importlib._bootstrap>", line 219, in _call_with_frames_removed
  File "/opt/airflow/dags/test/test_forexdag_definition.py", line 1, in <module>
    import pytest
ModuleNotFoundError: No module named 'pytest'
[2023-01-20T16:59:55.544+0000] {processor.py:755} WARNING - No viable dags retrieved from /opt/airflow/dags/test/test_forexdag_definition.py
[2023-01-20T16:59:55.563+0000] {processor.py:175} INFO - Processing /opt/airflow/dags/test/test_forexdag_definition.py took 0.122 seconds
[2023-01-20T17:00:26.275+0000] {processor.py:153} INFO - Started process (PID=2641) to work on /opt/airflow/dags/test/test_forexdag_definition.py
[2023-01-20T17:00:26.279+0000] {processor.py:743} INFO - Processing file /opt/airflow/dags/test/test_forexdag_definition.py for tasks to queue
[2023-01-20T17:00:26.282+0000] {logging_mixin.py:137} INFO - [2023-01-20T17:00:26.281+0000] {dagbag.py:538} INFO - Filling up the DagBag from /opt/airflow/dags/test/test_forexdag_definition.py
[2023-01-20T17:00:26.369+0000] {logging_mixin.py:137} INFO - [2023-01-20T17:00:26.351+0000] {dagbag.py:343} ERROR - Failed to import: /opt/airflow/dags/test/test_forexdag_definition.py
Traceback (most recent call last):
  File "/home/airflow/.local/lib/python3.7/site-packages/airflow/models/dagbag.py", line 339, in parse
    loader.exec_module(new_module)
  File "<frozen importlib._bootstrap_external>", line 728, in exec_module
  File "<frozen importlib._bootstrap>", line 219, in _call_with_frames_removed
  File "/opt/airflow/dags/test/test_forexdag_definition.py", line 1, in <module>
    import pytest
ModuleNotFoundError: No module named 'pytest'
[2023-01-20T17:00:26.376+0000] {processor.py:755} WARNING - No viable dags retrieved from /opt/airflow/dags/test/test_forexdag_definition.py
[2023-01-20T17:00:26.398+0000] {processor.py:175} INFO - Processing /opt/airflow/dags/test/test_forexdag_definition.py took 0.127 seconds
[2023-01-20T17:00:57.132+0000] {processor.py:153} INFO - Started process (PID=2705) to work on /opt/airflow/dags/test/test_forexdag_definition.py
[2023-01-20T17:00:57.136+0000] {processor.py:743} INFO - Processing file /opt/airflow/dags/test/test_forexdag_definition.py for tasks to queue
[2023-01-20T17:00:57.138+0000] {logging_mixin.py:137} INFO - [2023-01-20T17:00:57.138+0000] {dagbag.py:538} INFO - Filling up the DagBag from /opt/airflow/dags/test/test_forexdag_definition.py
[2023-01-20T17:00:57.219+0000] {logging_mixin.py:137} INFO - [2023-01-20T17:00:57.206+0000] {dagbag.py:343} ERROR - Failed to import: /opt/airflow/dags/test/test_forexdag_definition.py
Traceback (most recent call last):
  File "/home/airflow/.local/lib/python3.7/site-packages/airflow/models/dagbag.py", line 339, in parse
    loader.exec_module(new_module)
  File "<frozen importlib._bootstrap_external>", line 728, in exec_module
  File "<frozen importlib._bootstrap>", line 219, in _call_with_frames_removed
  File "/opt/airflow/dags/test/test_forexdag_definition.py", line 1, in <module>
    import pytest
ModuleNotFoundError: No module named 'pytest'
[2023-01-20T17:00:57.224+0000] {processor.py:755} WARNING - No viable dags retrieved from /opt/airflow/dags/test/test_forexdag_definition.py
[2023-01-20T17:00:57.239+0000] {processor.py:175} INFO - Processing /opt/airflow/dags/test/test_forexdag_definition.py took 0.109 seconds
[2023-01-20T17:01:27.846+0000] {processor.py:153} INFO - Started process (PID=2750) to work on /opt/airflow/dags/test/test_forexdag_definition.py
[2023-01-20T17:01:27.849+0000] {processor.py:743} INFO - Processing file /opt/airflow/dags/test/test_forexdag_definition.py for tasks to queue
[2023-01-20T17:01:27.850+0000] {logging_mixin.py:137} INFO - [2023-01-20T17:01:27.850+0000] {dagbag.py:538} INFO - Filling up the DagBag from /opt/airflow/dags/test/test_forexdag_definition.py
[2023-01-20T17:01:27.932+0000] {logging_mixin.py:137} INFO - [2023-01-20T17:01:27.916+0000] {dagbag.py:343} ERROR - Failed to import: /opt/airflow/dags/test/test_forexdag_definition.py
Traceback (most recent call last):
  File "/home/airflow/.local/lib/python3.7/site-packages/airflow/models/dagbag.py", line 339, in parse
    loader.exec_module(new_module)
  File "<frozen importlib._bootstrap_external>", line 728, in exec_module
  File "<frozen importlib._bootstrap>", line 219, in _call_with_frames_removed
  File "/opt/airflow/dags/test/test_forexdag_definition.py", line 1, in <module>
    import pytest
ModuleNotFoundError: No module named 'pytest'
[2023-01-20T17:01:27.939+0000] {processor.py:755} WARNING - No viable dags retrieved from /opt/airflow/dags/test/test_forexdag_definition.py
[2023-01-20T17:01:27.958+0000] {processor.py:175} INFO - Processing /opt/airflow/dags/test/test_forexdag_definition.py took 0.114 seconds
[2023-01-20T17:01:58.674+0000] {processor.py:153} INFO - Started process (PID=2815) to work on /opt/airflow/dags/test/test_forexdag_definition.py
[2023-01-20T17:01:58.677+0000] {processor.py:743} INFO - Processing file /opt/airflow/dags/test/test_forexdag_definition.py for tasks to queue
[2023-01-20T17:01:58.679+0000] {logging_mixin.py:137} INFO - [2023-01-20T17:01:58.679+0000] {dagbag.py:538} INFO - Filling up the DagBag from /opt/airflow/dags/test/test_forexdag_definition.py
[2023-01-20T17:01:58.777+0000] {logging_mixin.py:137} INFO - [2023-01-20T17:01:58.758+0000] {dagbag.py:343} ERROR - Failed to import: /opt/airflow/dags/test/test_forexdag_definition.py
Traceback (most recent call last):
  File "/home/airflow/.local/lib/python3.7/site-packages/airflow/models/dagbag.py", line 339, in parse
    loader.exec_module(new_module)
  File "<frozen importlib._bootstrap_external>", line 728, in exec_module
  File "<frozen importlib._bootstrap>", line 219, in _call_with_frames_removed
  File "/opt/airflow/dags/test/test_forexdag_definition.py", line 1, in <module>
    import pytest
ModuleNotFoundError: No module named 'pytest'
[2023-01-20T17:01:58.785+0000] {processor.py:755} WARNING - No viable dags retrieved from /opt/airflow/dags/test/test_forexdag_definition.py
[2023-01-20T17:01:58.805+0000] {processor.py:175} INFO - Processing /opt/airflow/dags/test/test_forexdag_definition.py took 0.132 seconds
[2023-01-20T17:02:29.589+0000] {processor.py:153} INFO - Started process (PID=2859) to work on /opt/airflow/dags/test/test_forexdag_definition.py
[2023-01-20T17:02:29.592+0000] {processor.py:743} INFO - Processing file /opt/airflow/dags/test/test_forexdag_definition.py for tasks to queue
[2023-01-20T17:02:29.594+0000] {logging_mixin.py:137} INFO - [2023-01-20T17:02:29.594+0000] {dagbag.py:538} INFO - Filling up the DagBag from /opt/airflow/dags/test/test_forexdag_definition.py
[2023-01-20T17:02:29.689+0000] {logging_mixin.py:137} INFO - [2023-01-20T17:02:29.673+0000] {dagbag.py:343} ERROR - Failed to import: /opt/airflow/dags/test/test_forexdag_definition.py
Traceback (most recent call last):
  File "/home/airflow/.local/lib/python3.7/site-packages/airflow/models/dagbag.py", line 339, in parse
    loader.exec_module(new_module)
  File "<frozen importlib._bootstrap_external>", line 728, in exec_module
  File "<frozen importlib._bootstrap>", line 219, in _call_with_frames_removed
  File "/opt/airflow/dags/test/test_forexdag_definition.py", line 1, in <module>
    import pytest
ModuleNotFoundError: No module named 'pytest'
[2023-01-20T17:02:29.695+0000] {processor.py:755} WARNING - No viable dags retrieved from /opt/airflow/dags/test/test_forexdag_definition.py
[2023-01-20T17:02:29.713+0000] {processor.py:175} INFO - Processing /opt/airflow/dags/test/test_forexdag_definition.py took 0.127 seconds
[2023-01-20T17:03:00.389+0000] {processor.py:153} INFO - Started process (PID=2924) to work on /opt/airflow/dags/test/test_forexdag_definition.py
[2023-01-20T17:03:00.392+0000] {processor.py:743} INFO - Processing file /opt/airflow/dags/test/test_forexdag_definition.py for tasks to queue
[2023-01-20T17:03:00.393+0000] {logging_mixin.py:137} INFO - [2023-01-20T17:03:00.393+0000] {dagbag.py:538} INFO - Filling up the DagBag from /opt/airflow/dags/test/test_forexdag_definition.py
[2023-01-20T17:03:00.467+0000] {logging_mixin.py:137} INFO - [2023-01-20T17:03:00.450+0000] {dagbag.py:343} ERROR - Failed to import: /opt/airflow/dags/test/test_forexdag_definition.py
Traceback (most recent call last):
  File "/home/airflow/.local/lib/python3.7/site-packages/airflow/models/dagbag.py", line 339, in parse
    loader.exec_module(new_module)
  File "<frozen importlib._bootstrap_external>", line 728, in exec_module
  File "<frozen importlib._bootstrap>", line 219, in _call_with_frames_removed
  File "/opt/airflow/dags/test/test_forexdag_definition.py", line 1, in <module>
    import pytest
ModuleNotFoundError: No module named 'pytest'
[2023-01-20T17:03:00.473+0000] {processor.py:755} WARNING - No viable dags retrieved from /opt/airflow/dags/test/test_forexdag_definition.py
[2023-01-20T17:03:00.492+0000] {processor.py:175} INFO - Processing /opt/airflow/dags/test/test_forexdag_definition.py took 0.106 seconds
[2023-01-20T17:03:31.198+0000] {processor.py:153} INFO - Started process (PID=2988) to work on /opt/airflow/dags/test/test_forexdag_definition.py
[2023-01-20T17:03:31.201+0000] {processor.py:743} INFO - Processing file /opt/airflow/dags/test/test_forexdag_definition.py for tasks to queue
[2023-01-20T17:03:31.202+0000] {logging_mixin.py:137} INFO - [2023-01-20T17:03:31.202+0000] {dagbag.py:538} INFO - Filling up the DagBag from /opt/airflow/dags/test/test_forexdag_definition.py
[2023-01-20T17:03:31.289+0000] {logging_mixin.py:137} INFO - [2023-01-20T17:03:31.269+0000] {dagbag.py:343} ERROR - Failed to import: /opt/airflow/dags/test/test_forexdag_definition.py
Traceback (most recent call last):
  File "/home/airflow/.local/lib/python3.7/site-packages/airflow/models/dagbag.py", line 339, in parse
    loader.exec_module(new_module)
  File "<frozen importlib._bootstrap_external>", line 728, in exec_module
  File "<frozen importlib._bootstrap>", line 219, in _call_with_frames_removed
  File "/opt/airflow/dags/test/test_forexdag_definition.py", line 1, in <module>
    import pytest
ModuleNotFoundError: No module named 'pytest'
[2023-01-20T17:03:31.297+0000] {processor.py:755} WARNING - No viable dags retrieved from /opt/airflow/dags/test/test_forexdag_definition.py
[2023-01-20T17:03:31.330+0000] {processor.py:175} INFO - Processing /opt/airflow/dags/test/test_forexdag_definition.py took 0.134 seconds
[2023-01-20T17:04:02.030+0000] {processor.py:153} INFO - Started process (PID=3032) to work on /opt/airflow/dags/test/test_forexdag_definition.py
[2023-01-20T17:04:02.032+0000] {processor.py:743} INFO - Processing file /opt/airflow/dags/test/test_forexdag_definition.py for tasks to queue
[2023-01-20T17:04:02.034+0000] {logging_mixin.py:137} INFO - [2023-01-20T17:04:02.034+0000] {dagbag.py:538} INFO - Filling up the DagBag from /opt/airflow/dags/test/test_forexdag_definition.py
[2023-01-20T17:04:02.085+0000] {logging_mixin.py:137} INFO - [2023-01-20T17:04:02.075+0000] {dagbag.py:343} ERROR - Failed to import: /opt/airflow/dags/test/test_forexdag_definition.py
Traceback (most recent call last):
  File "/home/airflow/.local/lib/python3.7/site-packages/airflow/models/dagbag.py", line 339, in parse
    loader.exec_module(new_module)
  File "<frozen importlib._bootstrap_external>", line 728, in exec_module
  File "<frozen importlib._bootstrap>", line 219, in _call_with_frames_removed
  File "/opt/airflow/dags/test/test_forexdag_definition.py", line 1, in <module>
    import pytest
ModuleNotFoundError: No module named 'pytest'
[2023-01-20T17:04:02.089+0000] {processor.py:755} WARNING - No viable dags retrieved from /opt/airflow/dags/test/test_forexdag_definition.py
[2023-01-20T17:04:02.105+0000] {processor.py:175} INFO - Processing /opt/airflow/dags/test/test_forexdag_definition.py took 0.077 seconds
[2023-01-20T17:04:32.334+0000] {processor.py:153} INFO - Started process (PID=3096) to work on /opt/airflow/dags/test/test_forexdag_definition.py
[2023-01-20T17:04:32.337+0000] {processor.py:743} INFO - Processing file /opt/airflow/dags/test/test_forexdag_definition.py for tasks to queue
[2023-01-20T17:04:32.339+0000] {logging_mixin.py:137} INFO - [2023-01-20T17:04:32.338+0000] {dagbag.py:538} INFO - Filling up the DagBag from /opt/airflow/dags/test/test_forexdag_definition.py
[2023-01-20T17:04:32.408+0000] {logging_mixin.py:137} INFO - [2023-01-20T17:04:32.396+0000] {dagbag.py:343} ERROR - Failed to import: /opt/airflow/dags/test/test_forexdag_definition.py
Traceback (most recent call last):
  File "/home/airflow/.local/lib/python3.7/site-packages/airflow/models/dagbag.py", line 339, in parse
    loader.exec_module(new_module)
  File "<frozen importlib._bootstrap_external>", line 728, in exec_module
  File "<frozen importlib._bootstrap>", line 219, in _call_with_frames_removed
  File "/opt/airflow/dags/test/test_forexdag_definition.py", line 1, in <module>
    import pytest
ModuleNotFoundError: No module named 'pytest'
[2023-01-20T17:04:32.413+0000] {processor.py:755} WARNING - No viable dags retrieved from /opt/airflow/dags/test/test_forexdag_definition.py
[2023-01-20T17:04:32.438+0000] {processor.py:175} INFO - Processing /opt/airflow/dags/test/test_forexdag_definition.py took 0.108 seconds
[2023-01-20T17:05:02.559+0000] {processor.py:153} INFO - Started process (PID=3140) to work on /opt/airflow/dags/test/test_forexdag_definition.py
[2023-01-20T17:05:02.564+0000] {processor.py:743} INFO - Processing file /opt/airflow/dags/test/test_forexdag_definition.py for tasks to queue
[2023-01-20T17:05:02.566+0000] {logging_mixin.py:137} INFO - [2023-01-20T17:05:02.565+0000] {dagbag.py:538} INFO - Filling up the DagBag from /opt/airflow/dags/test/test_forexdag_definition.py
[2023-01-20T17:05:02.662+0000] {logging_mixin.py:137} INFO - [2023-01-20T17:05:02.646+0000] {dagbag.py:343} ERROR - Failed to import: /opt/airflow/dags/test/test_forexdag_definition.py
Traceback (most recent call last):
  File "/home/airflow/.local/lib/python3.7/site-packages/airflow/models/dagbag.py", line 339, in parse
    loader.exec_module(new_module)
  File "<frozen importlib._bootstrap_external>", line 728, in exec_module
  File "<frozen importlib._bootstrap>", line 219, in _call_with_frames_removed
  File "/opt/airflow/dags/test/test_forexdag_definition.py", line 1, in <module>
    import pytest
ModuleNotFoundError: No module named 'pytest'
[2023-01-20T17:05:02.668+0000] {processor.py:755} WARNING - No viable dags retrieved from /opt/airflow/dags/test/test_forexdag_definition.py
[2023-01-20T17:05:02.690+0000] {processor.py:175} INFO - Processing /opt/airflow/dags/test/test_forexdag_definition.py took 0.133 seconds
[2023-01-20T17:05:33.350+0000] {processor.py:153} INFO - Started process (PID=3204) to work on /opt/airflow/dags/test/test_forexdag_definition.py
[2023-01-20T17:05:33.354+0000] {processor.py:743} INFO - Processing file /opt/airflow/dags/test/test_forexdag_definition.py for tasks to queue
[2023-01-20T17:05:33.356+0000] {logging_mixin.py:137} INFO - [2023-01-20T17:05:33.355+0000] {dagbag.py:538} INFO - Filling up the DagBag from /opt/airflow/dags/test/test_forexdag_definition.py
[2023-01-20T17:05:33.425+0000] {logging_mixin.py:137} INFO - [2023-01-20T17:05:33.409+0000] {dagbag.py:343} ERROR - Failed to import: /opt/airflow/dags/test/test_forexdag_definition.py
Traceback (most recent call last):
  File "/home/airflow/.local/lib/python3.7/site-packages/airflow/models/dagbag.py", line 339, in parse
    loader.exec_module(new_module)
  File "<frozen importlib._bootstrap_external>", line 728, in exec_module
  File "<frozen importlib._bootstrap>", line 219, in _call_with_frames_removed
  File "/opt/airflow/dags/test/test_forexdag_definition.py", line 1, in <module>
    import pytest
ModuleNotFoundError: No module named 'pytest'
[2023-01-20T17:05:33.432+0000] {processor.py:755} WARNING - No viable dags retrieved from /opt/airflow/dags/test/test_forexdag_definition.py
[2023-01-20T17:05:33.450+0000] {processor.py:175} INFO - Processing /opt/airflow/dags/test/test_forexdag_definition.py took 0.102 seconds
[2023-01-20T17:06:04.139+0000] {processor.py:153} INFO - Started process (PID=3248) to work on /opt/airflow/dags/test/test_forexdag_definition.py
[2023-01-20T17:06:04.142+0000] {processor.py:743} INFO - Processing file /opt/airflow/dags/test/test_forexdag_definition.py for tasks to queue
[2023-01-20T17:06:04.143+0000] {logging_mixin.py:137} INFO - [2023-01-20T17:06:04.143+0000] {dagbag.py:538} INFO - Filling up the DagBag from /opt/airflow/dags/test/test_forexdag_definition.py
[2023-01-20T17:06:04.220+0000] {logging_mixin.py:137} INFO - [2023-01-20T17:06:04.204+0000] {dagbag.py:343} ERROR - Failed to import: /opt/airflow/dags/test/test_forexdag_definition.py
Traceback (most recent call last):
  File "/home/airflow/.local/lib/python3.7/site-packages/airflow/models/dagbag.py", line 339, in parse
    loader.exec_module(new_module)
  File "<frozen importlib._bootstrap_external>", line 728, in exec_module
  File "<frozen importlib._bootstrap>", line 219, in _call_with_frames_removed
  File "/opt/airflow/dags/test/test_forexdag_definition.py", line 1, in <module>
    import pytest
ModuleNotFoundError: No module named 'pytest'
[2023-01-20T17:06:04.225+0000] {processor.py:755} WARNING - No viable dags retrieved from /opt/airflow/dags/test/test_forexdag_definition.py
[2023-01-20T17:06:04.242+0000] {processor.py:175} INFO - Processing /opt/airflow/dags/test/test_forexdag_definition.py took 0.106 seconds
[2023-01-20T17:06:34.918+0000] {processor.py:153} INFO - Started process (PID=3312) to work on /opt/airflow/dags/test/test_forexdag_definition.py
[2023-01-20T17:06:34.921+0000] {processor.py:743} INFO - Processing file /opt/airflow/dags/test/test_forexdag_definition.py for tasks to queue
[2023-01-20T17:06:34.923+0000] {logging_mixin.py:137} INFO - [2023-01-20T17:06:34.923+0000] {dagbag.py:538} INFO - Filling up the DagBag from /opt/airflow/dags/test/test_forexdag_definition.py
[2023-01-20T17:06:34.984+0000] {logging_mixin.py:137} INFO - [2023-01-20T17:06:34.976+0000] {dagbag.py:343} ERROR - Failed to import: /opt/airflow/dags/test/test_forexdag_definition.py
Traceback (most recent call last):
  File "/home/airflow/.local/lib/python3.7/site-packages/airflow/models/dagbag.py", line 339, in parse
    loader.exec_module(new_module)
  File "<frozen importlib._bootstrap_external>", line 728, in exec_module
  File "<frozen importlib._bootstrap>", line 219, in _call_with_frames_removed
  File "/opt/airflow/dags/test/test_forexdag_definition.py", line 1, in <module>
    import pytest
ModuleNotFoundError: No module named 'pytest'
[2023-01-20T17:06:34.988+0000] {processor.py:755} WARNING - No viable dags retrieved from /opt/airflow/dags/test/test_forexdag_definition.py
[2023-01-20T17:06:35.003+0000] {processor.py:175} INFO - Processing /opt/airflow/dags/test/test_forexdag_definition.py took 0.088 seconds
[2023-01-20T17:07:05.685+0000] {processor.py:153} INFO - Started process (PID=3355) to work on /opt/airflow/dags/test/test_forexdag_definition.py
[2023-01-20T17:07:05.686+0000] {processor.py:743} INFO - Processing file /opt/airflow/dags/test/test_forexdag_definition.py for tasks to queue
[2023-01-20T17:07:05.687+0000] {logging_mixin.py:137} INFO - [2023-01-20T17:07:05.687+0000] {dagbag.py:538} INFO - Filling up the DagBag from /opt/airflow/dags/test/test_forexdag_definition.py
[2023-01-20T17:07:05.759+0000] {logging_mixin.py:137} INFO - [2023-01-20T17:07:05.747+0000] {dagbag.py:343} ERROR - Failed to import: /opt/airflow/dags/test/test_forexdag_definition.py
Traceback (most recent call last):
  File "/home/airflow/.local/lib/python3.7/site-packages/airflow/models/dagbag.py", line 339, in parse
    loader.exec_module(new_module)
  File "<frozen importlib._bootstrap_external>", line 728, in exec_module
  File "<frozen importlib._bootstrap>", line 219, in _call_with_frames_removed
  File "/opt/airflow/dags/test/test_forexdag_definition.py", line 1, in <module>
    import pytest
ModuleNotFoundError: No module named 'pytest'
[2023-01-20T17:07:05.765+0000] {processor.py:755} WARNING - No viable dags retrieved from /opt/airflow/dags/test/test_forexdag_definition.py
[2023-01-20T17:07:05.783+0000] {processor.py:175} INFO - Processing /opt/airflow/dags/test/test_forexdag_definition.py took 0.100 seconds
[2023-01-20T17:07:36.505+0000] {processor.py:153} INFO - Started process (PID=3420) to work on /opt/airflow/dags/test/test_forexdag_definition.py
[2023-01-20T17:07:36.507+0000] {processor.py:743} INFO - Processing file /opt/airflow/dags/test/test_forexdag_definition.py for tasks to queue
[2023-01-20T17:07:36.507+0000] {logging_mixin.py:137} INFO - [2023-01-20T17:07:36.507+0000] {dagbag.py:538} INFO - Filling up the DagBag from /opt/airflow/dags/test/test_forexdag_definition.py
[2023-01-20T17:07:36.573+0000] {logging_mixin.py:137} INFO - [2023-01-20T17:07:36.551+0000] {dagbag.py:343} ERROR - Failed to import: /opt/airflow/dags/test/test_forexdag_definition.py
Traceback (most recent call last):
  File "/home/airflow/.local/lib/python3.7/site-packages/airflow/models/dagbag.py", line 339, in parse
    loader.exec_module(new_module)
  File "<frozen importlib._bootstrap_external>", line 728, in exec_module
  File "<frozen importlib._bootstrap>", line 219, in _call_with_frames_removed
  File "/opt/airflow/dags/test/test_forexdag_definition.py", line 1, in <module>
    import pytest
ModuleNotFoundError: No module named 'pytest'
[2023-01-20T17:07:36.581+0000] {processor.py:755} WARNING - No viable dags retrieved from /opt/airflow/dags/test/test_forexdag_definition.py
[2023-01-20T17:07:36.600+0000] {processor.py:175} INFO - Processing /opt/airflow/dags/test/test_forexdag_definition.py took 0.096 seconds
[2023-01-20T17:08:07.290+0000] {processor.py:153} INFO - Started process (PID=3464) to work on /opt/airflow/dags/test/test_forexdag_definition.py
[2023-01-20T17:08:07.293+0000] {processor.py:743} INFO - Processing file /opt/airflow/dags/test/test_forexdag_definition.py for tasks to queue
[2023-01-20T17:08:07.296+0000] {logging_mixin.py:137} INFO - [2023-01-20T17:08:07.296+0000] {dagbag.py:538} INFO - Filling up the DagBag from /opt/airflow/dags/test/test_forexdag_definition.py
[2023-01-20T17:08:07.344+0000] {logging_mixin.py:137} INFO - [2023-01-20T17:08:07.336+0000] {dagbag.py:343} ERROR - Failed to import: /opt/airflow/dags/test/test_forexdag_definition.py
Traceback (most recent call last):
  File "/home/airflow/.local/lib/python3.7/site-packages/airflow/models/dagbag.py", line 339, in parse
    loader.exec_module(new_module)
  File "<frozen importlib._bootstrap_external>", line 728, in exec_module
  File "<frozen importlib._bootstrap>", line 219, in _call_with_frames_removed
  File "/opt/airflow/dags/test/test_forexdag_definition.py", line 1, in <module>
    import pytest
ModuleNotFoundError: No module named 'pytest'
[2023-01-20T17:08:07.348+0000] {processor.py:755} WARNING - No viable dags retrieved from /opt/airflow/dags/test/test_forexdag_definition.py
[2023-01-20T17:08:07.363+0000] {processor.py:175} INFO - Processing /opt/airflow/dags/test/test_forexdag_definition.py took 0.076 seconds
[2023-01-20T17:08:38.038+0000] {processor.py:153} INFO - Started process (PID=3529) to work on /opt/airflow/dags/test/test_forexdag_definition.py
[2023-01-20T17:08:38.045+0000] {processor.py:743} INFO - Processing file /opt/airflow/dags/test/test_forexdag_definition.py for tasks to queue
[2023-01-20T17:08:38.047+0000] {logging_mixin.py:137} INFO - [2023-01-20T17:08:38.047+0000] {dagbag.py:538} INFO - Filling up the DagBag from /opt/airflow/dags/test/test_forexdag_definition.py
[2023-01-20T17:08:38.117+0000] {logging_mixin.py:137} INFO - [2023-01-20T17:08:38.108+0000] {dagbag.py:343} ERROR - Failed to import: /opt/airflow/dags/test/test_forexdag_definition.py
Traceback (most recent call last):
  File "/home/airflow/.local/lib/python3.7/site-packages/airflow/models/dagbag.py", line 339, in parse
    loader.exec_module(new_module)
  File "<frozen importlib._bootstrap_external>", line 728, in exec_module
  File "<frozen importlib._bootstrap>", line 219, in _call_with_frames_removed
  File "/opt/airflow/dags/test/test_forexdag_definition.py", line 1, in <module>
    import pytest
ModuleNotFoundError: No module named 'pytest'
[2023-01-20T17:08:38.121+0000] {processor.py:755} WARNING - No viable dags retrieved from /opt/airflow/dags/test/test_forexdag_definition.py
[2023-01-20T17:08:38.135+0000] {processor.py:175} INFO - Processing /opt/airflow/dags/test/test_forexdag_definition.py took 0.099 seconds
[2023-01-20T17:09:08.808+0000] {processor.py:153} INFO - Started process (PID=3582) to work on /opt/airflow/dags/test/test_forexdag_definition.py
[2023-01-20T17:09:08.811+0000] {processor.py:743} INFO - Processing file /opt/airflow/dags/test/test_forexdag_definition.py for tasks to queue
[2023-01-20T17:09:08.813+0000] {logging_mixin.py:137} INFO - [2023-01-20T17:09:08.813+0000] {dagbag.py:538} INFO - Filling up the DagBag from /opt/airflow/dags/test/test_forexdag_definition.py
[2023-01-20T17:09:08.905+0000] {logging_mixin.py:137} INFO - [2023-01-20T17:09:08.887+0000] {dagbag.py:343} ERROR - Failed to import: /opt/airflow/dags/test/test_forexdag_definition.py
Traceback (most recent call last):
  File "/home/airflow/.local/lib/python3.7/site-packages/airflow/models/dagbag.py", line 339, in parse
    loader.exec_module(new_module)
  File "<frozen importlib._bootstrap_external>", line 728, in exec_module
  File "<frozen importlib._bootstrap>", line 219, in _call_with_frames_removed
  File "/opt/airflow/dags/test/test_forexdag_definition.py", line 1, in <module>
    import pytest
ModuleNotFoundError: No module named 'pytest'
[2023-01-20T17:09:08.909+0000] {processor.py:755} WARNING - No viable dags retrieved from /opt/airflow/dags/test/test_forexdag_definition.py
[2023-01-20T17:09:08.932+0000] {processor.py:175} INFO - Processing /opt/airflow/dags/test/test_forexdag_definition.py took 0.127 seconds
[2023-01-20T17:09:39.451+0000] {processor.py:153} INFO - Started process (PID=3637) to work on /opt/airflow/dags/test/test_forexdag_definition.py
[2023-01-20T17:09:39.454+0000] {processor.py:743} INFO - Processing file /opt/airflow/dags/test/test_forexdag_definition.py for tasks to queue
[2023-01-20T17:09:39.456+0000] {logging_mixin.py:137} INFO - [2023-01-20T17:09:39.456+0000] {dagbag.py:538} INFO - Filling up the DagBag from /opt/airflow/dags/test/test_forexdag_definition.py
[2023-01-20T17:09:39.514+0000] {logging_mixin.py:137} INFO - [2023-01-20T17:09:39.503+0000] {dagbag.py:343} ERROR - Failed to import: /opt/airflow/dags/test/test_forexdag_definition.py
Traceback (most recent call last):
  File "/home/airflow/.local/lib/python3.7/site-packages/airflow/models/dagbag.py", line 339, in parse
    loader.exec_module(new_module)
  File "<frozen importlib._bootstrap_external>", line 728, in exec_module
  File "<frozen importlib._bootstrap>", line 219, in _call_with_frames_removed
  File "/opt/airflow/dags/test/test_forexdag_definition.py", line 1, in <module>
    import pytest
ModuleNotFoundError: No module named 'pytest'
[2023-01-20T17:09:39.516+0000] {processor.py:755} WARNING - No viable dags retrieved from /opt/airflow/dags/test/test_forexdag_definition.py
[2023-01-20T17:09:39.531+0000] {processor.py:175} INFO - Processing /opt/airflow/dags/test/test_forexdag_definition.py took 0.082 seconds
[2023-01-20T17:10:10.198+0000] {processor.py:153} INFO - Started process (PID=3701) to work on /opt/airflow/dags/test/test_forexdag_definition.py
[2023-01-20T17:10:10.201+0000] {processor.py:743} INFO - Processing file /opt/airflow/dags/test/test_forexdag_definition.py for tasks to queue
[2023-01-20T17:10:10.203+0000] {logging_mixin.py:137} INFO - [2023-01-20T17:10:10.203+0000] {dagbag.py:538} INFO - Filling up the DagBag from /opt/airflow/dags/test/test_forexdag_definition.py
[2023-01-20T17:10:10.273+0000] {logging_mixin.py:137} INFO - [2023-01-20T17:10:10.262+0000] {dagbag.py:343} ERROR - Failed to import: /opt/airflow/dags/test/test_forexdag_definition.py
Traceback (most recent call last):
  File "/home/airflow/.local/lib/python3.7/site-packages/airflow/models/dagbag.py", line 339, in parse
    loader.exec_module(new_module)
  File "<frozen importlib._bootstrap_external>", line 728, in exec_module
  File "<frozen importlib._bootstrap>", line 219, in _call_with_frames_removed
  File "/opt/airflow/dags/test/test_forexdag_definition.py", line 1, in <module>
    import pytest
ModuleNotFoundError: No module named 'pytest'
[2023-01-20T17:10:10.280+0000] {processor.py:755} WARNING - No viable dags retrieved from /opt/airflow/dags/test/test_forexdag_definition.py
[2023-01-20T17:10:10.303+0000] {processor.py:175} INFO - Processing /opt/airflow/dags/test/test_forexdag_definition.py took 0.107 seconds
[2023-01-20T17:10:40.629+0000] {processor.py:153} INFO - Started process (PID=3746) to work on /opt/airflow/dags/test/test_forexdag_definition.py
[2023-01-20T17:10:40.632+0000] {processor.py:743} INFO - Processing file /opt/airflow/dags/test/test_forexdag_definition.py for tasks to queue
[2023-01-20T17:10:40.634+0000] {logging_mixin.py:137} INFO - [2023-01-20T17:10:40.634+0000] {dagbag.py:538} INFO - Filling up the DagBag from /opt/airflow/dags/test/test_forexdag_definition.py
[2023-01-20T17:10:40.684+0000] {logging_mixin.py:137} INFO - [2023-01-20T17:10:40.676+0000] {dagbag.py:343} ERROR - Failed to import: /opt/airflow/dags/test/test_forexdag_definition.py
Traceback (most recent call last):
  File "/home/airflow/.local/lib/python3.7/site-packages/airflow/models/dagbag.py", line 339, in parse
    loader.exec_module(new_module)
  File "<frozen importlib._bootstrap_external>", line 728, in exec_module
  File "<frozen importlib._bootstrap>", line 219, in _call_with_frames_removed
  File "/opt/airflow/dags/test/test_forexdag_definition.py", line 1, in <module>
    import pytest
ModuleNotFoundError: No module named 'pytest'
[2023-01-20T17:10:40.687+0000] {processor.py:755} WARNING - No viable dags retrieved from /opt/airflow/dags/test/test_forexdag_definition.py
[2023-01-20T17:10:40.703+0000] {processor.py:175} INFO - Processing /opt/airflow/dags/test/test_forexdag_definition.py took 0.076 seconds
[2023-01-20T17:11:10.765+0000] {processor.py:153} INFO - Started process (PID=3808) to work on /opt/airflow/dags/test/test_forexdag_definition.py
[2023-01-20T17:11:10.768+0000] {processor.py:743} INFO - Processing file /opt/airflow/dags/test/test_forexdag_definition.py for tasks to queue
[2023-01-20T17:11:10.770+0000] {logging_mixin.py:137} INFO - [2023-01-20T17:11:10.769+0000] {dagbag.py:538} INFO - Filling up the DagBag from /opt/airflow/dags/test/test_forexdag_definition.py
[2023-01-20T17:11:10.840+0000] {logging_mixin.py:137} INFO - [2023-01-20T17:11:10.829+0000] {dagbag.py:343} ERROR - Failed to import: /opt/airflow/dags/test/test_forexdag_definition.py
Traceback (most recent call last):
  File "/home/airflow/.local/lib/python3.7/site-packages/airflow/models/dagbag.py", line 339, in parse
    loader.exec_module(new_module)
  File "<frozen importlib._bootstrap_external>", line 728, in exec_module
  File "<frozen importlib._bootstrap>", line 219, in _call_with_frames_removed
  File "/opt/airflow/dags/test/test_forexdag_definition.py", line 1, in <module>
    import pytest
ModuleNotFoundError: No module named 'pytest'
[2023-01-20T17:11:10.845+0000] {processor.py:755} WARNING - No viable dags retrieved from /opt/airflow/dags/test/test_forexdag_definition.py
[2023-01-20T17:11:10.875+0000] {processor.py:175} INFO - Processing /opt/airflow/dags/test/test_forexdag_definition.py took 0.112 seconds
[2023-01-20T17:11:41.619+0000] {processor.py:153} INFO - Started process (PID=3853) to work on /opt/airflow/dags/test/test_forexdag_definition.py
[2023-01-20T17:11:41.622+0000] {processor.py:743} INFO - Processing file /opt/airflow/dags/test/test_forexdag_definition.py for tasks to queue
[2023-01-20T17:11:41.623+0000] {logging_mixin.py:137} INFO - [2023-01-20T17:11:41.623+0000] {dagbag.py:538} INFO - Filling up the DagBag from /opt/airflow/dags/test/test_forexdag_definition.py
[2023-01-20T17:11:41.662+0000] {logging_mixin.py:137} INFO - [2023-01-20T17:11:41.654+0000] {dagbag.py:343} ERROR - Failed to import: /opt/airflow/dags/test/test_forexdag_definition.py
Traceback (most recent call last):
  File "/home/airflow/.local/lib/python3.7/site-packages/airflow/models/dagbag.py", line 339, in parse
    loader.exec_module(new_module)
  File "<frozen importlib._bootstrap_external>", line 728, in exec_module
  File "<frozen importlib._bootstrap>", line 219, in _call_with_frames_removed
  File "/opt/airflow/dags/test/test_forexdag_definition.py", line 1, in <module>
    import pytest
ModuleNotFoundError: No module named 'pytest'
[2023-01-20T17:11:41.665+0000] {processor.py:755} WARNING - No viable dags retrieved from /opt/airflow/dags/test/test_forexdag_definition.py
[2023-01-20T17:11:41.680+0000] {processor.py:175} INFO - Processing /opt/airflow/dags/test/test_forexdag_definition.py took 0.063 seconds
[2023-01-20T17:12:12.393+0000] {processor.py:153} INFO - Started process (PID=3917) to work on /opt/airflow/dags/test/test_forexdag_definition.py
[2023-01-20T17:12:12.395+0000] {processor.py:743} INFO - Processing file /opt/airflow/dags/test/test_forexdag_definition.py for tasks to queue
[2023-01-20T17:12:12.397+0000] {logging_mixin.py:137} INFO - [2023-01-20T17:12:12.396+0000] {dagbag.py:538} INFO - Filling up the DagBag from /opt/airflow/dags/test/test_forexdag_definition.py
[2023-01-20T17:12:12.495+0000] {logging_mixin.py:137} INFO - [2023-01-20T17:12:12.478+0000] {dagbag.py:343} ERROR - Failed to import: /opt/airflow/dags/test/test_forexdag_definition.py
Traceback (most recent call last):
  File "/home/airflow/.local/lib/python3.7/site-packages/airflow/models/dagbag.py", line 339, in parse
    loader.exec_module(new_module)
  File "<frozen importlib._bootstrap_external>", line 728, in exec_module
  File "<frozen importlib._bootstrap>", line 219, in _call_with_frames_removed
  File "/opt/airflow/dags/test/test_forexdag_definition.py", line 1, in <module>
    import pytest
ModuleNotFoundError: No module named 'pytest'
[2023-01-20T17:12:12.502+0000] {processor.py:755} WARNING - No viable dags retrieved from /opt/airflow/dags/test/test_forexdag_definition.py
[2023-01-20T17:12:12.521+0000] {processor.py:175} INFO - Processing /opt/airflow/dags/test/test_forexdag_definition.py took 0.131 seconds
[2023-01-20T17:12:43.246+0000] {processor.py:153} INFO - Started process (PID=3961) to work on /opt/airflow/dags/test/test_forexdag_definition.py
[2023-01-20T17:12:43.252+0000] {processor.py:743} INFO - Processing file /opt/airflow/dags/test/test_forexdag_definition.py for tasks to queue
[2023-01-20T17:12:43.255+0000] {logging_mixin.py:137} INFO - [2023-01-20T17:12:43.254+0000] {dagbag.py:538} INFO - Filling up the DagBag from /opt/airflow/dags/test/test_forexdag_definition.py
[2023-01-20T17:12:43.351+0000] {logging_mixin.py:137} INFO - [2023-01-20T17:12:43.332+0000] {dagbag.py:343} ERROR - Failed to import: /opt/airflow/dags/test/test_forexdag_definition.py
Traceback (most recent call last):
  File "/home/airflow/.local/lib/python3.7/site-packages/airflow/models/dagbag.py", line 339, in parse
    loader.exec_module(new_module)
  File "<frozen importlib._bootstrap_external>", line 728, in exec_module
  File "<frozen importlib._bootstrap>", line 219, in _call_with_frames_removed
  File "/opt/airflow/dags/test/test_forexdag_definition.py", line 1, in <module>
    import pytest
ModuleNotFoundError: No module named 'pytest'
[2023-01-20T17:12:43.358+0000] {processor.py:755} WARNING - No viable dags retrieved from /opt/airflow/dags/test/test_forexdag_definition.py
[2023-01-20T17:12:43.381+0000] {processor.py:175} INFO - Processing /opt/airflow/dags/test/test_forexdag_definition.py took 0.142 seconds
[2023-01-20T17:13:14.106+0000] {processor.py:153} INFO - Started process (PID=4025) to work on /opt/airflow/dags/test/test_forexdag_definition.py
[2023-01-20T17:13:14.108+0000] {processor.py:743} INFO - Processing file /opt/airflow/dags/test/test_forexdag_definition.py for tasks to queue
[2023-01-20T17:13:14.109+0000] {logging_mixin.py:137} INFO - [2023-01-20T17:13:14.109+0000] {dagbag.py:538} INFO - Filling up the DagBag from /opt/airflow/dags/test/test_forexdag_definition.py
[2023-01-20T17:13:14.190+0000] {logging_mixin.py:137} INFO - [2023-01-20T17:13:14.175+0000] {dagbag.py:343} ERROR - Failed to import: /opt/airflow/dags/test/test_forexdag_definition.py
Traceback (most recent call last):
  File "/home/airflow/.local/lib/python3.7/site-packages/airflow/models/dagbag.py", line 339, in parse
    loader.exec_module(new_module)
  File "<frozen importlib._bootstrap_external>", line 728, in exec_module
  File "<frozen importlib._bootstrap>", line 219, in _call_with_frames_removed
  File "/opt/airflow/dags/test/test_forexdag_definition.py", line 1, in <module>
    import pytest
ModuleNotFoundError: No module named 'pytest'
[2023-01-20T17:13:14.198+0000] {processor.py:755} WARNING - No viable dags retrieved from /opt/airflow/dags/test/test_forexdag_definition.py
[2023-01-20T17:13:14.217+0000] {processor.py:175} INFO - Processing /opt/airflow/dags/test/test_forexdag_definition.py took 0.114 seconds
[2023-01-20T17:13:44.941+0000] {processor.py:153} INFO - Started process (PID=4069) to work on /opt/airflow/dags/test/test_forexdag_definition.py
[2023-01-20T17:13:44.943+0000] {processor.py:743} INFO - Processing file /opt/airflow/dags/test/test_forexdag_definition.py for tasks to queue
[2023-01-20T17:13:44.944+0000] {logging_mixin.py:137} INFO - [2023-01-20T17:13:44.944+0000] {dagbag.py:538} INFO - Filling up the DagBag from /opt/airflow/dags/test/test_forexdag_definition.py
[2023-01-20T17:13:44.984+0000] {logging_mixin.py:137} INFO - [2023-01-20T17:13:44.976+0000] {dagbag.py:343} ERROR - Failed to import: /opt/airflow/dags/test/test_forexdag_definition.py
Traceback (most recent call last):
  File "/home/airflow/.local/lib/python3.7/site-packages/airflow/models/dagbag.py", line 339, in parse
    loader.exec_module(new_module)
  File "<frozen importlib._bootstrap_external>", line 728, in exec_module
  File "<frozen importlib._bootstrap>", line 219, in _call_with_frames_removed
  File "/opt/airflow/dags/test/test_forexdag_definition.py", line 1, in <module>
    import pytest
ModuleNotFoundError: No module named 'pytest'
[2023-01-20T17:13:44.987+0000] {processor.py:755} WARNING - No viable dags retrieved from /opt/airflow/dags/test/test_forexdag_definition.py
[2023-01-20T17:13:45.001+0000] {processor.py:175} INFO - Processing /opt/airflow/dags/test/test_forexdag_definition.py took 0.063 seconds
[2023-01-20T17:14:15.656+0000] {processor.py:153} INFO - Started process (PID=4133) to work on /opt/airflow/dags/test/test_forexdag_definition.py
[2023-01-20T17:14:15.661+0000] {processor.py:743} INFO - Processing file /opt/airflow/dags/test/test_forexdag_definition.py for tasks to queue
[2023-01-20T17:14:15.662+0000] {logging_mixin.py:137} INFO - [2023-01-20T17:14:15.662+0000] {dagbag.py:538} INFO - Filling up the DagBag from /opt/airflow/dags/test/test_forexdag_definition.py
[2023-01-20T17:14:15.734+0000] {logging_mixin.py:137} INFO - [2023-01-20T17:14:15.723+0000] {dagbag.py:343} ERROR - Failed to import: /opt/airflow/dags/test/test_forexdag_definition.py
Traceback (most recent call last):
  File "/home/airflow/.local/lib/python3.7/site-packages/airflow/models/dagbag.py", line 339, in parse
    loader.exec_module(new_module)
  File "<frozen importlib._bootstrap_external>", line 728, in exec_module
  File "<frozen importlib._bootstrap>", line 219, in _call_with_frames_removed
  File "/opt/airflow/dags/test/test_forexdag_definition.py", line 1, in <module>
    import pytest
ModuleNotFoundError: No module named 'pytest'
[2023-01-20T17:14:15.739+0000] {processor.py:755} WARNING - No viable dags retrieved from /opt/airflow/dags/test/test_forexdag_definition.py
[2023-01-20T17:14:15.754+0000] {processor.py:175} INFO - Processing /opt/airflow/dags/test/test_forexdag_definition.py took 0.099 seconds
[2023-01-20T17:14:46.220+0000] {processor.py:153} INFO - Started process (PID=4186) to work on /opt/airflow/dags/test/test_forexdag_definition.py
[2023-01-20T17:14:46.223+0000] {processor.py:743} INFO - Processing file /opt/airflow/dags/test/test_forexdag_definition.py for tasks to queue
[2023-01-20T17:14:46.224+0000] {logging_mixin.py:137} INFO - [2023-01-20T17:14:46.224+0000] {dagbag.py:538} INFO - Filling up the DagBag from /opt/airflow/dags/test/test_forexdag_definition.py
[2023-01-20T17:14:46.308+0000] {logging_mixin.py:137} INFO - [2023-01-20T17:14:46.291+0000] {dagbag.py:343} ERROR - Failed to import: /opt/airflow/dags/test/test_forexdag_definition.py
Traceback (most recent call last):
  File "/home/airflow/.local/lib/python3.7/site-packages/airflow/models/dagbag.py", line 339, in parse
    loader.exec_module(new_module)
  File "<frozen importlib._bootstrap_external>", line 728, in exec_module
  File "<frozen importlib._bootstrap>", line 219, in _call_with_frames_removed
  File "/opt/airflow/dags/test/test_forexdag_definition.py", line 1, in <module>
    import pytest
ModuleNotFoundError: No module named 'pytest'
[2023-01-20T17:14:46.314+0000] {processor.py:755} WARNING - No viable dags retrieved from /opt/airflow/dags/test/test_forexdag_definition.py
[2023-01-20T17:14:46.334+0000] {processor.py:175} INFO - Processing /opt/airflow/dags/test/test_forexdag_definition.py took 0.117 seconds
[2023-01-20T17:15:17.047+0000] {processor.py:153} INFO - Started process (PID=4241) to work on /opt/airflow/dags/test/test_forexdag_definition.py
[2023-01-20T17:15:17.050+0000] {processor.py:743} INFO - Processing file /opt/airflow/dags/test/test_forexdag_definition.py for tasks to queue
[2023-01-20T17:15:17.052+0000] {logging_mixin.py:137} INFO - [2023-01-20T17:15:17.051+0000] {dagbag.py:538} INFO - Filling up the DagBag from /opt/airflow/dags/test/test_forexdag_definition.py
[2023-01-20T17:15:17.131+0000] {logging_mixin.py:137} INFO - [2023-01-20T17:15:17.118+0000] {dagbag.py:343} ERROR - Failed to import: /opt/airflow/dags/test/test_forexdag_definition.py
Traceback (most recent call last):
  File "/home/airflow/.local/lib/python3.7/site-packages/airflow/models/dagbag.py", line 339, in parse
    loader.exec_module(new_module)
  File "<frozen importlib._bootstrap_external>", line 728, in exec_module
  File "<frozen importlib._bootstrap>", line 219, in _call_with_frames_removed
  File "/opt/airflow/dags/test/test_forexdag_definition.py", line 1, in <module>
    import pytest
ModuleNotFoundError: No module named 'pytest'
[2023-01-20T17:15:17.137+0000] {processor.py:755} WARNING - No viable dags retrieved from /opt/airflow/dags/test/test_forexdag_definition.py
[2023-01-20T17:15:17.158+0000] {processor.py:175} INFO - Processing /opt/airflow/dags/test/test_forexdag_definition.py took 0.115 seconds
[2023-01-20T17:15:47.814+0000] {processor.py:153} INFO - Started process (PID=4305) to work on /opt/airflow/dags/test/test_forexdag_definition.py
[2023-01-20T17:15:47.817+0000] {processor.py:743} INFO - Processing file /opt/airflow/dags/test/test_forexdag_definition.py for tasks to queue
[2023-01-20T17:15:47.818+0000] {logging_mixin.py:137} INFO - [2023-01-20T17:15:47.818+0000] {dagbag.py:538} INFO - Filling up the DagBag from /opt/airflow/dags/test/test_forexdag_definition.py
[2023-01-20T17:15:47.895+0000] {logging_mixin.py:137} INFO - [2023-01-20T17:15:47.881+0000] {dagbag.py:343} ERROR - Failed to import: /opt/airflow/dags/test/test_forexdag_definition.py
Traceback (most recent call last):
  File "/home/airflow/.local/lib/python3.7/site-packages/airflow/models/dagbag.py", line 339, in parse
    loader.exec_module(new_module)
  File "<frozen importlib._bootstrap_external>", line 728, in exec_module
  File "<frozen importlib._bootstrap>", line 219, in _call_with_frames_removed
  File "/opt/airflow/dags/test/test_forexdag_definition.py", line 1, in <module>
    import pytest
ModuleNotFoundError: No module named 'pytest'
[2023-01-20T17:15:47.899+0000] {processor.py:755} WARNING - No viable dags retrieved from /opt/airflow/dags/test/test_forexdag_definition.py
[2023-01-20T17:15:47.923+0000] {processor.py:175} INFO - Processing /opt/airflow/dags/test/test_forexdag_definition.py took 0.112 seconds
[2023-01-20T17:16:18.569+0000] {processor.py:153} INFO - Started process (PID=4349) to work on /opt/airflow/dags/test/test_forexdag_definition.py
[2023-01-20T17:16:18.572+0000] {processor.py:743} INFO - Processing file /opt/airflow/dags/test/test_forexdag_definition.py for tasks to queue
[2023-01-20T17:16:18.573+0000] {logging_mixin.py:137} INFO - [2023-01-20T17:16:18.573+0000] {dagbag.py:538} INFO - Filling up the DagBag from /opt/airflow/dags/test/test_forexdag_definition.py
[2023-01-20T17:16:18.655+0000] {logging_mixin.py:137} INFO - [2023-01-20T17:16:18.637+0000] {dagbag.py:343} ERROR - Failed to import: /opt/airflow/dags/test/test_forexdag_definition.py
Traceback (most recent call last):
  File "/home/airflow/.local/lib/python3.7/site-packages/airflow/models/dagbag.py", line 339, in parse
    loader.exec_module(new_module)
  File "<frozen importlib._bootstrap_external>", line 728, in exec_module
  File "<frozen importlib._bootstrap>", line 219, in _call_with_frames_removed
  File "/opt/airflow/dags/test/test_forexdag_definition.py", line 1, in <module>
    import pytest
ModuleNotFoundError: No module named 'pytest'
[2023-01-20T17:16:18.662+0000] {processor.py:755} WARNING - No viable dags retrieved from /opt/airflow/dags/test/test_forexdag_definition.py
[2023-01-20T17:16:18.682+0000] {processor.py:175} INFO - Processing /opt/airflow/dags/test/test_forexdag_definition.py took 0.115 seconds
