[2023-02-20T22:32:27.486+0000] {processor.py:153} INFO - Started process (PID=65) to work on /opt/airflow/dags/test/test_forexdag_definition.py
[2023-02-20T22:32:27.490+0000] {processor.py:743} INFO - Processing file /opt/airflow/dags/test/test_forexdag_definition.py for tasks to queue
[2023-02-20T22:32:27.491+0000] {logging_mixin.py:137} INFO - [2023-02-20T22:32:27.491+0000] {dagbag.py:538} INFO - Filling up the DagBag from /opt/airflow/dags/test/test_forexdag_definition.py
[2023-02-20T22:32:27.592+0000] {logging_mixin.py:137} INFO - [2023-02-20T22:32:27.576+0000] {dagbag.py:343} ERROR - Failed to import: /opt/airflow/dags/test/test_forexdag_definition.py
Traceback (most recent call last):
  File "/home/airflow/.local/lib/python3.7/site-packages/airflow/models/dagbag.py", line 339, in parse
    loader.exec_module(new_module)
  File "<frozen importlib._bootstrap_external>", line 728, in exec_module
  File "<frozen importlib._bootstrap>", line 219, in _call_with_frames_removed
  File "/opt/airflow/dags/test/test_forexdag_definition.py", line 1, in <module>
    import pytest
ModuleNotFoundError: No module named 'pytest'
[2023-02-20T22:32:27.598+0000] {processor.py:755} WARNING - No viable dags retrieved from /opt/airflow/dags/test/test_forexdag_definition.py
[2023-02-20T22:32:27.839+0000] {processor.py:175} INFO - Processing /opt/airflow/dags/test/test_forexdag_definition.py took 0.357 seconds
[2023-02-20T22:32:58.552+0000] {processor.py:153} INFO - Started process (PID=108) to work on /opt/airflow/dags/test/test_forexdag_definition.py
[2023-02-20T22:32:58.555+0000] {processor.py:743} INFO - Processing file /opt/airflow/dags/test/test_forexdag_definition.py for tasks to queue
[2023-02-20T22:32:58.556+0000] {logging_mixin.py:137} INFO - [2023-02-20T22:32:58.556+0000] {dagbag.py:538} INFO - Filling up the DagBag from /opt/airflow/dags/test/test_forexdag_definition.py
[2023-02-20T22:32:58.625+0000] {logging_mixin.py:137} INFO - [2023-02-20T22:32:58.611+0000] {dagbag.py:343} ERROR - Failed to import: /opt/airflow/dags/test/test_forexdag_definition.py
Traceback (most recent call last):
  File "/home/airflow/.local/lib/python3.7/site-packages/airflow/models/dagbag.py", line 339, in parse
    loader.exec_module(new_module)
  File "<frozen importlib._bootstrap_external>", line 728, in exec_module
  File "<frozen importlib._bootstrap>", line 219, in _call_with_frames_removed
  File "/opt/airflow/dags/test/test_forexdag_definition.py", line 1, in <module>
    import pytest
ModuleNotFoundError: No module named 'pytest'
[2023-02-20T22:32:58.631+0000] {processor.py:755} WARNING - No viable dags retrieved from /opt/airflow/dags/test/test_forexdag_definition.py
[2023-02-20T22:32:58.653+0000] {processor.py:175} INFO - Processing /opt/airflow/dags/test/test_forexdag_definition.py took 0.104 seconds
