[2023-04-02T19:14:46.264+0000] {processor.py:153} INFO - Started process (PID=54) to work on /opt/airflow/dags/test/test_forexdag_validation.py
[2023-04-02T19:14:46.269+0000] {processor.py:743} INFO - Processing file /opt/airflow/dags/test/test_forexdag_validation.py for tasks to queue
[2023-04-02T19:14:46.271+0000] {logging_mixin.py:137} INFO - [2023-04-02T19:14:46.270+0000] {dagbag.py:538} INFO - Filling up the DagBag from /opt/airflow/dags/test/test_forexdag_validation.py
[2023-04-02T19:14:46.471+0000] {logging_mixin.py:137} INFO - [2023-04-02T19:14:46.450+0000] {dagbag.py:343} ERROR - Failed to import: /opt/airflow/dags/test/test_forexdag_validation.py
Traceback (most recent call last):
  File "/home/airflow/.local/lib/python3.7/site-packages/airflow/models/dagbag.py", line 339, in parse
    loader.exec_module(new_module)
  File "<frozen importlib._bootstrap_external>", line 728, in exec_module
  File "<frozen importlib._bootstrap>", line 219, in _call_with_frames_removed
  File "/opt/airflow/dags/test/test_forexdag_validation.py", line 1, in <module>
    import pytest
ModuleNotFoundError: No module named 'pytest'
[2023-04-02T19:14:46.479+0000] {processor.py:755} WARNING - No viable dags retrieved from /opt/airflow/dags/test/test_forexdag_validation.py
[2023-04-02T19:14:46.561+0000] {processor.py:175} INFO - Processing /opt/airflow/dags/test/test_forexdag_validation.py took 0.307 seconds
[2023-04-02T19:15:16.847+0000] {processor.py:153} INFO - Started process (PID=110) to work on /opt/airflow/dags/test/test_forexdag_validation.py
[2023-04-02T19:15:16.849+0000] {processor.py:743} INFO - Processing file /opt/airflow/dags/test/test_forexdag_validation.py for tasks to queue
[2023-04-02T19:15:16.850+0000] {logging_mixin.py:137} INFO - [2023-04-02T19:15:16.850+0000] {dagbag.py:538} INFO - Filling up the DagBag from /opt/airflow/dags/test/test_forexdag_validation.py
[2023-04-02T19:15:16.907+0000] {logging_mixin.py:137} INFO - [2023-04-02T19:15:16.890+0000] {dagbag.py:343} ERROR - Failed to import: /opt/airflow/dags/test/test_forexdag_validation.py
Traceback (most recent call last):
  File "/home/airflow/.local/lib/python3.7/site-packages/airflow/models/dagbag.py", line 339, in parse
    loader.exec_module(new_module)
  File "<frozen importlib._bootstrap_external>", line 728, in exec_module
  File "<frozen importlib._bootstrap>", line 219, in _call_with_frames_removed
  File "/opt/airflow/dags/test/test_forexdag_validation.py", line 1, in <module>
    import pytest
ModuleNotFoundError: No module named 'pytest'
[2023-04-02T19:15:16.913+0000] {processor.py:755} WARNING - No viable dags retrieved from /opt/airflow/dags/test/test_forexdag_validation.py
[2023-04-02T19:15:16.934+0000] {processor.py:175} INFO - Processing /opt/airflow/dags/test/test_forexdag_validation.py took 0.090 seconds
[2023-04-02T19:15:47.512+0000] {processor.py:153} INFO - Started process (PID=154) to work on /opt/airflow/dags/test/test_forexdag_validation.py
[2023-04-02T19:15:47.515+0000] {processor.py:743} INFO - Processing file /opt/airflow/dags/test/test_forexdag_validation.py for tasks to queue
[2023-04-02T19:15:47.518+0000] {logging_mixin.py:137} INFO - [2023-04-02T19:15:47.518+0000] {dagbag.py:538} INFO - Filling up the DagBag from /opt/airflow/dags/test/test_forexdag_validation.py
[2023-04-02T19:15:47.577+0000] {logging_mixin.py:137} INFO - [2023-04-02T19:15:47.562+0000] {dagbag.py:343} ERROR - Failed to import: /opt/airflow/dags/test/test_forexdag_validation.py
Traceback (most recent call last):
  File "/home/airflow/.local/lib/python3.7/site-packages/airflow/models/dagbag.py", line 339, in parse
    loader.exec_module(new_module)
  File "<frozen importlib._bootstrap_external>", line 728, in exec_module
  File "<frozen importlib._bootstrap>", line 219, in _call_with_frames_removed
  File "/opt/airflow/dags/test/test_forexdag_validation.py", line 1, in <module>
    import pytest
ModuleNotFoundError: No module named 'pytest'
[2023-04-02T19:15:47.581+0000] {processor.py:755} WARNING - No viable dags retrieved from /opt/airflow/dags/test/test_forexdag_validation.py
[2023-04-02T19:15:47.600+0000] {processor.py:175} INFO - Processing /opt/airflow/dags/test/test_forexdag_validation.py took 0.090 seconds
[2023-04-02T19:16:18.303+0000] {processor.py:153} INFO - Started process (PID=217) to work on /opt/airflow/dags/test/test_forexdag_validation.py
[2023-04-02T19:16:18.306+0000] {processor.py:743} INFO - Processing file /opt/airflow/dags/test/test_forexdag_validation.py for tasks to queue
[2023-04-02T19:16:18.307+0000] {logging_mixin.py:137} INFO - [2023-04-02T19:16:18.307+0000] {dagbag.py:538} INFO - Filling up the DagBag from /opt/airflow/dags/test/test_forexdag_validation.py
[2023-04-02T19:16:18.382+0000] {logging_mixin.py:137} INFO - [2023-04-02T19:16:18.370+0000] {dagbag.py:343} ERROR - Failed to import: /opt/airflow/dags/test/test_forexdag_validation.py
Traceback (most recent call last):
  File "/home/airflow/.local/lib/python3.7/site-packages/airflow/models/dagbag.py", line 339, in parse
    loader.exec_module(new_module)
  File "<frozen importlib._bootstrap_external>", line 728, in exec_module
  File "<frozen importlib._bootstrap>", line 219, in _call_with_frames_removed
  File "/opt/airflow/dags/test/test_forexdag_validation.py", line 1, in <module>
    import pytest
ModuleNotFoundError: No module named 'pytest'
[2023-04-02T19:16:18.388+0000] {processor.py:755} WARNING - No viable dags retrieved from /opt/airflow/dags/test/test_forexdag_validation.py
[2023-04-02T19:16:18.411+0000] {processor.py:175} INFO - Processing /opt/airflow/dags/test/test_forexdag_validation.py took 0.111 seconds
[2023-04-02T19:16:48.450+0000] {processor.py:153} INFO - Started process (PID=259) to work on /opt/airflow/dags/test/test_forexdag_validation.py
[2023-04-02T19:16:48.455+0000] {processor.py:743} INFO - Processing file /opt/airflow/dags/test/test_forexdag_validation.py for tasks to queue
[2023-04-02T19:16:48.459+0000] {logging_mixin.py:137} INFO - [2023-04-02T19:16:48.459+0000] {dagbag.py:538} INFO - Filling up the DagBag from /opt/airflow/dags/test/test_forexdag_validation.py
[2023-04-02T19:16:48.501+0000] {logging_mixin.py:137} INFO - [2023-04-02T19:16:48.495+0000] {dagbag.py:343} ERROR - Failed to import: /opt/airflow/dags/test/test_forexdag_validation.py
Traceback (most recent call last):
  File "/home/airflow/.local/lib/python3.7/site-packages/airflow/models/dagbag.py", line 339, in parse
    loader.exec_module(new_module)
  File "<frozen importlib._bootstrap_external>", line 728, in exec_module
  File "<frozen importlib._bootstrap>", line 219, in _call_with_frames_removed
  File "/opt/airflow/dags/test/test_forexdag_validation.py", line 1, in <module>
    import pytest
ModuleNotFoundError: No module named 'pytest'
[2023-04-02T19:16:48.503+0000] {processor.py:755} WARNING - No viable dags retrieved from /opt/airflow/dags/test/test_forexdag_validation.py
[2023-04-02T19:16:48.519+0000] {processor.py:175} INFO - Processing /opt/airflow/dags/test/test_forexdag_validation.py took 0.072 seconds
[2023-04-02T19:17:19.164+0000] {processor.py:153} INFO - Started process (PID=324) to work on /opt/airflow/dags/test/test_forexdag_validation.py
[2023-04-02T19:17:19.167+0000] {processor.py:743} INFO - Processing file /opt/airflow/dags/test/test_forexdag_validation.py for tasks to queue
[2023-04-02T19:17:19.169+0000] {logging_mixin.py:137} INFO - [2023-04-02T19:17:19.169+0000] {dagbag.py:538} INFO - Filling up the DagBag from /opt/airflow/dags/test/test_forexdag_validation.py
[2023-04-02T19:17:19.243+0000] {logging_mixin.py:137} INFO - [2023-04-02T19:17:19.229+0000] {dagbag.py:343} ERROR - Failed to import: /opt/airflow/dags/test/test_forexdag_validation.py
Traceback (most recent call last):
  File "/home/airflow/.local/lib/python3.7/site-packages/airflow/models/dagbag.py", line 339, in parse
    loader.exec_module(new_module)
  File "<frozen importlib._bootstrap_external>", line 728, in exec_module
  File "<frozen importlib._bootstrap>", line 219, in _call_with_frames_removed
  File "/opt/airflow/dags/test/test_forexdag_validation.py", line 1, in <module>
    import pytest
ModuleNotFoundError: No module named 'pytest'
[2023-04-02T19:17:19.249+0000] {processor.py:755} WARNING - No viable dags retrieved from /opt/airflow/dags/test/test_forexdag_validation.py
[2023-04-02T19:17:19.273+0000] {processor.py:175} INFO - Processing /opt/airflow/dags/test/test_forexdag_validation.py took 0.113 seconds
[2023-04-02T19:17:49.883+0000] {processor.py:153} INFO - Started process (PID=370) to work on /opt/airflow/dags/test/test_forexdag_validation.py
[2023-04-02T19:17:49.886+0000] {processor.py:743} INFO - Processing file /opt/airflow/dags/test/test_forexdag_validation.py for tasks to queue
[2023-04-02T19:17:49.888+0000] {logging_mixin.py:137} INFO - [2023-04-02T19:17:49.887+0000] {dagbag.py:538} INFO - Filling up the DagBag from /opt/airflow/dags/test/test_forexdag_validation.py
[2023-04-02T19:17:49.960+0000] {logging_mixin.py:137} INFO - [2023-04-02T19:17:49.948+0000] {dagbag.py:343} ERROR - Failed to import: /opt/airflow/dags/test/test_forexdag_validation.py
Traceback (most recent call last):
  File "/home/airflow/.local/lib/python3.7/site-packages/airflow/models/dagbag.py", line 339, in parse
    loader.exec_module(new_module)
  File "<frozen importlib._bootstrap_external>", line 728, in exec_module
  File "<frozen importlib._bootstrap>", line 219, in _call_with_frames_removed
  File "/opt/airflow/dags/test/test_forexdag_validation.py", line 1, in <module>
    import pytest
ModuleNotFoundError: No module named 'pytest'
[2023-04-02T19:17:49.964+0000] {processor.py:755} WARNING - No viable dags retrieved from /opt/airflow/dags/test/test_forexdag_validation.py
[2023-04-02T19:17:49.991+0000] {processor.py:175} INFO - Processing /opt/airflow/dags/test/test_forexdag_validation.py took 0.113 seconds
[2023-04-02T19:18:20.793+0000] {processor.py:153} INFO - Started process (PID=434) to work on /opt/airflow/dags/test/test_forexdag_validation.py
[2023-04-02T19:18:20.796+0000] {processor.py:743} INFO - Processing file /opt/airflow/dags/test/test_forexdag_validation.py for tasks to queue
[2023-04-02T19:18:20.798+0000] {logging_mixin.py:137} INFO - [2023-04-02T19:18:20.797+0000] {dagbag.py:538} INFO - Filling up the DagBag from /opt/airflow/dags/test/test_forexdag_validation.py
[2023-04-02T19:18:20.851+0000] {logging_mixin.py:137} INFO - [2023-04-02T19:18:20.840+0000] {dagbag.py:343} ERROR - Failed to import: /opt/airflow/dags/test/test_forexdag_validation.py
Traceback (most recent call last):
  File "/home/airflow/.local/lib/python3.7/site-packages/airflow/models/dagbag.py", line 339, in parse
    loader.exec_module(new_module)
  File "<frozen importlib._bootstrap_external>", line 728, in exec_module
  File "<frozen importlib._bootstrap>", line 219, in _call_with_frames_removed
  File "/opt/airflow/dags/test/test_forexdag_validation.py", line 1, in <module>
    import pytest
ModuleNotFoundError: No module named 'pytest'
[2023-04-02T19:18:20.858+0000] {processor.py:755} WARNING - No viable dags retrieved from /opt/airflow/dags/test/test_forexdag_validation.py
[2023-04-02T19:18:20.878+0000] {processor.py:175} INFO - Processing /opt/airflow/dags/test/test_forexdag_validation.py took 0.088 seconds
[2023-04-02T19:18:51.507+0000] {processor.py:153} INFO - Started process (PID=478) to work on /opt/airflow/dags/test/test_forexdag_validation.py
[2023-04-02T19:18:51.511+0000] {processor.py:743} INFO - Processing file /opt/airflow/dags/test/test_forexdag_validation.py for tasks to queue
[2023-04-02T19:18:51.512+0000] {logging_mixin.py:137} INFO - [2023-04-02T19:18:51.512+0000] {dagbag.py:538} INFO - Filling up the DagBag from /opt/airflow/dags/test/test_forexdag_validation.py
[2023-04-02T19:18:51.587+0000] {logging_mixin.py:137} INFO - [2023-04-02T19:18:51.571+0000] {dagbag.py:343} ERROR - Failed to import: /opt/airflow/dags/test/test_forexdag_validation.py
Traceback (most recent call last):
  File "/home/airflow/.local/lib/python3.7/site-packages/airflow/models/dagbag.py", line 339, in parse
    loader.exec_module(new_module)
  File "<frozen importlib._bootstrap_external>", line 728, in exec_module
  File "<frozen importlib._bootstrap>", line 219, in _call_with_frames_removed
  File "/opt/airflow/dags/test/test_forexdag_validation.py", line 1, in <module>
    import pytest
ModuleNotFoundError: No module named 'pytest'
[2023-04-02T19:18:51.595+0000] {processor.py:755} WARNING - No viable dags retrieved from /opt/airflow/dags/test/test_forexdag_validation.py
[2023-04-02T19:18:51.620+0000] {processor.py:175} INFO - Processing /opt/airflow/dags/test/test_forexdag_validation.py took 0.116 seconds
[2023-04-02T19:19:22.329+0000] {processor.py:153} INFO - Started process (PID=542) to work on /opt/airflow/dags/test/test_forexdag_validation.py
[2023-04-02T19:19:22.332+0000] {processor.py:743} INFO - Processing file /opt/airflow/dags/test/test_forexdag_validation.py for tasks to queue
[2023-04-02T19:19:22.334+0000] {logging_mixin.py:137} INFO - [2023-04-02T19:19:22.333+0000] {dagbag.py:538} INFO - Filling up the DagBag from /opt/airflow/dags/test/test_forexdag_validation.py
[2023-04-02T19:19:22.408+0000] {logging_mixin.py:137} INFO - [2023-04-02T19:19:22.397+0000] {dagbag.py:343} ERROR - Failed to import: /opt/airflow/dags/test/test_forexdag_validation.py
Traceback (most recent call last):
  File "/home/airflow/.local/lib/python3.7/site-packages/airflow/models/dagbag.py", line 339, in parse
    loader.exec_module(new_module)
  File "<frozen importlib._bootstrap_external>", line 728, in exec_module
  File "<frozen importlib._bootstrap>", line 219, in _call_with_frames_removed
  File "/opt/airflow/dags/test/test_forexdag_validation.py", line 1, in <module>
    import pytest
ModuleNotFoundError: No module named 'pytest'
[2023-04-02T19:19:22.412+0000] {processor.py:755} WARNING - No viable dags retrieved from /opt/airflow/dags/test/test_forexdag_validation.py
[2023-04-02T19:19:22.434+0000] {processor.py:175} INFO - Processing /opt/airflow/dags/test/test_forexdag_validation.py took 0.108 seconds
[2023-04-02T19:19:53.121+0000] {processor.py:153} INFO - Started process (PID=586) to work on /opt/airflow/dags/test/test_forexdag_validation.py
[2023-04-02T19:19:53.124+0000] {processor.py:743} INFO - Processing file /opt/airflow/dags/test/test_forexdag_validation.py for tasks to queue
[2023-04-02T19:19:53.125+0000] {logging_mixin.py:137} INFO - [2023-04-02T19:19:53.125+0000] {dagbag.py:538} INFO - Filling up the DagBag from /opt/airflow/dags/test/test_forexdag_validation.py
[2023-04-02T19:19:53.197+0000] {logging_mixin.py:137} INFO - [2023-04-02T19:19:53.182+0000] {dagbag.py:343} ERROR - Failed to import: /opt/airflow/dags/test/test_forexdag_validation.py
Traceback (most recent call last):
  File "/home/airflow/.local/lib/python3.7/site-packages/airflow/models/dagbag.py", line 339, in parse
    loader.exec_module(new_module)
  File "<frozen importlib._bootstrap_external>", line 728, in exec_module
  File "<frozen importlib._bootstrap>", line 219, in _call_with_frames_removed
  File "/opt/airflow/dags/test/test_forexdag_validation.py", line 1, in <module>
    import pytest
ModuleNotFoundError: No module named 'pytest'
[2023-04-02T19:19:53.204+0000] {processor.py:755} WARNING - No viable dags retrieved from /opt/airflow/dags/test/test_forexdag_validation.py
[2023-04-02T19:19:53.227+0000] {processor.py:175} INFO - Processing /opt/airflow/dags/test/test_forexdag_validation.py took 0.109 seconds
[2023-04-02T19:20:23.334+0000] {processor.py:153} INFO - Started process (PID=651) to work on /opt/airflow/dags/test/test_forexdag_validation.py
[2023-04-02T19:20:23.336+0000] {processor.py:743} INFO - Processing file /opt/airflow/dags/test/test_forexdag_validation.py for tasks to queue
[2023-04-02T19:20:23.338+0000] {logging_mixin.py:137} INFO - [2023-04-02T19:20:23.338+0000] {dagbag.py:538} INFO - Filling up the DagBag from /opt/airflow/dags/test/test_forexdag_validation.py
[2023-04-02T19:20:23.405+0000] {logging_mixin.py:137} INFO - [2023-04-02T19:20:23.389+0000] {dagbag.py:343} ERROR - Failed to import: /opt/airflow/dags/test/test_forexdag_validation.py
Traceback (most recent call last):
  File "/home/airflow/.local/lib/python3.7/site-packages/airflow/models/dagbag.py", line 339, in parse
    loader.exec_module(new_module)
  File "<frozen importlib._bootstrap_external>", line 728, in exec_module
  File "<frozen importlib._bootstrap>", line 219, in _call_with_frames_removed
  File "/opt/airflow/dags/test/test_forexdag_validation.py", line 1, in <module>
    import pytest
ModuleNotFoundError: No module named 'pytest'
[2023-04-02T19:20:23.411+0000] {processor.py:755} WARNING - No viable dags retrieved from /opt/airflow/dags/test/test_forexdag_validation.py
[2023-04-02T19:20:23.431+0000] {processor.py:175} INFO - Processing /opt/airflow/dags/test/test_forexdag_validation.py took 0.100 seconds
[2023-04-02T19:20:54.108+0000] {processor.py:153} INFO - Started process (PID=695) to work on /opt/airflow/dags/test/test_forexdag_validation.py
[2023-04-02T19:20:54.112+0000] {processor.py:743} INFO - Processing file /opt/airflow/dags/test/test_forexdag_validation.py for tasks to queue
[2023-04-02T19:20:54.113+0000] {logging_mixin.py:137} INFO - [2023-04-02T19:20:54.113+0000] {dagbag.py:538} INFO - Filling up the DagBag from /opt/airflow/dags/test/test_forexdag_validation.py
[2023-04-02T19:20:54.190+0000] {logging_mixin.py:137} INFO - [2023-04-02T19:20:54.174+0000] {dagbag.py:343} ERROR - Failed to import: /opt/airflow/dags/test/test_forexdag_validation.py
Traceback (most recent call last):
  File "/home/airflow/.local/lib/python3.7/site-packages/airflow/models/dagbag.py", line 339, in parse
    loader.exec_module(new_module)
  File "<frozen importlib._bootstrap_external>", line 728, in exec_module
  File "<frozen importlib._bootstrap>", line 219, in _call_with_frames_removed
  File "/opt/airflow/dags/test/test_forexdag_validation.py", line 1, in <module>
    import pytest
ModuleNotFoundError: No module named 'pytest'
[2023-04-02T19:20:54.197+0000] {processor.py:755} WARNING - No viable dags retrieved from /opt/airflow/dags/test/test_forexdag_validation.py
[2023-04-02T19:20:54.217+0000] {processor.py:175} INFO - Processing /opt/airflow/dags/test/test_forexdag_validation.py took 0.111 seconds
[2023-04-02T19:21:24.741+0000] {processor.py:153} INFO - Started process (PID=759) to work on /opt/airflow/dags/test/test_forexdag_validation.py
[2023-04-02T19:21:24.745+0000] {processor.py:743} INFO - Processing file /opt/airflow/dags/test/test_forexdag_validation.py for tasks to queue
[2023-04-02T19:21:24.746+0000] {logging_mixin.py:137} INFO - [2023-04-02T19:21:24.746+0000] {dagbag.py:538} INFO - Filling up the DagBag from /opt/airflow/dags/test/test_forexdag_validation.py
[2023-04-02T19:21:24.813+0000] {logging_mixin.py:137} INFO - [2023-04-02T19:21:24.801+0000] {dagbag.py:343} ERROR - Failed to import: /opt/airflow/dags/test/test_forexdag_validation.py
Traceback (most recent call last):
  File "/home/airflow/.local/lib/python3.7/site-packages/airflow/models/dagbag.py", line 339, in parse
    loader.exec_module(new_module)
  File "<frozen importlib._bootstrap_external>", line 728, in exec_module
  File "<frozen importlib._bootstrap>", line 219, in _call_with_frames_removed
  File "/opt/airflow/dags/test/test_forexdag_validation.py", line 1, in <module>
    import pytest
ModuleNotFoundError: No module named 'pytest'
[2023-04-02T19:21:24.818+0000] {processor.py:755} WARNING - No viable dags retrieved from /opt/airflow/dags/test/test_forexdag_validation.py
[2023-04-02T19:21:24.838+0000] {processor.py:175} INFO - Processing /opt/airflow/dags/test/test_forexdag_validation.py took 0.099 seconds
[2023-04-02T19:21:55.380+0000] {processor.py:153} INFO - Started process (PID=803) to work on /opt/airflow/dags/test/test_forexdag_validation.py
[2023-04-02T19:21:55.381+0000] {processor.py:743} INFO - Processing file /opt/airflow/dags/test/test_forexdag_validation.py for tasks to queue
[2023-04-02T19:21:55.382+0000] {logging_mixin.py:137} INFO - [2023-04-02T19:21:55.382+0000] {dagbag.py:538} INFO - Filling up the DagBag from /opt/airflow/dags/test/test_forexdag_validation.py
[2023-04-02T19:21:55.461+0000] {logging_mixin.py:137} INFO - [2023-04-02T19:21:55.451+0000] {dagbag.py:343} ERROR - Failed to import: /opt/airflow/dags/test/test_forexdag_validation.py
Traceback (most recent call last):
  File "/home/airflow/.local/lib/python3.7/site-packages/airflow/models/dagbag.py", line 339, in parse
    loader.exec_module(new_module)
  File "<frozen importlib._bootstrap_external>", line 728, in exec_module
  File "<frozen importlib._bootstrap>", line 219, in _call_with_frames_removed
  File "/opt/airflow/dags/test/test_forexdag_validation.py", line 1, in <module>
    import pytest
ModuleNotFoundError: No module named 'pytest'
[2023-04-02T19:21:55.465+0000] {processor.py:755} WARNING - No viable dags retrieved from /opt/airflow/dags/test/test_forexdag_validation.py
[2023-04-02T19:21:55.485+0000] {processor.py:175} INFO - Processing /opt/airflow/dags/test/test_forexdag_validation.py took 0.108 seconds
[2023-04-02T19:22:25.997+0000] {processor.py:153} INFO - Started process (PID=867) to work on /opt/airflow/dags/test/test_forexdag_validation.py
[2023-04-02T19:22:26.000+0000] {processor.py:743} INFO - Processing file /opt/airflow/dags/test/test_forexdag_validation.py for tasks to queue
[2023-04-02T19:22:26.002+0000] {logging_mixin.py:137} INFO - [2023-04-02T19:22:26.002+0000] {dagbag.py:538} INFO - Filling up the DagBag from /opt/airflow/dags/test/test_forexdag_validation.py
[2023-04-02T19:22:26.068+0000] {logging_mixin.py:137} INFO - [2023-04-02T19:22:26.055+0000] {dagbag.py:343} ERROR - Failed to import: /opt/airflow/dags/test/test_forexdag_validation.py
Traceback (most recent call last):
  File "/home/airflow/.local/lib/python3.7/site-packages/airflow/models/dagbag.py", line 339, in parse
    loader.exec_module(new_module)
  File "<frozen importlib._bootstrap_external>", line 728, in exec_module
  File "<frozen importlib._bootstrap>", line 219, in _call_with_frames_removed
  File "/opt/airflow/dags/test/test_forexdag_validation.py", line 1, in <module>
    import pytest
ModuleNotFoundError: No module named 'pytest'
[2023-04-02T19:22:26.073+0000] {processor.py:755} WARNING - No viable dags retrieved from /opt/airflow/dags/test/test_forexdag_validation.py
[2023-04-02T19:22:26.102+0000] {processor.py:175} INFO - Processing /opt/airflow/dags/test/test_forexdag_validation.py took 0.108 seconds
[2023-04-02T19:22:56.639+0000] {processor.py:153} INFO - Started process (PID=911) to work on /opt/airflow/dags/test/test_forexdag_validation.py
[2023-04-02T19:22:56.641+0000] {processor.py:743} INFO - Processing file /opt/airflow/dags/test/test_forexdag_validation.py for tasks to queue
[2023-04-02T19:22:56.642+0000] {logging_mixin.py:137} INFO - [2023-04-02T19:22:56.642+0000] {dagbag.py:538} INFO - Filling up the DagBag from /opt/airflow/dags/test/test_forexdag_validation.py
[2023-04-02T19:22:56.700+0000] {logging_mixin.py:137} INFO - [2023-04-02T19:22:56.689+0000] {dagbag.py:343} ERROR - Failed to import: /opt/airflow/dags/test/test_forexdag_validation.py
Traceback (most recent call last):
  File "/home/airflow/.local/lib/python3.7/site-packages/airflow/models/dagbag.py", line 339, in parse
    loader.exec_module(new_module)
  File "<frozen importlib._bootstrap_external>", line 728, in exec_module
  File "<frozen importlib._bootstrap>", line 219, in _call_with_frames_removed
  File "/opt/airflow/dags/test/test_forexdag_validation.py", line 1, in <module>
    import pytest
ModuleNotFoundError: No module named 'pytest'
[2023-04-02T19:22:56.705+0000] {processor.py:755} WARNING - No viable dags retrieved from /opt/airflow/dags/test/test_forexdag_validation.py
[2023-04-02T19:22:56.728+0000] {processor.py:175} INFO - Processing /opt/airflow/dags/test/test_forexdag_validation.py took 0.093 seconds
[2023-04-02T19:23:27.303+0000] {processor.py:153} INFO - Started process (PID=976) to work on /opt/airflow/dags/test/test_forexdag_validation.py
[2023-04-02T19:23:27.306+0000] {processor.py:743} INFO - Processing file /opt/airflow/dags/test/test_forexdag_validation.py for tasks to queue
[2023-04-02T19:23:27.307+0000] {logging_mixin.py:137} INFO - [2023-04-02T19:23:27.307+0000] {dagbag.py:538} INFO - Filling up the DagBag from /opt/airflow/dags/test/test_forexdag_validation.py
[2023-04-02T19:23:27.375+0000] {logging_mixin.py:137} INFO - [2023-04-02T19:23:27.361+0000] {dagbag.py:343} ERROR - Failed to import: /opt/airflow/dags/test/test_forexdag_validation.py
Traceback (most recent call last):
  File "/home/airflow/.local/lib/python3.7/site-packages/airflow/models/dagbag.py", line 339, in parse
    loader.exec_module(new_module)
  File "<frozen importlib._bootstrap_external>", line 728, in exec_module
  File "<frozen importlib._bootstrap>", line 219, in _call_with_frames_removed
  File "/opt/airflow/dags/test/test_forexdag_validation.py", line 1, in <module>
    import pytest
ModuleNotFoundError: No module named 'pytest'
[2023-04-02T19:23:27.381+0000] {processor.py:755} WARNING - No viable dags retrieved from /opt/airflow/dags/test/test_forexdag_validation.py
[2023-04-02T19:23:27.400+0000] {processor.py:175} INFO - Processing /opt/airflow/dags/test/test_forexdag_validation.py took 0.100 seconds
[2023-04-02T19:23:57.972+0000] {processor.py:153} INFO - Started process (PID=1019) to work on /opt/airflow/dags/test/test_forexdag_validation.py
[2023-04-02T19:23:57.974+0000] {processor.py:743} INFO - Processing file /opt/airflow/dags/test/test_forexdag_validation.py for tasks to queue
[2023-04-02T19:23:57.975+0000] {logging_mixin.py:137} INFO - [2023-04-02T19:23:57.975+0000] {dagbag.py:538} INFO - Filling up the DagBag from /opt/airflow/dags/test/test_forexdag_validation.py
[2023-04-02T19:23:58.021+0000] {logging_mixin.py:137} INFO - [2023-04-02T19:23:58.006+0000] {dagbag.py:343} ERROR - Failed to import: /opt/airflow/dags/test/test_forexdag_validation.py
Traceback (most recent call last):
  File "/home/airflow/.local/lib/python3.7/site-packages/airflow/models/dagbag.py", line 339, in parse
    loader.exec_module(new_module)
  File "<frozen importlib._bootstrap_external>", line 728, in exec_module
  File "<frozen importlib._bootstrap>", line 219, in _call_with_frames_removed
  File "/opt/airflow/dags/test/test_forexdag_validation.py", line 1, in <module>
    import pytest
ModuleNotFoundError: No module named 'pytest'
[2023-04-02T19:23:58.028+0000] {processor.py:755} WARNING - No viable dags retrieved from /opt/airflow/dags/test/test_forexdag_validation.py
[2023-04-02T19:23:58.051+0000] {processor.py:175} INFO - Processing /opt/airflow/dags/test/test_forexdag_validation.py took 0.081 seconds
[2023-04-02T19:24:28.586+0000] {processor.py:153} INFO - Started process (PID=1083) to work on /opt/airflow/dags/test/test_forexdag_validation.py
[2023-04-02T19:24:28.588+0000] {processor.py:743} INFO - Processing file /opt/airflow/dags/test/test_forexdag_validation.py for tasks to queue
[2023-04-02T19:24:28.589+0000] {logging_mixin.py:137} INFO - [2023-04-02T19:24:28.589+0000] {dagbag.py:538} INFO - Filling up the DagBag from /opt/airflow/dags/test/test_forexdag_validation.py
[2023-04-02T19:24:28.654+0000] {logging_mixin.py:137} INFO - [2023-04-02T19:24:28.641+0000] {dagbag.py:343} ERROR - Failed to import: /opt/airflow/dags/test/test_forexdag_validation.py
Traceback (most recent call last):
  File "/home/airflow/.local/lib/python3.7/site-packages/airflow/models/dagbag.py", line 339, in parse
    loader.exec_module(new_module)
  File "<frozen importlib._bootstrap_external>", line 728, in exec_module
  File "<frozen importlib._bootstrap>", line 219, in _call_with_frames_removed
  File "/opt/airflow/dags/test/test_forexdag_validation.py", line 1, in <module>
    import pytest
ModuleNotFoundError: No module named 'pytest'
[2023-04-02T19:24:28.660+0000] {processor.py:755} WARNING - No viable dags retrieved from /opt/airflow/dags/test/test_forexdag_validation.py
[2023-04-02T19:24:28.683+0000] {processor.py:175} INFO - Processing /opt/airflow/dags/test/test_forexdag_validation.py took 0.101 seconds
[2023-04-02T19:24:59.580+0000] {processor.py:153} INFO - Started process (PID=1127) to work on /opt/airflow/dags/test/test_forexdag_validation.py
[2023-04-02T19:24:59.582+0000] {processor.py:743} INFO - Processing file /opt/airflow/dags/test/test_forexdag_validation.py for tasks to queue
[2023-04-02T19:24:59.584+0000] {logging_mixin.py:137} INFO - [2023-04-02T19:24:59.584+0000] {dagbag.py:538} INFO - Filling up the DagBag from /opt/airflow/dags/test/test_forexdag_validation.py
[2023-04-02T19:24:59.661+0000] {logging_mixin.py:137} INFO - [2023-04-02T19:24:59.648+0000] {dagbag.py:343} ERROR - Failed to import: /opt/airflow/dags/test/test_forexdag_validation.py
Traceback (most recent call last):
  File "/home/airflow/.local/lib/python3.7/site-packages/airflow/models/dagbag.py", line 339, in parse
    loader.exec_module(new_module)
  File "<frozen importlib._bootstrap_external>", line 728, in exec_module
  File "<frozen importlib._bootstrap>", line 219, in _call_with_frames_removed
  File "/opt/airflow/dags/test/test_forexdag_validation.py", line 1, in <module>
    import pytest
ModuleNotFoundError: No module named 'pytest'
[2023-04-02T19:24:59.667+0000] {processor.py:755} WARNING - No viable dags retrieved from /opt/airflow/dags/test/test_forexdag_validation.py
[2023-04-02T19:24:59.686+0000] {processor.py:175} INFO - Processing /opt/airflow/dags/test/test_forexdag_validation.py took 0.109 seconds
[2023-04-02T19:25:30.200+0000] {processor.py:153} INFO - Started process (PID=1192) to work on /opt/airflow/dags/test/test_forexdag_validation.py
[2023-04-02T19:25:30.203+0000] {processor.py:743} INFO - Processing file /opt/airflow/dags/test/test_forexdag_validation.py for tasks to queue
[2023-04-02T19:25:30.204+0000] {logging_mixin.py:137} INFO - [2023-04-02T19:25:30.204+0000] {dagbag.py:538} INFO - Filling up the DagBag from /opt/airflow/dags/test/test_forexdag_validation.py
[2023-04-02T19:25:30.275+0000] {logging_mixin.py:137} INFO - [2023-04-02T19:25:30.260+0000] {dagbag.py:343} ERROR - Failed to import: /opt/airflow/dags/test/test_forexdag_validation.py
Traceback (most recent call last):
  File "/home/airflow/.local/lib/python3.7/site-packages/airflow/models/dagbag.py", line 339, in parse
    loader.exec_module(new_module)
  File "<frozen importlib._bootstrap_external>", line 728, in exec_module
  File "<frozen importlib._bootstrap>", line 219, in _call_with_frames_removed
  File "/opt/airflow/dags/test/test_forexdag_validation.py", line 1, in <module>
    import pytest
ModuleNotFoundError: No module named 'pytest'
[2023-04-02T19:25:30.281+0000] {processor.py:755} WARNING - No viable dags retrieved from /opt/airflow/dags/test/test_forexdag_validation.py
[2023-04-02T19:25:30.305+0000] {processor.py:175} INFO - Processing /opt/airflow/dags/test/test_forexdag_validation.py took 0.109 seconds
[2023-04-02T19:26:00.796+0000] {processor.py:153} INFO - Started process (PID=1236) to work on /opt/airflow/dags/test/test_forexdag_validation.py
[2023-04-02T19:26:00.800+0000] {processor.py:743} INFO - Processing file /opt/airflow/dags/test/test_forexdag_validation.py for tasks to queue
[2023-04-02T19:26:00.802+0000] {logging_mixin.py:137} INFO - [2023-04-02T19:26:00.801+0000] {dagbag.py:538} INFO - Filling up the DagBag from /opt/airflow/dags/test/test_forexdag_validation.py
[2023-04-02T19:26:00.861+0000] {logging_mixin.py:137} INFO - [2023-04-02T19:26:00.852+0000] {dagbag.py:343} ERROR - Failed to import: /opt/airflow/dags/test/test_forexdag_validation.py
Traceback (most recent call last):
  File "/home/airflow/.local/lib/python3.7/site-packages/airflow/models/dagbag.py", line 339, in parse
    loader.exec_module(new_module)
  File "<frozen importlib._bootstrap_external>", line 728, in exec_module
  File "<frozen importlib._bootstrap>", line 219, in _call_with_frames_removed
  File "/opt/airflow/dags/test/test_forexdag_validation.py", line 1, in <module>
    import pytest
ModuleNotFoundError: No module named 'pytest'
[2023-04-02T19:26:00.865+0000] {processor.py:755} WARNING - No viable dags retrieved from /opt/airflow/dags/test/test_forexdag_validation.py
[2023-04-02T19:26:00.884+0000] {processor.py:175} INFO - Processing /opt/airflow/dags/test/test_forexdag_validation.py took 0.092 seconds
[2023-04-02T19:26:31.382+0000] {processor.py:153} INFO - Started process (PID=1300) to work on /opt/airflow/dags/test/test_forexdag_validation.py
[2023-04-02T19:26:31.385+0000] {processor.py:743} INFO - Processing file /opt/airflow/dags/test/test_forexdag_validation.py for tasks to queue
[2023-04-02T19:26:31.386+0000] {logging_mixin.py:137} INFO - [2023-04-02T19:26:31.386+0000] {dagbag.py:538} INFO - Filling up the DagBag from /opt/airflow/dags/test/test_forexdag_validation.py
[2023-04-02T19:26:31.464+0000] {logging_mixin.py:137} INFO - [2023-04-02T19:26:31.452+0000] {dagbag.py:343} ERROR - Failed to import: /opt/airflow/dags/test/test_forexdag_validation.py
Traceback (most recent call last):
  File "/home/airflow/.local/lib/python3.7/site-packages/airflow/models/dagbag.py", line 339, in parse
    loader.exec_module(new_module)
  File "<frozen importlib._bootstrap_external>", line 728, in exec_module
  File "<frozen importlib._bootstrap>", line 219, in _call_with_frames_removed
  File "/opt/airflow/dags/test/test_forexdag_validation.py", line 1, in <module>
    import pytest
ModuleNotFoundError: No module named 'pytest'
[2023-04-02T19:26:31.470+0000] {processor.py:755} WARNING - No viable dags retrieved from /opt/airflow/dags/test/test_forexdag_validation.py
[2023-04-02T19:26:31.491+0000] {processor.py:175} INFO - Processing /opt/airflow/dags/test/test_forexdag_validation.py took 0.112 seconds
[2023-04-02T19:27:02.037+0000] {processor.py:153} INFO - Started process (PID=1344) to work on /opt/airflow/dags/test/test_forexdag_validation.py
[2023-04-02T19:27:02.039+0000] {processor.py:743} INFO - Processing file /opt/airflow/dags/test/test_forexdag_validation.py for tasks to queue
[2023-04-02T19:27:02.040+0000] {logging_mixin.py:137} INFO - [2023-04-02T19:27:02.040+0000] {dagbag.py:538} INFO - Filling up the DagBag from /opt/airflow/dags/test/test_forexdag_validation.py
[2023-04-02T19:27:02.107+0000] {logging_mixin.py:137} INFO - [2023-04-02T19:27:02.095+0000] {dagbag.py:343} ERROR - Failed to import: /opt/airflow/dags/test/test_forexdag_validation.py
Traceback (most recent call last):
  File "/home/airflow/.local/lib/python3.7/site-packages/airflow/models/dagbag.py", line 339, in parse
    loader.exec_module(new_module)
  File "<frozen importlib._bootstrap_external>", line 728, in exec_module
  File "<frozen importlib._bootstrap>", line 219, in _call_with_frames_removed
  File "/opt/airflow/dags/test/test_forexdag_validation.py", line 1, in <module>
    import pytest
ModuleNotFoundError: No module named 'pytest'
[2023-04-02T19:27:02.124+0000] {processor.py:755} WARNING - No viable dags retrieved from /opt/airflow/dags/test/test_forexdag_validation.py
[2023-04-02T19:27:02.154+0000] {processor.py:175} INFO - Processing /opt/airflow/dags/test/test_forexdag_validation.py took 0.120 seconds
[2023-04-02T19:27:32.687+0000] {processor.py:153} INFO - Started process (PID=1408) to work on /opt/airflow/dags/test/test_forexdag_validation.py
[2023-04-02T19:27:32.690+0000] {processor.py:743} INFO - Processing file /opt/airflow/dags/test/test_forexdag_validation.py for tasks to queue
[2023-04-02T19:27:32.691+0000] {logging_mixin.py:137} INFO - [2023-04-02T19:27:32.691+0000] {dagbag.py:538} INFO - Filling up the DagBag from /opt/airflow/dags/test/test_forexdag_validation.py
[2023-04-02T19:27:32.763+0000] {logging_mixin.py:137} INFO - [2023-04-02T19:27:32.750+0000] {dagbag.py:343} ERROR - Failed to import: /opt/airflow/dags/test/test_forexdag_validation.py
Traceback (most recent call last):
  File "/home/airflow/.local/lib/python3.7/site-packages/airflow/models/dagbag.py", line 339, in parse
    loader.exec_module(new_module)
  File "<frozen importlib._bootstrap_external>", line 728, in exec_module
  File "<frozen importlib._bootstrap>", line 219, in _call_with_frames_removed
  File "/opt/airflow/dags/test/test_forexdag_validation.py", line 1, in <module>
    import pytest
ModuleNotFoundError: No module named 'pytest'
[2023-04-02T19:27:32.768+0000] {processor.py:755} WARNING - No viable dags retrieved from /opt/airflow/dags/test/test_forexdag_validation.py
[2023-04-02T19:27:32.789+0000] {processor.py:175} INFO - Processing /opt/airflow/dags/test/test_forexdag_validation.py took 0.104 seconds
[2023-04-02T19:28:03.279+0000] {processor.py:153} INFO - Started process (PID=1452) to work on /opt/airflow/dags/test/test_forexdag_validation.py
[2023-04-02T19:28:03.282+0000] {processor.py:743} INFO - Processing file /opt/airflow/dags/test/test_forexdag_validation.py for tasks to queue
[2023-04-02T19:28:03.283+0000] {logging_mixin.py:137} INFO - [2023-04-02T19:28:03.283+0000] {dagbag.py:538} INFO - Filling up the DagBag from /opt/airflow/dags/test/test_forexdag_validation.py
[2023-04-02T19:28:03.344+0000] {logging_mixin.py:137} INFO - [2023-04-02T19:28:03.337+0000] {dagbag.py:343} ERROR - Failed to import: /opt/airflow/dags/test/test_forexdag_validation.py
Traceback (most recent call last):
  File "/home/airflow/.local/lib/python3.7/site-packages/airflow/models/dagbag.py", line 339, in parse
    loader.exec_module(new_module)
  File "<frozen importlib._bootstrap_external>", line 728, in exec_module
  File "<frozen importlib._bootstrap>", line 219, in _call_with_frames_removed
  File "/opt/airflow/dags/test/test_forexdag_validation.py", line 1, in <module>
    import pytest
ModuleNotFoundError: No module named 'pytest'
[2023-04-02T19:28:03.349+0000] {processor.py:755} WARNING - No viable dags retrieved from /opt/airflow/dags/test/test_forexdag_validation.py
[2023-04-02T19:28:03.367+0000] {processor.py:175} INFO - Processing /opt/airflow/dags/test/test_forexdag_validation.py took 0.091 seconds
[2023-04-02T19:28:33.902+0000] {processor.py:153} INFO - Started process (PID=1516) to work on /opt/airflow/dags/test/test_forexdag_validation.py
[2023-04-02T19:28:33.905+0000] {processor.py:743} INFO - Processing file /opt/airflow/dags/test/test_forexdag_validation.py for tasks to queue
[2023-04-02T19:28:33.906+0000] {logging_mixin.py:137} INFO - [2023-04-02T19:28:33.906+0000] {dagbag.py:538} INFO - Filling up the DagBag from /opt/airflow/dags/test/test_forexdag_validation.py
[2023-04-02T19:28:33.979+0000] {logging_mixin.py:137} INFO - [2023-04-02T19:28:33.965+0000] {dagbag.py:343} ERROR - Failed to import: /opt/airflow/dags/test/test_forexdag_validation.py
Traceback (most recent call last):
  File "/home/airflow/.local/lib/python3.7/site-packages/airflow/models/dagbag.py", line 339, in parse
    loader.exec_module(new_module)
  File "<frozen importlib._bootstrap_external>", line 728, in exec_module
  File "<frozen importlib._bootstrap>", line 219, in _call_with_frames_removed
  File "/opt/airflow/dags/test/test_forexdag_validation.py", line 1, in <module>
    import pytest
ModuleNotFoundError: No module named 'pytest'
[2023-04-02T19:28:33.985+0000] {processor.py:755} WARNING - No viable dags retrieved from /opt/airflow/dags/test/test_forexdag_validation.py
[2023-04-02T19:28:34.004+0000] {processor.py:175} INFO - Processing /opt/airflow/dags/test/test_forexdag_validation.py took 0.104 seconds
[2023-04-02T19:29:04.459+0000] {processor.py:153} INFO - Started process (PID=1560) to work on /opt/airflow/dags/test/test_forexdag_validation.py
[2023-04-02T19:29:04.462+0000] {processor.py:743} INFO - Processing file /opt/airflow/dags/test/test_forexdag_validation.py for tasks to queue
[2023-04-02T19:29:04.463+0000] {logging_mixin.py:137} INFO - [2023-04-02T19:29:04.463+0000] {dagbag.py:538} INFO - Filling up the DagBag from /opt/airflow/dags/test/test_forexdag_validation.py
[2023-04-02T19:29:04.503+0000] {logging_mixin.py:137} INFO - [2023-04-02T19:29:04.496+0000] {dagbag.py:343} ERROR - Failed to import: /opt/airflow/dags/test/test_forexdag_validation.py
Traceback (most recent call last):
  File "/home/airflow/.local/lib/python3.7/site-packages/airflow/models/dagbag.py", line 339, in parse
    loader.exec_module(new_module)
  File "<frozen importlib._bootstrap_external>", line 728, in exec_module
  File "<frozen importlib._bootstrap>", line 219, in _call_with_frames_removed
  File "/opt/airflow/dags/test/test_forexdag_validation.py", line 1, in <module>
    import pytest
ModuleNotFoundError: No module named 'pytest'
[2023-04-02T19:29:04.506+0000] {processor.py:755} WARNING - No viable dags retrieved from /opt/airflow/dags/test/test_forexdag_validation.py
[2023-04-02T19:29:04.526+0000] {processor.py:175} INFO - Processing /opt/airflow/dags/test/test_forexdag_validation.py took 0.070 seconds
[2023-04-02T19:29:35.044+0000] {processor.py:153} INFO - Started process (PID=1624) to work on /opt/airflow/dags/test/test_forexdag_validation.py
[2023-04-02T19:29:35.047+0000] {processor.py:743} INFO - Processing file /opt/airflow/dags/test/test_forexdag_validation.py for tasks to queue
[2023-04-02T19:29:35.048+0000] {logging_mixin.py:137} INFO - [2023-04-02T19:29:35.048+0000] {dagbag.py:538} INFO - Filling up the DagBag from /opt/airflow/dags/test/test_forexdag_validation.py
[2023-04-02T19:29:35.121+0000] {logging_mixin.py:137} INFO - [2023-04-02T19:29:35.109+0000] {dagbag.py:343} ERROR - Failed to import: /opt/airflow/dags/test/test_forexdag_validation.py
Traceback (most recent call last):
  File "/home/airflow/.local/lib/python3.7/site-packages/airflow/models/dagbag.py", line 339, in parse
    loader.exec_module(new_module)
  File "<frozen importlib._bootstrap_external>", line 728, in exec_module
  File "<frozen importlib._bootstrap>", line 219, in _call_with_frames_removed
  File "/opt/airflow/dags/test/test_forexdag_validation.py", line 1, in <module>
    import pytest
ModuleNotFoundError: No module named 'pytest'
[2023-04-02T19:29:35.126+0000] {processor.py:755} WARNING - No viable dags retrieved from /opt/airflow/dags/test/test_forexdag_validation.py
[2023-04-02T19:29:35.148+0000] {processor.py:175} INFO - Processing /opt/airflow/dags/test/test_forexdag_validation.py took 0.108 seconds
[2023-04-02T19:30:06.150+0000] {processor.py:153} INFO - Started process (PID=1668) to work on /opt/airflow/dags/test/test_forexdag_validation.py
[2023-04-02T19:30:06.152+0000] {processor.py:743} INFO - Processing file /opt/airflow/dags/test/test_forexdag_validation.py for tasks to queue
[2023-04-02T19:30:06.154+0000] {logging_mixin.py:137} INFO - [2023-04-02T19:30:06.153+0000] {dagbag.py:538} INFO - Filling up the DagBag from /opt/airflow/dags/test/test_forexdag_validation.py
[2023-04-02T19:30:06.213+0000] {logging_mixin.py:137} INFO - [2023-04-02T19:30:06.197+0000] {dagbag.py:343} ERROR - Failed to import: /opt/airflow/dags/test/test_forexdag_validation.py
Traceback (most recent call last):
  File "/home/airflow/.local/lib/python3.7/site-packages/airflow/models/dagbag.py", line 339, in parse
    loader.exec_module(new_module)
  File "<frozen importlib._bootstrap_external>", line 728, in exec_module
  File "<frozen importlib._bootstrap>", line 219, in _call_with_frames_removed
  File "/opt/airflow/dags/test/test_forexdag_validation.py", line 1, in <module>
    import pytest
ModuleNotFoundError: No module named 'pytest'
[2023-04-02T19:30:06.220+0000] {processor.py:755} WARNING - No viable dags retrieved from /opt/airflow/dags/test/test_forexdag_validation.py
[2023-04-02T19:30:06.240+0000] {processor.py:175} INFO - Processing /opt/airflow/dags/test/test_forexdag_validation.py took 0.092 seconds
[2023-04-02T19:30:36.784+0000] {processor.py:153} INFO - Started process (PID=1732) to work on /opt/airflow/dags/test/test_forexdag_validation.py
[2023-04-02T19:30:36.786+0000] {processor.py:743} INFO - Processing file /opt/airflow/dags/test/test_forexdag_validation.py for tasks to queue
[2023-04-02T19:30:36.788+0000] {logging_mixin.py:137} INFO - [2023-04-02T19:30:36.787+0000] {dagbag.py:538} INFO - Filling up the DagBag from /opt/airflow/dags/test/test_forexdag_validation.py
[2023-04-02T19:30:36.841+0000] {logging_mixin.py:137} INFO - [2023-04-02T19:30:36.830+0000] {dagbag.py:343} ERROR - Failed to import: /opt/airflow/dags/test/test_forexdag_validation.py
Traceback (most recent call last):
  File "/home/airflow/.local/lib/python3.7/site-packages/airflow/models/dagbag.py", line 339, in parse
    loader.exec_module(new_module)
  File "<frozen importlib._bootstrap_external>", line 728, in exec_module
  File "<frozen importlib._bootstrap>", line 219, in _call_with_frames_removed
  File "/opt/airflow/dags/test/test_forexdag_validation.py", line 1, in <module>
    import pytest
ModuleNotFoundError: No module named 'pytest'
[2023-04-02T19:30:36.849+0000] {processor.py:755} WARNING - No viable dags retrieved from /opt/airflow/dags/test/test_forexdag_validation.py
[2023-04-02T19:30:36.878+0000] {processor.py:175} INFO - Processing /opt/airflow/dags/test/test_forexdag_validation.py took 0.097 seconds
[2023-04-02T19:31:07.381+0000] {processor.py:153} INFO - Started process (PID=1776) to work on /opt/airflow/dags/test/test_forexdag_validation.py
[2023-04-02T19:31:07.384+0000] {processor.py:743} INFO - Processing file /opt/airflow/dags/test/test_forexdag_validation.py for tasks to queue
[2023-04-02T19:31:07.385+0000] {logging_mixin.py:137} INFO - [2023-04-02T19:31:07.385+0000] {dagbag.py:538} INFO - Filling up the DagBag from /opt/airflow/dags/test/test_forexdag_validation.py
[2023-04-02T19:31:07.446+0000] {logging_mixin.py:137} INFO - [2023-04-02T19:31:07.435+0000] {dagbag.py:343} ERROR - Failed to import: /opt/airflow/dags/test/test_forexdag_validation.py
Traceback (most recent call last):
  File "/home/airflow/.local/lib/python3.7/site-packages/airflow/models/dagbag.py", line 339, in parse
    loader.exec_module(new_module)
  File "<frozen importlib._bootstrap_external>", line 728, in exec_module
  File "<frozen importlib._bootstrap>", line 219, in _call_with_frames_removed
  File "/opt/airflow/dags/test/test_forexdag_validation.py", line 1, in <module>
    import pytest
ModuleNotFoundError: No module named 'pytest'
[2023-04-02T19:31:07.451+0000] {processor.py:755} WARNING - No viable dags retrieved from /opt/airflow/dags/test/test_forexdag_validation.py
[2023-04-02T19:31:07.472+0000] {processor.py:175} INFO - Processing /opt/airflow/dags/test/test_forexdag_validation.py took 0.093 seconds
[2023-04-02T19:31:37.998+0000] {processor.py:153} INFO - Started process (PID=1841) to work on /opt/airflow/dags/test/test_forexdag_validation.py
[2023-04-02T19:31:38.000+0000] {processor.py:743} INFO - Processing file /opt/airflow/dags/test/test_forexdag_validation.py for tasks to queue
[2023-04-02T19:31:38.002+0000] {logging_mixin.py:137} INFO - [2023-04-02T19:31:38.001+0000] {dagbag.py:538} INFO - Filling up the DagBag from /opt/airflow/dags/test/test_forexdag_validation.py
[2023-04-02T19:31:38.076+0000] {logging_mixin.py:137} INFO - [2023-04-02T19:31:38.063+0000] {dagbag.py:343} ERROR - Failed to import: /opt/airflow/dags/test/test_forexdag_validation.py
Traceback (most recent call last):
  File "/home/airflow/.local/lib/python3.7/site-packages/airflow/models/dagbag.py", line 339, in parse
    loader.exec_module(new_module)
  File "<frozen importlib._bootstrap_external>", line 728, in exec_module
  File "<frozen importlib._bootstrap>", line 219, in _call_with_frames_removed
  File "/opt/airflow/dags/test/test_forexdag_validation.py", line 1, in <module>
    import pytest
ModuleNotFoundError: No module named 'pytest'
[2023-04-02T19:31:38.083+0000] {processor.py:755} WARNING - No viable dags retrieved from /opt/airflow/dags/test/test_forexdag_validation.py
[2023-04-02T19:31:38.103+0000] {processor.py:175} INFO - Processing /opt/airflow/dags/test/test_forexdag_validation.py took 0.108 seconds
[2023-04-02T19:32:08.651+0000] {processor.py:153} INFO - Started process (PID=1885) to work on /opt/airflow/dags/test/test_forexdag_validation.py
[2023-04-02T19:32:08.653+0000] {processor.py:743} INFO - Processing file /opt/airflow/dags/test/test_forexdag_validation.py for tasks to queue
[2023-04-02T19:32:08.654+0000] {logging_mixin.py:137} INFO - [2023-04-02T19:32:08.654+0000] {dagbag.py:538} INFO - Filling up the DagBag from /opt/airflow/dags/test/test_forexdag_validation.py
[2023-04-02T19:32:08.722+0000] {logging_mixin.py:137} INFO - [2023-04-02T19:32:08.711+0000] {dagbag.py:343} ERROR - Failed to import: /opt/airflow/dags/test/test_forexdag_validation.py
Traceback (most recent call last):
  File "/home/airflow/.local/lib/python3.7/site-packages/airflow/models/dagbag.py", line 339, in parse
    loader.exec_module(new_module)
  File "<frozen importlib._bootstrap_external>", line 728, in exec_module
  File "<frozen importlib._bootstrap>", line 219, in _call_with_frames_removed
  File "/opt/airflow/dags/test/test_forexdag_validation.py", line 1, in <module>
    import pytest
ModuleNotFoundError: No module named 'pytest'
[2023-04-02T19:32:08.727+0000] {processor.py:755} WARNING - No viable dags retrieved from /opt/airflow/dags/test/test_forexdag_validation.py
[2023-04-02T19:32:08.749+0000] {processor.py:175} INFO - Processing /opt/airflow/dags/test/test_forexdag_validation.py took 0.101 seconds
[2023-04-02T19:32:39.277+0000] {processor.py:153} INFO - Started process (PID=1949) to work on /opt/airflow/dags/test/test_forexdag_validation.py
[2023-04-02T19:32:39.280+0000] {processor.py:743} INFO - Processing file /opt/airflow/dags/test/test_forexdag_validation.py for tasks to queue
[2023-04-02T19:32:39.282+0000] {logging_mixin.py:137} INFO - [2023-04-02T19:32:39.282+0000] {dagbag.py:538} INFO - Filling up the DagBag from /opt/airflow/dags/test/test_forexdag_validation.py
[2023-04-02T19:32:39.335+0000] {logging_mixin.py:137} INFO - [2023-04-02T19:32:39.328+0000] {dagbag.py:343} ERROR - Failed to import: /opt/airflow/dags/test/test_forexdag_validation.py
Traceback (most recent call last):
  File "/home/airflow/.local/lib/python3.7/site-packages/airflow/models/dagbag.py", line 339, in parse
    loader.exec_module(new_module)
  File "<frozen importlib._bootstrap_external>", line 728, in exec_module
  File "<frozen importlib._bootstrap>", line 219, in _call_with_frames_removed
  File "/opt/airflow/dags/test/test_forexdag_validation.py", line 1, in <module>
    import pytest
ModuleNotFoundError: No module named 'pytest'
[2023-04-02T19:32:39.339+0000] {processor.py:755} WARNING - No viable dags retrieved from /opt/airflow/dags/test/test_forexdag_validation.py
[2023-04-02T19:32:39.358+0000] {processor.py:175} INFO - Processing /opt/airflow/dags/test/test_forexdag_validation.py took 0.084 seconds
[2023-04-02T19:33:09.927+0000] {processor.py:153} INFO - Started process (PID=1993) to work on /opt/airflow/dags/test/test_forexdag_validation.py
[2023-04-02T19:33:09.930+0000] {processor.py:743} INFO - Processing file /opt/airflow/dags/test/test_forexdag_validation.py for tasks to queue
[2023-04-02T19:33:09.932+0000] {logging_mixin.py:137} INFO - [2023-04-02T19:33:09.931+0000] {dagbag.py:538} INFO - Filling up the DagBag from /opt/airflow/dags/test/test_forexdag_validation.py
[2023-04-02T19:33:09.988+0000] {logging_mixin.py:137} INFO - [2023-04-02T19:33:09.977+0000] {dagbag.py:343} ERROR - Failed to import: /opt/airflow/dags/test/test_forexdag_validation.py
Traceback (most recent call last):
  File "/home/airflow/.local/lib/python3.7/site-packages/airflow/models/dagbag.py", line 339, in parse
    loader.exec_module(new_module)
  File "<frozen importlib._bootstrap_external>", line 728, in exec_module
  File "<frozen importlib._bootstrap>", line 219, in _call_with_frames_removed
  File "/opt/airflow/dags/test/test_forexdag_validation.py", line 1, in <module>
    import pytest
ModuleNotFoundError: No module named 'pytest'
[2023-04-02T19:33:09.994+0000] {processor.py:755} WARNING - No viable dags retrieved from /opt/airflow/dags/test/test_forexdag_validation.py
[2023-04-02T19:33:10.016+0000] {processor.py:175} INFO - Processing /opt/airflow/dags/test/test_forexdag_validation.py took 0.093 seconds
[2023-04-02T19:33:40.501+0000] {processor.py:153} INFO - Started process (PID=2058) to work on /opt/airflow/dags/test/test_forexdag_validation.py
[2023-04-02T19:33:40.502+0000] {processor.py:743} INFO - Processing file /opt/airflow/dags/test/test_forexdag_validation.py for tasks to queue
[2023-04-02T19:33:40.503+0000] {logging_mixin.py:137} INFO - [2023-04-02T19:33:40.503+0000] {dagbag.py:538} INFO - Filling up the DagBag from /opt/airflow/dags/test/test_forexdag_validation.py
[2023-04-02T19:33:40.579+0000] {logging_mixin.py:137} INFO - [2023-04-02T19:33:40.567+0000] {dagbag.py:343} ERROR - Failed to import: /opt/airflow/dags/test/test_forexdag_validation.py
Traceback (most recent call last):
  File "/home/airflow/.local/lib/python3.7/site-packages/airflow/models/dagbag.py", line 339, in parse
    loader.exec_module(new_module)
  File "<frozen importlib._bootstrap_external>", line 728, in exec_module
  File "<frozen importlib._bootstrap>", line 219, in _call_with_frames_removed
  File "/opt/airflow/dags/test/test_forexdag_validation.py", line 1, in <module>
    import pytest
ModuleNotFoundError: No module named 'pytest'
[2023-04-02T19:33:40.583+0000] {processor.py:755} WARNING - No viable dags retrieved from /opt/airflow/dags/test/test_forexdag_validation.py
[2023-04-02T19:33:40.603+0000] {processor.py:175} INFO - Processing /opt/airflow/dags/test/test_forexdag_validation.py took 0.104 seconds
[2023-04-02T19:34:11.137+0000] {processor.py:153} INFO - Started process (PID=2103) to work on /opt/airflow/dags/test/test_forexdag_validation.py
[2023-04-02T19:34:11.139+0000] {processor.py:743} INFO - Processing file /opt/airflow/dags/test/test_forexdag_validation.py for tasks to queue
[2023-04-02T19:34:11.140+0000] {logging_mixin.py:137} INFO - [2023-04-02T19:34:11.140+0000] {dagbag.py:538} INFO - Filling up the DagBag from /opt/airflow/dags/test/test_forexdag_validation.py
[2023-04-02T19:34:11.215+0000] {logging_mixin.py:137} INFO - [2023-04-02T19:34:11.203+0000] {dagbag.py:343} ERROR - Failed to import: /opt/airflow/dags/test/test_forexdag_validation.py
Traceback (most recent call last):
  File "/home/airflow/.local/lib/python3.7/site-packages/airflow/models/dagbag.py", line 339, in parse
    loader.exec_module(new_module)
  File "<frozen importlib._bootstrap_external>", line 728, in exec_module
  File "<frozen importlib._bootstrap>", line 219, in _call_with_frames_removed
  File "/opt/airflow/dags/test/test_forexdag_validation.py", line 1, in <module>
    import pytest
ModuleNotFoundError: No module named 'pytest'
[2023-04-02T19:34:11.220+0000] {processor.py:755} WARNING - No viable dags retrieved from /opt/airflow/dags/test/test_forexdag_validation.py
[2023-04-02T19:34:11.239+0000] {processor.py:175} INFO - Processing /opt/airflow/dags/test/test_forexdag_validation.py took 0.104 seconds
[2023-04-02T19:34:41.771+0000] {processor.py:153} INFO - Started process (PID=2168) to work on /opt/airflow/dags/test/test_forexdag_validation.py
[2023-04-02T19:34:41.775+0000] {processor.py:743} INFO - Processing file /opt/airflow/dags/test/test_forexdag_validation.py for tasks to queue
[2023-04-02T19:34:41.777+0000] {logging_mixin.py:137} INFO - [2023-04-02T19:34:41.777+0000] {dagbag.py:538} INFO - Filling up the DagBag from /opt/airflow/dags/test/test_forexdag_validation.py
[2023-04-02T19:34:41.834+0000] {logging_mixin.py:137} INFO - [2023-04-02T19:34:41.827+0000] {dagbag.py:343} ERROR - Failed to import: /opt/airflow/dags/test/test_forexdag_validation.py
Traceback (most recent call last):
  File "/home/airflow/.local/lib/python3.7/site-packages/airflow/models/dagbag.py", line 339, in parse
    loader.exec_module(new_module)
  File "<frozen importlib._bootstrap_external>", line 728, in exec_module
  File "<frozen importlib._bootstrap>", line 219, in _call_with_frames_removed
  File "/opt/airflow/dags/test/test_forexdag_validation.py", line 1, in <module>
    import pytest
ModuleNotFoundError: No module named 'pytest'
[2023-04-02T19:34:41.837+0000] {processor.py:755} WARNING - No viable dags retrieved from /opt/airflow/dags/test/test_forexdag_validation.py
[2023-04-02T19:34:41.858+0000] {processor.py:175} INFO - Processing /opt/airflow/dags/test/test_forexdag_validation.py took 0.090 seconds
[2023-04-02T19:35:12.850+0000] {processor.py:153} INFO - Started process (PID=2212) to work on /opt/airflow/dags/test/test_forexdag_validation.py
[2023-04-02T19:35:12.853+0000] {processor.py:743} INFO - Processing file /opt/airflow/dags/test/test_forexdag_validation.py for tasks to queue
[2023-04-02T19:35:12.854+0000] {logging_mixin.py:137} INFO - [2023-04-02T19:35:12.853+0000] {dagbag.py:538} INFO - Filling up the DagBag from /opt/airflow/dags/test/test_forexdag_validation.py
[2023-04-02T19:35:12.930+0000] {logging_mixin.py:137} INFO - [2023-04-02T19:35:12.906+0000] {dagbag.py:343} ERROR - Failed to import: /opt/airflow/dags/test/test_forexdag_validation.py
Traceback (most recent call last):
  File "/home/airflow/.local/lib/python3.7/site-packages/airflow/models/dagbag.py", line 339, in parse
    loader.exec_module(new_module)
  File "<frozen importlib._bootstrap_external>", line 728, in exec_module
  File "<frozen importlib._bootstrap>", line 219, in _call_with_frames_removed
  File "/opt/airflow/dags/test/test_forexdag_validation.py", line 1, in <module>
    import pytest
ModuleNotFoundError: No module named 'pytest'
[2023-04-02T19:35:12.956+0000] {processor.py:755} WARNING - No viable dags retrieved from /opt/airflow/dags/test/test_forexdag_validation.py
[2023-04-02T19:35:12.992+0000] {processor.py:175} INFO - Processing /opt/airflow/dags/test/test_forexdag_validation.py took 0.145 seconds
[2023-04-02T19:35:43.514+0000] {processor.py:153} INFO - Started process (PID=2276) to work on /opt/airflow/dags/test/test_forexdag_validation.py
[2023-04-02T19:35:43.516+0000] {processor.py:743} INFO - Processing file /opt/airflow/dags/test/test_forexdag_validation.py for tasks to queue
[2023-04-02T19:35:43.517+0000] {logging_mixin.py:137} INFO - [2023-04-02T19:35:43.517+0000] {dagbag.py:538} INFO - Filling up the DagBag from /opt/airflow/dags/test/test_forexdag_validation.py
[2023-04-02T19:35:43.579+0000] {logging_mixin.py:137} INFO - [2023-04-02T19:35:43.569+0000] {dagbag.py:343} ERROR - Failed to import: /opt/airflow/dags/test/test_forexdag_validation.py
Traceback (most recent call last):
  File "/home/airflow/.local/lib/python3.7/site-packages/airflow/models/dagbag.py", line 339, in parse
    loader.exec_module(new_module)
  File "<frozen importlib._bootstrap_external>", line 728, in exec_module
  File "<frozen importlib._bootstrap>", line 219, in _call_with_frames_removed
  File "/opt/airflow/dags/test/test_forexdag_validation.py", line 1, in <module>
    import pytest
ModuleNotFoundError: No module named 'pytest'
[2023-04-02T19:35:43.583+0000] {processor.py:755} WARNING - No viable dags retrieved from /opt/airflow/dags/test/test_forexdag_validation.py
[2023-04-02T19:35:43.601+0000] {processor.py:175} INFO - Processing /opt/airflow/dags/test/test_forexdag_validation.py took 0.089 seconds
[2023-04-02T19:36:14.130+0000] {processor.py:153} INFO - Started process (PID=2319) to work on /opt/airflow/dags/test/test_forexdag_validation.py
[2023-04-02T19:36:14.131+0000] {processor.py:743} INFO - Processing file /opt/airflow/dags/test/test_forexdag_validation.py for tasks to queue
[2023-04-02T19:36:14.132+0000] {logging_mixin.py:137} INFO - [2023-04-02T19:36:14.132+0000] {dagbag.py:538} INFO - Filling up the DagBag from /opt/airflow/dags/test/test_forexdag_validation.py
[2023-04-02T19:36:14.199+0000] {logging_mixin.py:137} INFO - [2023-04-02T19:36:14.186+0000] {dagbag.py:343} ERROR - Failed to import: /opt/airflow/dags/test/test_forexdag_validation.py
Traceback (most recent call last):
  File "/home/airflow/.local/lib/python3.7/site-packages/airflow/models/dagbag.py", line 339, in parse
    loader.exec_module(new_module)
  File "<frozen importlib._bootstrap_external>", line 728, in exec_module
  File "<frozen importlib._bootstrap>", line 219, in _call_with_frames_removed
  File "/opt/airflow/dags/test/test_forexdag_validation.py", line 1, in <module>
    import pytest
ModuleNotFoundError: No module named 'pytest'
[2023-04-02T19:36:14.204+0000] {processor.py:755} WARNING - No viable dags retrieved from /opt/airflow/dags/test/test_forexdag_validation.py
[2023-04-02T19:36:14.224+0000] {processor.py:175} INFO - Processing /opt/airflow/dags/test/test_forexdag_validation.py took 0.097 seconds
[2023-04-02T19:36:44.732+0000] {processor.py:153} INFO - Started process (PID=2383) to work on /opt/airflow/dags/test/test_forexdag_validation.py
[2023-04-02T19:36:44.734+0000] {processor.py:743} INFO - Processing file /opt/airflow/dags/test/test_forexdag_validation.py for tasks to queue
[2023-04-02T19:36:44.735+0000] {logging_mixin.py:137} INFO - [2023-04-02T19:36:44.735+0000] {dagbag.py:538} INFO - Filling up the DagBag from /opt/airflow/dags/test/test_forexdag_validation.py
[2023-04-02T19:36:44.786+0000] {logging_mixin.py:137} INFO - [2023-04-02T19:36:44.774+0000] {dagbag.py:343} ERROR - Failed to import: /opt/airflow/dags/test/test_forexdag_validation.py
Traceback (most recent call last):
  File "/home/airflow/.local/lib/python3.7/site-packages/airflow/models/dagbag.py", line 339, in parse
    loader.exec_module(new_module)
  File "<frozen importlib._bootstrap_external>", line 728, in exec_module
  File "<frozen importlib._bootstrap>", line 219, in _call_with_frames_removed
  File "/opt/airflow/dags/test/test_forexdag_validation.py", line 1, in <module>
    import pytest
ModuleNotFoundError: No module named 'pytest'
[2023-04-02T19:36:44.792+0000] {processor.py:755} WARNING - No viable dags retrieved from /opt/airflow/dags/test/test_forexdag_validation.py
[2023-04-02T19:36:44.811+0000] {processor.py:175} INFO - Processing /opt/airflow/dags/test/test_forexdag_validation.py took 0.081 seconds
[2023-04-02T19:37:15.291+0000] {processor.py:153} INFO - Started process (PID=2428) to work on /opt/airflow/dags/test/test_forexdag_validation.py
[2023-04-02T19:37:15.293+0000] {processor.py:743} INFO - Processing file /opt/airflow/dags/test/test_forexdag_validation.py for tasks to queue
[2023-04-02T19:37:15.295+0000] {logging_mixin.py:137} INFO - [2023-04-02T19:37:15.295+0000] {dagbag.py:538} INFO - Filling up the DagBag from /opt/airflow/dags/test/test_forexdag_validation.py
[2023-04-02T19:37:15.358+0000] {logging_mixin.py:137} INFO - [2023-04-02T19:37:15.344+0000] {dagbag.py:343} ERROR - Failed to import: /opt/airflow/dags/test/test_forexdag_validation.py
Traceback (most recent call last):
  File "/home/airflow/.local/lib/python3.7/site-packages/airflow/models/dagbag.py", line 339, in parse
    loader.exec_module(new_module)
  File "<frozen importlib._bootstrap_external>", line 728, in exec_module
  File "<frozen importlib._bootstrap>", line 219, in _call_with_frames_removed
  File "/opt/airflow/dags/test/test_forexdag_validation.py", line 1, in <module>
    import pytest
ModuleNotFoundError: No module named 'pytest'
[2023-04-02T19:37:15.365+0000] {processor.py:755} WARNING - No viable dags retrieved from /opt/airflow/dags/test/test_forexdag_validation.py
[2023-04-02T19:37:15.387+0000] {processor.py:175} INFO - Processing /opt/airflow/dags/test/test_forexdag_validation.py took 0.099 seconds
[2023-04-02T19:37:45.546+0000] {processor.py:153} INFO - Started process (PID=2492) to work on /opt/airflow/dags/test/test_forexdag_validation.py
[2023-04-02T19:37:45.548+0000] {processor.py:743} INFO - Processing file /opt/airflow/dags/test/test_forexdag_validation.py for tasks to queue
[2023-04-02T19:37:45.549+0000] {logging_mixin.py:137} INFO - [2023-04-02T19:37:45.549+0000] {dagbag.py:538} INFO - Filling up the DagBag from /opt/airflow/dags/test/test_forexdag_validation.py
[2023-04-02T19:37:45.600+0000] {logging_mixin.py:137} INFO - [2023-04-02T19:37:45.586+0000] {dagbag.py:343} ERROR - Failed to import: /opt/airflow/dags/test/test_forexdag_validation.py
Traceback (most recent call last):
  File "/home/airflow/.local/lib/python3.7/site-packages/airflow/models/dagbag.py", line 339, in parse
    loader.exec_module(new_module)
  File "<frozen importlib._bootstrap_external>", line 728, in exec_module
  File "<frozen importlib._bootstrap>", line 219, in _call_with_frames_removed
  File "/opt/airflow/dags/test/test_forexdag_validation.py", line 1, in <module>
    import pytest
ModuleNotFoundError: No module named 'pytest'
[2023-04-02T19:37:45.606+0000] {processor.py:755} WARNING - No viable dags retrieved from /opt/airflow/dags/test/test_forexdag_validation.py
[2023-04-02T19:37:45.625+0000] {processor.py:175} INFO - Processing /opt/airflow/dags/test/test_forexdag_validation.py took 0.081 seconds
[2023-04-02T19:38:16.123+0000] {processor.py:153} INFO - Started process (PID=2537) to work on /opt/airflow/dags/test/test_forexdag_validation.py
[2023-04-02T19:38:16.125+0000] {processor.py:743} INFO - Processing file /opt/airflow/dags/test/test_forexdag_validation.py for tasks to queue
[2023-04-02T19:38:16.126+0000] {logging_mixin.py:137} INFO - [2023-04-02T19:38:16.126+0000] {dagbag.py:538} INFO - Filling up the DagBag from /opt/airflow/dags/test/test_forexdag_validation.py
[2023-04-02T19:38:16.202+0000] {logging_mixin.py:137} INFO - [2023-04-02T19:38:16.185+0000] {dagbag.py:343} ERROR - Failed to import: /opt/airflow/dags/test/test_forexdag_validation.py
Traceback (most recent call last):
  File "/home/airflow/.local/lib/python3.7/site-packages/airflow/models/dagbag.py", line 339, in parse
    loader.exec_module(new_module)
  File "<frozen importlib._bootstrap_external>", line 728, in exec_module
  File "<frozen importlib._bootstrap>", line 219, in _call_with_frames_removed
  File "/opt/airflow/dags/test/test_forexdag_validation.py", line 1, in <module>
    import pytest
ModuleNotFoundError: No module named 'pytest'
[2023-04-02T19:38:16.207+0000] {processor.py:755} WARNING - No viable dags retrieved from /opt/airflow/dags/test/test_forexdag_validation.py
[2023-04-02T19:38:16.227+0000] {processor.py:175} INFO - Processing /opt/airflow/dags/test/test_forexdag_validation.py took 0.106 seconds
[2023-04-02T19:38:46.764+0000] {processor.py:153} INFO - Started process (PID=2601) to work on /opt/airflow/dags/test/test_forexdag_validation.py
[2023-04-02T19:38:46.767+0000] {processor.py:743} INFO - Processing file /opt/airflow/dags/test/test_forexdag_validation.py for tasks to queue
[2023-04-02T19:38:46.768+0000] {logging_mixin.py:137} INFO - [2023-04-02T19:38:46.768+0000] {dagbag.py:538} INFO - Filling up the DagBag from /opt/airflow/dags/test/test_forexdag_validation.py
[2023-04-02T19:38:46.833+0000] {logging_mixin.py:137} INFO - [2023-04-02T19:38:46.820+0000] {dagbag.py:343} ERROR - Failed to import: /opt/airflow/dags/test/test_forexdag_validation.py
Traceback (most recent call last):
  File "/home/airflow/.local/lib/python3.7/site-packages/airflow/models/dagbag.py", line 339, in parse
    loader.exec_module(new_module)
  File "<frozen importlib._bootstrap_external>", line 728, in exec_module
  File "<frozen importlib._bootstrap>", line 219, in _call_with_frames_removed
  File "/opt/airflow/dags/test/test_forexdag_validation.py", line 1, in <module>
    import pytest
ModuleNotFoundError: No module named 'pytest'
[2023-04-02T19:38:46.839+0000] {processor.py:755} WARNING - No viable dags retrieved from /opt/airflow/dags/test/test_forexdag_validation.py
[2023-04-02T19:38:46.864+0000] {processor.py:175} INFO - Processing /opt/airflow/dags/test/test_forexdag_validation.py took 0.103 seconds
[2023-04-02T19:39:17.361+0000] {processor.py:153} INFO - Started process (PID=2645) to work on /opt/airflow/dags/test/test_forexdag_validation.py
[2023-04-02T19:39:17.363+0000] {processor.py:743} INFO - Processing file /opt/airflow/dags/test/test_forexdag_validation.py for tasks to queue
[2023-04-02T19:39:17.364+0000] {logging_mixin.py:137} INFO - [2023-04-02T19:39:17.364+0000] {dagbag.py:538} INFO - Filling up the DagBag from /opt/airflow/dags/test/test_forexdag_validation.py
[2023-04-02T19:39:17.429+0000] {logging_mixin.py:137} INFO - [2023-04-02T19:39:17.417+0000] {dagbag.py:343} ERROR - Failed to import: /opt/airflow/dags/test/test_forexdag_validation.py
Traceback (most recent call last):
  File "/home/airflow/.local/lib/python3.7/site-packages/airflow/models/dagbag.py", line 339, in parse
    loader.exec_module(new_module)
  File "<frozen importlib._bootstrap_external>", line 728, in exec_module
  File "<frozen importlib._bootstrap>", line 219, in _call_with_frames_removed
  File "/opt/airflow/dags/test/test_forexdag_validation.py", line 1, in <module>
    import pytest
ModuleNotFoundError: No module named 'pytest'
[2023-04-02T19:39:17.434+0000] {processor.py:755} WARNING - No viable dags retrieved from /opt/airflow/dags/test/test_forexdag_validation.py
[2023-04-02T19:39:17.455+0000] {processor.py:175} INFO - Processing /opt/airflow/dags/test/test_forexdag_validation.py took 0.096 seconds
[2023-04-02T19:39:47.740+0000] {processor.py:153} INFO - Started process (PID=2709) to work on /opt/airflow/dags/test/test_forexdag_validation.py
[2023-04-02T19:39:47.743+0000] {processor.py:743} INFO - Processing file /opt/airflow/dags/test/test_forexdag_validation.py for tasks to queue
[2023-04-02T19:39:47.743+0000] {logging_mixin.py:137} INFO - [2023-04-02T19:39:47.743+0000] {dagbag.py:538} INFO - Filling up the DagBag from /opt/airflow/dags/test/test_forexdag_validation.py
[2023-04-02T19:39:47.818+0000] {logging_mixin.py:137} INFO - [2023-04-02T19:39:47.803+0000] {dagbag.py:343} ERROR - Failed to import: /opt/airflow/dags/test/test_forexdag_validation.py
Traceback (most recent call last):
  File "/home/airflow/.local/lib/python3.7/site-packages/airflow/models/dagbag.py", line 339, in parse
    loader.exec_module(new_module)
  File "<frozen importlib._bootstrap_external>", line 728, in exec_module
  File "<frozen importlib._bootstrap>", line 219, in _call_with_frames_removed
  File "/opt/airflow/dags/test/test_forexdag_validation.py", line 1, in <module>
    import pytest
ModuleNotFoundError: No module named 'pytest'
[2023-04-02T19:39:47.824+0000] {processor.py:755} WARNING - No viable dags retrieved from /opt/airflow/dags/test/test_forexdag_validation.py
[2023-04-02T19:39:47.845+0000] {processor.py:175} INFO - Processing /opt/airflow/dags/test/test_forexdag_validation.py took 0.108 seconds
[2023-04-02T19:40:18.327+0000] {processor.py:153} INFO - Started process (PID=2753) to work on /opt/airflow/dags/test/test_forexdag_validation.py
[2023-04-02T19:40:18.329+0000] {processor.py:743} INFO - Processing file /opt/airflow/dags/test/test_forexdag_validation.py for tasks to queue
[2023-04-02T19:40:18.330+0000] {logging_mixin.py:137} INFO - [2023-04-02T19:40:18.330+0000] {dagbag.py:538} INFO - Filling up the DagBag from /opt/airflow/dags/test/test_forexdag_validation.py
[2023-04-02T19:40:18.401+0000] {logging_mixin.py:137} INFO - [2023-04-02T19:40:18.383+0000] {dagbag.py:343} ERROR - Failed to import: /opt/airflow/dags/test/test_forexdag_validation.py
Traceback (most recent call last):
  File "/home/airflow/.local/lib/python3.7/site-packages/airflow/models/dagbag.py", line 339, in parse
    loader.exec_module(new_module)
  File "<frozen importlib._bootstrap_external>", line 728, in exec_module
  File "<frozen importlib._bootstrap>", line 219, in _call_with_frames_removed
  File "/opt/airflow/dags/test/test_forexdag_validation.py", line 1, in <module>
    import pytest
ModuleNotFoundError: No module named 'pytest'
[2023-04-02T19:40:18.411+0000] {processor.py:755} WARNING - No viable dags retrieved from /opt/airflow/dags/test/test_forexdag_validation.py
[2023-04-02T19:40:18.433+0000] {processor.py:175} INFO - Processing /opt/airflow/dags/test/test_forexdag_validation.py took 0.108 seconds
[2023-04-02T19:40:49.031+0000] {processor.py:153} INFO - Started process (PID=2817) to work on /opt/airflow/dags/test/test_forexdag_validation.py
[2023-04-02T19:40:49.033+0000] {processor.py:743} INFO - Processing file /opt/airflow/dags/test/test_forexdag_validation.py for tasks to queue
[2023-04-02T19:40:49.035+0000] {logging_mixin.py:137} INFO - [2023-04-02T19:40:49.035+0000] {dagbag.py:538} INFO - Filling up the DagBag from /opt/airflow/dags/test/test_forexdag_validation.py
[2023-04-02T19:40:49.111+0000] {logging_mixin.py:137} INFO - [2023-04-02T19:40:49.100+0000] {dagbag.py:343} ERROR - Failed to import: /opt/airflow/dags/test/test_forexdag_validation.py
Traceback (most recent call last):
  File "/home/airflow/.local/lib/python3.7/site-packages/airflow/models/dagbag.py", line 339, in parse
    loader.exec_module(new_module)
  File "<frozen importlib._bootstrap_external>", line 728, in exec_module
  File "<frozen importlib._bootstrap>", line 219, in _call_with_frames_removed
  File "/opt/airflow/dags/test/test_forexdag_validation.py", line 1, in <module>
    import pytest
ModuleNotFoundError: No module named 'pytest'
[2023-04-02T19:40:49.115+0000] {processor.py:755} WARNING - No viable dags retrieved from /opt/airflow/dags/test/test_forexdag_validation.py
[2023-04-02T19:40:49.135+0000] {processor.py:175} INFO - Processing /opt/airflow/dags/test/test_forexdag_validation.py took 0.107 seconds
[2023-04-02T19:41:19.642+0000] {processor.py:153} INFO - Started process (PID=2862) to work on /opt/airflow/dags/test/test_forexdag_validation.py
[2023-04-02T19:41:19.644+0000] {processor.py:743} INFO - Processing file /opt/airflow/dags/test/test_forexdag_validation.py for tasks to queue
[2023-04-02T19:41:19.646+0000] {logging_mixin.py:137} INFO - [2023-04-02T19:41:19.646+0000] {dagbag.py:538} INFO - Filling up the DagBag from /opt/airflow/dags/test/test_forexdag_validation.py
[2023-04-02T19:41:19.690+0000] {logging_mixin.py:137} INFO - [2023-04-02T19:41:19.682+0000] {dagbag.py:343} ERROR - Failed to import: /opt/airflow/dags/test/test_forexdag_validation.py
Traceback (most recent call last):
  File "/home/airflow/.local/lib/python3.7/site-packages/airflow/models/dagbag.py", line 339, in parse
    loader.exec_module(new_module)
  File "<frozen importlib._bootstrap_external>", line 728, in exec_module
  File "<frozen importlib._bootstrap>", line 219, in _call_with_frames_removed
  File "/opt/airflow/dags/test/test_forexdag_validation.py", line 1, in <module>
    import pytest
ModuleNotFoundError: No module named 'pytest'
[2023-04-02T19:41:19.694+0000] {processor.py:755} WARNING - No viable dags retrieved from /opt/airflow/dags/test/test_forexdag_validation.py
[2023-04-02T19:41:19.711+0000] {processor.py:175} INFO - Processing /opt/airflow/dags/test/test_forexdag_validation.py took 0.071 seconds
[2023-04-02T19:41:50.238+0000] {processor.py:153} INFO - Started process (PID=2927) to work on /opt/airflow/dags/test/test_forexdag_validation.py
[2023-04-02T19:41:50.241+0000] {processor.py:743} INFO - Processing file /opt/airflow/dags/test/test_forexdag_validation.py for tasks to queue
[2023-04-02T19:41:50.243+0000] {logging_mixin.py:137} INFO - [2023-04-02T19:41:50.243+0000] {dagbag.py:538} INFO - Filling up the DagBag from /opt/airflow/dags/test/test_forexdag_validation.py
[2023-04-02T19:41:50.312+0000] {logging_mixin.py:137} INFO - [2023-04-02T19:41:50.302+0000] {dagbag.py:343} ERROR - Failed to import: /opt/airflow/dags/test/test_forexdag_validation.py
Traceback (most recent call last):
  File "/home/airflow/.local/lib/python3.7/site-packages/airflow/models/dagbag.py", line 339, in parse
    loader.exec_module(new_module)
  File "<frozen importlib._bootstrap_external>", line 728, in exec_module
  File "<frozen importlib._bootstrap>", line 219, in _call_with_frames_removed
  File "/opt/airflow/dags/test/test_forexdag_validation.py", line 1, in <module>
    import pytest
ModuleNotFoundError: No module named 'pytest'
[2023-04-02T19:41:50.321+0000] {processor.py:755} WARNING - No viable dags retrieved from /opt/airflow/dags/test/test_forexdag_validation.py
[2023-04-02T19:41:50.342+0000] {processor.py:175} INFO - Processing /opt/airflow/dags/test/test_forexdag_validation.py took 0.107 seconds
[2023-04-02T19:42:20.838+0000] {processor.py:153} INFO - Started process (PID=2971) to work on /opt/airflow/dags/test/test_forexdag_validation.py
[2023-04-02T19:42:20.840+0000] {processor.py:743} INFO - Processing file /opt/airflow/dags/test/test_forexdag_validation.py for tasks to queue
[2023-04-02T19:42:20.841+0000] {logging_mixin.py:137} INFO - [2023-04-02T19:42:20.841+0000] {dagbag.py:538} INFO - Filling up the DagBag from /opt/airflow/dags/test/test_forexdag_validation.py
[2023-04-02T19:42:20.905+0000] {logging_mixin.py:137} INFO - [2023-04-02T19:42:20.894+0000] {dagbag.py:343} ERROR - Failed to import: /opt/airflow/dags/test/test_forexdag_validation.py
Traceback (most recent call last):
  File "/home/airflow/.local/lib/python3.7/site-packages/airflow/models/dagbag.py", line 339, in parse
    loader.exec_module(new_module)
  File "<frozen importlib._bootstrap_external>", line 728, in exec_module
  File "<frozen importlib._bootstrap>", line 219, in _call_with_frames_removed
  File "/opt/airflow/dags/test/test_forexdag_validation.py", line 1, in <module>
    import pytest
ModuleNotFoundError: No module named 'pytest'
[2023-04-02T19:42:20.908+0000] {processor.py:755} WARNING - No viable dags retrieved from /opt/airflow/dags/test/test_forexdag_validation.py
[2023-04-02T19:42:20.928+0000] {processor.py:175} INFO - Processing /opt/airflow/dags/test/test_forexdag_validation.py took 0.093 seconds
[2023-04-02T19:42:51.474+0000] {processor.py:153} INFO - Started process (PID=3035) to work on /opt/airflow/dags/test/test_forexdag_validation.py
[2023-04-02T19:42:51.477+0000] {processor.py:743} INFO - Processing file /opt/airflow/dags/test/test_forexdag_validation.py for tasks to queue
[2023-04-02T19:42:51.479+0000] {logging_mixin.py:137} INFO - [2023-04-02T19:42:51.478+0000] {dagbag.py:538} INFO - Filling up the DagBag from /opt/airflow/dags/test/test_forexdag_validation.py
[2023-04-02T19:42:51.548+0000] {logging_mixin.py:137} INFO - [2023-04-02T19:42:51.534+0000] {dagbag.py:343} ERROR - Failed to import: /opt/airflow/dags/test/test_forexdag_validation.py
Traceback (most recent call last):
  File "/home/airflow/.local/lib/python3.7/site-packages/airflow/models/dagbag.py", line 339, in parse
    loader.exec_module(new_module)
  File "<frozen importlib._bootstrap_external>", line 728, in exec_module
  File "<frozen importlib._bootstrap>", line 219, in _call_with_frames_removed
  File "/opt/airflow/dags/test/test_forexdag_validation.py", line 1, in <module>
    import pytest
ModuleNotFoundError: No module named 'pytest'
[2023-04-02T19:42:51.554+0000] {processor.py:755} WARNING - No viable dags retrieved from /opt/airflow/dags/test/test_forexdag_validation.py
[2023-04-02T19:42:51.576+0000] {processor.py:175} INFO - Processing /opt/airflow/dags/test/test_forexdag_validation.py took 0.106 seconds
[2023-04-02T19:43:22.144+0000] {processor.py:153} INFO - Started process (PID=3078) to work on /opt/airflow/dags/test/test_forexdag_validation.py
[2023-04-02T19:43:22.148+0000] {processor.py:743} INFO - Processing file /opt/airflow/dags/test/test_forexdag_validation.py for tasks to queue
[2023-04-02T19:43:22.149+0000] {logging_mixin.py:137} INFO - [2023-04-02T19:43:22.149+0000] {dagbag.py:538} INFO - Filling up the DagBag from /opt/airflow/dags/test/test_forexdag_validation.py
[2023-04-02T19:43:22.213+0000] {logging_mixin.py:137} INFO - [2023-04-02T19:43:22.201+0000] {dagbag.py:343} ERROR - Failed to import: /opt/airflow/dags/test/test_forexdag_validation.py
Traceback (most recent call last):
  File "/home/airflow/.local/lib/python3.7/site-packages/airflow/models/dagbag.py", line 339, in parse
    loader.exec_module(new_module)
  File "<frozen importlib._bootstrap_external>", line 728, in exec_module
  File "<frozen importlib._bootstrap>", line 219, in _call_with_frames_removed
  File "/opt/airflow/dags/test/test_forexdag_validation.py", line 1, in <module>
    import pytest
ModuleNotFoundError: No module named 'pytest'
[2023-04-02T19:43:22.219+0000] {processor.py:755} WARNING - No viable dags retrieved from /opt/airflow/dags/test/test_forexdag_validation.py
[2023-04-02T19:43:22.241+0000] {processor.py:175} INFO - Processing /opt/airflow/dags/test/test_forexdag_validation.py took 0.100 seconds
[2023-04-02T19:43:52.802+0000] {processor.py:153} INFO - Started process (PID=3142) to work on /opt/airflow/dags/test/test_forexdag_validation.py
[2023-04-02T19:43:52.803+0000] {processor.py:743} INFO - Processing file /opt/airflow/dags/test/test_forexdag_validation.py for tasks to queue
[2023-04-02T19:43:52.804+0000] {logging_mixin.py:137} INFO - [2023-04-02T19:43:52.804+0000] {dagbag.py:538} INFO - Filling up the DagBag from /opt/airflow/dags/test/test_forexdag_validation.py
[2023-04-02T19:43:52.869+0000] {logging_mixin.py:137} INFO - [2023-04-02T19:43:52.856+0000] {dagbag.py:343} ERROR - Failed to import: /opt/airflow/dags/test/test_forexdag_validation.py
Traceback (most recent call last):
  File "/home/airflow/.local/lib/python3.7/site-packages/airflow/models/dagbag.py", line 339, in parse
    loader.exec_module(new_module)
  File "<frozen importlib._bootstrap_external>", line 728, in exec_module
  File "<frozen importlib._bootstrap>", line 219, in _call_with_frames_removed
  File "/opt/airflow/dags/test/test_forexdag_validation.py", line 1, in <module>
    import pytest
ModuleNotFoundError: No module named 'pytest'
[2023-04-02T19:43:52.872+0000] {processor.py:755} WARNING - No viable dags retrieved from /opt/airflow/dags/test/test_forexdag_validation.py
[2023-04-02T19:43:52.893+0000] {processor.py:175} INFO - Processing /opt/airflow/dags/test/test_forexdag_validation.py took 0.094 seconds
[2023-04-02T19:44:23.388+0000] {processor.py:153} INFO - Started process (PID=3186) to work on /opt/airflow/dags/test/test_forexdag_validation.py
[2023-04-02T19:44:23.391+0000] {processor.py:743} INFO - Processing file /opt/airflow/dags/test/test_forexdag_validation.py for tasks to queue
[2023-04-02T19:44:23.392+0000] {logging_mixin.py:137} INFO - [2023-04-02T19:44:23.392+0000] {dagbag.py:538} INFO - Filling up the DagBag from /opt/airflow/dags/test/test_forexdag_validation.py
[2023-04-02T19:44:23.460+0000] {logging_mixin.py:137} INFO - [2023-04-02T19:44:23.448+0000] {dagbag.py:343} ERROR - Failed to import: /opt/airflow/dags/test/test_forexdag_validation.py
Traceback (most recent call last):
  File "/home/airflow/.local/lib/python3.7/site-packages/airflow/models/dagbag.py", line 339, in parse
    loader.exec_module(new_module)
  File "<frozen importlib._bootstrap_external>", line 728, in exec_module
  File "<frozen importlib._bootstrap>", line 219, in _call_with_frames_removed
  File "/opt/airflow/dags/test/test_forexdag_validation.py", line 1, in <module>
    import pytest
ModuleNotFoundError: No module named 'pytest'
[2023-04-02T19:44:23.466+0000] {processor.py:755} WARNING - No viable dags retrieved from /opt/airflow/dags/test/test_forexdag_validation.py
[2023-04-02T19:44:23.485+0000] {processor.py:175} INFO - Processing /opt/airflow/dags/test/test_forexdag_validation.py took 0.100 seconds
[2023-04-02T19:44:54.489+0000] {processor.py:153} INFO - Started process (PID=3251) to work on /opt/airflow/dags/test/test_forexdag_validation.py
[2023-04-02T19:44:54.490+0000] {processor.py:743} INFO - Processing file /opt/airflow/dags/test/test_forexdag_validation.py for tasks to queue
[2023-04-02T19:44:54.491+0000] {logging_mixin.py:137} INFO - [2023-04-02T19:44:54.491+0000] {dagbag.py:538} INFO - Filling up the DagBag from /opt/airflow/dags/test/test_forexdag_validation.py
[2023-04-02T19:44:54.532+0000] {logging_mixin.py:137} INFO - [2023-04-02T19:44:54.523+0000] {dagbag.py:343} ERROR - Failed to import: /opt/airflow/dags/test/test_forexdag_validation.py
Traceback (most recent call last):
  File "/home/airflow/.local/lib/python3.7/site-packages/airflow/models/dagbag.py", line 339, in parse
    loader.exec_module(new_module)
  File "<frozen importlib._bootstrap_external>", line 728, in exec_module
  File "<frozen importlib._bootstrap>", line 219, in _call_with_frames_removed
  File "/opt/airflow/dags/test/test_forexdag_validation.py", line 1, in <module>
    import pytest
ModuleNotFoundError: No module named 'pytest'
[2023-04-02T19:44:54.536+0000] {processor.py:755} WARNING - No viable dags retrieved from /opt/airflow/dags/test/test_forexdag_validation.py
[2023-04-02T19:44:54.556+0000] {processor.py:175} INFO - Processing /opt/airflow/dags/test/test_forexdag_validation.py took 0.069 seconds
[2023-04-02T19:45:25.021+0000] {processor.py:153} INFO - Started process (PID=3294) to work on /opt/airflow/dags/test/test_forexdag_validation.py
[2023-04-02T19:45:25.022+0000] {processor.py:743} INFO - Processing file /opt/airflow/dags/test/test_forexdag_validation.py for tasks to queue
[2023-04-02T19:45:25.023+0000] {logging_mixin.py:137} INFO - [2023-04-02T19:45:25.023+0000] {dagbag.py:538} INFO - Filling up the DagBag from /opt/airflow/dags/test/test_forexdag_validation.py
[2023-04-02T19:45:25.058+0000] {logging_mixin.py:137} INFO - [2023-04-02T19:45:25.051+0000] {dagbag.py:343} ERROR - Failed to import: /opt/airflow/dags/test/test_forexdag_validation.py
Traceback (most recent call last):
  File "/home/airflow/.local/lib/python3.7/site-packages/airflow/models/dagbag.py", line 339, in parse
    loader.exec_module(new_module)
  File "<frozen importlib._bootstrap_external>", line 728, in exec_module
  File "<frozen importlib._bootstrap>", line 219, in _call_with_frames_removed
  File "/opt/airflow/dags/test/test_forexdag_validation.py", line 1, in <module>
    import pytest
ModuleNotFoundError: No module named 'pytest'
[2023-04-02T19:45:25.060+0000] {processor.py:755} WARNING - No viable dags retrieved from /opt/airflow/dags/test/test_forexdag_validation.py
[2023-04-02T19:45:25.077+0000] {processor.py:175} INFO - Processing /opt/airflow/dags/test/test_forexdag_validation.py took 0.059 seconds
[2023-04-02T19:45:55.530+0000] {processor.py:153} INFO - Started process (PID=3358) to work on /opt/airflow/dags/test/test_forexdag_validation.py
[2023-04-02T19:45:55.532+0000] {processor.py:743} INFO - Processing file /opt/airflow/dags/test/test_forexdag_validation.py for tasks to queue
[2023-04-02T19:45:55.533+0000] {logging_mixin.py:137} INFO - [2023-04-02T19:45:55.533+0000] {dagbag.py:538} INFO - Filling up the DagBag from /opt/airflow/dags/test/test_forexdag_validation.py
[2023-04-02T19:45:55.611+0000] {logging_mixin.py:137} INFO - [2023-04-02T19:45:55.597+0000] {dagbag.py:343} ERROR - Failed to import: /opt/airflow/dags/test/test_forexdag_validation.py
Traceback (most recent call last):
  File "/home/airflow/.local/lib/python3.7/site-packages/airflow/models/dagbag.py", line 339, in parse
    loader.exec_module(new_module)
  File "<frozen importlib._bootstrap_external>", line 728, in exec_module
  File "<frozen importlib._bootstrap>", line 219, in _call_with_frames_removed
  File "/opt/airflow/dags/test/test_forexdag_validation.py", line 1, in <module>
    import pytest
ModuleNotFoundError: No module named 'pytest'
[2023-04-02T19:45:55.618+0000] {processor.py:755} WARNING - No viable dags retrieved from /opt/airflow/dags/test/test_forexdag_validation.py
[2023-04-02T19:45:55.641+0000] {processor.py:175} INFO - Processing /opt/airflow/dags/test/test_forexdag_validation.py took 0.114 seconds
[2023-04-02T19:46:26.133+0000] {processor.py:153} INFO - Started process (PID=3402) to work on /opt/airflow/dags/test/test_forexdag_validation.py
[2023-04-02T19:46:26.134+0000] {processor.py:743} INFO - Processing file /opt/airflow/dags/test/test_forexdag_validation.py for tasks to queue
[2023-04-02T19:46:26.135+0000] {logging_mixin.py:137} INFO - [2023-04-02T19:46:26.135+0000] {dagbag.py:538} INFO - Filling up the DagBag from /opt/airflow/dags/test/test_forexdag_validation.py
[2023-04-02T19:46:26.194+0000] {logging_mixin.py:137} INFO - [2023-04-02T19:46:26.181+0000] {dagbag.py:343} ERROR - Failed to import: /opt/airflow/dags/test/test_forexdag_validation.py
Traceback (most recent call last):
  File "/home/airflow/.local/lib/python3.7/site-packages/airflow/models/dagbag.py", line 339, in parse
    loader.exec_module(new_module)
  File "<frozen importlib._bootstrap_external>", line 728, in exec_module
  File "<frozen importlib._bootstrap>", line 219, in _call_with_frames_removed
  File "/opt/airflow/dags/test/test_forexdag_validation.py", line 1, in <module>
    import pytest
ModuleNotFoundError: No module named 'pytest'
[2023-04-02T19:46:26.200+0000] {processor.py:755} WARNING - No viable dags retrieved from /opt/airflow/dags/test/test_forexdag_validation.py
[2023-04-02T19:46:26.221+0000] {processor.py:175} INFO - Processing /opt/airflow/dags/test/test_forexdag_validation.py took 0.091 seconds
[2023-04-02T19:46:56.770+0000] {processor.py:153} INFO - Started process (PID=3464) to work on /opt/airflow/dags/test/test_forexdag_validation.py
[2023-04-02T19:46:56.772+0000] {processor.py:743} INFO - Processing file /opt/airflow/dags/test/test_forexdag_validation.py for tasks to queue
[2023-04-02T19:46:56.773+0000] {logging_mixin.py:137} INFO - [2023-04-02T19:46:56.773+0000] {dagbag.py:538} INFO - Filling up the DagBag from /opt/airflow/dags/test/test_forexdag_validation.py
[2023-04-02T19:46:56.864+0000] {logging_mixin.py:137} INFO - [2023-04-02T19:46:56.846+0000] {dagbag.py:343} ERROR - Failed to import: /opt/airflow/dags/test/test_forexdag_validation.py
Traceback (most recent call last):
  File "/home/airflow/.local/lib/python3.7/site-packages/airflow/models/dagbag.py", line 339, in parse
    loader.exec_module(new_module)
  File "<frozen importlib._bootstrap_external>", line 728, in exec_module
  File "<frozen importlib._bootstrap>", line 219, in _call_with_frames_removed
  File "/opt/airflow/dags/test/test_forexdag_validation.py", line 1, in <module>
    import pytest
ModuleNotFoundError: No module named 'pytest'
[2023-04-02T19:46:56.870+0000] {processor.py:755} WARNING - No viable dags retrieved from /opt/airflow/dags/test/test_forexdag_validation.py
[2023-04-02T19:46:56.900+0000] {processor.py:175} INFO - Processing /opt/airflow/dags/test/test_forexdag_validation.py took 0.135 seconds
[2023-04-02T19:47:27.405+0000] {processor.py:153} INFO - Started process (PID=3517) to work on /opt/airflow/dags/test/test_forexdag_validation.py
[2023-04-02T19:47:27.406+0000] {processor.py:743} INFO - Processing file /opt/airflow/dags/test/test_forexdag_validation.py for tasks to queue
[2023-04-02T19:47:27.407+0000] {logging_mixin.py:137} INFO - [2023-04-02T19:47:27.407+0000] {dagbag.py:538} INFO - Filling up the DagBag from /opt/airflow/dags/test/test_forexdag_validation.py
[2023-04-02T19:47:27.475+0000] {logging_mixin.py:137} INFO - [2023-04-02T19:47:27.462+0000] {dagbag.py:343} ERROR - Failed to import: /opt/airflow/dags/test/test_forexdag_validation.py
Traceback (most recent call last):
  File "/home/airflow/.local/lib/python3.7/site-packages/airflow/models/dagbag.py", line 339, in parse
    loader.exec_module(new_module)
  File "<frozen importlib._bootstrap_external>", line 728, in exec_module
  File "<frozen importlib._bootstrap>", line 219, in _call_with_frames_removed
  File "/opt/airflow/dags/test/test_forexdag_validation.py", line 1, in <module>
    import pytest
ModuleNotFoundError: No module named 'pytest'
[2023-04-02T19:47:27.482+0000] {processor.py:755} WARNING - No viable dags retrieved from /opt/airflow/dags/test/test_forexdag_validation.py
[2023-04-02T19:47:27.505+0000] {processor.py:175} INFO - Processing /opt/airflow/dags/test/test_forexdag_validation.py took 0.103 seconds
[2023-04-02T19:47:58.017+0000] {processor.py:153} INFO - Started process (PID=3572) to work on /opt/airflow/dags/test/test_forexdag_validation.py
[2023-04-02T19:47:58.020+0000] {processor.py:743} INFO - Processing file /opt/airflow/dags/test/test_forexdag_validation.py for tasks to queue
[2023-04-02T19:47:58.021+0000] {logging_mixin.py:137} INFO - [2023-04-02T19:47:58.021+0000] {dagbag.py:538} INFO - Filling up the DagBag from /opt/airflow/dags/test/test_forexdag_validation.py
[2023-04-02T19:47:58.079+0000] {logging_mixin.py:137} INFO - [2023-04-02T19:47:58.067+0000] {dagbag.py:343} ERROR - Failed to import: /opt/airflow/dags/test/test_forexdag_validation.py
Traceback (most recent call last):
  File "/home/airflow/.local/lib/python3.7/site-packages/airflow/models/dagbag.py", line 339, in parse
    loader.exec_module(new_module)
  File "<frozen importlib._bootstrap_external>", line 728, in exec_module
  File "<frozen importlib._bootstrap>", line 219, in _call_with_frames_removed
  File "/opt/airflow/dags/test/test_forexdag_validation.py", line 1, in <module>
    import pytest
ModuleNotFoundError: No module named 'pytest'
[2023-04-02T19:47:58.084+0000] {processor.py:755} WARNING - No viable dags retrieved from /opt/airflow/dags/test/test_forexdag_validation.py
[2023-04-02T19:47:58.105+0000] {processor.py:175} INFO - Processing /opt/airflow/dags/test/test_forexdag_validation.py took 0.090 seconds
[2023-04-02T19:48:28.635+0000] {processor.py:153} INFO - Started process (PID=3625) to work on /opt/airflow/dags/test/test_forexdag_validation.py
[2023-04-02T19:48:28.637+0000] {processor.py:743} INFO - Processing file /opt/airflow/dags/test/test_forexdag_validation.py for tasks to queue
[2023-04-02T19:48:28.638+0000] {logging_mixin.py:137} INFO - [2023-04-02T19:48:28.638+0000] {dagbag.py:538} INFO - Filling up the DagBag from /opt/airflow/dags/test/test_forexdag_validation.py
[2023-04-02T19:48:28.702+0000] {logging_mixin.py:137} INFO - [2023-04-02T19:48:28.691+0000] {dagbag.py:343} ERROR - Failed to import: /opt/airflow/dags/test/test_forexdag_validation.py
Traceback (most recent call last):
  File "/home/airflow/.local/lib/python3.7/site-packages/airflow/models/dagbag.py", line 339, in parse
    loader.exec_module(new_module)
  File "<frozen importlib._bootstrap_external>", line 728, in exec_module
  File "<frozen importlib._bootstrap>", line 219, in _call_with_frames_removed
  File "/opt/airflow/dags/test/test_forexdag_validation.py", line 1, in <module>
    import pytest
ModuleNotFoundError: No module named 'pytest'
[2023-04-02T19:48:28.707+0000] {processor.py:755} WARNING - No viable dags retrieved from /opt/airflow/dags/test/test_forexdag_validation.py
[2023-04-02T19:48:28.734+0000] {processor.py:175} INFO - Processing /opt/airflow/dags/test/test_forexdag_validation.py took 0.103 seconds
[2023-04-02T19:48:59.272+0000] {processor.py:153} INFO - Started process (PID=3681) to work on /opt/airflow/dags/test/test_forexdag_validation.py
[2023-04-02T19:48:59.274+0000] {processor.py:743} INFO - Processing file /opt/airflow/dags/test/test_forexdag_validation.py for tasks to queue
[2023-04-02T19:48:59.276+0000] {logging_mixin.py:137} INFO - [2023-04-02T19:48:59.276+0000] {dagbag.py:538} INFO - Filling up the DagBag from /opt/airflow/dags/test/test_forexdag_validation.py
[2023-04-02T19:48:59.341+0000] {logging_mixin.py:137} INFO - [2023-04-02T19:48:59.333+0000] {dagbag.py:343} ERROR - Failed to import: /opt/airflow/dags/test/test_forexdag_validation.py
Traceback (most recent call last):
  File "/home/airflow/.local/lib/python3.7/site-packages/airflow/models/dagbag.py", line 339, in parse
    loader.exec_module(new_module)
  File "<frozen importlib._bootstrap_external>", line 728, in exec_module
  File "<frozen importlib._bootstrap>", line 219, in _call_with_frames_removed
  File "/opt/airflow/dags/test/test_forexdag_validation.py", line 1, in <module>
    import pytest
ModuleNotFoundError: No module named 'pytest'
[2023-04-02T19:48:59.346+0000] {processor.py:755} WARNING - No viable dags retrieved from /opt/airflow/dags/test/test_forexdag_validation.py
[2023-04-02T19:48:59.367+0000] {processor.py:175} INFO - Processing /opt/airflow/dags/test/test_forexdag_validation.py took 0.098 seconds
[2023-04-02T19:49:29.848+0000] {processor.py:153} INFO - Started process (PID=3735) to work on /opt/airflow/dags/test/test_forexdag_validation.py
[2023-04-02T19:49:29.850+0000] {processor.py:743} INFO - Processing file /opt/airflow/dags/test/test_forexdag_validation.py for tasks to queue
[2023-04-02T19:49:29.851+0000] {logging_mixin.py:137} INFO - [2023-04-02T19:49:29.851+0000] {dagbag.py:538} INFO - Filling up the DagBag from /opt/airflow/dags/test/test_forexdag_validation.py
[2023-04-02T19:49:29.917+0000] {logging_mixin.py:137} INFO - [2023-04-02T19:49:29.905+0000] {dagbag.py:343} ERROR - Failed to import: /opt/airflow/dags/test/test_forexdag_validation.py
Traceback (most recent call last):
  File "/home/airflow/.local/lib/python3.7/site-packages/airflow/models/dagbag.py", line 339, in parse
    loader.exec_module(new_module)
  File "<frozen importlib._bootstrap_external>", line 728, in exec_module
  File "<frozen importlib._bootstrap>", line 219, in _call_with_frames_removed
  File "/opt/airflow/dags/test/test_forexdag_validation.py", line 1, in <module>
    import pytest
ModuleNotFoundError: No module named 'pytest'
[2023-04-02T19:49:29.923+0000] {processor.py:755} WARNING - No viable dags retrieved from /opt/airflow/dags/test/test_forexdag_validation.py
[2023-04-02T19:49:29.947+0000] {processor.py:175} INFO - Processing /opt/airflow/dags/test/test_forexdag_validation.py took 0.102 seconds
[2023-04-02T19:50:00.828+0000] {processor.py:153} INFO - Started process (PID=3790) to work on /opt/airflow/dags/test/test_forexdag_validation.py
[2023-04-02T19:50:00.831+0000] {processor.py:743} INFO - Processing file /opt/airflow/dags/test/test_forexdag_validation.py for tasks to queue
[2023-04-02T19:50:00.833+0000] {logging_mixin.py:137} INFO - [2023-04-02T19:50:00.833+0000] {dagbag.py:538} INFO - Filling up the DagBag from /opt/airflow/dags/test/test_forexdag_validation.py
[2023-04-02T19:50:00.904+0000] {logging_mixin.py:137} INFO - [2023-04-02T19:50:00.892+0000] {dagbag.py:343} ERROR - Failed to import: /opt/airflow/dags/test/test_forexdag_validation.py
Traceback (most recent call last):
  File "/home/airflow/.local/lib/python3.7/site-packages/airflow/models/dagbag.py", line 339, in parse
    loader.exec_module(new_module)
  File "<frozen importlib._bootstrap_external>", line 728, in exec_module
  File "<frozen importlib._bootstrap>", line 219, in _call_with_frames_removed
  File "/opt/airflow/dags/test/test_forexdag_validation.py", line 1, in <module>
    import pytest
ModuleNotFoundError: No module named 'pytest'
[2023-04-02T19:50:00.910+0000] {processor.py:755} WARNING - No viable dags retrieved from /opt/airflow/dags/test/test_forexdag_validation.py
[2023-04-02T19:50:00.935+0000] {processor.py:175} INFO - Processing /opt/airflow/dags/test/test_forexdag_validation.py took 0.111 seconds
[2023-04-02T19:50:31.488+0000] {processor.py:153} INFO - Started process (PID=3835) to work on /opt/airflow/dags/test/test_forexdag_validation.py
[2023-04-02T19:50:31.490+0000] {processor.py:743} INFO - Processing file /opt/airflow/dags/test/test_forexdag_validation.py for tasks to queue
[2023-04-02T19:50:31.492+0000] {logging_mixin.py:137} INFO - [2023-04-02T19:50:31.492+0000] {dagbag.py:538} INFO - Filling up the DagBag from /opt/airflow/dags/test/test_forexdag_validation.py
[2023-04-02T19:50:31.568+0000] {logging_mixin.py:137} INFO - [2023-04-02T19:50:31.556+0000] {dagbag.py:343} ERROR - Failed to import: /opt/airflow/dags/test/test_forexdag_validation.py
Traceback (most recent call last):
  File "/home/airflow/.local/lib/python3.7/site-packages/airflow/models/dagbag.py", line 339, in parse
    loader.exec_module(new_module)
  File "<frozen importlib._bootstrap_external>", line 728, in exec_module
  File "<frozen importlib._bootstrap>", line 219, in _call_with_frames_removed
  File "/opt/airflow/dags/test/test_forexdag_validation.py", line 1, in <module>
    import pytest
ModuleNotFoundError: No module named 'pytest'
[2023-04-02T19:50:31.572+0000] {processor.py:755} WARNING - No viable dags retrieved from /opt/airflow/dags/test/test_forexdag_validation.py
[2023-04-02T19:50:31.604+0000] {processor.py:175} INFO - Processing /opt/airflow/dags/test/test_forexdag_validation.py took 0.119 seconds
[2023-04-02T19:51:02.116+0000] {processor.py:153} INFO - Started process (PID=3899) to work on /opt/airflow/dags/test/test_forexdag_validation.py
[2023-04-02T19:51:02.118+0000] {processor.py:743} INFO - Processing file /opt/airflow/dags/test/test_forexdag_validation.py for tasks to queue
[2023-04-02T19:51:02.120+0000] {logging_mixin.py:137} INFO - [2023-04-02T19:51:02.119+0000] {dagbag.py:538} INFO - Filling up the DagBag from /opt/airflow/dags/test/test_forexdag_validation.py
[2023-04-02T19:51:02.183+0000] {logging_mixin.py:137} INFO - [2023-04-02T19:51:02.169+0000] {dagbag.py:343} ERROR - Failed to import: /opt/airflow/dags/test/test_forexdag_validation.py
Traceback (most recent call last):
  File "/home/airflow/.local/lib/python3.7/site-packages/airflow/models/dagbag.py", line 339, in parse
    loader.exec_module(new_module)
  File "<frozen importlib._bootstrap_external>", line 728, in exec_module
  File "<frozen importlib._bootstrap>", line 219, in _call_with_frames_removed
  File "/opt/airflow/dags/test/test_forexdag_validation.py", line 1, in <module>
    import pytest
ModuleNotFoundError: No module named 'pytest'
[2023-04-02T19:51:02.189+0000] {processor.py:755} WARNING - No viable dags retrieved from /opt/airflow/dags/test/test_forexdag_validation.py
[2023-04-02T19:51:02.210+0000] {processor.py:175} INFO - Processing /opt/airflow/dags/test/test_forexdag_validation.py took 0.096 seconds
[2023-04-02T19:51:32.750+0000] {processor.py:153} INFO - Started process (PID=3944) to work on /opt/airflow/dags/test/test_forexdag_validation.py
[2023-04-02T19:51:32.752+0000] {processor.py:743} INFO - Processing file /opt/airflow/dags/test/test_forexdag_validation.py for tasks to queue
[2023-04-02T19:51:32.753+0000] {logging_mixin.py:137} INFO - [2023-04-02T19:51:32.753+0000] {dagbag.py:538} INFO - Filling up the DagBag from /opt/airflow/dags/test/test_forexdag_validation.py
[2023-04-02T19:51:32.829+0000] {logging_mixin.py:137} INFO - [2023-04-02T19:51:32.810+0000] {dagbag.py:343} ERROR - Failed to import: /opt/airflow/dags/test/test_forexdag_validation.py
Traceback (most recent call last):
  File "/home/airflow/.local/lib/python3.7/site-packages/airflow/models/dagbag.py", line 339, in parse
    loader.exec_module(new_module)
  File "<frozen importlib._bootstrap_external>", line 728, in exec_module
  File "<frozen importlib._bootstrap>", line 219, in _call_with_frames_removed
  File "/opt/airflow/dags/test/test_forexdag_validation.py", line 1, in <module>
    import pytest
ModuleNotFoundError: No module named 'pytest'
[2023-04-02T19:51:32.833+0000] {processor.py:755} WARNING - No viable dags retrieved from /opt/airflow/dags/test/test_forexdag_validation.py
[2023-04-02T19:51:32.853+0000] {processor.py:175} INFO - Processing /opt/airflow/dags/test/test_forexdag_validation.py took 0.106 seconds
[2023-04-02T19:52:03.337+0000] {processor.py:153} INFO - Started process (PID=4007) to work on /opt/airflow/dags/test/test_forexdag_validation.py
[2023-04-02T19:52:03.340+0000] {processor.py:743} INFO - Processing file /opt/airflow/dags/test/test_forexdag_validation.py for tasks to queue
[2023-04-02T19:52:03.341+0000] {logging_mixin.py:137} INFO - [2023-04-02T19:52:03.341+0000] {dagbag.py:538} INFO - Filling up the DagBag from /opt/airflow/dags/test/test_forexdag_validation.py
[2023-04-02T19:52:03.379+0000] {logging_mixin.py:137} INFO - [2023-04-02T19:52:03.369+0000] {dagbag.py:343} ERROR - Failed to import: /opt/airflow/dags/test/test_forexdag_validation.py
Traceback (most recent call last):
  File "/home/airflow/.local/lib/python3.7/site-packages/airflow/models/dagbag.py", line 339, in parse
    loader.exec_module(new_module)
  File "<frozen importlib._bootstrap_external>", line 728, in exec_module
  File "<frozen importlib._bootstrap>", line 219, in _call_with_frames_removed
  File "/opt/airflow/dags/test/test_forexdag_validation.py", line 1, in <module>
    import pytest
ModuleNotFoundError: No module named 'pytest'
[2023-04-02T19:52:03.382+0000] {processor.py:755} WARNING - No viable dags retrieved from /opt/airflow/dags/test/test_forexdag_validation.py
[2023-04-02T19:52:03.402+0000] {processor.py:175} INFO - Processing /opt/airflow/dags/test/test_forexdag_validation.py took 0.068 seconds
[2023-04-02T19:52:33.889+0000] {processor.py:153} INFO - Started process (PID=4051) to work on /opt/airflow/dags/test/test_forexdag_validation.py
[2023-04-02T19:52:33.891+0000] {processor.py:743} INFO - Processing file /opt/airflow/dags/test/test_forexdag_validation.py for tasks to queue
[2023-04-02T19:52:33.892+0000] {logging_mixin.py:137} INFO - [2023-04-02T19:52:33.892+0000] {dagbag.py:538} INFO - Filling up the DagBag from /opt/airflow/dags/test/test_forexdag_validation.py
[2023-04-02T19:52:33.963+0000] {logging_mixin.py:137} INFO - [2023-04-02T19:52:33.947+0000] {dagbag.py:343} ERROR - Failed to import: /opt/airflow/dags/test/test_forexdag_validation.py
Traceback (most recent call last):
  File "/home/airflow/.local/lib/python3.7/site-packages/airflow/models/dagbag.py", line 339, in parse
    loader.exec_module(new_module)
  File "<frozen importlib._bootstrap_external>", line 728, in exec_module
  File "<frozen importlib._bootstrap>", line 219, in _call_with_frames_removed
  File "/opt/airflow/dags/test/test_forexdag_validation.py", line 1, in <module>
    import pytest
ModuleNotFoundError: No module named 'pytest'
[2023-04-02T19:52:33.971+0000] {processor.py:755} WARNING - No viable dags retrieved from /opt/airflow/dags/test/test_forexdag_validation.py
[2023-04-02T19:52:33.993+0000] {processor.py:175} INFO - Processing /opt/airflow/dags/test/test_forexdag_validation.py took 0.106 seconds
[2023-04-02T19:53:04.477+0000] {processor.py:153} INFO - Started process (PID=4115) to work on /opt/airflow/dags/test/test_forexdag_validation.py
[2023-04-02T19:53:04.479+0000] {processor.py:743} INFO - Processing file /opt/airflow/dags/test/test_forexdag_validation.py for tasks to queue
[2023-04-02T19:53:04.480+0000] {logging_mixin.py:137} INFO - [2023-04-02T19:53:04.480+0000] {dagbag.py:538} INFO - Filling up the DagBag from /opt/airflow/dags/test/test_forexdag_validation.py
[2023-04-02T19:53:04.536+0000] {logging_mixin.py:137} INFO - [2023-04-02T19:53:04.524+0000] {dagbag.py:343} ERROR - Failed to import: /opt/airflow/dags/test/test_forexdag_validation.py
Traceback (most recent call last):
  File "/home/airflow/.local/lib/python3.7/site-packages/airflow/models/dagbag.py", line 339, in parse
    loader.exec_module(new_module)
  File "<frozen importlib._bootstrap_external>", line 728, in exec_module
  File "<frozen importlib._bootstrap>", line 219, in _call_with_frames_removed
  File "/opt/airflow/dags/test/test_forexdag_validation.py", line 1, in <module>
    import pytest
ModuleNotFoundError: No module named 'pytest'
[2023-04-02T19:53:04.542+0000] {processor.py:755} WARNING - No viable dags retrieved from /opt/airflow/dags/test/test_forexdag_validation.py
[2023-04-02T19:53:04.562+0000] {processor.py:175} INFO - Processing /opt/airflow/dags/test/test_forexdag_validation.py took 0.088 seconds
[2023-04-02T19:53:35.076+0000] {processor.py:153} INFO - Started process (PID=4159) to work on /opt/airflow/dags/test/test_forexdag_validation.py
[2023-04-02T19:53:35.080+0000] {processor.py:743} INFO - Processing file /opt/airflow/dags/test/test_forexdag_validation.py for tasks to queue
[2023-04-02T19:53:35.081+0000] {logging_mixin.py:137} INFO - [2023-04-02T19:53:35.080+0000] {dagbag.py:538} INFO - Filling up the DagBag from /opt/airflow/dags/test/test_forexdag_validation.py
[2023-04-02T19:53:35.142+0000] {logging_mixin.py:137} INFO - [2023-04-02T19:53:35.134+0000] {dagbag.py:343} ERROR - Failed to import: /opt/airflow/dags/test/test_forexdag_validation.py
Traceback (most recent call last):
  File "/home/airflow/.local/lib/python3.7/site-packages/airflow/models/dagbag.py", line 339, in parse
    loader.exec_module(new_module)
  File "<frozen importlib._bootstrap_external>", line 728, in exec_module
  File "<frozen importlib._bootstrap>", line 219, in _call_with_frames_removed
  File "/opt/airflow/dags/test/test_forexdag_validation.py", line 1, in <module>
    import pytest
ModuleNotFoundError: No module named 'pytest'
[2023-04-02T19:53:35.146+0000] {processor.py:755} WARNING - No viable dags retrieved from /opt/airflow/dags/test/test_forexdag_validation.py
[2023-04-02T19:53:35.164+0000] {processor.py:175} INFO - Processing /opt/airflow/dags/test/test_forexdag_validation.py took 0.090 seconds
[2023-04-02T19:54:05.748+0000] {processor.py:153} INFO - Started process (PID=4224) to work on /opt/airflow/dags/test/test_forexdag_validation.py
[2023-04-02T19:54:05.750+0000] {processor.py:743} INFO - Processing file /opt/airflow/dags/test/test_forexdag_validation.py for tasks to queue
[2023-04-02T19:54:05.752+0000] {logging_mixin.py:137} INFO - [2023-04-02T19:54:05.752+0000] {dagbag.py:538} INFO - Filling up the DagBag from /opt/airflow/dags/test/test_forexdag_validation.py
[2023-04-02T19:54:05.818+0000] {logging_mixin.py:137} INFO - [2023-04-02T19:54:05.808+0000] {dagbag.py:343} ERROR - Failed to import: /opt/airflow/dags/test/test_forexdag_validation.py
Traceback (most recent call last):
  File "/home/airflow/.local/lib/python3.7/site-packages/airflow/models/dagbag.py", line 339, in parse
    loader.exec_module(new_module)
  File "<frozen importlib._bootstrap_external>", line 728, in exec_module
  File "<frozen importlib._bootstrap>", line 219, in _call_with_frames_removed
  File "/opt/airflow/dags/test/test_forexdag_validation.py", line 1, in <module>
    import pytest
ModuleNotFoundError: No module named 'pytest'
[2023-04-02T19:54:05.824+0000] {processor.py:755} WARNING - No viable dags retrieved from /opt/airflow/dags/test/test_forexdag_validation.py
[2023-04-02T19:54:05.851+0000] {processor.py:175} INFO - Processing /opt/airflow/dags/test/test_forexdag_validation.py took 0.107 seconds
[2023-04-02T19:54:36.448+0000] {processor.py:153} INFO - Started process (PID=4274) to work on /opt/airflow/dags/test/test_forexdag_validation.py
[2023-04-02T19:54:36.450+0000] {processor.py:743} INFO - Processing file /opt/airflow/dags/test/test_forexdag_validation.py for tasks to queue
[2023-04-02T19:54:36.452+0000] {logging_mixin.py:137} INFO - [2023-04-02T19:54:36.451+0000] {dagbag.py:538} INFO - Filling up the DagBag from /opt/airflow/dags/test/test_forexdag_validation.py
[2023-04-02T19:54:36.537+0000] {logging_mixin.py:137} INFO - [2023-04-02T19:54:36.521+0000] {dagbag.py:343} ERROR - Failed to import: /opt/airflow/dags/test/test_forexdag_validation.py
Traceback (most recent call last):
  File "/home/airflow/.local/lib/python3.7/site-packages/airflow/models/dagbag.py", line 339, in parse
    loader.exec_module(new_module)
  File "<frozen importlib._bootstrap_external>", line 728, in exec_module
  File "<frozen importlib._bootstrap>", line 219, in _call_with_frames_removed
  File "/opt/airflow/dags/test/test_forexdag_validation.py", line 1, in <module>
    import pytest
ModuleNotFoundError: No module named 'pytest'
[2023-04-02T19:54:36.543+0000] {processor.py:755} WARNING - No viable dags retrieved from /opt/airflow/dags/test/test_forexdag_validation.py
[2023-04-02T19:54:36.568+0000] {processor.py:175} INFO - Processing /opt/airflow/dags/test/test_forexdag_validation.py took 0.123 seconds
[2023-04-02T19:55:07.598+0000] {processor.py:153} INFO - Started process (PID=4332) to work on /opt/airflow/dags/test/test_forexdag_validation.py
[2023-04-02T19:55:07.602+0000] {processor.py:743} INFO - Processing file /opt/airflow/dags/test/test_forexdag_validation.py for tasks to queue
[2023-04-02T19:55:07.603+0000] {logging_mixin.py:137} INFO - [2023-04-02T19:55:07.603+0000] {dagbag.py:538} INFO - Filling up the DagBag from /opt/airflow/dags/test/test_forexdag_validation.py
[2023-04-02T19:55:07.671+0000] {logging_mixin.py:137} INFO - [2023-04-02T19:55:07.658+0000] {dagbag.py:343} ERROR - Failed to import: /opt/airflow/dags/test/test_forexdag_validation.py
Traceback (most recent call last):
  File "/home/airflow/.local/lib/python3.7/site-packages/airflow/models/dagbag.py", line 339, in parse
    loader.exec_module(new_module)
  File "<frozen importlib._bootstrap_external>", line 728, in exec_module
  File "<frozen importlib._bootstrap>", line 219, in _call_with_frames_removed
  File "/opt/airflow/dags/test/test_forexdag_validation.py", line 1, in <module>
    import pytest
ModuleNotFoundError: No module named 'pytest'
[2023-04-02T19:55:07.677+0000] {processor.py:755} WARNING - No viable dags retrieved from /opt/airflow/dags/test/test_forexdag_validation.py
[2023-04-02T19:55:07.700+0000] {processor.py:175} INFO - Processing /opt/airflow/dags/test/test_forexdag_validation.py took 0.104 seconds
[2023-04-02T19:55:38.253+0000] {processor.py:153} INFO - Started process (PID=4396) to work on /opt/airflow/dags/test/test_forexdag_validation.py
[2023-04-02T19:55:38.255+0000] {processor.py:743} INFO - Processing file /opt/airflow/dags/test/test_forexdag_validation.py for tasks to queue
[2023-04-02T19:55:38.257+0000] {logging_mixin.py:137} INFO - [2023-04-02T19:55:38.257+0000] {dagbag.py:538} INFO - Filling up the DagBag from /opt/airflow/dags/test/test_forexdag_validation.py
[2023-04-02T19:55:38.323+0000] {logging_mixin.py:137} INFO - [2023-04-02T19:55:38.313+0000] {dagbag.py:343} ERROR - Failed to import: /opt/airflow/dags/test/test_forexdag_validation.py
Traceback (most recent call last):
  File "/home/airflow/.local/lib/python3.7/site-packages/airflow/models/dagbag.py", line 339, in parse
    loader.exec_module(new_module)
  File "<frozen importlib._bootstrap_external>", line 728, in exec_module
  File "<frozen importlib._bootstrap>", line 219, in _call_with_frames_removed
  File "/opt/airflow/dags/test/test_forexdag_validation.py", line 1, in <module>
    import pytest
ModuleNotFoundError: No module named 'pytest'
[2023-04-02T19:55:38.327+0000] {processor.py:755} WARNING - No viable dags retrieved from /opt/airflow/dags/test/test_forexdag_validation.py
[2023-04-02T19:55:38.349+0000] {processor.py:175} INFO - Processing /opt/airflow/dags/test/test_forexdag_validation.py took 0.100 seconds
[2023-04-02T19:56:08.865+0000] {processor.py:153} INFO - Started process (PID=4441) to work on /opt/airflow/dags/test/test_forexdag_validation.py
[2023-04-02T19:56:08.867+0000] {processor.py:743} INFO - Processing file /opt/airflow/dags/test/test_forexdag_validation.py for tasks to queue
[2023-04-02T19:56:08.869+0000] {logging_mixin.py:137} INFO - [2023-04-02T19:56:08.869+0000] {dagbag.py:538} INFO - Filling up the DagBag from /opt/airflow/dags/test/test_forexdag_validation.py
[2023-04-02T19:56:08.926+0000] {logging_mixin.py:137} INFO - [2023-04-02T19:56:08.914+0000] {dagbag.py:343} ERROR - Failed to import: /opt/airflow/dags/test/test_forexdag_validation.py
Traceback (most recent call last):
  File "/home/airflow/.local/lib/python3.7/site-packages/airflow/models/dagbag.py", line 339, in parse
    loader.exec_module(new_module)
  File "<frozen importlib._bootstrap_external>", line 728, in exec_module
  File "<frozen importlib._bootstrap>", line 219, in _call_with_frames_removed
  File "/opt/airflow/dags/test/test_forexdag_validation.py", line 1, in <module>
    import pytest
ModuleNotFoundError: No module named 'pytest'
[2023-04-02T19:56:08.931+0000] {processor.py:755} WARNING - No viable dags retrieved from /opt/airflow/dags/test/test_forexdag_validation.py
[2023-04-02T19:56:08.953+0000] {processor.py:175} INFO - Processing /opt/airflow/dags/test/test_forexdag_validation.py took 0.090 seconds
[2023-04-02T19:56:39.442+0000] {processor.py:153} INFO - Started process (PID=4505) to work on /opt/airflow/dags/test/test_forexdag_validation.py
[2023-04-02T19:56:39.445+0000] {processor.py:743} INFO - Processing file /opt/airflow/dags/test/test_forexdag_validation.py for tasks to queue
[2023-04-02T19:56:39.446+0000] {logging_mixin.py:137} INFO - [2023-04-02T19:56:39.446+0000] {dagbag.py:538} INFO - Filling up the DagBag from /opt/airflow/dags/test/test_forexdag_validation.py
[2023-04-02T19:56:39.511+0000] {logging_mixin.py:137} INFO - [2023-04-02T19:56:39.498+0000] {dagbag.py:343} ERROR - Failed to import: /opt/airflow/dags/test/test_forexdag_validation.py
Traceback (most recent call last):
  File "/home/airflow/.local/lib/python3.7/site-packages/airflow/models/dagbag.py", line 339, in parse
    loader.exec_module(new_module)
  File "<frozen importlib._bootstrap_external>", line 728, in exec_module
  File "<frozen importlib._bootstrap>", line 219, in _call_with_frames_removed
  File "/opt/airflow/dags/test/test_forexdag_validation.py", line 1, in <module>
    import pytest
ModuleNotFoundError: No module named 'pytest'
[2023-04-02T19:56:39.518+0000] {processor.py:755} WARNING - No viable dags retrieved from /opt/airflow/dags/test/test_forexdag_validation.py
[2023-04-02T19:56:39.541+0000] {processor.py:175} INFO - Processing /opt/airflow/dags/test/test_forexdag_validation.py took 0.101 seconds
[2023-04-02T19:57:10.048+0000] {processor.py:153} INFO - Started process (PID=4549) to work on /opt/airflow/dags/test/test_forexdag_validation.py
[2023-04-02T19:57:10.051+0000] {processor.py:743} INFO - Processing file /opt/airflow/dags/test/test_forexdag_validation.py for tasks to queue
[2023-04-02T19:57:10.052+0000] {logging_mixin.py:137} INFO - [2023-04-02T19:57:10.052+0000] {dagbag.py:538} INFO - Filling up the DagBag from /opt/airflow/dags/test/test_forexdag_validation.py
[2023-04-02T19:57:10.112+0000] {logging_mixin.py:137} INFO - [2023-04-02T19:57:10.096+0000] {dagbag.py:343} ERROR - Failed to import: /opt/airflow/dags/test/test_forexdag_validation.py
Traceback (most recent call last):
  File "/home/airflow/.local/lib/python3.7/site-packages/airflow/models/dagbag.py", line 339, in parse
    loader.exec_module(new_module)
  File "<frozen importlib._bootstrap_external>", line 728, in exec_module
  File "<frozen importlib._bootstrap>", line 219, in _call_with_frames_removed
  File "/opt/airflow/dags/test/test_forexdag_validation.py", line 1, in <module>
    import pytest
ModuleNotFoundError: No module named 'pytest'
[2023-04-02T19:57:10.117+0000] {processor.py:755} WARNING - No viable dags retrieved from /opt/airflow/dags/test/test_forexdag_validation.py
[2023-04-02T19:57:10.137+0000] {processor.py:175} INFO - Processing /opt/airflow/dags/test/test_forexdag_validation.py took 0.091 seconds
[2023-04-02T19:57:40.660+0000] {processor.py:153} INFO - Started process (PID=4593) to work on /opt/airflow/dags/test/test_forexdag_validation.py
[2023-04-02T19:57:40.663+0000] {processor.py:743} INFO - Processing file /opt/airflow/dags/test/test_forexdag_validation.py for tasks to queue
[2023-04-02T19:57:40.664+0000] {logging_mixin.py:137} INFO - [2023-04-02T19:57:40.663+0000] {dagbag.py:538} INFO - Filling up the DagBag from /opt/airflow/dags/test/test_forexdag_validation.py
[2023-04-02T19:57:40.732+0000] {logging_mixin.py:137} INFO - [2023-04-02T19:57:40.722+0000] {dagbag.py:343} ERROR - Failed to import: /opt/airflow/dags/test/test_forexdag_validation.py
Traceback (most recent call last):
  File "/home/airflow/.local/lib/python3.7/site-packages/airflow/models/dagbag.py", line 339, in parse
    loader.exec_module(new_module)
  File "<frozen importlib._bootstrap_external>", line 728, in exec_module
  File "<frozen importlib._bootstrap>", line 219, in _call_with_frames_removed
  File "/opt/airflow/dags/test/test_forexdag_validation.py", line 1, in <module>
    import pytest
ModuleNotFoundError: No module named 'pytest'
[2023-04-02T19:57:40.737+0000] {processor.py:755} WARNING - No viable dags retrieved from /opt/airflow/dags/test/test_forexdag_validation.py
[2023-04-02T19:57:40.759+0000] {processor.py:175} INFO - Processing /opt/airflow/dags/test/test_forexdag_validation.py took 0.102 seconds
[2023-04-02T19:58:11.279+0000] {processor.py:153} INFO - Started process (PID=4658) to work on /opt/airflow/dags/test/test_forexdag_validation.py
[2023-04-02T19:58:11.281+0000] {processor.py:743} INFO - Processing file /opt/airflow/dags/test/test_forexdag_validation.py for tasks to queue
[2023-04-02T19:58:11.283+0000] {logging_mixin.py:137} INFO - [2023-04-02T19:58:11.282+0000] {dagbag.py:538} INFO - Filling up the DagBag from /opt/airflow/dags/test/test_forexdag_validation.py
[2023-04-02T19:58:11.324+0000] {logging_mixin.py:137} INFO - [2023-04-02T19:58:11.313+0000] {dagbag.py:343} ERROR - Failed to import: /opt/airflow/dags/test/test_forexdag_validation.py
Traceback (most recent call last):
  File "/home/airflow/.local/lib/python3.7/site-packages/airflow/models/dagbag.py", line 339, in parse
    loader.exec_module(new_module)
  File "<frozen importlib._bootstrap_external>", line 728, in exec_module
  File "<frozen importlib._bootstrap>", line 219, in _call_with_frames_removed
  File "/opt/airflow/dags/test/test_forexdag_validation.py", line 1, in <module>
    import pytest
ModuleNotFoundError: No module named 'pytest'
[2023-04-02T19:58:11.326+0000] {processor.py:755} WARNING - No viable dags retrieved from /opt/airflow/dags/test/test_forexdag_validation.py
[2023-04-02T19:58:11.347+0000] {processor.py:175} INFO - Processing /opt/airflow/dags/test/test_forexdag_validation.py took 0.070 seconds
[2023-04-02T19:58:41.845+0000] {processor.py:153} INFO - Started process (PID=4702) to work on /opt/airflow/dags/test/test_forexdag_validation.py
[2023-04-02T19:58:41.849+0000] {processor.py:743} INFO - Processing file /opt/airflow/dags/test/test_forexdag_validation.py for tasks to queue
[2023-04-02T19:58:41.850+0000] {logging_mixin.py:137} INFO - [2023-04-02T19:58:41.850+0000] {dagbag.py:538} INFO - Filling up the DagBag from /opt/airflow/dags/test/test_forexdag_validation.py
[2023-04-02T19:58:41.921+0000] {logging_mixin.py:137} INFO - [2023-04-02T19:58:41.907+0000] {dagbag.py:343} ERROR - Failed to import: /opt/airflow/dags/test/test_forexdag_validation.py
Traceback (most recent call last):
  File "/home/airflow/.local/lib/python3.7/site-packages/airflow/models/dagbag.py", line 339, in parse
    loader.exec_module(new_module)
  File "<frozen importlib._bootstrap_external>", line 728, in exec_module
  File "<frozen importlib._bootstrap>", line 219, in _call_with_frames_removed
  File "/opt/airflow/dags/test/test_forexdag_validation.py", line 1, in <module>
    import pytest
ModuleNotFoundError: No module named 'pytest'
[2023-04-02T19:58:41.925+0000] {processor.py:755} WARNING - No viable dags retrieved from /opt/airflow/dags/test/test_forexdag_validation.py
[2023-04-02T19:58:41.946+0000] {processor.py:175} INFO - Processing /opt/airflow/dags/test/test_forexdag_validation.py took 0.104 seconds
[2023-04-02T19:59:12.503+0000] {processor.py:153} INFO - Started process (PID=4767) to work on /opt/airflow/dags/test/test_forexdag_validation.py
[2023-04-02T19:59:12.505+0000] {processor.py:743} INFO - Processing file /opt/airflow/dags/test/test_forexdag_validation.py for tasks to queue
[2023-04-02T19:59:12.507+0000] {logging_mixin.py:137} INFO - [2023-04-02T19:59:12.506+0000] {dagbag.py:538} INFO - Filling up the DagBag from /opt/airflow/dags/test/test_forexdag_validation.py
[2023-04-02T19:59:12.567+0000] {logging_mixin.py:137} INFO - [2023-04-02T19:59:12.557+0000] {dagbag.py:343} ERROR - Failed to import: /opt/airflow/dags/test/test_forexdag_validation.py
Traceback (most recent call last):
  File "/home/airflow/.local/lib/python3.7/site-packages/airflow/models/dagbag.py", line 339, in parse
    loader.exec_module(new_module)
  File "<frozen importlib._bootstrap_external>", line 728, in exec_module
  File "<frozen importlib._bootstrap>", line 219, in _call_with_frames_removed
  File "/opt/airflow/dags/test/test_forexdag_validation.py", line 1, in <module>
    import pytest
ModuleNotFoundError: No module named 'pytest'
[2023-04-02T19:59:12.572+0000] {processor.py:755} WARNING - No viable dags retrieved from /opt/airflow/dags/test/test_forexdag_validation.py
[2023-04-02T19:59:12.593+0000] {processor.py:175} INFO - Processing /opt/airflow/dags/test/test_forexdag_validation.py took 0.093 seconds
[2023-04-02T19:59:43.139+0000] {processor.py:153} INFO - Started process (PID=4811) to work on /opt/airflow/dags/test/test_forexdag_validation.py
[2023-04-02T19:59:43.141+0000] {processor.py:743} INFO - Processing file /opt/airflow/dags/test/test_forexdag_validation.py for tasks to queue
[2023-04-02T19:59:43.142+0000] {logging_mixin.py:137} INFO - [2023-04-02T19:59:43.142+0000] {dagbag.py:538} INFO - Filling up the DagBag from /opt/airflow/dags/test/test_forexdag_validation.py
[2023-04-02T19:59:43.212+0000] {logging_mixin.py:137} INFO - [2023-04-02T19:59:43.197+0000] {dagbag.py:343} ERROR - Failed to import: /opt/airflow/dags/test/test_forexdag_validation.py
Traceback (most recent call last):
  File "/home/airflow/.local/lib/python3.7/site-packages/airflow/models/dagbag.py", line 339, in parse
    loader.exec_module(new_module)
  File "<frozen importlib._bootstrap_external>", line 728, in exec_module
  File "<frozen importlib._bootstrap>", line 219, in _call_with_frames_removed
  File "/opt/airflow/dags/test/test_forexdag_validation.py", line 1, in <module>
    import pytest
ModuleNotFoundError: No module named 'pytest'
[2023-04-02T19:59:43.217+0000] {processor.py:755} WARNING - No viable dags retrieved from /opt/airflow/dags/test/test_forexdag_validation.py
[2023-04-02T19:59:43.237+0000] {processor.py:175} INFO - Processing /opt/airflow/dags/test/test_forexdag_validation.py took 0.100 seconds
[2023-04-02T20:00:14.193+0000] {processor.py:153} INFO - Started process (PID=4875) to work on /opt/airflow/dags/test/test_forexdag_validation.py
[2023-04-02T20:00:14.195+0000] {processor.py:743} INFO - Processing file /opt/airflow/dags/test/test_forexdag_validation.py for tasks to queue
[2023-04-02T20:00:14.197+0000] {logging_mixin.py:137} INFO - [2023-04-02T20:00:14.197+0000] {dagbag.py:538} INFO - Filling up the DagBag from /opt/airflow/dags/test/test_forexdag_validation.py
[2023-04-02T20:00:14.261+0000] {logging_mixin.py:137} INFO - [2023-04-02T20:00:14.250+0000] {dagbag.py:343} ERROR - Failed to import: /opt/airflow/dags/test/test_forexdag_validation.py
Traceback (most recent call last):
  File "/home/airflow/.local/lib/python3.7/site-packages/airflow/models/dagbag.py", line 339, in parse
    loader.exec_module(new_module)
  File "<frozen importlib._bootstrap_external>", line 728, in exec_module
  File "<frozen importlib._bootstrap>", line 219, in _call_with_frames_removed
  File "/opt/airflow/dags/test/test_forexdag_validation.py", line 1, in <module>
    import pytest
ModuleNotFoundError: No module named 'pytest'
[2023-04-02T20:00:14.266+0000] {processor.py:755} WARNING - No viable dags retrieved from /opt/airflow/dags/test/test_forexdag_validation.py
[2023-04-02T20:00:14.288+0000] {processor.py:175} INFO - Processing /opt/airflow/dags/test/test_forexdag_validation.py took 0.098 seconds
[2023-04-02T20:00:44.797+0000] {processor.py:153} INFO - Started process (PID=4928) to work on /opt/airflow/dags/test/test_forexdag_validation.py
[2023-04-02T20:00:44.799+0000] {processor.py:743} INFO - Processing file /opt/airflow/dags/test/test_forexdag_validation.py for tasks to queue
[2023-04-02T20:00:44.802+0000] {logging_mixin.py:137} INFO - [2023-04-02T20:00:44.801+0000] {dagbag.py:538} INFO - Filling up the DagBag from /opt/airflow/dags/test/test_forexdag_validation.py
[2023-04-02T20:00:44.857+0000] {logging_mixin.py:137} INFO - [2023-04-02T20:00:44.844+0000] {dagbag.py:343} ERROR - Failed to import: /opt/airflow/dags/test/test_forexdag_validation.py
Traceback (most recent call last):
  File "/home/airflow/.local/lib/python3.7/site-packages/airflow/models/dagbag.py", line 339, in parse
    loader.exec_module(new_module)
  File "<frozen importlib._bootstrap_external>", line 728, in exec_module
  File "<frozen importlib._bootstrap>", line 219, in _call_with_frames_removed
  File "/opt/airflow/dags/test/test_forexdag_validation.py", line 1, in <module>
    import pytest
ModuleNotFoundError: No module named 'pytest'
[2023-04-02T20:00:44.863+0000] {processor.py:755} WARNING - No viable dags retrieved from /opt/airflow/dags/test/test_forexdag_validation.py
[2023-04-02T20:00:44.887+0000] {processor.py:175} INFO - Processing /opt/airflow/dags/test/test_forexdag_validation.py took 0.093 seconds
[2023-04-02T20:01:15.418+0000] {processor.py:153} INFO - Started process (PID=4983) to work on /opt/airflow/dags/test/test_forexdag_validation.py
[2023-04-02T20:01:15.420+0000] {processor.py:743} INFO - Processing file /opt/airflow/dags/test/test_forexdag_validation.py for tasks to queue
[2023-04-02T20:01:15.422+0000] {logging_mixin.py:137} INFO - [2023-04-02T20:01:15.421+0000] {dagbag.py:538} INFO - Filling up the DagBag from /opt/airflow/dags/test/test_forexdag_validation.py
[2023-04-02T20:01:15.485+0000] {logging_mixin.py:137} INFO - [2023-04-02T20:01:15.474+0000] {dagbag.py:343} ERROR - Failed to import: /opt/airflow/dags/test/test_forexdag_validation.py
Traceback (most recent call last):
  File "/home/airflow/.local/lib/python3.7/site-packages/airflow/models/dagbag.py", line 339, in parse
    loader.exec_module(new_module)
  File "<frozen importlib._bootstrap_external>", line 728, in exec_module
  File "<frozen importlib._bootstrap>", line 219, in _call_with_frames_removed
  File "/opt/airflow/dags/test/test_forexdag_validation.py", line 1, in <module>
    import pytest
ModuleNotFoundError: No module named 'pytest'
[2023-04-02T20:01:15.488+0000] {processor.py:755} WARNING - No viable dags retrieved from /opt/airflow/dags/test/test_forexdag_validation.py
[2023-04-02T20:01:15.511+0000] {processor.py:175} INFO - Processing /opt/airflow/dags/test/test_forexdag_validation.py took 0.096 seconds
[2023-04-02T20:01:46.005+0000] {processor.py:153} INFO - Started process (PID=5036) to work on /opt/airflow/dags/test/test_forexdag_validation.py
[2023-04-02T20:01:46.008+0000] {processor.py:743} INFO - Processing file /opt/airflow/dags/test/test_forexdag_validation.py for tasks to queue
[2023-04-02T20:01:46.009+0000] {logging_mixin.py:137} INFO - [2023-04-02T20:01:46.009+0000] {dagbag.py:538} INFO - Filling up the DagBag from /opt/airflow/dags/test/test_forexdag_validation.py
[2023-04-02T20:01:46.080+0000] {logging_mixin.py:137} INFO - [2023-04-02T20:01:46.068+0000] {dagbag.py:343} ERROR - Failed to import: /opt/airflow/dags/test/test_forexdag_validation.py
Traceback (most recent call last):
  File "/home/airflow/.local/lib/python3.7/site-packages/airflow/models/dagbag.py", line 339, in parse
    loader.exec_module(new_module)
  File "<frozen importlib._bootstrap_external>", line 728, in exec_module
  File "<frozen importlib._bootstrap>", line 219, in _call_with_frames_removed
  File "/opt/airflow/dags/test/test_forexdag_validation.py", line 1, in <module>
    import pytest
ModuleNotFoundError: No module named 'pytest'
[2023-04-02T20:01:46.086+0000] {processor.py:755} WARNING - No viable dags retrieved from /opt/airflow/dags/test/test_forexdag_validation.py
[2023-04-02T20:01:46.118+0000] {processor.py:175} INFO - Processing /opt/airflow/dags/test/test_forexdag_validation.py took 0.115 seconds
[2023-04-02T20:02:16.680+0000] {processor.py:153} INFO - Started process (PID=5091) to work on /opt/airflow/dags/test/test_forexdag_validation.py
[2023-04-02T20:02:16.683+0000] {processor.py:743} INFO - Processing file /opt/airflow/dags/test/test_forexdag_validation.py for tasks to queue
[2023-04-02T20:02:16.685+0000] {logging_mixin.py:137} INFO - [2023-04-02T20:02:16.685+0000] {dagbag.py:538} INFO - Filling up the DagBag from /opt/airflow/dags/test/test_forexdag_validation.py
[2023-04-02T20:02:16.760+0000] {logging_mixin.py:137} INFO - [2023-04-02T20:02:16.743+0000] {dagbag.py:343} ERROR - Failed to import: /opt/airflow/dags/test/test_forexdag_validation.py
Traceback (most recent call last):
  File "/home/airflow/.local/lib/python3.7/site-packages/airflow/models/dagbag.py", line 339, in parse
    loader.exec_module(new_module)
  File "<frozen importlib._bootstrap_external>", line 728, in exec_module
  File "<frozen importlib._bootstrap>", line 219, in _call_with_frames_removed
  File "/opt/airflow/dags/test/test_forexdag_validation.py", line 1, in <module>
    import pytest
ModuleNotFoundError: No module named 'pytest'
[2023-04-02T20:02:16.768+0000] {processor.py:755} WARNING - No viable dags retrieved from /opt/airflow/dags/test/test_forexdag_validation.py
[2023-04-02T20:02:16.794+0000] {processor.py:175} INFO - Processing /opt/airflow/dags/test/test_forexdag_validation.py took 0.117 seconds
[2023-04-02T20:02:47.317+0000] {processor.py:153} INFO - Started process (PID=5155) to work on /opt/airflow/dags/test/test_forexdag_validation.py
[2023-04-02T20:02:47.320+0000] {processor.py:743} INFO - Processing file /opt/airflow/dags/test/test_forexdag_validation.py for tasks to queue
[2023-04-02T20:02:47.321+0000] {logging_mixin.py:137} INFO - [2023-04-02T20:02:47.321+0000] {dagbag.py:538} INFO - Filling up the DagBag from /opt/airflow/dags/test/test_forexdag_validation.py
[2023-04-02T20:02:47.381+0000] {logging_mixin.py:137} INFO - [2023-04-02T20:02:47.371+0000] {dagbag.py:343} ERROR - Failed to import: /opt/airflow/dags/test/test_forexdag_validation.py
Traceback (most recent call last):
  File "/home/airflow/.local/lib/python3.7/site-packages/airflow/models/dagbag.py", line 339, in parse
    loader.exec_module(new_module)
  File "<frozen importlib._bootstrap_external>", line 728, in exec_module
  File "<frozen importlib._bootstrap>", line 219, in _call_with_frames_removed
  File "/opt/airflow/dags/test/test_forexdag_validation.py", line 1, in <module>
    import pytest
ModuleNotFoundError: No module named 'pytest'
[2023-04-02T20:02:47.385+0000] {processor.py:755} WARNING - No viable dags retrieved from /opt/airflow/dags/test/test_forexdag_validation.py
[2023-04-02T20:02:47.408+0000] {processor.py:175} INFO - Processing /opt/airflow/dags/test/test_forexdag_validation.py took 0.093 seconds
[2023-04-02T20:03:17.927+0000] {processor.py:153} INFO - Started process (PID=5199) to work on /opt/airflow/dags/test/test_forexdag_validation.py
[2023-04-02T20:03:17.930+0000] {processor.py:743} INFO - Processing file /opt/airflow/dags/test/test_forexdag_validation.py for tasks to queue
[2023-04-02T20:03:17.931+0000] {logging_mixin.py:137} INFO - [2023-04-02T20:03:17.931+0000] {dagbag.py:538} INFO - Filling up the DagBag from /opt/airflow/dags/test/test_forexdag_validation.py
[2023-04-02T20:03:18.008+0000] {logging_mixin.py:137} INFO - [2023-04-02T20:03:17.992+0000] {dagbag.py:343} ERROR - Failed to import: /opt/airflow/dags/test/test_forexdag_validation.py
Traceback (most recent call last):
  File "/home/airflow/.local/lib/python3.7/site-packages/airflow/models/dagbag.py", line 339, in parse
    loader.exec_module(new_module)
  File "<frozen importlib._bootstrap_external>", line 728, in exec_module
  File "<frozen importlib._bootstrap>", line 219, in _call_with_frames_removed
  File "/opt/airflow/dags/test/test_forexdag_validation.py", line 1, in <module>
    import pytest
ModuleNotFoundError: No module named 'pytest'
[2023-04-02T20:03:18.015+0000] {processor.py:755} WARNING - No viable dags retrieved from /opt/airflow/dags/test/test_forexdag_validation.py
[2023-04-02T20:03:18.038+0000] {processor.py:175} INFO - Processing /opt/airflow/dags/test/test_forexdag_validation.py took 0.114 seconds
[2023-04-02T20:03:48.563+0000] {processor.py:153} INFO - Started process (PID=5263) to work on /opt/airflow/dags/test/test_forexdag_validation.py
[2023-04-02T20:03:48.567+0000] {processor.py:743} INFO - Processing file /opt/airflow/dags/test/test_forexdag_validation.py for tasks to queue
[2023-04-02T20:03:48.569+0000] {logging_mixin.py:137} INFO - [2023-04-02T20:03:48.569+0000] {dagbag.py:538} INFO - Filling up the DagBag from /opt/airflow/dags/test/test_forexdag_validation.py
[2023-04-02T20:03:48.643+0000] {logging_mixin.py:137} INFO - [2023-04-02T20:03:48.630+0000] {dagbag.py:343} ERROR - Failed to import: /opt/airflow/dags/test/test_forexdag_validation.py
Traceback (most recent call last):
  File "/home/airflow/.local/lib/python3.7/site-packages/airflow/models/dagbag.py", line 339, in parse
    loader.exec_module(new_module)
  File "<frozen importlib._bootstrap_external>", line 728, in exec_module
  File "<frozen importlib._bootstrap>", line 219, in _call_with_frames_removed
  File "/opt/airflow/dags/test/test_forexdag_validation.py", line 1, in <module>
    import pytest
ModuleNotFoundError: No module named 'pytest'
[2023-04-02T20:03:48.649+0000] {processor.py:755} WARNING - No viable dags retrieved from /opt/airflow/dags/test/test_forexdag_validation.py
[2023-04-02T20:03:48.676+0000] {processor.py:175} INFO - Processing /opt/airflow/dags/test/test_forexdag_validation.py took 0.119 seconds
[2023-04-02T20:04:19.206+0000] {processor.py:153} INFO - Started process (PID=5307) to work on /opt/airflow/dags/test/test_forexdag_validation.py
[2023-04-02T20:04:19.210+0000] {processor.py:743} INFO - Processing file /opt/airflow/dags/test/test_forexdag_validation.py for tasks to queue
[2023-04-02T20:04:19.211+0000] {logging_mixin.py:137} INFO - [2023-04-02T20:04:19.211+0000] {dagbag.py:538} INFO - Filling up the DagBag from /opt/airflow/dags/test/test_forexdag_validation.py
[2023-04-02T20:04:19.283+0000] {logging_mixin.py:137} INFO - [2023-04-02T20:04:19.271+0000] {dagbag.py:343} ERROR - Failed to import: /opt/airflow/dags/test/test_forexdag_validation.py
Traceback (most recent call last):
  File "/home/airflow/.local/lib/python3.7/site-packages/airflow/models/dagbag.py", line 339, in parse
    loader.exec_module(new_module)
  File "<frozen importlib._bootstrap_external>", line 728, in exec_module
  File "<frozen importlib._bootstrap>", line 219, in _call_with_frames_removed
  File "/opt/airflow/dags/test/test_forexdag_validation.py", line 1, in <module>
    import pytest
ModuleNotFoundError: No module named 'pytest'
[2023-04-02T20:04:19.287+0000] {processor.py:755} WARNING - No viable dags retrieved from /opt/airflow/dags/test/test_forexdag_validation.py
[2023-04-02T20:04:19.307+0000] {processor.py:175} INFO - Processing /opt/airflow/dags/test/test_forexdag_validation.py took 0.103 seconds
[2023-04-02T20:04:50.380+0000] {processor.py:153} INFO - Started process (PID=5370) to work on /opt/airflow/dags/test/test_forexdag_validation.py
[2023-04-02T20:04:50.386+0000] {processor.py:743} INFO - Processing file /opt/airflow/dags/test/test_forexdag_validation.py for tasks to queue
[2023-04-02T20:04:50.387+0000] {logging_mixin.py:137} INFO - [2023-04-02T20:04:50.387+0000] {dagbag.py:538} INFO - Filling up the DagBag from /opt/airflow/dags/test/test_forexdag_validation.py
[2023-04-02T20:04:50.458+0000] {logging_mixin.py:137} INFO - [2023-04-02T20:04:50.442+0000] {dagbag.py:343} ERROR - Failed to import: /opt/airflow/dags/test/test_forexdag_validation.py
Traceback (most recent call last):
  File "/home/airflow/.local/lib/python3.7/site-packages/airflow/models/dagbag.py", line 339, in parse
    loader.exec_module(new_module)
  File "<frozen importlib._bootstrap_external>", line 728, in exec_module
  File "<frozen importlib._bootstrap>", line 219, in _call_with_frames_removed
  File "/opt/airflow/dags/test/test_forexdag_validation.py", line 1, in <module>
    import pytest
ModuleNotFoundError: No module named 'pytest'
[2023-04-02T20:04:50.464+0000] {processor.py:755} WARNING - No viable dags retrieved from /opt/airflow/dags/test/test_forexdag_validation.py
[2023-04-02T20:04:50.493+0000] {processor.py:175} INFO - Processing /opt/airflow/dags/test/test_forexdag_validation.py took 0.115 seconds
[2023-04-02T20:05:21.029+0000] {processor.py:153} INFO - Started process (PID=5414) to work on /opt/airflow/dags/test/test_forexdag_validation.py
[2023-04-02T20:05:21.032+0000] {processor.py:743} INFO - Processing file /opt/airflow/dags/test/test_forexdag_validation.py for tasks to queue
[2023-04-02T20:05:21.033+0000] {logging_mixin.py:137} INFO - [2023-04-02T20:05:21.032+0000] {dagbag.py:538} INFO - Filling up the DagBag from /opt/airflow/dags/test/test_forexdag_validation.py
[2023-04-02T20:05:21.100+0000] {logging_mixin.py:137} INFO - [2023-04-02T20:05:21.091+0000] {dagbag.py:343} ERROR - Failed to import: /opt/airflow/dags/test/test_forexdag_validation.py
Traceback (most recent call last):
  File "/home/airflow/.local/lib/python3.7/site-packages/airflow/models/dagbag.py", line 339, in parse
    loader.exec_module(new_module)
  File "<frozen importlib._bootstrap_external>", line 728, in exec_module
  File "<frozen importlib._bootstrap>", line 219, in _call_with_frames_removed
  File "/opt/airflow/dags/test/test_forexdag_validation.py", line 1, in <module>
    import pytest
ModuleNotFoundError: No module named 'pytest'
[2023-04-02T20:05:21.105+0000] {processor.py:755} WARNING - No viable dags retrieved from /opt/airflow/dags/test/test_forexdag_validation.py
[2023-04-02T20:05:21.129+0000] {processor.py:175} INFO - Processing /opt/airflow/dags/test/test_forexdag_validation.py took 0.103 seconds
[2023-04-02T20:05:51.668+0000] {processor.py:153} INFO - Started process (PID=5464) to work on /opt/airflow/dags/test/test_forexdag_validation.py
[2023-04-02T20:05:51.671+0000] {processor.py:743} INFO - Processing file /opt/airflow/dags/test/test_forexdag_validation.py for tasks to queue
[2023-04-02T20:05:51.672+0000] {logging_mixin.py:137} INFO - [2023-04-02T20:05:51.672+0000] {dagbag.py:538} INFO - Filling up the DagBag from /opt/airflow/dags/test/test_forexdag_validation.py
[2023-04-02T20:05:51.748+0000] {logging_mixin.py:137} INFO - [2023-04-02T20:05:51.735+0000] {dagbag.py:343} ERROR - Failed to import: /opt/airflow/dags/test/test_forexdag_validation.py
Traceback (most recent call last):
  File "/home/airflow/.local/lib/python3.7/site-packages/airflow/models/dagbag.py", line 339, in parse
    loader.exec_module(new_module)
  File "<frozen importlib._bootstrap_external>", line 728, in exec_module
  File "<frozen importlib._bootstrap>", line 219, in _call_with_frames_removed
  File "/opt/airflow/dags/test/test_forexdag_validation.py", line 1, in <module>
    import pytest
ModuleNotFoundError: No module named 'pytest'
[2023-04-02T20:05:51.752+0000] {processor.py:755} WARNING - No viable dags retrieved from /opt/airflow/dags/test/test_forexdag_validation.py
[2023-04-02T20:05:51.781+0000] {processor.py:175} INFO - Processing /opt/airflow/dags/test/test_forexdag_validation.py took 0.117 seconds
[2023-04-02T20:06:22.267+0000] {processor.py:153} INFO - Started process (PID=5522) to work on /opt/airflow/dags/test/test_forexdag_validation.py
[2023-04-02T20:06:22.269+0000] {processor.py:743} INFO - Processing file /opt/airflow/dags/test/test_forexdag_validation.py for tasks to queue
[2023-04-02T20:06:22.271+0000] {logging_mixin.py:137} INFO - [2023-04-02T20:06:22.271+0000] {dagbag.py:538} INFO - Filling up the DagBag from /opt/airflow/dags/test/test_forexdag_validation.py
[2023-04-02T20:06:22.332+0000] {logging_mixin.py:137} INFO - [2023-04-02T20:06:22.320+0000] {dagbag.py:343} ERROR - Failed to import: /opt/airflow/dags/test/test_forexdag_validation.py
Traceback (most recent call last):
  File "/home/airflow/.local/lib/python3.7/site-packages/airflow/models/dagbag.py", line 339, in parse
    loader.exec_module(new_module)
  File "<frozen importlib._bootstrap_external>", line 728, in exec_module
  File "<frozen importlib._bootstrap>", line 219, in _call_with_frames_removed
  File "/opt/airflow/dags/test/test_forexdag_validation.py", line 1, in <module>
    import pytest
ModuleNotFoundError: No module named 'pytest'
[2023-04-02T20:06:22.336+0000] {processor.py:755} WARNING - No viable dags retrieved from /opt/airflow/dags/test/test_forexdag_validation.py
[2023-04-02T20:06:22.355+0000] {processor.py:175} INFO - Processing /opt/airflow/dags/test/test_forexdag_validation.py took 0.092 seconds
[2023-04-02T20:06:52.915+0000] {processor.py:153} INFO - Started process (PID=5566) to work on /opt/airflow/dags/test/test_forexdag_validation.py
[2023-04-02T20:06:52.917+0000] {processor.py:743} INFO - Processing file /opt/airflow/dags/test/test_forexdag_validation.py for tasks to queue
[2023-04-02T20:06:52.918+0000] {logging_mixin.py:137} INFO - [2023-04-02T20:06:52.918+0000] {dagbag.py:538} INFO - Filling up the DagBag from /opt/airflow/dags/test/test_forexdag_validation.py
[2023-04-02T20:06:52.987+0000] {logging_mixin.py:137} INFO - [2023-04-02T20:06:52.976+0000] {dagbag.py:343} ERROR - Failed to import: /opt/airflow/dags/test/test_forexdag_validation.py
Traceback (most recent call last):
  File "/home/airflow/.local/lib/python3.7/site-packages/airflow/models/dagbag.py", line 339, in parse
    loader.exec_module(new_module)
  File "<frozen importlib._bootstrap_external>", line 728, in exec_module
  File "<frozen importlib._bootstrap>", line 219, in _call_with_frames_removed
  File "/opt/airflow/dags/test/test_forexdag_validation.py", line 1, in <module>
    import pytest
ModuleNotFoundError: No module named 'pytest'
[2023-04-02T20:06:52.992+0000] {processor.py:755} WARNING - No viable dags retrieved from /opt/airflow/dags/test/test_forexdag_validation.py
[2023-04-02T20:06:53.012+0000] {processor.py:175} INFO - Processing /opt/airflow/dags/test/test_forexdag_validation.py took 0.100 seconds
[2023-04-02T20:07:23.583+0000] {processor.py:153} INFO - Started process (PID=5630) to work on /opt/airflow/dags/test/test_forexdag_validation.py
[2023-04-02T20:07:23.585+0000] {processor.py:743} INFO - Processing file /opt/airflow/dags/test/test_forexdag_validation.py for tasks to queue
[2023-04-02T20:07:23.586+0000] {logging_mixin.py:137} INFO - [2023-04-02T20:07:23.586+0000] {dagbag.py:538} INFO - Filling up the DagBag from /opt/airflow/dags/test/test_forexdag_validation.py
[2023-04-02T20:07:23.655+0000] {logging_mixin.py:137} INFO - [2023-04-02T20:07:23.644+0000] {dagbag.py:343} ERROR - Failed to import: /opt/airflow/dags/test/test_forexdag_validation.py
Traceback (most recent call last):
  File "/home/airflow/.local/lib/python3.7/site-packages/airflow/models/dagbag.py", line 339, in parse
    loader.exec_module(new_module)
  File "<frozen importlib._bootstrap_external>", line 728, in exec_module
  File "<frozen importlib._bootstrap>", line 219, in _call_with_frames_removed
  File "/opt/airflow/dags/test/test_forexdag_validation.py", line 1, in <module>
    import pytest
ModuleNotFoundError: No module named 'pytest'
[2023-04-02T20:07:23.660+0000] {processor.py:755} WARNING - No viable dags retrieved from /opt/airflow/dags/test/test_forexdag_validation.py
[2023-04-02T20:07:23.687+0000] {processor.py:175} INFO - Processing /opt/airflow/dags/test/test_forexdag_validation.py took 0.106 seconds
[2023-04-02T20:07:54.232+0000] {processor.py:153} INFO - Started process (PID=5681) to work on /opt/airflow/dags/test/test_forexdag_validation.py
[2023-04-02T20:07:54.234+0000] {processor.py:743} INFO - Processing file /opt/airflow/dags/test/test_forexdag_validation.py for tasks to queue
[2023-04-02T20:07:54.235+0000] {logging_mixin.py:137} INFO - [2023-04-02T20:07:54.235+0000] {dagbag.py:538} INFO - Filling up the DagBag from /opt/airflow/dags/test/test_forexdag_validation.py
[2023-04-02T20:07:54.301+0000] {logging_mixin.py:137} INFO - [2023-04-02T20:07:54.286+0000] {dagbag.py:343} ERROR - Failed to import: /opt/airflow/dags/test/test_forexdag_validation.py
Traceback (most recent call last):
  File "/home/airflow/.local/lib/python3.7/site-packages/airflow/models/dagbag.py", line 339, in parse
    loader.exec_module(new_module)
  File "<frozen importlib._bootstrap_external>", line 728, in exec_module
  File "<frozen importlib._bootstrap>", line 219, in _call_with_frames_removed
  File "/opt/airflow/dags/test/test_forexdag_validation.py", line 1, in <module>
    import pytest
ModuleNotFoundError: No module named 'pytest'
[2023-04-02T20:07:54.306+0000] {processor.py:755} WARNING - No viable dags retrieved from /opt/airflow/dags/test/test_forexdag_validation.py
[2023-04-02T20:07:54.330+0000] {processor.py:175} INFO - Processing /opt/airflow/dags/test/test_forexdag_validation.py took 0.101 seconds
[2023-04-02T20:08:24.852+0000] {processor.py:153} INFO - Started process (PID=5738) to work on /opt/airflow/dags/test/test_forexdag_validation.py
[2023-04-02T20:08:24.854+0000] {processor.py:743} INFO - Processing file /opt/airflow/dags/test/test_forexdag_validation.py for tasks to queue
[2023-04-02T20:08:24.856+0000] {logging_mixin.py:137} INFO - [2023-04-02T20:08:24.856+0000] {dagbag.py:538} INFO - Filling up the DagBag from /opt/airflow/dags/test/test_forexdag_validation.py
[2023-04-02T20:08:24.913+0000] {logging_mixin.py:137} INFO - [2023-04-02T20:08:24.899+0000] {dagbag.py:343} ERROR - Failed to import: /opt/airflow/dags/test/test_forexdag_validation.py
Traceback (most recent call last):
  File "/home/airflow/.local/lib/python3.7/site-packages/airflow/models/dagbag.py", line 339, in parse
    loader.exec_module(new_module)
  File "<frozen importlib._bootstrap_external>", line 728, in exec_module
  File "<frozen importlib._bootstrap>", line 219, in _call_with_frames_removed
  File "/opt/airflow/dags/test/test_forexdag_validation.py", line 1, in <module>
    import pytest
ModuleNotFoundError: No module named 'pytest'
[2023-04-02T20:08:24.918+0000] {processor.py:755} WARNING - No viable dags retrieved from /opt/airflow/dags/test/test_forexdag_validation.py
[2023-04-02T20:08:24.945+0000] {processor.py:175} INFO - Processing /opt/airflow/dags/test/test_forexdag_validation.py took 0.095 seconds
[2023-04-02T20:08:55.416+0000] {processor.py:153} INFO - Started process (PID=5791) to work on /opt/airflow/dags/test/test_forexdag_validation.py
[2023-04-02T20:08:55.418+0000] {processor.py:743} INFO - Processing file /opt/airflow/dags/test/test_forexdag_validation.py for tasks to queue
[2023-04-02T20:08:55.419+0000] {logging_mixin.py:137} INFO - [2023-04-02T20:08:55.419+0000] {dagbag.py:538} INFO - Filling up the DagBag from /opt/airflow/dags/test/test_forexdag_validation.py
[2023-04-02T20:08:55.479+0000] {logging_mixin.py:137} INFO - [2023-04-02T20:08:55.468+0000] {dagbag.py:343} ERROR - Failed to import: /opt/airflow/dags/test/test_forexdag_validation.py
Traceback (most recent call last):
  File "/home/airflow/.local/lib/python3.7/site-packages/airflow/models/dagbag.py", line 339, in parse
    loader.exec_module(new_module)
  File "<frozen importlib._bootstrap_external>", line 728, in exec_module
  File "<frozen importlib._bootstrap>", line 219, in _call_with_frames_removed
  File "/opt/airflow/dags/test/test_forexdag_validation.py", line 1, in <module>
    import pytest
ModuleNotFoundError: No module named 'pytest'
[2023-04-02T20:08:55.484+0000] {processor.py:755} WARNING - No viable dags retrieved from /opt/airflow/dags/test/test_forexdag_validation.py
[2023-04-02T20:08:55.506+0000] {processor.py:175} INFO - Processing /opt/airflow/dags/test/test_forexdag_validation.py took 0.094 seconds
[2023-04-02T20:09:26.003+0000] {processor.py:153} INFO - Started process (PID=5846) to work on /opt/airflow/dags/test/test_forexdag_validation.py
[2023-04-02T20:09:26.005+0000] {processor.py:743} INFO - Processing file /opt/airflow/dags/test/test_forexdag_validation.py for tasks to queue
[2023-04-02T20:09:26.007+0000] {logging_mixin.py:137} INFO - [2023-04-02T20:09:26.007+0000] {dagbag.py:538} INFO - Filling up the DagBag from /opt/airflow/dags/test/test_forexdag_validation.py
[2023-04-02T20:09:26.087+0000] {logging_mixin.py:137} INFO - [2023-04-02T20:09:26.067+0000] {dagbag.py:343} ERROR - Failed to import: /opt/airflow/dags/test/test_forexdag_validation.py
Traceback (most recent call last):
  File "/home/airflow/.local/lib/python3.7/site-packages/airflow/models/dagbag.py", line 339, in parse
    loader.exec_module(new_module)
  File "<frozen importlib._bootstrap_external>", line 728, in exec_module
  File "<frozen importlib._bootstrap>", line 219, in _call_with_frames_removed
  File "/opt/airflow/dags/test/test_forexdag_validation.py", line 1, in <module>
    import pytest
ModuleNotFoundError: No module named 'pytest'
[2023-04-02T20:09:26.098+0000] {processor.py:755} WARNING - No viable dags retrieved from /opt/airflow/dags/test/test_forexdag_validation.py
[2023-04-02T20:09:26.134+0000] {processor.py:175} INFO - Processing /opt/airflow/dags/test/test_forexdag_validation.py took 0.134 seconds
[2023-04-02T20:09:57.064+0000] {processor.py:153} INFO - Started process (PID=5910) to work on /opt/airflow/dags/test/test_forexdag_validation.py
[2023-04-02T20:09:57.067+0000] {processor.py:743} INFO - Processing file /opt/airflow/dags/test/test_forexdag_validation.py for tasks to queue
[2023-04-02T20:09:57.068+0000] {logging_mixin.py:137} INFO - [2023-04-02T20:09:57.068+0000] {dagbag.py:538} INFO - Filling up the DagBag from /opt/airflow/dags/test/test_forexdag_validation.py
[2023-04-02T20:09:57.131+0000] {logging_mixin.py:137} INFO - [2023-04-02T20:09:57.118+0000] {dagbag.py:343} ERROR - Failed to import: /opt/airflow/dags/test/test_forexdag_validation.py
Traceback (most recent call last):
  File "/home/airflow/.local/lib/python3.7/site-packages/airflow/models/dagbag.py", line 339, in parse
    loader.exec_module(new_module)
  File "<frozen importlib._bootstrap_external>", line 728, in exec_module
  File "<frozen importlib._bootstrap>", line 219, in _call_with_frames_removed
  File "/opt/airflow/dags/test/test_forexdag_validation.py", line 1, in <module>
    import pytest
ModuleNotFoundError: No module named 'pytest'
[2023-04-02T20:09:57.138+0000] {processor.py:755} WARNING - No viable dags retrieved from /opt/airflow/dags/test/test_forexdag_validation.py
[2023-04-02T20:09:57.163+0000] {processor.py:175} INFO - Processing /opt/airflow/dags/test/test_forexdag_validation.py took 0.102 seconds
[2023-04-02T20:10:27.833+0000] {processor.py:153} INFO - Started process (PID=5954) to work on /opt/airflow/dags/test/test_forexdag_validation.py
[2023-04-02T20:10:27.835+0000] {processor.py:743} INFO - Processing file /opt/airflow/dags/test/test_forexdag_validation.py for tasks to queue
[2023-04-02T20:10:27.837+0000] {logging_mixin.py:137} INFO - [2023-04-02T20:10:27.837+0000] {dagbag.py:538} INFO - Filling up the DagBag from /opt/airflow/dags/test/test_forexdag_validation.py
[2023-04-02T20:10:27.893+0000] {logging_mixin.py:137} INFO - [2023-04-02T20:10:27.882+0000] {dagbag.py:343} ERROR - Failed to import: /opt/airflow/dags/test/test_forexdag_validation.py
Traceback (most recent call last):
  File "/home/airflow/.local/lib/python3.7/site-packages/airflow/models/dagbag.py", line 339, in parse
    loader.exec_module(new_module)
  File "<frozen importlib._bootstrap_external>", line 728, in exec_module
  File "<frozen importlib._bootstrap>", line 219, in _call_with_frames_removed
  File "/opt/airflow/dags/test/test_forexdag_validation.py", line 1, in <module>
    import pytest
ModuleNotFoundError: No module named 'pytest'
[2023-04-02T20:10:27.899+0000] {processor.py:755} WARNING - No viable dags retrieved from /opt/airflow/dags/test/test_forexdag_validation.py
[2023-04-02T20:10:27.918+0000] {processor.py:175} INFO - Processing /opt/airflow/dags/test/test_forexdag_validation.py took 0.087 seconds
[2023-04-02T20:10:58.451+0000] {processor.py:153} INFO - Started process (PID=6017) to work on /opt/airflow/dags/test/test_forexdag_validation.py
[2023-04-02T20:10:58.454+0000] {processor.py:743} INFO - Processing file /opt/airflow/dags/test/test_forexdag_validation.py for tasks to queue
[2023-04-02T20:10:58.455+0000] {logging_mixin.py:137} INFO - [2023-04-02T20:10:58.455+0000] {dagbag.py:538} INFO - Filling up the DagBag from /opt/airflow/dags/test/test_forexdag_validation.py
[2023-04-02T20:10:58.495+0000] {logging_mixin.py:137} INFO - [2023-04-02T20:10:58.486+0000] {dagbag.py:343} ERROR - Failed to import: /opt/airflow/dags/test/test_forexdag_validation.py
Traceback (most recent call last):
  File "/home/airflow/.local/lib/python3.7/site-packages/airflow/models/dagbag.py", line 339, in parse
    loader.exec_module(new_module)
  File "<frozen importlib._bootstrap_external>", line 728, in exec_module
  File "<frozen importlib._bootstrap>", line 219, in _call_with_frames_removed
  File "/opt/airflow/dags/test/test_forexdag_validation.py", line 1, in <module>
    import pytest
ModuleNotFoundError: No module named 'pytest'
[2023-04-02T20:10:58.498+0000] {processor.py:755} WARNING - No viable dags retrieved from /opt/airflow/dags/test/test_forexdag_validation.py
[2023-04-02T20:10:58.517+0000] {processor.py:175} INFO - Processing /opt/airflow/dags/test/test_forexdag_validation.py took 0.068 seconds
[2023-04-02T20:11:29.058+0000] {processor.py:153} INFO - Started process (PID=6061) to work on /opt/airflow/dags/test/test_forexdag_validation.py
[2023-04-02T20:11:29.061+0000] {processor.py:743} INFO - Processing file /opt/airflow/dags/test/test_forexdag_validation.py for tasks to queue
[2023-04-02T20:11:29.062+0000] {logging_mixin.py:137} INFO - [2023-04-02T20:11:29.062+0000] {dagbag.py:538} INFO - Filling up the DagBag from /opt/airflow/dags/test/test_forexdag_validation.py
[2023-04-02T20:11:29.124+0000] {logging_mixin.py:137} INFO - [2023-04-02T20:11:29.115+0000] {dagbag.py:343} ERROR - Failed to import: /opt/airflow/dags/test/test_forexdag_validation.py
Traceback (most recent call last):
  File "/home/airflow/.local/lib/python3.7/site-packages/airflow/models/dagbag.py", line 339, in parse
    loader.exec_module(new_module)
  File "<frozen importlib._bootstrap_external>", line 728, in exec_module
  File "<frozen importlib._bootstrap>", line 219, in _call_with_frames_removed
  File "/opt/airflow/dags/test/test_forexdag_validation.py", line 1, in <module>
    import pytest
ModuleNotFoundError: No module named 'pytest'
[2023-04-02T20:11:29.127+0000] {processor.py:755} WARNING - No viable dags retrieved from /opt/airflow/dags/test/test_forexdag_validation.py
[2023-04-02T20:11:29.147+0000] {processor.py:175} INFO - Processing /opt/airflow/dags/test/test_forexdag_validation.py took 0.091 seconds
[2023-04-02T20:11:59.655+0000] {processor.py:153} INFO - Started process (PID=6125) to work on /opt/airflow/dags/test/test_forexdag_validation.py
[2023-04-02T20:11:59.657+0000] {processor.py:743} INFO - Processing file /opt/airflow/dags/test/test_forexdag_validation.py for tasks to queue
[2023-04-02T20:11:59.658+0000] {logging_mixin.py:137} INFO - [2023-04-02T20:11:59.658+0000] {dagbag.py:538} INFO - Filling up the DagBag from /opt/airflow/dags/test/test_forexdag_validation.py
[2023-04-02T20:11:59.725+0000] {logging_mixin.py:137} INFO - [2023-04-02T20:11:59.710+0000] {dagbag.py:343} ERROR - Failed to import: /opt/airflow/dags/test/test_forexdag_validation.py
Traceback (most recent call last):
  File "/home/airflow/.local/lib/python3.7/site-packages/airflow/models/dagbag.py", line 339, in parse
    loader.exec_module(new_module)
  File "<frozen importlib._bootstrap_external>", line 728, in exec_module
  File "<frozen importlib._bootstrap>", line 219, in _call_with_frames_removed
  File "/opt/airflow/dags/test/test_forexdag_validation.py", line 1, in <module>
    import pytest
ModuleNotFoundError: No module named 'pytest'
[2023-04-02T20:11:59.731+0000] {processor.py:755} WARNING - No viable dags retrieved from /opt/airflow/dags/test/test_forexdag_validation.py
[2023-04-02T20:11:59.755+0000] {processor.py:175} INFO - Processing /opt/airflow/dags/test/test_forexdag_validation.py took 0.104 seconds
[2023-04-02T20:12:30.258+0000] {processor.py:153} INFO - Started process (PID=6169) to work on /opt/airflow/dags/test/test_forexdag_validation.py
[2023-04-02T20:12:30.260+0000] {processor.py:743} INFO - Processing file /opt/airflow/dags/test/test_forexdag_validation.py for tasks to queue
[2023-04-02T20:12:30.261+0000] {logging_mixin.py:137} INFO - [2023-04-02T20:12:30.260+0000] {dagbag.py:538} INFO - Filling up the DagBag from /opt/airflow/dags/test/test_forexdag_validation.py
[2023-04-02T20:12:30.331+0000] {logging_mixin.py:137} INFO - [2023-04-02T20:12:30.321+0000] {dagbag.py:343} ERROR - Failed to import: /opt/airflow/dags/test/test_forexdag_validation.py
Traceback (most recent call last):
  File "/home/airflow/.local/lib/python3.7/site-packages/airflow/models/dagbag.py", line 339, in parse
    loader.exec_module(new_module)
  File "<frozen importlib._bootstrap_external>", line 728, in exec_module
  File "<frozen importlib._bootstrap>", line 219, in _call_with_frames_removed
  File "/opt/airflow/dags/test/test_forexdag_validation.py", line 1, in <module>
    import pytest
ModuleNotFoundError: No module named 'pytest'
[2023-04-02T20:12:30.336+0000] {processor.py:755} WARNING - No viable dags retrieved from /opt/airflow/dags/test/test_forexdag_validation.py
[2023-04-02T20:12:30.357+0000] {processor.py:175} INFO - Processing /opt/airflow/dags/test/test_forexdag_validation.py took 0.102 seconds
[2023-04-02T20:13:00.974+0000] {processor.py:153} INFO - Started process (PID=6233) to work on /opt/airflow/dags/test/test_forexdag_validation.py
[2023-04-02T20:13:00.977+0000] {processor.py:743} INFO - Processing file /opt/airflow/dags/test/test_forexdag_validation.py for tasks to queue
[2023-04-02T20:13:00.979+0000] {logging_mixin.py:137} INFO - [2023-04-02T20:13:00.979+0000] {dagbag.py:538} INFO - Filling up the DagBag from /opt/airflow/dags/test/test_forexdag_validation.py
[2023-04-02T20:13:01.051+0000] {logging_mixin.py:137} INFO - [2023-04-02T20:13:01.040+0000] {dagbag.py:343} ERROR - Failed to import: /opt/airflow/dags/test/test_forexdag_validation.py
Traceback (most recent call last):
  File "/home/airflow/.local/lib/python3.7/site-packages/airflow/models/dagbag.py", line 339, in parse
    loader.exec_module(new_module)
  File "<frozen importlib._bootstrap_external>", line 728, in exec_module
  File "<frozen importlib._bootstrap>", line 219, in _call_with_frames_removed
  File "/opt/airflow/dags/test/test_forexdag_validation.py", line 1, in <module>
    import pytest
ModuleNotFoundError: No module named 'pytest'
[2023-04-02T20:13:01.056+0000] {processor.py:755} WARNING - No viable dags retrieved from /opt/airflow/dags/test/test_forexdag_validation.py
[2023-04-02T20:13:01.081+0000] {processor.py:175} INFO - Processing /opt/airflow/dags/test/test_forexdag_validation.py took 0.110 seconds
[2023-04-02T20:13:31.631+0000] {processor.py:153} INFO - Started process (PID=6277) to work on /opt/airflow/dags/test/test_forexdag_validation.py
[2023-04-02T20:13:31.635+0000] {processor.py:743} INFO - Processing file /opt/airflow/dags/test/test_forexdag_validation.py for tasks to queue
[2023-04-02T20:13:31.636+0000] {logging_mixin.py:137} INFO - [2023-04-02T20:13:31.636+0000] {dagbag.py:538} INFO - Filling up the DagBag from /opt/airflow/dags/test/test_forexdag_validation.py
[2023-04-02T20:13:31.696+0000] {logging_mixin.py:137} INFO - [2023-04-02T20:13:31.685+0000] {dagbag.py:343} ERROR - Failed to import: /opt/airflow/dags/test/test_forexdag_validation.py
Traceback (most recent call last):
  File "/home/airflow/.local/lib/python3.7/site-packages/airflow/models/dagbag.py", line 339, in parse
    loader.exec_module(new_module)
  File "<frozen importlib._bootstrap_external>", line 728, in exec_module
  File "<frozen importlib._bootstrap>", line 219, in _call_with_frames_removed
  File "/opt/airflow/dags/test/test_forexdag_validation.py", line 1, in <module>
    import pytest
ModuleNotFoundError: No module named 'pytest'
[2023-04-02T20:13:31.703+0000] {processor.py:755} WARNING - No viable dags retrieved from /opt/airflow/dags/test/test_forexdag_validation.py
[2023-04-02T20:13:31.724+0000] {processor.py:175} INFO - Processing /opt/airflow/dags/test/test_forexdag_validation.py took 0.095 seconds
[2023-04-02T20:14:02.261+0000] {processor.py:153} INFO - Started process (PID=6341) to work on /opt/airflow/dags/test/test_forexdag_validation.py
[2023-04-02T20:14:02.266+0000] {processor.py:743} INFO - Processing file /opt/airflow/dags/test/test_forexdag_validation.py for tasks to queue
[2023-04-02T20:14:02.268+0000] {logging_mixin.py:137} INFO - [2023-04-02T20:14:02.268+0000] {dagbag.py:538} INFO - Filling up the DagBag from /opt/airflow/dags/test/test_forexdag_validation.py
[2023-04-02T20:14:02.341+0000] {logging_mixin.py:137} INFO - [2023-04-02T20:14:02.326+0000] {dagbag.py:343} ERROR - Failed to import: /opt/airflow/dags/test/test_forexdag_validation.py
Traceback (most recent call last):
  File "/home/airflow/.local/lib/python3.7/site-packages/airflow/models/dagbag.py", line 339, in parse
    loader.exec_module(new_module)
  File "<frozen importlib._bootstrap_external>", line 728, in exec_module
  File "<frozen importlib._bootstrap>", line 219, in _call_with_frames_removed
  File "/opt/airflow/dags/test/test_forexdag_validation.py", line 1, in <module>
    import pytest
ModuleNotFoundError: No module named 'pytest'
[2023-04-02T20:14:02.347+0000] {processor.py:755} WARNING - No viable dags retrieved from /opt/airflow/dags/test/test_forexdag_validation.py
[2023-04-02T20:14:02.380+0000] {processor.py:175} INFO - Processing /opt/airflow/dags/test/test_forexdag_validation.py took 0.123 seconds
[2023-04-02T20:14:32.918+0000] {processor.py:153} INFO - Started process (PID=6385) to work on /opt/airflow/dags/test/test_forexdag_validation.py
[2023-04-02T20:14:32.923+0000] {processor.py:743} INFO - Processing file /opt/airflow/dags/test/test_forexdag_validation.py for tasks to queue
[2023-04-02T20:14:32.924+0000] {logging_mixin.py:137} INFO - [2023-04-02T20:14:32.924+0000] {dagbag.py:538} INFO - Filling up the DagBag from /opt/airflow/dags/test/test_forexdag_validation.py
[2023-04-02T20:14:32.989+0000] {logging_mixin.py:137} INFO - [2023-04-02T20:14:32.978+0000] {dagbag.py:343} ERROR - Failed to import: /opt/airflow/dags/test/test_forexdag_validation.py
Traceback (most recent call last):
  File "/home/airflow/.local/lib/python3.7/site-packages/airflow/models/dagbag.py", line 339, in parse
    loader.exec_module(new_module)
  File "<frozen importlib._bootstrap_external>", line 728, in exec_module
  File "<frozen importlib._bootstrap>", line 219, in _call_with_frames_removed
  File "/opt/airflow/dags/test/test_forexdag_validation.py", line 1, in <module>
    import pytest
ModuleNotFoundError: No module named 'pytest'
[2023-04-02T20:14:32.994+0000] {processor.py:755} WARNING - No viable dags retrieved from /opt/airflow/dags/test/test_forexdag_validation.py
[2023-04-02T20:14:33.013+0000] {processor.py:175} INFO - Processing /opt/airflow/dags/test/test_forexdag_validation.py took 0.098 seconds
[2023-04-02T20:15:03.324+0000] {processor.py:153} INFO - Started process (PID=6435) to work on /opt/airflow/dags/test/test_forexdag_validation.py
[2023-04-02T20:15:03.327+0000] {processor.py:743} INFO - Processing file /opt/airflow/dags/test/test_forexdag_validation.py for tasks to queue
[2023-04-02T20:15:03.328+0000] {logging_mixin.py:137} INFO - [2023-04-02T20:15:03.328+0000] {dagbag.py:538} INFO - Filling up the DagBag from /opt/airflow/dags/test/test_forexdag_validation.py
[2023-04-02T20:15:03.403+0000] {logging_mixin.py:137} INFO - [2023-04-02T20:15:03.393+0000] {dagbag.py:343} ERROR - Failed to import: /opt/airflow/dags/test/test_forexdag_validation.py
Traceback (most recent call last):
  File "/home/airflow/.local/lib/python3.7/site-packages/airflow/models/dagbag.py", line 339, in parse
    loader.exec_module(new_module)
  File "<frozen importlib._bootstrap_external>", line 728, in exec_module
  File "<frozen importlib._bootstrap>", line 219, in _call_with_frames_removed
  File "/opt/airflow/dags/test/test_forexdag_validation.py", line 1, in <module>
    import pytest
ModuleNotFoundError: No module named 'pytest'
[2023-04-02T20:15:03.407+0000] {processor.py:755} WARNING - No viable dags retrieved from /opt/airflow/dags/test/test_forexdag_validation.py
[2023-04-02T20:15:03.429+0000] {processor.py:175} INFO - Processing /opt/airflow/dags/test/test_forexdag_validation.py took 0.108 seconds
[2023-04-02T20:15:33.941+0000] {processor.py:153} INFO - Started process (PID=6492) to work on /opt/airflow/dags/test/test_forexdag_validation.py
[2023-04-02T20:15:33.943+0000] {processor.py:743} INFO - Processing file /opt/airflow/dags/test/test_forexdag_validation.py for tasks to queue
[2023-04-02T20:15:33.944+0000] {logging_mixin.py:137} INFO - [2023-04-02T20:15:33.944+0000] {dagbag.py:538} INFO - Filling up the DagBag from /opt/airflow/dags/test/test_forexdag_validation.py
[2023-04-02T20:15:34.015+0000] {logging_mixin.py:137} INFO - [2023-04-02T20:15:34.003+0000] {dagbag.py:343} ERROR - Failed to import: /opt/airflow/dags/test/test_forexdag_validation.py
Traceback (most recent call last):
  File "/home/airflow/.local/lib/python3.7/site-packages/airflow/models/dagbag.py", line 339, in parse
    loader.exec_module(new_module)
  File "<frozen importlib._bootstrap_external>", line 728, in exec_module
  File "<frozen importlib._bootstrap>", line 219, in _call_with_frames_removed
  File "/opt/airflow/dags/test/test_forexdag_validation.py", line 1, in <module>
    import pytest
ModuleNotFoundError: No module named 'pytest'
[2023-04-02T20:15:34.020+0000] {processor.py:755} WARNING - No viable dags retrieved from /opt/airflow/dags/test/test_forexdag_validation.py
[2023-04-02T20:15:34.042+0000] {processor.py:175} INFO - Processing /opt/airflow/dags/test/test_forexdag_validation.py took 0.103 seconds
[2023-04-02T20:16:04.550+0000] {processor.py:153} INFO - Started process (PID=6545) to work on /opt/airflow/dags/test/test_forexdag_validation.py
[2023-04-02T20:16:04.552+0000] {processor.py:743} INFO - Processing file /opt/airflow/dags/test/test_forexdag_validation.py for tasks to queue
[2023-04-02T20:16:04.553+0000] {logging_mixin.py:137} INFO - [2023-04-02T20:16:04.553+0000] {dagbag.py:538} INFO - Filling up the DagBag from /opt/airflow/dags/test/test_forexdag_validation.py
[2023-04-02T20:16:04.619+0000] {logging_mixin.py:137} INFO - [2023-04-02T20:16:04.605+0000] {dagbag.py:343} ERROR - Failed to import: /opt/airflow/dags/test/test_forexdag_validation.py
Traceback (most recent call last):
  File "/home/airflow/.local/lib/python3.7/site-packages/airflow/models/dagbag.py", line 339, in parse
    loader.exec_module(new_module)
  File "<frozen importlib._bootstrap_external>", line 728, in exec_module
  File "<frozen importlib._bootstrap>", line 219, in _call_with_frames_removed
  File "/opt/airflow/dags/test/test_forexdag_validation.py", line 1, in <module>
    import pytest
ModuleNotFoundError: No module named 'pytest'
[2023-04-02T20:16:04.625+0000] {processor.py:755} WARNING - No viable dags retrieved from /opt/airflow/dags/test/test_forexdag_validation.py
[2023-04-02T20:16:04.646+0000] {processor.py:175} INFO - Processing /opt/airflow/dags/test/test_forexdag_validation.py took 0.100 seconds
[2023-04-02T20:16:35.147+0000] {processor.py:153} INFO - Started process (PID=6600) to work on /opt/airflow/dags/test/test_forexdag_validation.py
[2023-04-02T20:16:35.150+0000] {processor.py:743} INFO - Processing file /opt/airflow/dags/test/test_forexdag_validation.py for tasks to queue
[2023-04-02T20:16:35.151+0000] {logging_mixin.py:137} INFO - [2023-04-02T20:16:35.151+0000] {dagbag.py:538} INFO - Filling up the DagBag from /opt/airflow/dags/test/test_forexdag_validation.py
[2023-04-02T20:16:35.235+0000] {logging_mixin.py:137} INFO - [2023-04-02T20:16:35.220+0000] {dagbag.py:343} ERROR - Failed to import: /opt/airflow/dags/test/test_forexdag_validation.py
Traceback (most recent call last):
  File "/home/airflow/.local/lib/python3.7/site-packages/airflow/models/dagbag.py", line 339, in parse
    loader.exec_module(new_module)
  File "<frozen importlib._bootstrap_external>", line 728, in exec_module
  File "<frozen importlib._bootstrap>", line 219, in _call_with_frames_removed
  File "/opt/airflow/dags/test/test_forexdag_validation.py", line 1, in <module>
    import pytest
ModuleNotFoundError: No module named 'pytest'
[2023-04-02T20:16:35.241+0000] {processor.py:755} WARNING - No viable dags retrieved from /opt/airflow/dags/test/test_forexdag_validation.py
[2023-04-02T20:16:35.262+0000] {processor.py:175} INFO - Processing /opt/airflow/dags/test/test_forexdag_validation.py took 0.119 seconds
[2023-04-02T20:17:05.792+0000] {processor.py:153} INFO - Started process (PID=6653) to work on /opt/airflow/dags/test/test_forexdag_validation.py
[2023-04-02T20:17:05.795+0000] {processor.py:743} INFO - Processing file /opt/airflow/dags/test/test_forexdag_validation.py for tasks to queue
[2023-04-02T20:17:05.797+0000] {logging_mixin.py:137} INFO - [2023-04-02T20:17:05.797+0000] {dagbag.py:538} INFO - Filling up the DagBag from /opt/airflow/dags/test/test_forexdag_validation.py
[2023-04-02T20:17:05.861+0000] {logging_mixin.py:137} INFO - [2023-04-02T20:17:05.851+0000] {dagbag.py:343} ERROR - Failed to import: /opt/airflow/dags/test/test_forexdag_validation.py
Traceback (most recent call last):
  File "/home/airflow/.local/lib/python3.7/site-packages/airflow/models/dagbag.py", line 339, in parse
    loader.exec_module(new_module)
  File "<frozen importlib._bootstrap_external>", line 728, in exec_module
  File "<frozen importlib._bootstrap>", line 219, in _call_with_frames_removed
  File "/opt/airflow/dags/test/test_forexdag_validation.py", line 1, in <module>
    import pytest
ModuleNotFoundError: No module named 'pytest'
[2023-04-02T20:17:05.867+0000] {processor.py:755} WARNING - No viable dags retrieved from /opt/airflow/dags/test/test_forexdag_validation.py
[2023-04-02T20:17:05.891+0000] {processor.py:175} INFO - Processing /opt/airflow/dags/test/test_forexdag_validation.py took 0.101 seconds
[2023-04-02T20:17:36.487+0000] {processor.py:153} INFO - Started process (PID=6708) to work on /opt/airflow/dags/test/test_forexdag_validation.py
[2023-04-02T20:17:36.489+0000] {processor.py:743} INFO - Processing file /opt/airflow/dags/test/test_forexdag_validation.py for tasks to queue
[2023-04-02T20:17:36.491+0000] {logging_mixin.py:137} INFO - [2023-04-02T20:17:36.491+0000] {dagbag.py:538} INFO - Filling up the DagBag from /opt/airflow/dags/test/test_forexdag_validation.py
[2023-04-02T20:17:36.558+0000] {logging_mixin.py:137} INFO - [2023-04-02T20:17:36.546+0000] {dagbag.py:343} ERROR - Failed to import: /opt/airflow/dags/test/test_forexdag_validation.py
Traceback (most recent call last):
  File "/home/airflow/.local/lib/python3.7/site-packages/airflow/models/dagbag.py", line 339, in parse
    loader.exec_module(new_module)
  File "<frozen importlib._bootstrap_external>", line 728, in exec_module
  File "<frozen importlib._bootstrap>", line 219, in _call_with_frames_removed
  File "/opt/airflow/dags/test/test_forexdag_validation.py", line 1, in <module>
    import pytest
ModuleNotFoundError: No module named 'pytest'
[2023-04-02T20:17:36.564+0000] {processor.py:755} WARNING - No viable dags retrieved from /opt/airflow/dags/test/test_forexdag_validation.py
[2023-04-02T20:17:36.589+0000] {processor.py:175} INFO - Processing /opt/airflow/dags/test/test_forexdag_validation.py took 0.105 seconds
[2023-04-02T20:18:07.114+0000] {processor.py:153} INFO - Started process (PID=6772) to work on /opt/airflow/dags/test/test_forexdag_validation.py
[2023-04-02T20:18:07.119+0000] {processor.py:743} INFO - Processing file /opt/airflow/dags/test/test_forexdag_validation.py for tasks to queue
[2023-04-02T20:18:07.121+0000] {logging_mixin.py:137} INFO - [2023-04-02T20:18:07.121+0000] {dagbag.py:538} INFO - Filling up the DagBag from /opt/airflow/dags/test/test_forexdag_validation.py
[2023-04-02T20:18:07.191+0000] {logging_mixin.py:137} INFO - [2023-04-02T20:18:07.177+0000] {dagbag.py:343} ERROR - Failed to import: /opt/airflow/dags/test/test_forexdag_validation.py
Traceback (most recent call last):
  File "/home/airflow/.local/lib/python3.7/site-packages/airflow/models/dagbag.py", line 339, in parse
    loader.exec_module(new_module)
  File "<frozen importlib._bootstrap_external>", line 728, in exec_module
  File "<frozen importlib._bootstrap>", line 219, in _call_with_frames_removed
  File "/opt/airflow/dags/test/test_forexdag_validation.py", line 1, in <module>
    import pytest
ModuleNotFoundError: No module named 'pytest'
[2023-04-02T20:18:07.198+0000] {processor.py:755} WARNING - No viable dags retrieved from /opt/airflow/dags/test/test_forexdag_validation.py
[2023-04-02T20:18:07.223+0000] {processor.py:175} INFO - Processing /opt/airflow/dags/test/test_forexdag_validation.py took 0.113 seconds
[2023-04-02T20:18:37.759+0000] {processor.py:153} INFO - Started process (PID=6815) to work on /opt/airflow/dags/test/test_forexdag_validation.py
[2023-04-02T20:18:37.763+0000] {processor.py:743} INFO - Processing file /opt/airflow/dags/test/test_forexdag_validation.py for tasks to queue
[2023-04-02T20:18:37.764+0000] {logging_mixin.py:137} INFO - [2023-04-02T20:18:37.764+0000] {dagbag.py:538} INFO - Filling up the DagBag from /opt/airflow/dags/test/test_forexdag_validation.py
[2023-04-02T20:18:37.818+0000] {logging_mixin.py:137} INFO - [2023-04-02T20:18:37.807+0000] {dagbag.py:343} ERROR - Failed to import: /opt/airflow/dags/test/test_forexdag_validation.py
Traceback (most recent call last):
  File "/home/airflow/.local/lib/python3.7/site-packages/airflow/models/dagbag.py", line 339, in parse
    loader.exec_module(new_module)
  File "<frozen importlib._bootstrap_external>", line 728, in exec_module
  File "<frozen importlib._bootstrap>", line 219, in _call_with_frames_removed
  File "/opt/airflow/dags/test/test_forexdag_validation.py", line 1, in <module>
    import pytest
ModuleNotFoundError: No module named 'pytest'
[2023-04-02T20:18:37.824+0000] {processor.py:755} WARNING - No viable dags retrieved from /opt/airflow/dags/test/test_forexdag_validation.py
[2023-04-02T20:18:37.847+0000] {processor.py:175} INFO - Processing /opt/airflow/dags/test/test_forexdag_validation.py took 0.090 seconds
[2023-04-02T20:19:08.378+0000] {processor.py:153} INFO - Started process (PID=6880) to work on /opt/airflow/dags/test/test_forexdag_validation.py
[2023-04-02T20:19:08.381+0000] {processor.py:743} INFO - Processing file /opt/airflow/dags/test/test_forexdag_validation.py for tasks to queue
[2023-04-02T20:19:08.382+0000] {logging_mixin.py:137} INFO - [2023-04-02T20:19:08.382+0000] {dagbag.py:538} INFO - Filling up the DagBag from /opt/airflow/dags/test/test_forexdag_validation.py
[2023-04-02T20:19:08.450+0000] {logging_mixin.py:137} INFO - [2023-04-02T20:19:08.436+0000] {dagbag.py:343} ERROR - Failed to import: /opt/airflow/dags/test/test_forexdag_validation.py
Traceback (most recent call last):
  File "/home/airflow/.local/lib/python3.7/site-packages/airflow/models/dagbag.py", line 339, in parse
    loader.exec_module(new_module)
  File "<frozen importlib._bootstrap_external>", line 728, in exec_module
  File "<frozen importlib._bootstrap>", line 219, in _call_with_frames_removed
  File "/opt/airflow/dags/test/test_forexdag_validation.py", line 1, in <module>
    import pytest
ModuleNotFoundError: No module named 'pytest'
[2023-04-02T20:19:08.455+0000] {processor.py:755} WARNING - No viable dags retrieved from /opt/airflow/dags/test/test_forexdag_validation.py
[2023-04-02T20:19:08.481+0000] {processor.py:175} INFO - Processing /opt/airflow/dags/test/test_forexdag_validation.py took 0.106 seconds
[2023-04-02T20:19:39.000+0000] {processor.py:153} INFO - Started process (PID=6924) to work on /opt/airflow/dags/test/test_forexdag_validation.py
[2023-04-02T20:19:39.002+0000] {processor.py:743} INFO - Processing file /opt/airflow/dags/test/test_forexdag_validation.py for tasks to queue
[2023-04-02T20:19:39.003+0000] {logging_mixin.py:137} INFO - [2023-04-02T20:19:39.003+0000] {dagbag.py:538} INFO - Filling up the DagBag from /opt/airflow/dags/test/test_forexdag_validation.py
[2023-04-02T20:19:39.072+0000] {logging_mixin.py:137} INFO - [2023-04-02T20:19:39.060+0000] {dagbag.py:343} ERROR - Failed to import: /opt/airflow/dags/test/test_forexdag_validation.py
Traceback (most recent call last):
  File "/home/airflow/.local/lib/python3.7/site-packages/airflow/models/dagbag.py", line 339, in parse
    loader.exec_module(new_module)
  File "<frozen importlib._bootstrap_external>", line 728, in exec_module
  File "<frozen importlib._bootstrap>", line 219, in _call_with_frames_removed
  File "/opt/airflow/dags/test/test_forexdag_validation.py", line 1, in <module>
    import pytest
ModuleNotFoundError: No module named 'pytest'
[2023-04-02T20:19:39.076+0000] {processor.py:755} WARNING - No viable dags retrieved from /opt/airflow/dags/test/test_forexdag_validation.py
[2023-04-02T20:19:39.098+0000] {processor.py:175} INFO - Processing /opt/airflow/dags/test/test_forexdag_validation.py took 0.101 seconds
[2023-04-02T20:20:09.380+0000] {processor.py:153} INFO - Started process (PID=6988) to work on /opt/airflow/dags/test/test_forexdag_validation.py
[2023-04-02T20:20:09.382+0000] {processor.py:743} INFO - Processing file /opt/airflow/dags/test/test_forexdag_validation.py for tasks to queue
[2023-04-02T20:20:09.383+0000] {logging_mixin.py:137} INFO - [2023-04-02T20:20:09.383+0000] {dagbag.py:538} INFO - Filling up the DagBag from /opt/airflow/dags/test/test_forexdag_validation.py
[2023-04-02T20:20:09.444+0000] {logging_mixin.py:137} INFO - [2023-04-02T20:20:09.432+0000] {dagbag.py:343} ERROR - Failed to import: /opt/airflow/dags/test/test_forexdag_validation.py
Traceback (most recent call last):
  File "/home/airflow/.local/lib/python3.7/site-packages/airflow/models/dagbag.py", line 339, in parse
    loader.exec_module(new_module)
  File "<frozen importlib._bootstrap_external>", line 728, in exec_module
  File "<frozen importlib._bootstrap>", line 219, in _call_with_frames_removed
  File "/opt/airflow/dags/test/test_forexdag_validation.py", line 1, in <module>
    import pytest
ModuleNotFoundError: No module named 'pytest'
[2023-04-02T20:20:09.451+0000] {processor.py:755} WARNING - No viable dags retrieved from /opt/airflow/dags/test/test_forexdag_validation.py
[2023-04-02T20:20:09.480+0000] {processor.py:175} INFO - Processing /opt/airflow/dags/test/test_forexdag_validation.py took 0.105 seconds
[2023-04-02T20:20:39.996+0000] {processor.py:153} INFO - Started process (PID=7032) to work on /opt/airflow/dags/test/test_forexdag_validation.py
[2023-04-02T20:20:39.998+0000] {processor.py:743} INFO - Processing file /opt/airflow/dags/test/test_forexdag_validation.py for tasks to queue
[2023-04-02T20:20:39.999+0000] {logging_mixin.py:137} INFO - [2023-04-02T20:20:39.999+0000] {dagbag.py:538} INFO - Filling up the DagBag from /opt/airflow/dags/test/test_forexdag_validation.py
[2023-04-02T20:20:40.048+0000] {logging_mixin.py:137} INFO - [2023-04-02T20:20:40.035+0000] {dagbag.py:343} ERROR - Failed to import: /opt/airflow/dags/test/test_forexdag_validation.py
Traceback (most recent call last):
  File "/home/airflow/.local/lib/python3.7/site-packages/airflow/models/dagbag.py", line 339, in parse
    loader.exec_module(new_module)
  File "<frozen importlib._bootstrap_external>", line 728, in exec_module
  File "<frozen importlib._bootstrap>", line 219, in _call_with_frames_removed
  File "/opt/airflow/dags/test/test_forexdag_validation.py", line 1, in <module>
    import pytest
ModuleNotFoundError: No module named 'pytest'
[2023-04-02T20:20:40.053+0000] {processor.py:755} WARNING - No viable dags retrieved from /opt/airflow/dags/test/test_forexdag_validation.py
[2023-04-02T20:20:40.074+0000] {processor.py:175} INFO - Processing /opt/airflow/dags/test/test_forexdag_validation.py took 0.081 seconds
[2023-04-02T20:21:10.632+0000] {processor.py:153} INFO - Started process (PID=7085) to work on /opt/airflow/dags/test/test_forexdag_validation.py
[2023-04-02T20:21:10.634+0000] {processor.py:743} INFO - Processing file /opt/airflow/dags/test/test_forexdag_validation.py for tasks to queue
[2023-04-02T20:21:10.635+0000] {logging_mixin.py:137} INFO - [2023-04-02T20:21:10.635+0000] {dagbag.py:538} INFO - Filling up the DagBag from /opt/airflow/dags/test/test_forexdag_validation.py
[2023-04-02T20:21:10.693+0000] {logging_mixin.py:137} INFO - [2023-04-02T20:21:10.682+0000] {dagbag.py:343} ERROR - Failed to import: /opt/airflow/dags/test/test_forexdag_validation.py
Traceback (most recent call last):
  File "/home/airflow/.local/lib/python3.7/site-packages/airflow/models/dagbag.py", line 339, in parse
    loader.exec_module(new_module)
  File "<frozen importlib._bootstrap_external>", line 728, in exec_module
  File "<frozen importlib._bootstrap>", line 219, in _call_with_frames_removed
  File "/opt/airflow/dags/test/test_forexdag_validation.py", line 1, in <module>
    import pytest
ModuleNotFoundError: No module named 'pytest'
[2023-04-02T20:21:10.698+0000] {processor.py:755} WARNING - No viable dags retrieved from /opt/airflow/dags/test/test_forexdag_validation.py
[2023-04-02T20:21:10.723+0000] {processor.py:175} INFO - Processing /opt/airflow/dags/test/test_forexdag_validation.py took 0.094 seconds
[2023-04-02T20:21:41.219+0000] {processor.py:153} INFO - Started process (PID=7140) to work on /opt/airflow/dags/test/test_forexdag_validation.py
[2023-04-02T20:21:41.224+0000] {processor.py:743} INFO - Processing file /opt/airflow/dags/test/test_forexdag_validation.py for tasks to queue
[2023-04-02T20:21:41.225+0000] {logging_mixin.py:137} INFO - [2023-04-02T20:21:41.225+0000] {dagbag.py:538} INFO - Filling up the DagBag from /opt/airflow/dags/test/test_forexdag_validation.py
[2023-04-02T20:21:41.296+0000] {logging_mixin.py:137} INFO - [2023-04-02T20:21:41.288+0000] {dagbag.py:343} ERROR - Failed to import: /opt/airflow/dags/test/test_forexdag_validation.py
Traceback (most recent call last):
  File "/home/airflow/.local/lib/python3.7/site-packages/airflow/models/dagbag.py", line 339, in parse
    loader.exec_module(new_module)
  File "<frozen importlib._bootstrap_external>", line 728, in exec_module
  File "<frozen importlib._bootstrap>", line 219, in _call_with_frames_removed
  File "/opt/airflow/dags/test/test_forexdag_validation.py", line 1, in <module>
    import pytest
ModuleNotFoundError: No module named 'pytest'
[2023-04-02T20:21:41.300+0000] {processor.py:755} WARNING - No viable dags retrieved from /opt/airflow/dags/test/test_forexdag_validation.py
[2023-04-02T20:21:41.321+0000] {processor.py:175} INFO - Processing /opt/airflow/dags/test/test_forexdag_validation.py took 0.104 seconds
[2023-04-02T20:22:11.864+0000] {processor.py:153} INFO - Started process (PID=7184) to work on /opt/airflow/dags/test/test_forexdag_validation.py
[2023-04-02T20:22:11.868+0000] {processor.py:743} INFO - Processing file /opt/airflow/dags/test/test_forexdag_validation.py for tasks to queue
[2023-04-02T20:22:11.869+0000] {logging_mixin.py:137} INFO - [2023-04-02T20:22:11.869+0000] {dagbag.py:538} INFO - Filling up the DagBag from /opt/airflow/dags/test/test_forexdag_validation.py
[2023-04-02T20:22:11.937+0000] {logging_mixin.py:137} INFO - [2023-04-02T20:22:11.926+0000] {dagbag.py:343} ERROR - Failed to import: /opt/airflow/dags/test/test_forexdag_validation.py
Traceback (most recent call last):
  File "/home/airflow/.local/lib/python3.7/site-packages/airflow/models/dagbag.py", line 339, in parse
    loader.exec_module(new_module)
  File "<frozen importlib._bootstrap_external>", line 728, in exec_module
  File "<frozen importlib._bootstrap>", line 219, in _call_with_frames_removed
  File "/opt/airflow/dags/test/test_forexdag_validation.py", line 1, in <module>
    import pytest
ModuleNotFoundError: No module named 'pytest'
[2023-04-02T20:22:11.942+0000] {processor.py:755} WARNING - No viable dags retrieved from /opt/airflow/dags/test/test_forexdag_validation.py
[2023-04-02T20:22:11.963+0000] {processor.py:175} INFO - Processing /opt/airflow/dags/test/test_forexdag_validation.py took 0.103 seconds
[2023-04-02T20:22:42.323+0000] {processor.py:153} INFO - Started process (PID=7248) to work on /opt/airflow/dags/test/test_forexdag_validation.py
[2023-04-02T20:22:42.331+0000] {processor.py:743} INFO - Processing file /opt/airflow/dags/test/test_forexdag_validation.py for tasks to queue
[2023-04-02T20:22:42.332+0000] {logging_mixin.py:137} INFO - [2023-04-02T20:22:42.332+0000] {dagbag.py:538} INFO - Filling up the DagBag from /opt/airflow/dags/test/test_forexdag_validation.py
[2023-04-02T20:22:42.404+0000] {logging_mixin.py:137} INFO - [2023-04-02T20:22:42.393+0000] {dagbag.py:343} ERROR - Failed to import: /opt/airflow/dags/test/test_forexdag_validation.py
Traceback (most recent call last):
  File "/home/airflow/.local/lib/python3.7/site-packages/airflow/models/dagbag.py", line 339, in parse
    loader.exec_module(new_module)
  File "<frozen importlib._bootstrap_external>", line 728, in exec_module
  File "<frozen importlib._bootstrap>", line 219, in _call_with_frames_removed
  File "/opt/airflow/dags/test/test_forexdag_validation.py", line 1, in <module>
    import pytest
ModuleNotFoundError: No module named 'pytest'
[2023-04-02T20:22:42.410+0000] {processor.py:755} WARNING - No viable dags retrieved from /opt/airflow/dags/test/test_forexdag_validation.py
[2023-04-02T20:22:42.434+0000] {processor.py:175} INFO - Processing /opt/airflow/dags/test/test_forexdag_validation.py took 0.114 seconds
[2023-04-02T20:23:13.129+0000] {processor.py:153} INFO - Started process (PID=7293) to work on /opt/airflow/dags/test/test_forexdag_validation.py
[2023-04-02T20:23:13.131+0000] {processor.py:743} INFO - Processing file /opt/airflow/dags/test/test_forexdag_validation.py for tasks to queue
[2023-04-02T20:23:13.132+0000] {logging_mixin.py:137} INFO - [2023-04-02T20:23:13.132+0000] {dagbag.py:538} INFO - Filling up the DagBag from /opt/airflow/dags/test/test_forexdag_validation.py
[2023-04-02T20:23:13.189+0000] {logging_mixin.py:137} INFO - [2023-04-02T20:23:13.174+0000] {dagbag.py:343} ERROR - Failed to import: /opt/airflow/dags/test/test_forexdag_validation.py
Traceback (most recent call last):
  File "/home/airflow/.local/lib/python3.7/site-packages/airflow/models/dagbag.py", line 339, in parse
    loader.exec_module(new_module)
  File "<frozen importlib._bootstrap_external>", line 728, in exec_module
  File "<frozen importlib._bootstrap>", line 219, in _call_with_frames_removed
  File "/opt/airflow/dags/test/test_forexdag_validation.py", line 1, in <module>
    import pytest
ModuleNotFoundError: No module named 'pytest'
[2023-04-02T20:23:13.197+0000] {processor.py:755} WARNING - No viable dags retrieved from /opt/airflow/dags/test/test_forexdag_validation.py
[2023-04-02T20:23:13.217+0000] {processor.py:175} INFO - Processing /opt/airflow/dags/test/test_forexdag_validation.py took 0.092 seconds
[2023-04-02T20:23:43.748+0000] {processor.py:153} INFO - Started process (PID=7346) to work on /opt/airflow/dags/test/test_forexdag_validation.py
[2023-04-02T20:23:43.750+0000] {processor.py:743} INFO - Processing file /opt/airflow/dags/test/test_forexdag_validation.py for tasks to queue
[2023-04-02T20:23:43.751+0000] {logging_mixin.py:137} INFO - [2023-04-02T20:23:43.751+0000] {dagbag.py:538} INFO - Filling up the DagBag from /opt/airflow/dags/test/test_forexdag_validation.py
[2023-04-02T20:23:43.812+0000] {logging_mixin.py:137} INFO - [2023-04-02T20:23:43.800+0000] {dagbag.py:343} ERROR - Failed to import: /opt/airflow/dags/test/test_forexdag_validation.py
Traceback (most recent call last):
  File "/home/airflow/.local/lib/python3.7/site-packages/airflow/models/dagbag.py", line 339, in parse
    loader.exec_module(new_module)
  File "<frozen importlib._bootstrap_external>", line 728, in exec_module
  File "<frozen importlib._bootstrap>", line 219, in _call_with_frames_removed
  File "/opt/airflow/dags/test/test_forexdag_validation.py", line 1, in <module>
    import pytest
ModuleNotFoundError: No module named 'pytest'
[2023-04-02T20:23:43.817+0000] {processor.py:755} WARNING - No viable dags retrieved from /opt/airflow/dags/test/test_forexdag_validation.py
[2023-04-02T20:23:43.843+0000] {processor.py:175} INFO - Processing /opt/airflow/dags/test/test_forexdag_validation.py took 0.099 seconds
[2023-04-02T20:24:14.345+0000] {processor.py:153} INFO - Started process (PID=7401) to work on /opt/airflow/dags/test/test_forexdag_validation.py
[2023-04-02T20:24:14.348+0000] {processor.py:743} INFO - Processing file /opt/airflow/dags/test/test_forexdag_validation.py for tasks to queue
[2023-04-02T20:24:14.349+0000] {logging_mixin.py:137} INFO - [2023-04-02T20:24:14.349+0000] {dagbag.py:538} INFO - Filling up the DagBag from /opt/airflow/dags/test/test_forexdag_validation.py
[2023-04-02T20:24:14.401+0000] {logging_mixin.py:137} INFO - [2023-04-02T20:24:14.394+0000] {dagbag.py:343} ERROR - Failed to import: /opt/airflow/dags/test/test_forexdag_validation.py
Traceback (most recent call last):
  File "/home/airflow/.local/lib/python3.7/site-packages/airflow/models/dagbag.py", line 339, in parse
    loader.exec_module(new_module)
  File "<frozen importlib._bootstrap_external>", line 728, in exec_module
  File "<frozen importlib._bootstrap>", line 219, in _call_with_frames_removed
  File "/opt/airflow/dags/test/test_forexdag_validation.py", line 1, in <module>
    import pytest
ModuleNotFoundError: No module named 'pytest'
[2023-04-02T20:24:14.404+0000] {processor.py:755} WARNING - No viable dags retrieved from /opt/airflow/dags/test/test_forexdag_validation.py
[2023-04-02T20:24:14.424+0000] {processor.py:175} INFO - Processing /opt/airflow/dags/test/test_forexdag_validation.py took 0.083 seconds
[2023-04-02T20:24:44.948+0000] {processor.py:153} INFO - Started process (PID=7454) to work on /opt/airflow/dags/test/test_forexdag_validation.py
[2023-04-02T20:24:44.950+0000] {processor.py:743} INFO - Processing file /opt/airflow/dags/test/test_forexdag_validation.py for tasks to queue
[2023-04-02T20:24:44.952+0000] {logging_mixin.py:137} INFO - [2023-04-02T20:24:44.952+0000] {dagbag.py:538} INFO - Filling up the DagBag from /opt/airflow/dags/test/test_forexdag_validation.py
[2023-04-02T20:24:45.023+0000] {logging_mixin.py:137} INFO - [2023-04-02T20:24:45.008+0000] {dagbag.py:343} ERROR - Failed to import: /opt/airflow/dags/test/test_forexdag_validation.py
Traceback (most recent call last):
  File "/home/airflow/.local/lib/python3.7/site-packages/airflow/models/dagbag.py", line 339, in parse
    loader.exec_module(new_module)
  File "<frozen importlib._bootstrap_external>", line 728, in exec_module
  File "<frozen importlib._bootstrap>", line 219, in _call_with_frames_removed
  File "/opt/airflow/dags/test/test_forexdag_validation.py", line 1, in <module>
    import pytest
ModuleNotFoundError: No module named 'pytest'
[2023-04-02T20:24:45.030+0000] {processor.py:755} WARNING - No viable dags retrieved from /opt/airflow/dags/test/test_forexdag_validation.py
[2023-04-02T20:24:45.053+0000] {processor.py:175} INFO - Processing /opt/airflow/dags/test/test_forexdag_validation.py took 0.109 seconds
[2023-04-02T20:25:15.098+0000] {processor.py:153} INFO - Started process (PID=7508) to work on /opt/airflow/dags/test/test_forexdag_validation.py
[2023-04-02T20:25:15.100+0000] {processor.py:743} INFO - Processing file /opt/airflow/dags/test/test_forexdag_validation.py for tasks to queue
[2023-04-02T20:25:15.101+0000] {logging_mixin.py:137} INFO - [2023-04-02T20:25:15.101+0000] {dagbag.py:538} INFO - Filling up the DagBag from /opt/airflow/dags/test/test_forexdag_validation.py
[2023-04-02T20:25:15.145+0000] {logging_mixin.py:137} INFO - [2023-04-02T20:25:15.139+0000] {dagbag.py:343} ERROR - Failed to import: /opt/airflow/dags/test/test_forexdag_validation.py
Traceback (most recent call last):
  File "/home/airflow/.local/lib/python3.7/site-packages/airflow/models/dagbag.py", line 339, in parse
    loader.exec_module(new_module)
  File "<frozen importlib._bootstrap_external>", line 728, in exec_module
  File "<frozen importlib._bootstrap>", line 219, in _call_with_frames_removed
  File "/opt/airflow/dags/test/test_forexdag_validation.py", line 1, in <module>
    import pytest
ModuleNotFoundError: No module named 'pytest'
[2023-04-02T20:25:15.148+0000] {processor.py:755} WARNING - No viable dags retrieved from /opt/airflow/dags/test/test_forexdag_validation.py
[2023-04-02T20:25:15.168+0000] {processor.py:175} INFO - Processing /opt/airflow/dags/test/test_forexdag_validation.py took 0.072 seconds
[2023-04-02T20:25:45.704+0000] {processor.py:153} INFO - Started process (PID=7553) to work on /opt/airflow/dags/test/test_forexdag_validation.py
[2023-04-02T20:25:45.706+0000] {processor.py:743} INFO - Processing file /opt/airflow/dags/test/test_forexdag_validation.py for tasks to queue
[2023-04-02T20:25:45.707+0000] {logging_mixin.py:137} INFO - [2023-04-02T20:25:45.707+0000] {dagbag.py:538} INFO - Filling up the DagBag from /opt/airflow/dags/test/test_forexdag_validation.py
[2023-04-02T20:25:45.765+0000] {logging_mixin.py:137} INFO - [2023-04-02T20:25:45.751+0000] {dagbag.py:343} ERROR - Failed to import: /opt/airflow/dags/test/test_forexdag_validation.py
Traceback (most recent call last):
  File "/home/airflow/.local/lib/python3.7/site-packages/airflow/models/dagbag.py", line 339, in parse
    loader.exec_module(new_module)
  File "<frozen importlib._bootstrap_external>", line 728, in exec_module
  File "<frozen importlib._bootstrap>", line 219, in _call_with_frames_removed
  File "/opt/airflow/dags/test/test_forexdag_validation.py", line 1, in <module>
    import pytest
ModuleNotFoundError: No module named 'pytest'
[2023-04-02T20:25:45.769+0000] {processor.py:755} WARNING - No viable dags retrieved from /opt/airflow/dags/test/test_forexdag_validation.py
[2023-04-02T20:25:45.788+0000] {processor.py:175} INFO - Processing /opt/airflow/dags/test/test_forexdag_validation.py took 0.087 seconds
[2023-04-02T20:26:16.295+0000] {processor.py:153} INFO - Started process (PID=7617) to work on /opt/airflow/dags/test/test_forexdag_validation.py
[2023-04-02T20:26:16.297+0000] {processor.py:743} INFO - Processing file /opt/airflow/dags/test/test_forexdag_validation.py for tasks to queue
[2023-04-02T20:26:16.299+0000] {logging_mixin.py:137} INFO - [2023-04-02T20:26:16.298+0000] {dagbag.py:538} INFO - Filling up the DagBag from /opt/airflow/dags/test/test_forexdag_validation.py
[2023-04-02T20:26:16.367+0000] {logging_mixin.py:137} INFO - [2023-04-02T20:26:16.352+0000] {dagbag.py:343} ERROR - Failed to import: /opt/airflow/dags/test/test_forexdag_validation.py
Traceback (most recent call last):
  File "/home/airflow/.local/lib/python3.7/site-packages/airflow/models/dagbag.py", line 339, in parse
    loader.exec_module(new_module)
  File "<frozen importlib._bootstrap_external>", line 728, in exec_module
  File "<frozen importlib._bootstrap>", line 219, in _call_with_frames_removed
  File "/opt/airflow/dags/test/test_forexdag_validation.py", line 1, in <module>
    import pytest
ModuleNotFoundError: No module named 'pytest'
[2023-04-02T20:26:16.373+0000] {processor.py:755} WARNING - No viable dags retrieved from /opt/airflow/dags/test/test_forexdag_validation.py
[2023-04-02T20:26:16.399+0000] {processor.py:175} INFO - Processing /opt/airflow/dags/test/test_forexdag_validation.py took 0.106 seconds
[2023-04-02T20:26:46.887+0000] {processor.py:153} INFO - Started process (PID=7663) to work on /opt/airflow/dags/test/test_forexdag_validation.py
[2023-04-02T20:26:46.890+0000] {processor.py:743} INFO - Processing file /opt/airflow/dags/test/test_forexdag_validation.py for tasks to queue
[2023-04-02T20:26:46.891+0000] {logging_mixin.py:137} INFO - [2023-04-02T20:26:46.891+0000] {dagbag.py:538} INFO - Filling up the DagBag from /opt/airflow/dags/test/test_forexdag_validation.py
[2023-04-02T20:26:46.950+0000] {logging_mixin.py:137} INFO - [2023-04-02T20:26:46.938+0000] {dagbag.py:343} ERROR - Failed to import: /opt/airflow/dags/test/test_forexdag_validation.py
Traceback (most recent call last):
  File "/home/airflow/.local/lib/python3.7/site-packages/airflow/models/dagbag.py", line 339, in parse
    loader.exec_module(new_module)
  File "<frozen importlib._bootstrap_external>", line 728, in exec_module
  File "<frozen importlib._bootstrap>", line 219, in _call_with_frames_removed
  File "/opt/airflow/dags/test/test_forexdag_validation.py", line 1, in <module>
    import pytest
ModuleNotFoundError: No module named 'pytest'
[2023-04-02T20:26:46.954+0000] {processor.py:755} WARNING - No viable dags retrieved from /opt/airflow/dags/test/test_forexdag_validation.py
[2023-04-02T20:26:46.973+0000] {processor.py:175} INFO - Processing /opt/airflow/dags/test/test_forexdag_validation.py took 0.089 seconds
[2023-04-02T20:27:17.478+0000] {processor.py:153} INFO - Started process (PID=7727) to work on /opt/airflow/dags/test/test_forexdag_validation.py
[2023-04-02T20:27:17.480+0000] {processor.py:743} INFO - Processing file /opt/airflow/dags/test/test_forexdag_validation.py for tasks to queue
[2023-04-02T20:27:17.481+0000] {logging_mixin.py:137} INFO - [2023-04-02T20:27:17.481+0000] {dagbag.py:538} INFO - Filling up the DagBag from /opt/airflow/dags/test/test_forexdag_validation.py
[2023-04-02T20:27:17.535+0000] {logging_mixin.py:137} INFO - [2023-04-02T20:27:17.523+0000] {dagbag.py:343} ERROR - Failed to import: /opt/airflow/dags/test/test_forexdag_validation.py
Traceback (most recent call last):
  File "/home/airflow/.local/lib/python3.7/site-packages/airflow/models/dagbag.py", line 339, in parse
    loader.exec_module(new_module)
  File "<frozen importlib._bootstrap_external>", line 728, in exec_module
  File "<frozen importlib._bootstrap>", line 219, in _call_with_frames_removed
  File "/opt/airflow/dags/test/test_forexdag_validation.py", line 1, in <module>
    import pytest
ModuleNotFoundError: No module named 'pytest'
[2023-04-02T20:27:17.540+0000] {processor.py:755} WARNING - No viable dags retrieved from /opt/airflow/dags/test/test_forexdag_validation.py
[2023-04-02T20:27:17.558+0000] {processor.py:175} INFO - Processing /opt/airflow/dags/test/test_forexdag_validation.py took 0.083 seconds
[2023-04-02T20:27:48.068+0000] {processor.py:153} INFO - Started process (PID=7770) to work on /opt/airflow/dags/test/test_forexdag_validation.py
[2023-04-02T20:27:48.070+0000] {processor.py:743} INFO - Processing file /opt/airflow/dags/test/test_forexdag_validation.py for tasks to queue
[2023-04-02T20:27:48.071+0000] {logging_mixin.py:137} INFO - [2023-04-02T20:27:48.071+0000] {dagbag.py:538} INFO - Filling up the DagBag from /opt/airflow/dags/test/test_forexdag_validation.py
[2023-04-02T20:27:48.114+0000] {logging_mixin.py:137} INFO - [2023-04-02T20:27:48.107+0000] {dagbag.py:343} ERROR - Failed to import: /opt/airflow/dags/test/test_forexdag_validation.py
Traceback (most recent call last):
  File "/home/airflow/.local/lib/python3.7/site-packages/airflow/models/dagbag.py", line 339, in parse
    loader.exec_module(new_module)
  File "<frozen importlib._bootstrap_external>", line 728, in exec_module
  File "<frozen importlib._bootstrap>", line 219, in _call_with_frames_removed
  File "/opt/airflow/dags/test/test_forexdag_validation.py", line 1, in <module>
    import pytest
ModuleNotFoundError: No module named 'pytest'
[2023-04-02T20:27:48.117+0000] {processor.py:755} WARNING - No viable dags retrieved from /opt/airflow/dags/test/test_forexdag_validation.py
[2023-04-02T20:27:48.136+0000] {processor.py:175} INFO - Processing /opt/airflow/dags/test/test_forexdag_validation.py took 0.071 seconds
[2023-04-02T20:28:18.672+0000] {processor.py:153} INFO - Started process (PID=7834) to work on /opt/airflow/dags/test/test_forexdag_validation.py
[2023-04-02T20:28:18.676+0000] {processor.py:743} INFO - Processing file /opt/airflow/dags/test/test_forexdag_validation.py for tasks to queue
[2023-04-02T20:28:18.677+0000] {logging_mixin.py:137} INFO - [2023-04-02T20:28:18.677+0000] {dagbag.py:538} INFO - Filling up the DagBag from /opt/airflow/dags/test/test_forexdag_validation.py
[2023-04-02T20:28:18.734+0000] {logging_mixin.py:137} INFO - [2023-04-02T20:28:18.724+0000] {dagbag.py:343} ERROR - Failed to import: /opt/airflow/dags/test/test_forexdag_validation.py
Traceback (most recent call last):
  File "/home/airflow/.local/lib/python3.7/site-packages/airflow/models/dagbag.py", line 339, in parse
    loader.exec_module(new_module)
  File "<frozen importlib._bootstrap_external>", line 728, in exec_module
  File "<frozen importlib._bootstrap>", line 219, in _call_with_frames_removed
  File "/opt/airflow/dags/test/test_forexdag_validation.py", line 1, in <module>
    import pytest
ModuleNotFoundError: No module named 'pytest'
[2023-04-02T20:28:18.738+0000] {processor.py:755} WARNING - No viable dags retrieved from /opt/airflow/dags/test/test_forexdag_validation.py
[2023-04-02T20:28:18.759+0000] {processor.py:175} INFO - Processing /opt/airflow/dags/test/test_forexdag_validation.py took 0.090 seconds
[2023-04-02T20:28:49.222+0000] {processor.py:153} INFO - Started process (PID=7877) to work on /opt/airflow/dags/test/test_forexdag_validation.py
[2023-04-02T20:28:49.225+0000] {processor.py:743} INFO - Processing file /opt/airflow/dags/test/test_forexdag_validation.py for tasks to queue
[2023-04-02T20:28:49.226+0000] {logging_mixin.py:137} INFO - [2023-04-02T20:28:49.226+0000] {dagbag.py:538} INFO - Filling up the DagBag from /opt/airflow/dags/test/test_forexdag_validation.py
[2023-04-02T20:28:49.291+0000] {logging_mixin.py:137} INFO - [2023-04-02T20:28:49.280+0000] {dagbag.py:343} ERROR - Failed to import: /opt/airflow/dags/test/test_forexdag_validation.py
Traceback (most recent call last):
  File "/home/airflow/.local/lib/python3.7/site-packages/airflow/models/dagbag.py", line 339, in parse
    loader.exec_module(new_module)
  File "<frozen importlib._bootstrap_external>", line 728, in exec_module
  File "<frozen importlib._bootstrap>", line 219, in _call_with_frames_removed
  File "/opt/airflow/dags/test/test_forexdag_validation.py", line 1, in <module>
    import pytest
ModuleNotFoundError: No module named 'pytest'
[2023-04-02T20:28:49.296+0000] {processor.py:755} WARNING - No viable dags retrieved from /opt/airflow/dags/test/test_forexdag_validation.py
[2023-04-02T20:28:49.319+0000] {processor.py:175} INFO - Processing /opt/airflow/dags/test/test_forexdag_validation.py took 0.100 seconds
[2023-04-02T20:29:19.843+0000] {processor.py:153} INFO - Started process (PID=7941) to work on /opt/airflow/dags/test/test_forexdag_validation.py
[2023-04-02T20:29:19.844+0000] {processor.py:743} INFO - Processing file /opt/airflow/dags/test/test_forexdag_validation.py for tasks to queue
[2023-04-02T20:29:19.845+0000] {logging_mixin.py:137} INFO - [2023-04-02T20:29:19.845+0000] {dagbag.py:538} INFO - Filling up the DagBag from /opt/airflow/dags/test/test_forexdag_validation.py
[2023-04-02T20:29:19.914+0000] {logging_mixin.py:137} INFO - [2023-04-02T20:29:19.899+0000] {dagbag.py:343} ERROR - Failed to import: /opt/airflow/dags/test/test_forexdag_validation.py
Traceback (most recent call last):
  File "/home/airflow/.local/lib/python3.7/site-packages/airflow/models/dagbag.py", line 339, in parse
    loader.exec_module(new_module)
  File "<frozen importlib._bootstrap_external>", line 728, in exec_module
  File "<frozen importlib._bootstrap>", line 219, in _call_with_frames_removed
  File "/opt/airflow/dags/test/test_forexdag_validation.py", line 1, in <module>
    import pytest
ModuleNotFoundError: No module named 'pytest'
[2023-04-02T20:29:19.918+0000] {processor.py:755} WARNING - No viable dags retrieved from /opt/airflow/dags/test/test_forexdag_validation.py
[2023-04-02T20:29:19.944+0000] {processor.py:175} INFO - Processing /opt/airflow/dags/test/test_forexdag_validation.py took 0.104 seconds
[2023-04-02T20:29:50.403+0000] {processor.py:153} INFO - Started process (PID=7985) to work on /opt/airflow/dags/test/test_forexdag_validation.py
[2023-04-02T20:29:50.406+0000] {processor.py:743} INFO - Processing file /opt/airflow/dags/test/test_forexdag_validation.py for tasks to queue
[2023-04-02T20:29:50.407+0000] {logging_mixin.py:137} INFO - [2023-04-02T20:29:50.407+0000] {dagbag.py:538} INFO - Filling up the DagBag from /opt/airflow/dags/test/test_forexdag_validation.py
[2023-04-02T20:29:50.456+0000] {logging_mixin.py:137} INFO - [2023-04-02T20:29:50.447+0000] {dagbag.py:343} ERROR - Failed to import: /opt/airflow/dags/test/test_forexdag_validation.py
Traceback (most recent call last):
  File "/home/airflow/.local/lib/python3.7/site-packages/airflow/models/dagbag.py", line 339, in parse
    loader.exec_module(new_module)
  File "<frozen importlib._bootstrap_external>", line 728, in exec_module
  File "<frozen importlib._bootstrap>", line 219, in _call_with_frames_removed
  File "/opt/airflow/dags/test/test_forexdag_validation.py", line 1, in <module>
    import pytest
ModuleNotFoundError: No module named 'pytest'
[2023-04-02T20:29:50.460+0000] {processor.py:755} WARNING - No viable dags retrieved from /opt/airflow/dags/test/test_forexdag_validation.py
[2023-04-02T20:29:50.480+0000] {processor.py:175} INFO - Processing /opt/airflow/dags/test/test_forexdag_validation.py took 0.080 seconds
[2023-04-02T20:30:20.779+0000] {processor.py:153} INFO - Started process (PID=8038) to work on /opt/airflow/dags/test/test_forexdag_validation.py
[2023-04-02T20:30:20.781+0000] {processor.py:743} INFO - Processing file /opt/airflow/dags/test/test_forexdag_validation.py for tasks to queue
[2023-04-02T20:30:20.783+0000] {logging_mixin.py:137} INFO - [2023-04-02T20:30:20.782+0000] {dagbag.py:538} INFO - Filling up the DagBag from /opt/airflow/dags/test/test_forexdag_validation.py
[2023-04-02T20:30:20.846+0000] {logging_mixin.py:137} INFO - [2023-04-02T20:30:20.835+0000] {dagbag.py:343} ERROR - Failed to import: /opt/airflow/dags/test/test_forexdag_validation.py
Traceback (most recent call last):
  File "/home/airflow/.local/lib/python3.7/site-packages/airflow/models/dagbag.py", line 339, in parse
    loader.exec_module(new_module)
  File "<frozen importlib._bootstrap_external>", line 728, in exec_module
  File "<frozen importlib._bootstrap>", line 219, in _call_with_frames_removed
  File "/opt/airflow/dags/test/test_forexdag_validation.py", line 1, in <module>
    import pytest
ModuleNotFoundError: No module named 'pytest'
[2023-04-02T20:30:20.853+0000] {processor.py:755} WARNING - No viable dags retrieved from /opt/airflow/dags/test/test_forexdag_validation.py
[2023-04-02T20:30:20.877+0000] {processor.py:175} INFO - Processing /opt/airflow/dags/test/test_forexdag_validation.py took 0.102 seconds
[2023-04-02T20:30:51.364+0000] {processor.py:153} INFO - Started process (PID=8093) to work on /opt/airflow/dags/test/test_forexdag_validation.py
[2023-04-02T20:30:51.366+0000] {processor.py:743} INFO - Processing file /opt/airflow/dags/test/test_forexdag_validation.py for tasks to queue
[2023-04-02T20:30:51.366+0000] {logging_mixin.py:137} INFO - [2023-04-02T20:30:51.366+0000] {dagbag.py:538} INFO - Filling up the DagBag from /opt/airflow/dags/test/test_forexdag_validation.py
[2023-04-02T20:30:51.413+0000] {logging_mixin.py:137} INFO - [2023-04-02T20:30:51.396+0000] {dagbag.py:343} ERROR - Failed to import: /opt/airflow/dags/test/test_forexdag_validation.py
Traceback (most recent call last):
  File "/home/airflow/.local/lib/python3.7/site-packages/airflow/models/dagbag.py", line 339, in parse
    loader.exec_module(new_module)
  File "<frozen importlib._bootstrap_external>", line 728, in exec_module
  File "<frozen importlib._bootstrap>", line 219, in _call_with_frames_removed
  File "/opt/airflow/dags/test/test_forexdag_validation.py", line 1, in <module>
    import pytest
ModuleNotFoundError: No module named 'pytest'
[2023-04-02T20:30:51.420+0000] {processor.py:755} WARNING - No viable dags retrieved from /opt/airflow/dags/test/test_forexdag_validation.py
[2023-04-02T20:30:51.443+0000] {processor.py:175} INFO - Processing /opt/airflow/dags/test/test_forexdag_validation.py took 0.081 seconds
[2023-04-02T20:31:21.960+0000] {processor.py:153} INFO - Started process (PID=8147) to work on /opt/airflow/dags/test/test_forexdag_validation.py
[2023-04-02T20:31:21.962+0000] {processor.py:743} INFO - Processing file /opt/airflow/dags/test/test_forexdag_validation.py for tasks to queue
[2023-04-02T20:31:21.963+0000] {logging_mixin.py:137} INFO - [2023-04-02T20:31:21.963+0000] {dagbag.py:538} INFO - Filling up the DagBag from /opt/airflow/dags/test/test_forexdag_validation.py
[2023-04-02T20:31:22.031+0000] {logging_mixin.py:137} INFO - [2023-04-02T20:31:22.017+0000] {dagbag.py:343} ERROR - Failed to import: /opt/airflow/dags/test/test_forexdag_validation.py
Traceback (most recent call last):
  File "/home/airflow/.local/lib/python3.7/site-packages/airflow/models/dagbag.py", line 339, in parse
    loader.exec_module(new_module)
  File "<frozen importlib._bootstrap_external>", line 728, in exec_module
  File "<frozen importlib._bootstrap>", line 219, in _call_with_frames_removed
  File "/opt/airflow/dags/test/test_forexdag_validation.py", line 1, in <module>
    import pytest
ModuleNotFoundError: No module named 'pytest'
[2023-04-02T20:31:22.038+0000] {processor.py:755} WARNING - No viable dags retrieved from /opt/airflow/dags/test/test_forexdag_validation.py
[2023-04-02T20:31:22.063+0000] {processor.py:175} INFO - Processing /opt/airflow/dags/test/test_forexdag_validation.py took 0.105 seconds
[2023-04-02T20:31:52.532+0000] {processor.py:153} INFO - Started process (PID=8202) to work on /opt/airflow/dags/test/test_forexdag_validation.py
[2023-04-02T20:31:52.533+0000] {processor.py:743} INFO - Processing file /opt/airflow/dags/test/test_forexdag_validation.py for tasks to queue
[2023-04-02T20:31:52.534+0000] {logging_mixin.py:137} INFO - [2023-04-02T20:31:52.534+0000] {dagbag.py:538} INFO - Filling up the DagBag from /opt/airflow/dags/test/test_forexdag_validation.py
[2023-04-02T20:31:52.604+0000] {logging_mixin.py:137} INFO - [2023-04-02T20:31:52.586+0000] {dagbag.py:343} ERROR - Failed to import: /opt/airflow/dags/test/test_forexdag_validation.py
Traceback (most recent call last):
  File "/home/airflow/.local/lib/python3.7/site-packages/airflow/models/dagbag.py", line 339, in parse
    loader.exec_module(new_module)
  File "<frozen importlib._bootstrap_external>", line 728, in exec_module
  File "<frozen importlib._bootstrap>", line 219, in _call_with_frames_removed
  File "/opt/airflow/dags/test/test_forexdag_validation.py", line 1, in <module>
    import pytest
ModuleNotFoundError: No module named 'pytest'
[2023-04-02T20:31:52.607+0000] {processor.py:755} WARNING - No viable dags retrieved from /opt/airflow/dags/test/test_forexdag_validation.py
[2023-04-02T20:31:52.626+0000] {processor.py:175} INFO - Processing /opt/airflow/dags/test/test_forexdag_validation.py took 0.097 seconds
[2023-04-02T20:32:23.217+0000] {processor.py:153} INFO - Started process (PID=8255) to work on /opt/airflow/dags/test/test_forexdag_validation.py
[2023-04-02T20:32:23.219+0000] {processor.py:743} INFO - Processing file /opt/airflow/dags/test/test_forexdag_validation.py for tasks to queue
[2023-04-02T20:32:23.220+0000] {logging_mixin.py:137} INFO - [2023-04-02T20:32:23.220+0000] {dagbag.py:538} INFO - Filling up the DagBag from /opt/airflow/dags/test/test_forexdag_validation.py
[2023-04-02T20:32:23.284+0000] {logging_mixin.py:137} INFO - [2023-04-02T20:32:23.272+0000] {dagbag.py:343} ERROR - Failed to import: /opt/airflow/dags/test/test_forexdag_validation.py
Traceback (most recent call last):
  File "/home/airflow/.local/lib/python3.7/site-packages/airflow/models/dagbag.py", line 339, in parse
    loader.exec_module(new_module)
  File "<frozen importlib._bootstrap_external>", line 728, in exec_module
  File "<frozen importlib._bootstrap>", line 219, in _call_with_frames_removed
  File "/opt/airflow/dags/test/test_forexdag_validation.py", line 1, in <module>
    import pytest
ModuleNotFoundError: No module named 'pytest'
[2023-04-02T20:32:23.289+0000] {processor.py:755} WARNING - No viable dags retrieved from /opt/airflow/dags/test/test_forexdag_validation.py
[2023-04-02T20:32:23.315+0000] {processor.py:175} INFO - Processing /opt/airflow/dags/test/test_forexdag_validation.py took 0.101 seconds
[2023-04-02T20:32:53.809+0000] {processor.py:153} INFO - Started process (PID=8310) to work on /opt/airflow/dags/test/test_forexdag_validation.py
[2023-04-02T20:32:53.814+0000] {processor.py:743} INFO - Processing file /opt/airflow/dags/test/test_forexdag_validation.py for tasks to queue
[2023-04-02T20:32:53.816+0000] {logging_mixin.py:137} INFO - [2023-04-02T20:32:53.816+0000] {dagbag.py:538} INFO - Filling up the DagBag from /opt/airflow/dags/test/test_forexdag_validation.py
[2023-04-02T20:32:53.868+0000] {logging_mixin.py:137} INFO - [2023-04-02T20:32:53.857+0000] {dagbag.py:343} ERROR - Failed to import: /opt/airflow/dags/test/test_forexdag_validation.py
Traceback (most recent call last):
  File "/home/airflow/.local/lib/python3.7/site-packages/airflow/models/dagbag.py", line 339, in parse
    loader.exec_module(new_module)
  File "<frozen importlib._bootstrap_external>", line 728, in exec_module
  File "<frozen importlib._bootstrap>", line 219, in _call_with_frames_removed
  File "/opt/airflow/dags/test/test_forexdag_validation.py", line 1, in <module>
    import pytest
ModuleNotFoundError: No module named 'pytest'
[2023-04-02T20:32:53.874+0000] {processor.py:755} WARNING - No viable dags retrieved from /opt/airflow/dags/test/test_forexdag_validation.py
[2023-04-02T20:32:53.907+0000] {processor.py:175} INFO - Processing /opt/airflow/dags/test/test_forexdag_validation.py took 0.104 seconds
[2023-04-02T20:33:24.438+0000] {processor.py:153} INFO - Started process (PID=8361) to work on /opt/airflow/dags/test/test_forexdag_validation.py
[2023-04-02T20:33:24.440+0000] {processor.py:743} INFO - Processing file /opt/airflow/dags/test/test_forexdag_validation.py for tasks to queue
[2023-04-02T20:33:24.441+0000] {logging_mixin.py:137} INFO - [2023-04-02T20:33:24.441+0000] {dagbag.py:538} INFO - Filling up the DagBag from /opt/airflow/dags/test/test_forexdag_validation.py
[2023-04-02T20:33:24.512+0000] {logging_mixin.py:137} INFO - [2023-04-02T20:33:24.502+0000] {dagbag.py:343} ERROR - Failed to import: /opt/airflow/dags/test/test_forexdag_validation.py
Traceback (most recent call last):
  File "/home/airflow/.local/lib/python3.7/site-packages/airflow/models/dagbag.py", line 339, in parse
    loader.exec_module(new_module)
  File "<frozen importlib._bootstrap_external>", line 728, in exec_module
  File "<frozen importlib._bootstrap>", line 219, in _call_with_frames_removed
  File "/opt/airflow/dags/test/test_forexdag_validation.py", line 1, in <module>
    import pytest
ModuleNotFoundError: No module named 'pytest'
[2023-04-02T20:33:24.516+0000] {processor.py:755} WARNING - No viable dags retrieved from /opt/airflow/dags/test/test_forexdag_validation.py
[2023-04-02T20:33:24.541+0000] {processor.py:175} INFO - Processing /opt/airflow/dags/test/test_forexdag_validation.py took 0.106 seconds
[2023-04-02T20:33:55.049+0000] {processor.py:153} INFO - Started process (PID=8418) to work on /opt/airflow/dags/test/test_forexdag_validation.py
[2023-04-02T20:33:55.052+0000] {processor.py:743} INFO - Processing file /opt/airflow/dags/test/test_forexdag_validation.py for tasks to queue
[2023-04-02T20:33:55.053+0000] {logging_mixin.py:137} INFO - [2023-04-02T20:33:55.053+0000] {dagbag.py:538} INFO - Filling up the DagBag from /opt/airflow/dags/test/test_forexdag_validation.py
[2023-04-02T20:33:55.110+0000] {logging_mixin.py:137} INFO - [2023-04-02T20:33:55.104+0000] {dagbag.py:343} ERROR - Failed to import: /opt/airflow/dags/test/test_forexdag_validation.py
Traceback (most recent call last):
  File "/home/airflow/.local/lib/python3.7/site-packages/airflow/models/dagbag.py", line 339, in parse
    loader.exec_module(new_module)
  File "<frozen importlib._bootstrap_external>", line 728, in exec_module
  File "<frozen importlib._bootstrap>", line 219, in _call_with_frames_removed
  File "/opt/airflow/dags/test/test_forexdag_validation.py", line 1, in <module>
    import pytest
ModuleNotFoundError: No module named 'pytest'
[2023-04-02T20:33:55.115+0000] {processor.py:755} WARNING - No viable dags retrieved from /opt/airflow/dags/test/test_forexdag_validation.py
[2023-04-02T20:33:55.137+0000] {processor.py:175} INFO - Processing /opt/airflow/dags/test/test_forexdag_validation.py took 0.090 seconds
[2023-04-02T20:34:25.258+0000] {processor.py:153} INFO - Started process (PID=8462) to work on /opt/airflow/dags/test/test_forexdag_validation.py
[2023-04-02T20:34:25.259+0000] {processor.py:743} INFO - Processing file /opt/airflow/dags/test/test_forexdag_validation.py for tasks to queue
[2023-04-02T20:34:25.261+0000] {logging_mixin.py:137} INFO - [2023-04-02T20:34:25.261+0000] {dagbag.py:538} INFO - Filling up the DagBag from /opt/airflow/dags/test/test_forexdag_validation.py
[2023-04-02T20:34:25.311+0000] {logging_mixin.py:137} INFO - [2023-04-02T20:34:25.302+0000] {dagbag.py:343} ERROR - Failed to import: /opt/airflow/dags/test/test_forexdag_validation.py
Traceback (most recent call last):
  File "/home/airflow/.local/lib/python3.7/site-packages/airflow/models/dagbag.py", line 339, in parse
    loader.exec_module(new_module)
  File "<frozen importlib._bootstrap_external>", line 728, in exec_module
  File "<frozen importlib._bootstrap>", line 219, in _call_with_frames_removed
  File "/opt/airflow/dags/test/test_forexdag_validation.py", line 1, in <module>
    import pytest
ModuleNotFoundError: No module named 'pytest'
[2023-04-02T20:34:25.314+0000] {processor.py:755} WARNING - No viable dags retrieved from /opt/airflow/dags/test/test_forexdag_validation.py
[2023-04-02T20:34:25.335+0000] {processor.py:175} INFO - Processing /opt/airflow/dags/test/test_forexdag_validation.py took 0.080 seconds
[2023-04-02T20:34:56.382+0000] {processor.py:153} INFO - Started process (PID=8525) to work on /opt/airflow/dags/test/test_forexdag_validation.py
[2023-04-02T20:34:56.384+0000] {processor.py:743} INFO - Processing file /opt/airflow/dags/test/test_forexdag_validation.py for tasks to queue
[2023-04-02T20:34:56.385+0000] {logging_mixin.py:137} INFO - [2023-04-02T20:34:56.385+0000] {dagbag.py:538} INFO - Filling up the DagBag from /opt/airflow/dags/test/test_forexdag_validation.py
[2023-04-02T20:34:56.451+0000] {logging_mixin.py:137} INFO - [2023-04-02T20:34:56.437+0000] {dagbag.py:343} ERROR - Failed to import: /opt/airflow/dags/test/test_forexdag_validation.py
Traceback (most recent call last):
  File "/home/airflow/.local/lib/python3.7/site-packages/airflow/models/dagbag.py", line 339, in parse
    loader.exec_module(new_module)
  File "<frozen importlib._bootstrap_external>", line 728, in exec_module
  File "<frozen importlib._bootstrap>", line 219, in _call_with_frames_removed
  File "/opt/airflow/dags/test/test_forexdag_validation.py", line 1, in <module>
    import pytest
ModuleNotFoundError: No module named 'pytest'
[2023-04-02T20:34:56.456+0000] {processor.py:755} WARNING - No viable dags retrieved from /opt/airflow/dags/test/test_forexdag_validation.py
[2023-04-02T20:34:56.477+0000] {processor.py:175} INFO - Processing /opt/airflow/dags/test/test_forexdag_validation.py took 0.099 seconds
[2023-04-02T20:35:27.051+0000] {processor.py:153} INFO - Started process (PID=8569) to work on /opt/airflow/dags/test/test_forexdag_validation.py
[2023-04-02T20:35:27.055+0000] {processor.py:743} INFO - Processing file /opt/airflow/dags/test/test_forexdag_validation.py for tasks to queue
[2023-04-02T20:35:27.055+0000] {logging_mixin.py:137} INFO - [2023-04-02T20:35:27.055+0000] {dagbag.py:538} INFO - Filling up the DagBag from /opt/airflow/dags/test/test_forexdag_validation.py
[2023-04-02T20:35:27.121+0000] {logging_mixin.py:137} INFO - [2023-04-02T20:35:27.112+0000] {dagbag.py:343} ERROR - Failed to import: /opt/airflow/dags/test/test_forexdag_validation.py
Traceback (most recent call last):
  File "/home/airflow/.local/lib/python3.7/site-packages/airflow/models/dagbag.py", line 339, in parse
    loader.exec_module(new_module)
  File "<frozen importlib._bootstrap_external>", line 728, in exec_module
  File "<frozen importlib._bootstrap>", line 219, in _call_with_frames_removed
  File "/opt/airflow/dags/test/test_forexdag_validation.py", line 1, in <module>
    import pytest
ModuleNotFoundError: No module named 'pytest'
[2023-04-02T20:35:27.124+0000] {processor.py:755} WARNING - No viable dags retrieved from /opt/airflow/dags/test/test_forexdag_validation.py
[2023-04-02T20:35:27.142+0000] {processor.py:175} INFO - Processing /opt/airflow/dags/test/test_forexdag_validation.py took 0.093 seconds
[2023-04-02T20:35:57.710+0000] {processor.py:153} INFO - Started process (PID=8632) to work on /opt/airflow/dags/test/test_forexdag_validation.py
[2023-04-02T20:35:57.713+0000] {processor.py:743} INFO - Processing file /opt/airflow/dags/test/test_forexdag_validation.py for tasks to queue
[2023-04-02T20:35:57.715+0000] {logging_mixin.py:137} INFO - [2023-04-02T20:35:57.715+0000] {dagbag.py:538} INFO - Filling up the DagBag from /opt/airflow/dags/test/test_forexdag_validation.py
[2023-04-02T20:35:57.782+0000] {logging_mixin.py:137} INFO - [2023-04-02T20:35:57.769+0000] {dagbag.py:343} ERROR - Failed to import: /opt/airflow/dags/test/test_forexdag_validation.py
Traceback (most recent call last):
  File "/home/airflow/.local/lib/python3.7/site-packages/airflow/models/dagbag.py", line 339, in parse
    loader.exec_module(new_module)
  File "<frozen importlib._bootstrap_external>", line 728, in exec_module
  File "<frozen importlib._bootstrap>", line 219, in _call_with_frames_removed
  File "/opt/airflow/dags/test/test_forexdag_validation.py", line 1, in <module>
    import pytest
ModuleNotFoundError: No module named 'pytest'
[2023-04-02T20:35:57.787+0000] {processor.py:755} WARNING - No viable dags retrieved from /opt/airflow/dags/test/test_forexdag_validation.py
[2023-04-02T20:35:57.807+0000] {processor.py:175} INFO - Processing /opt/airflow/dags/test/test_forexdag_validation.py took 0.101 seconds
[2023-04-02T20:36:28.318+0000] {processor.py:153} INFO - Started process (PID=8676) to work on /opt/airflow/dags/test/test_forexdag_validation.py
[2023-04-02T20:36:28.322+0000] {processor.py:743} INFO - Processing file /opt/airflow/dags/test/test_forexdag_validation.py for tasks to queue
[2023-04-02T20:36:28.323+0000] {logging_mixin.py:137} INFO - [2023-04-02T20:36:28.323+0000] {dagbag.py:538} INFO - Filling up the DagBag from /opt/airflow/dags/test/test_forexdag_validation.py
[2023-04-02T20:36:28.379+0000] {logging_mixin.py:137} INFO - [2023-04-02T20:36:28.372+0000] {dagbag.py:343} ERROR - Failed to import: /opt/airflow/dags/test/test_forexdag_validation.py
Traceback (most recent call last):
  File "/home/airflow/.local/lib/python3.7/site-packages/airflow/models/dagbag.py", line 339, in parse
    loader.exec_module(new_module)
  File "<frozen importlib._bootstrap_external>", line 728, in exec_module
  File "<frozen importlib._bootstrap>", line 219, in _call_with_frames_removed
  File "/opt/airflow/dags/test/test_forexdag_validation.py", line 1, in <module>
    import pytest
ModuleNotFoundError: No module named 'pytest'
[2023-04-02T20:36:28.381+0000] {processor.py:755} WARNING - No viable dags retrieved from /opt/airflow/dags/test/test_forexdag_validation.py
[2023-04-02T20:36:28.402+0000] {processor.py:175} INFO - Processing /opt/airflow/dags/test/test_forexdag_validation.py took 0.087 seconds
[2023-04-02T20:36:58.960+0000] {processor.py:153} INFO - Started process (PID=8740) to work on /opt/airflow/dags/test/test_forexdag_validation.py
[2023-04-02T20:36:58.963+0000] {processor.py:743} INFO - Processing file /opt/airflow/dags/test/test_forexdag_validation.py for tasks to queue
[2023-04-02T20:36:58.964+0000] {logging_mixin.py:137} INFO - [2023-04-02T20:36:58.964+0000] {dagbag.py:538} INFO - Filling up the DagBag from /opt/airflow/dags/test/test_forexdag_validation.py
[2023-04-02T20:36:59.028+0000] {logging_mixin.py:137} INFO - [2023-04-02T20:36:59.015+0000] {dagbag.py:343} ERROR - Failed to import: /opt/airflow/dags/test/test_forexdag_validation.py
Traceback (most recent call last):
  File "/home/airflow/.local/lib/python3.7/site-packages/airflow/models/dagbag.py", line 339, in parse
    loader.exec_module(new_module)
  File "<frozen importlib._bootstrap_external>", line 728, in exec_module
  File "<frozen importlib._bootstrap>", line 219, in _call_with_frames_removed
  File "/opt/airflow/dags/test/test_forexdag_validation.py", line 1, in <module>
    import pytest
ModuleNotFoundError: No module named 'pytest'
[2023-04-02T20:36:59.034+0000] {processor.py:755} WARNING - No viable dags retrieved from /opt/airflow/dags/test/test_forexdag_validation.py
[2023-04-02T20:36:59.062+0000] {processor.py:175} INFO - Processing /opt/airflow/dags/test/test_forexdag_validation.py took 0.105 seconds
[2023-04-02T20:37:29.595+0000] {processor.py:153} INFO - Started process (PID=8784) to work on /opt/airflow/dags/test/test_forexdag_validation.py
[2023-04-02T20:37:29.597+0000] {processor.py:743} INFO - Processing file /opt/airflow/dags/test/test_forexdag_validation.py for tasks to queue
[2023-04-02T20:37:29.598+0000] {logging_mixin.py:137} INFO - [2023-04-02T20:37:29.598+0000] {dagbag.py:538} INFO - Filling up the DagBag from /opt/airflow/dags/test/test_forexdag_validation.py
[2023-04-02T20:37:29.646+0000] {logging_mixin.py:137} INFO - [2023-04-02T20:37:29.640+0000] {dagbag.py:343} ERROR - Failed to import: /opt/airflow/dags/test/test_forexdag_validation.py
Traceback (most recent call last):
  File "/home/airflow/.local/lib/python3.7/site-packages/airflow/models/dagbag.py", line 339, in parse
    loader.exec_module(new_module)
  File "<frozen importlib._bootstrap_external>", line 728, in exec_module
  File "<frozen importlib._bootstrap>", line 219, in _call_with_frames_removed
  File "/opt/airflow/dags/test/test_forexdag_validation.py", line 1, in <module>
    import pytest
ModuleNotFoundError: No module named 'pytest'
[2023-04-02T20:37:29.649+0000] {processor.py:755} WARNING - No viable dags retrieved from /opt/airflow/dags/test/test_forexdag_validation.py
[2023-04-02T20:37:29.670+0000] {processor.py:175} INFO - Processing /opt/airflow/dags/test/test_forexdag_validation.py took 0.078 seconds
[2023-04-02T20:38:00.191+0000] {processor.py:153} INFO - Started process (PID=8837) to work on /opt/airflow/dags/test/test_forexdag_validation.py
[2023-04-02T20:38:00.194+0000] {processor.py:743} INFO - Processing file /opt/airflow/dags/test/test_forexdag_validation.py for tasks to queue
[2023-04-02T20:38:00.196+0000] {logging_mixin.py:137} INFO - [2023-04-02T20:38:00.196+0000] {dagbag.py:538} INFO - Filling up the DagBag from /opt/airflow/dags/test/test_forexdag_validation.py
[2023-04-02T20:38:00.260+0000] {logging_mixin.py:137} INFO - [2023-04-02T20:38:00.249+0000] {dagbag.py:343} ERROR - Failed to import: /opt/airflow/dags/test/test_forexdag_validation.py
Traceback (most recent call last):
  File "/home/airflow/.local/lib/python3.7/site-packages/airflow/models/dagbag.py", line 339, in parse
    loader.exec_module(new_module)
  File "<frozen importlib._bootstrap_external>", line 728, in exec_module
  File "<frozen importlib._bootstrap>", line 219, in _call_with_frames_removed
  File "/opt/airflow/dags/test/test_forexdag_validation.py", line 1, in <module>
    import pytest
ModuleNotFoundError: No module named 'pytest'
[2023-04-02T20:38:00.264+0000] {processor.py:755} WARNING - No viable dags retrieved from /opt/airflow/dags/test/test_forexdag_validation.py
[2023-04-02T20:38:00.309+0000] {processor.py:175} INFO - Processing /opt/airflow/dags/test/test_forexdag_validation.py took 0.120 seconds
[2023-04-02T20:38:30.879+0000] {processor.py:153} INFO - Started process (PID=8893) to work on /opt/airflow/dags/test/test_forexdag_validation.py
[2023-04-02T20:38:30.882+0000] {processor.py:743} INFO - Processing file /opt/airflow/dags/test/test_forexdag_validation.py for tasks to queue
[2023-04-02T20:38:30.883+0000] {logging_mixin.py:137} INFO - [2023-04-02T20:38:30.883+0000] {dagbag.py:538} INFO - Filling up the DagBag from /opt/airflow/dags/test/test_forexdag_validation.py
[2023-04-02T20:38:30.975+0000] {logging_mixin.py:137} INFO - [2023-04-02T20:38:30.957+0000] {dagbag.py:343} ERROR - Failed to import: /opt/airflow/dags/test/test_forexdag_validation.py
Traceback (most recent call last):
  File "/home/airflow/.local/lib/python3.7/site-packages/airflow/models/dagbag.py", line 339, in parse
    loader.exec_module(new_module)
  File "<frozen importlib._bootstrap_external>", line 728, in exec_module
  File "<frozen importlib._bootstrap>", line 219, in _call_with_frames_removed
  File "/opt/airflow/dags/test/test_forexdag_validation.py", line 1, in <module>
    import pytest
ModuleNotFoundError: No module named 'pytest'
[2023-04-02T20:38:30.987+0000] {processor.py:755} WARNING - No viable dags retrieved from /opt/airflow/dags/test/test_forexdag_validation.py
[2023-04-02T20:38:31.019+0000] {processor.py:175} INFO - Processing /opt/airflow/dags/test/test_forexdag_validation.py took 0.146 seconds
[2023-04-02T20:39:01.106+0000] {processor.py:153} INFO - Started process (PID=8938) to work on /opt/airflow/dags/test/test_forexdag_validation.py
[2023-04-02T20:39:01.108+0000] {processor.py:743} INFO - Processing file /opt/airflow/dags/test/test_forexdag_validation.py for tasks to queue
[2023-04-02T20:39:01.110+0000] {logging_mixin.py:137} INFO - [2023-04-02T20:39:01.109+0000] {dagbag.py:538} INFO - Filling up the DagBag from /opt/airflow/dags/test/test_forexdag_validation.py
[2023-04-02T20:39:01.182+0000] {logging_mixin.py:137} INFO - [2023-04-02T20:39:01.171+0000] {dagbag.py:343} ERROR - Failed to import: /opt/airflow/dags/test/test_forexdag_validation.py
Traceback (most recent call last):
  File "/home/airflow/.local/lib/python3.7/site-packages/airflow/models/dagbag.py", line 339, in parse
    loader.exec_module(new_module)
  File "<frozen importlib._bootstrap_external>", line 728, in exec_module
  File "<frozen importlib._bootstrap>", line 219, in _call_with_frames_removed
  File "/opt/airflow/dags/test/test_forexdag_validation.py", line 1, in <module>
    import pytest
ModuleNotFoundError: No module named 'pytest'
[2023-04-02T20:39:01.188+0000] {processor.py:755} WARNING - No viable dags retrieved from /opt/airflow/dags/test/test_forexdag_validation.py
[2023-04-02T20:39:01.209+0000] {processor.py:175} INFO - Processing /opt/airflow/dags/test/test_forexdag_validation.py took 0.106 seconds
[2023-04-02T21:43:33.401+0000] {processor.py:153} INFO - Started process (PID=8983) to work on /opt/airflow/dags/test/test_forexdag_validation.py
[2023-04-02T21:43:33.406+0000] {processor.py:743} INFO - Processing file /opt/airflow/dags/test/test_forexdag_validation.py for tasks to queue
[2023-04-02T21:43:33.408+0000] {logging_mixin.py:137} INFO - [2023-04-02T21:43:33.407+0000] {dagbag.py:538} INFO - Filling up the DagBag from /opt/airflow/dags/test/test_forexdag_validation.py
[2023-04-02T21:43:33.732+0000] {logging_mixin.py:137} INFO - [2023-04-02T21:43:33.704+0000] {dagbag.py:343} ERROR - Failed to import: /opt/airflow/dags/test/test_forexdag_validation.py
Traceback (most recent call last):
  File "/home/airflow/.local/lib/python3.7/site-packages/airflow/models/dagbag.py", line 339, in parse
    loader.exec_module(new_module)
  File "<frozen importlib._bootstrap_external>", line 728, in exec_module
  File "<frozen importlib._bootstrap>", line 219, in _call_with_frames_removed
  File "/opt/airflow/dags/test/test_forexdag_validation.py", line 1, in <module>
    import pytest
ModuleNotFoundError: No module named 'pytest'
[2023-04-02T21:43:33.749+0000] {processor.py:755} WARNING - No viable dags retrieved from /opt/airflow/dags/test/test_forexdag_validation.py
[2023-04-02T21:43:33.801+0000] {processor.py:175} INFO - Processing /opt/airflow/dags/test/test_forexdag_validation.py took 0.405 seconds
[2023-04-02T21:44:03.965+0000] {processor.py:153} INFO - Started process (PID=9027) to work on /opt/airflow/dags/test/test_forexdag_validation.py
[2023-04-02T21:44:03.967+0000] {processor.py:743} INFO - Processing file /opt/airflow/dags/test/test_forexdag_validation.py for tasks to queue
[2023-04-02T21:44:03.968+0000] {logging_mixin.py:137} INFO - [2023-04-02T21:44:03.968+0000] {dagbag.py:538} INFO - Filling up the DagBag from /opt/airflow/dags/test/test_forexdag_validation.py
[2023-04-02T21:44:04.020+0000] {logging_mixin.py:137} INFO - [2023-04-02T21:44:04.009+0000] {dagbag.py:343} ERROR - Failed to import: /opt/airflow/dags/test/test_forexdag_validation.py
Traceback (most recent call last):
  File "/home/airflow/.local/lib/python3.7/site-packages/airflow/models/dagbag.py", line 339, in parse
    loader.exec_module(new_module)
  File "<frozen importlib._bootstrap_external>", line 728, in exec_module
  File "<frozen importlib._bootstrap>", line 219, in _call_with_frames_removed
  File "/opt/airflow/dags/test/test_forexdag_validation.py", line 1, in <module>
    import pytest
ModuleNotFoundError: No module named 'pytest'
[2023-04-02T21:44:04.029+0000] {processor.py:755} WARNING - No viable dags retrieved from /opt/airflow/dags/test/test_forexdag_validation.py
[2023-04-02T21:44:04.050+0000] {processor.py:175} INFO - Processing /opt/airflow/dags/test/test_forexdag_validation.py took 0.087 seconds
