[2023-02-28T00:26:12.123+0000] {processor.py:153} INFO - Started process (PID=57) to work on /opt/airflow/dags/test/test_forexdag_definition.py
[2023-02-28T00:26:12.127+0000] {processor.py:743} INFO - Processing file /opt/airflow/dags/test/test_forexdag_definition.py for tasks to queue
[2023-02-28T00:26:12.129+0000] {logging_mixin.py:137} INFO - [2023-02-28T00:26:12.129+0000] {dagbag.py:538} INFO - Filling up the DagBag from /opt/airflow/dags/test/test_forexdag_definition.py
[2023-02-28T00:26:12.243+0000] {logging_mixin.py:137} INFO - [2023-02-28T00:26:12.213+0000] {dagbag.py:343} ERROR - Failed to import: /opt/airflow/dags/test/test_forexdag_definition.py
Traceback (most recent call last):
  File "/home/airflow/.local/lib/python3.7/site-packages/airflow/models/dagbag.py", line 339, in parse
    loader.exec_module(new_module)
  File "<frozen importlib._bootstrap_external>", line 728, in exec_module
  File "<frozen importlib._bootstrap>", line 219, in _call_with_frames_removed
  File "/opt/airflow/dags/test/test_forexdag_definition.py", line 1, in <module>
    import pytest
ModuleNotFoundError: No module named 'pytest'
[2023-02-28T00:26:12.253+0000] {processor.py:755} WARNING - No viable dags retrieved from /opt/airflow/dags/test/test_forexdag_definition.py
[2023-02-28T00:26:12.393+0000] {processor.py:175} INFO - Processing /opt/airflow/dags/test/test_forexdag_definition.py took 0.273 seconds
[2023-02-28T00:26:42.666+0000] {processor.py:153} INFO - Started process (PID=130) to work on /opt/airflow/dags/test/test_forexdag_definition.py
[2023-02-28T00:26:42.667+0000] {processor.py:743} INFO - Processing file /opt/airflow/dags/test/test_forexdag_definition.py for tasks to queue
[2023-02-28T00:26:42.668+0000] {logging_mixin.py:137} INFO - [2023-02-28T00:26:42.668+0000] {dagbag.py:538} INFO - Filling up the DagBag from /opt/airflow/dags/test/test_forexdag_definition.py
[2023-02-28T00:26:42.726+0000] {logging_mixin.py:137} INFO - [2023-02-28T00:26:42.717+0000] {dagbag.py:343} ERROR - Failed to import: /opt/airflow/dags/test/test_forexdag_definition.py
Traceback (most recent call last):
  File "/home/airflow/.local/lib/python3.7/site-packages/airflow/models/dagbag.py", line 339, in parse
    loader.exec_module(new_module)
  File "<frozen importlib._bootstrap_external>", line 728, in exec_module
  File "<frozen importlib._bootstrap>", line 219, in _call_with_frames_removed
  File "/opt/airflow/dags/test/test_forexdag_definition.py", line 1, in <module>
    import pytest
ModuleNotFoundError: No module named 'pytest'
[2023-02-28T00:26:42.729+0000] {processor.py:755} WARNING - No viable dags retrieved from /opt/airflow/dags/test/test_forexdag_definition.py
[2023-02-28T00:26:42.746+0000] {processor.py:175} INFO - Processing /opt/airflow/dags/test/test_forexdag_definition.py took 0.083 seconds
[2023-02-28T00:27:13.440+0000] {processor.py:153} INFO - Started process (PID=174) to work on /opt/airflow/dags/test/test_forexdag_definition.py
[2023-02-28T00:27:13.443+0000] {processor.py:743} INFO - Processing file /opt/airflow/dags/test/test_forexdag_definition.py for tasks to queue
[2023-02-28T00:27:13.444+0000] {logging_mixin.py:137} INFO - [2023-02-28T00:27:13.444+0000] {dagbag.py:538} INFO - Filling up the DagBag from /opt/airflow/dags/test/test_forexdag_definition.py
[2023-02-28T00:27:13.504+0000] {logging_mixin.py:137} INFO - [2023-02-28T00:27:13.494+0000] {dagbag.py:343} ERROR - Failed to import: /opt/airflow/dags/test/test_forexdag_definition.py
Traceback (most recent call last):
  File "/home/airflow/.local/lib/python3.7/site-packages/airflow/models/dagbag.py", line 339, in parse
    loader.exec_module(new_module)
  File "<frozen importlib._bootstrap_external>", line 728, in exec_module
  File "<frozen importlib._bootstrap>", line 219, in _call_with_frames_removed
  File "/opt/airflow/dags/test/test_forexdag_definition.py", line 1, in <module>
    import pytest
ModuleNotFoundError: No module named 'pytest'
[2023-02-28T00:27:13.508+0000] {processor.py:755} WARNING - No viable dags retrieved from /opt/airflow/dags/test/test_forexdag_definition.py
[2023-02-28T00:27:13.527+0000] {processor.py:175} INFO - Processing /opt/airflow/dags/test/test_forexdag_definition.py took 0.089 seconds
[2023-02-28T00:27:43.999+0000] {processor.py:153} INFO - Started process (PID=238) to work on /opt/airflow/dags/test/test_forexdag_definition.py
[2023-02-28T00:27:44.001+0000] {processor.py:743} INFO - Processing file /opt/airflow/dags/test/test_forexdag_definition.py for tasks to queue
[2023-02-28T00:27:44.002+0000] {logging_mixin.py:137} INFO - [2023-02-28T00:27:44.002+0000] {dagbag.py:538} INFO - Filling up the DagBag from /opt/airflow/dags/test/test_forexdag_definition.py
[2023-02-28T00:27:44.035+0000] {logging_mixin.py:137} INFO - [2023-02-28T00:27:44.028+0000] {dagbag.py:343} ERROR - Failed to import: /opt/airflow/dags/test/test_forexdag_definition.py
Traceback (most recent call last):
  File "/home/airflow/.local/lib/python3.7/site-packages/airflow/models/dagbag.py", line 339, in parse
    loader.exec_module(new_module)
  File "<frozen importlib._bootstrap_external>", line 728, in exec_module
  File "<frozen importlib._bootstrap>", line 219, in _call_with_frames_removed
  File "/opt/airflow/dags/test/test_forexdag_definition.py", line 1, in <module>
    import pytest
ModuleNotFoundError: No module named 'pytest'
[2023-02-28T00:27:44.038+0000] {processor.py:755} WARNING - No viable dags retrieved from /opt/airflow/dags/test/test_forexdag_definition.py
[2023-02-28T00:27:44.052+0000] {processor.py:175} INFO - Processing /opt/airflow/dags/test/test_forexdag_definition.py took 0.055 seconds
[2023-02-28T00:28:14.520+0000] {processor.py:153} INFO - Started process (PID=283) to work on /opt/airflow/dags/test/test_forexdag_definition.py
[2023-02-28T00:28:14.521+0000] {processor.py:743} INFO - Processing file /opt/airflow/dags/test/test_forexdag_definition.py for tasks to queue
[2023-02-28T00:28:14.522+0000] {logging_mixin.py:137} INFO - [2023-02-28T00:28:14.522+0000] {dagbag.py:538} INFO - Filling up the DagBag from /opt/airflow/dags/test/test_forexdag_definition.py
[2023-02-28T00:28:14.562+0000] {logging_mixin.py:137} INFO - [2023-02-28T00:28:14.555+0000] {dagbag.py:343} ERROR - Failed to import: /opt/airflow/dags/test/test_forexdag_definition.py
Traceback (most recent call last):
  File "/home/airflow/.local/lib/python3.7/site-packages/airflow/models/dagbag.py", line 339, in parse
    loader.exec_module(new_module)
  File "<frozen importlib._bootstrap_external>", line 728, in exec_module
  File "<frozen importlib._bootstrap>", line 219, in _call_with_frames_removed
  File "/opt/airflow/dags/test/test_forexdag_definition.py", line 1, in <module>
    import pytest
ModuleNotFoundError: No module named 'pytest'
[2023-02-28T00:28:14.567+0000] {processor.py:755} WARNING - No viable dags retrieved from /opt/airflow/dags/test/test_forexdag_definition.py
[2023-02-28T00:28:14.586+0000] {processor.py:175} INFO - Processing /opt/airflow/dags/test/test_forexdag_definition.py took 0.069 seconds
[2023-02-28T00:28:45.049+0000] {processor.py:153} INFO - Started process (PID=347) to work on /opt/airflow/dags/test/test_forexdag_definition.py
[2023-02-28T00:28:45.051+0000] {processor.py:743} INFO - Processing file /opt/airflow/dags/test/test_forexdag_definition.py for tasks to queue
[2023-02-28T00:28:45.052+0000] {logging_mixin.py:137} INFO - [2023-02-28T00:28:45.052+0000] {dagbag.py:538} INFO - Filling up the DagBag from /opt/airflow/dags/test/test_forexdag_definition.py
[2023-02-28T00:28:45.085+0000] {logging_mixin.py:137} INFO - [2023-02-28T00:28:45.079+0000] {dagbag.py:343} ERROR - Failed to import: /opt/airflow/dags/test/test_forexdag_definition.py
Traceback (most recent call last):
  File "/home/airflow/.local/lib/python3.7/site-packages/airflow/models/dagbag.py", line 339, in parse
    loader.exec_module(new_module)
  File "<frozen importlib._bootstrap_external>", line 728, in exec_module
  File "<frozen importlib._bootstrap>", line 219, in _call_with_frames_removed
  File "/opt/airflow/dags/test/test_forexdag_definition.py", line 1, in <module>
    import pytest
ModuleNotFoundError: No module named 'pytest'
[2023-02-28T00:28:45.088+0000] {processor.py:755} WARNING - No viable dags retrieved from /opt/airflow/dags/test/test_forexdag_definition.py
[2023-02-28T00:28:45.106+0000] {processor.py:175} INFO - Processing /opt/airflow/dags/test/test_forexdag_definition.py took 0.059 seconds
