[2023-03-08T22:17:02.527+0000] {processor.py:153} INFO - Started process (PID=67) to work on /opt/airflow/dags/test/test_forexdag_definition.py
[2023-03-08T22:17:02.531+0000] {processor.py:743} INFO - Processing file /opt/airflow/dags/test/test_forexdag_definition.py for tasks to queue
[2023-03-08T22:17:02.533+0000] {logging_mixin.py:137} INFO - [2023-03-08T22:17:02.533+0000] {dagbag.py:538} INFO - Filling up the DagBag from /opt/airflow/dags/test/test_forexdag_definition.py
[2023-03-08T22:17:02.643+0000] {logging_mixin.py:137} INFO - [2023-03-08T22:17:02.624+0000] {dagbag.py:343} ERROR - Failed to import: /opt/airflow/dags/test/test_forexdag_definition.py
Traceback (most recent call last):
  File "/home/airflow/.local/lib/python3.7/site-packages/airflow/models/dagbag.py", line 339, in parse
    loader.exec_module(new_module)
  File "<frozen importlib._bootstrap_external>", line 728, in exec_module
  File "<frozen importlib._bootstrap>", line 219, in _call_with_frames_removed
  File "/opt/airflow/dags/test/test_forexdag_definition.py", line 1, in <module>
    import pytest
ModuleNotFoundError: No module named 'pytest'
[2023-03-08T22:17:02.649+0000] {processor.py:755} WARNING - No viable dags retrieved from /opt/airflow/dags/test/test_forexdag_definition.py
[2023-03-08T22:17:02.674+0000] {processor.py:175} INFO - Processing /opt/airflow/dags/test/test_forexdag_definition.py took 0.152 seconds
[2023-03-08T22:17:32.840+0000] {processor.py:153} INFO - Started process (PID=110) to work on /opt/airflow/dags/test/test_forexdag_definition.py
[2023-03-08T22:17:32.843+0000] {processor.py:743} INFO - Processing file /opt/airflow/dags/test/test_forexdag_definition.py for tasks to queue
[2023-03-08T22:17:32.845+0000] {logging_mixin.py:137} INFO - [2023-03-08T22:17:32.845+0000] {dagbag.py:538} INFO - Filling up the DagBag from /opt/airflow/dags/test/test_forexdag_definition.py
[2023-03-08T22:17:32.925+0000] {logging_mixin.py:137} INFO - [2023-03-08T22:17:32.913+0000] {dagbag.py:343} ERROR - Failed to import: /opt/airflow/dags/test/test_forexdag_definition.py
Traceback (most recent call last):
  File "/home/airflow/.local/lib/python3.7/site-packages/airflow/models/dagbag.py", line 339, in parse
    loader.exec_module(new_module)
  File "<frozen importlib._bootstrap_external>", line 728, in exec_module
  File "<frozen importlib._bootstrap>", line 219, in _call_with_frames_removed
  File "/opt/airflow/dags/test/test_forexdag_definition.py", line 1, in <module>
    import pytest
ModuleNotFoundError: No module named 'pytest'
[2023-03-08T22:17:32.930+0000] {processor.py:755} WARNING - No viable dags retrieved from /opt/airflow/dags/test/test_forexdag_definition.py
[2023-03-08T22:17:32.962+0000] {processor.py:175} INFO - Processing /opt/airflow/dags/test/test_forexdag_definition.py took 0.130 seconds
[2023-03-08T22:18:03.512+0000] {processor.py:153} INFO - Started process (PID=154) to work on /opt/airflow/dags/test/test_forexdag_definition.py
[2023-03-08T22:18:03.515+0000] {processor.py:743} INFO - Processing file /opt/airflow/dags/test/test_forexdag_definition.py for tasks to queue
[2023-03-08T22:18:03.518+0000] {logging_mixin.py:137} INFO - [2023-03-08T22:18:03.518+0000] {dagbag.py:538} INFO - Filling up the DagBag from /opt/airflow/dags/test/test_forexdag_definition.py
[2023-03-08T22:18:03.586+0000] {logging_mixin.py:137} INFO - [2023-03-08T22:18:03.571+0000] {dagbag.py:343} ERROR - Failed to import: /opt/airflow/dags/test/test_forexdag_definition.py
Traceback (most recent call last):
  File "/home/airflow/.local/lib/python3.7/site-packages/airflow/models/dagbag.py", line 339, in parse
    loader.exec_module(new_module)
  File "<frozen importlib._bootstrap_external>", line 728, in exec_module
  File "<frozen importlib._bootstrap>", line 219, in _call_with_frames_removed
  File "/opt/airflow/dags/test/test_forexdag_definition.py", line 1, in <module>
    import pytest
ModuleNotFoundError: No module named 'pytest'
[2023-03-08T22:18:03.590+0000] {processor.py:755} WARNING - No viable dags retrieved from /opt/airflow/dags/test/test_forexdag_definition.py
[2023-03-08T22:18:03.609+0000] {processor.py:175} INFO - Processing /opt/airflow/dags/test/test_forexdag_definition.py took 0.100 seconds
